[0.112s] Invoking command in '/home/ulugbek/dev-ws/src/build/altitude_publisher': CMAKE_PREFIX_PATH=${CMAKE_PREFIX_PATH}:/home/ulugbek/dev-ws/install/ros_tcp_endpoint:/opt/ros/foxy CONDA_PROMPT_MODIFIER=(base) /usr/bin/cmake /home/ulugbek/dev-ws/src/altitude_publisher -DCMAKE_INSTALL_PREFIX=/home/ulugbek/dev-ws/src/install/altitude_publisher
[0.506s] -- The C compiler identification is GNU 9.4.0
[0.506s] -- The CXX compiler identification is GNU 9.4.0
[0.506s] -- Check for working C compiler: /usr/bin/cc
[0.506s] -- Check for working C compiler: /usr/bin/cc -- works
[0.506s] -- Detecting C compiler ABI info
[0.523s] -- Detecting C compiler ABI info - done
[0.535s] -- Detecting C compile features
[0.536s] -- Detecting C compile features - done
[0.541s] -- Check for working CXX compiler: /usr/bin/c++
[0.663s] -- Check for working CXX compiler: /usr/bin/c++ -- works
[0.665s] -- Detecting CXX compiler ABI info
[0.752s] -- Detecting CXX compiler ABI info - done
[0.763s] -- Detecting CXX compile features
[0.764s] -- Detecting CXX compile features - done
[0.766s] -- Found ament_cmake: 0.9.11 (/opt/ros/foxy/share/ament_cmake/cmake)
[0.805s] -- Found PythonInterp: /home/ulugbek/anaconda3/bin/python3 (found suitable version "3.9.12", minimum required is "3") 
[0.805s] -- Using PYTHON_EXECUTABLE: /home/ulugbek/anaconda3/bin/python3
[1.154s] -- Found rclcpp: 2.4.2 (/opt/ros/foxy/share/rclcpp/cmake)
[1.233s] -- Using all available rosidl_typesupport_c: rosidl_typesupport_fastrtps_c;rosidl_typesupport_introspection_c
[1.247s] -- Found rosidl_adapter: 1.3.0 (/opt/ros/foxy/share/rosidl_adapter/cmake)
[1.355s] -- Found OpenSSL: /usr/lib/x86_64-linux-gnu/libcrypto.so (found version "1.1.1f")  
[1.403s] -- Found FastRTPS: /opt/ros/foxy/include  
[1.493s] -- Using all available rosidl_typesupport_cpp: rosidl_typesupport_fastrtps_cpp;rosidl_typesupport_introspection_cpp
[1.550s] -- Found rmw_implementation_cmake: 1.0.3 (/opt/ros/foxy/share/rmw_implementation_cmake/cmake)
[1.552s] -- Using RMW implementation 'rmw_fastrtps_cpp' as default
[1.553s] -- Looking for pthread.h
[1.623s] -- Looking for pthread.h - found
[1.623s] -- Performing Test CMAKE_HAVE_LIBC_PTHREAD
[1.700s] -- Performing Test CMAKE_HAVE_LIBC_PTHREAD - Failed
[1.700s] -- Looking for pthread_create in pthreads
[1.759s] -- Looking for pthread_create in pthreads - not found
[1.759s] -- Looking for pthread_create in pthread
[1.837s] -- Looking for pthread_create in pthread - found
[1.838s] -- Found Threads: TRUE  
[1.997s] -- Found ament_lint_auto: 0.9.7 (/opt/ros/foxy/share/ament_lint_auto/cmake)
[2.129s] -- Added test 'copyright' to check source files copyright and LICENSE
[2.130s] -- Added test 'cppcheck' to perform static code analysis on C / C++ code
[2.130s] -- Configured cppcheck include dirs: 
[2.130s] -- Configured cppcheck exclude dirs and/or files: 
[2.130s] -- Added test 'cpplint' to check C / C++ code against the Google style
[2.131s] -- Configured cpplint exclude dirs and/or files: 
[2.131s] -- Added test 'lint_cmake' to check CMake code style
[2.132s] -- Added test 'uncrustify' to check C / C++ code style
[2.132s] -- Configured uncrustify additional arguments: 
[2.133s] -- Added test 'xmllint' to check XML markup files
[2.135s] -- Configuring done
[2.142s] -- Generating done
[2.143s] -- Build files have been written to: /home/ulugbek/dev-ws/src/build/altitude_publisher
