[0.163s] Invoking command in '/home/ulugbek/dev-ws/src/build/altitude_publisher': CMAKE_PREFIX_PATH=/home/ulugbek/dev-ws/install/velodyne_subscriber:/home/ulugbek/dev-ws/install/velodyne:/home/ulugbek/dev-ws/install/velodyne_pointcloud:/home/ulugbek/dev-ws/install/velodyne_driver:/home/ulugbek/dev-ws/install/velodyne_msgs:/home/ulugbek/dev-ws/install/velodyne_laserscan:/home/ulugbek/dev-ws/install/unity_robotics_demo:/home/ulugbek/dev-ws/install/ros_tcp_endpoint:/opt/ros/foxy:/home/ulugbek/dev-ws/install/unity_robotics_demo_msgs:/home/ulugbek/dev-ws/install/static_tf_publisher:/home/ulugbek/dev-ws/install/safe_landing:/home/ulugbek/dev-ws/install/my_package:/home/ulugbek/dev-ws/install/feature_extraction:/home/ulugbek/dev-ws/install/altitude_publisher CONDA_PROMPT_MODIFIER=(base) /usr/bin/cmake --build /home/ulugbek/dev-ws/src/build/altitude_publisher -- -j16 -l16
[0.798s] [100%] Built target altitude_publisher_node
[0.804s] Invoked command in '/home/ulugbek/dev-ws/src/build/altitude_publisher' returned '0': CMAKE_PREFIX_PATH=/home/ulugbek/dev-ws/install/velodyne_subscriber:/home/ulugbek/dev-ws/install/velodyne:/home/ulugbek/dev-ws/install/velodyne_pointcloud:/home/ulugbek/dev-ws/install/velodyne_driver:/home/ulugbek/dev-ws/install/velodyne_msgs:/home/ulugbek/dev-ws/install/velodyne_laserscan:/home/ulugbek/dev-ws/install/unity_robotics_demo:/home/ulugbek/dev-ws/install/ros_tcp_endpoint:/opt/ros/foxy:/home/ulugbek/dev-ws/install/unity_robotics_demo_msgs:/home/ulugbek/dev-ws/install/static_tf_publisher:/home/ulugbek/dev-ws/install/safe_landing:/home/ulugbek/dev-ws/install/my_package:/home/ulugbek/dev-ws/install/feature_extraction:/home/ulugbek/dev-ws/install/altitude_publisher CONDA_PROMPT_MODIFIER=(base) /usr/bin/cmake --build /home/ulugbek/dev-ws/src/build/altitude_publisher -- -j16 -l16
[0.858s] Invoking command in '/home/ulugbek/dev-ws/src/build/altitude_publisher': CMAKE_PREFIX_PATH=/home/ulugbek/dev-ws/install/velodyne_subscriber:/home/ulugbek/dev-ws/install/velodyne:/home/ulugbek/dev-ws/install/velodyne_pointcloud:/home/ulugbek/dev-ws/install/velodyne_driver:/home/ulugbek/dev-ws/install/velodyne_msgs:/home/ulugbek/dev-ws/install/velodyne_laserscan:/home/ulugbek/dev-ws/install/unity_robotics_demo:/home/ulugbek/dev-ws/install/ros_tcp_endpoint:/opt/ros/foxy:/home/ulugbek/dev-ws/install/unity_robotics_demo_msgs:/home/ulugbek/dev-ws/install/static_tf_publisher:/home/ulugbek/dev-ws/install/safe_landing:/home/ulugbek/dev-ws/install/my_package:/home/ulugbek/dev-ws/install/feature_extraction:/home/ulugbek/dev-ws/install/altitude_publisher CONDA_PROMPT_MODIFIER=(base) /usr/bin/cmake --install /home/ulugbek/dev-ws/src/build/altitude_publisher
[0.873s] -- Install configuration: ""
[0.874s] -- Up-to-date: /home/ulugbek/dev-ws/src/install/altitude_publisher/lib/altitude_publisher/altitude_publisher_node
[0.875s] -- Up-to-date: /home/ulugbek/dev-ws/src/install/altitude_publisher/share/ament_index/resource_index/package_run_dependencies/altitude_publisher
[0.875s] -- Up-to-date: /home/ulugbek/dev-ws/src/install/altitude_publisher/share/ament_index/resource_index/parent_prefix_path/altitude_publisher
[0.879s] -- Up-to-date: /home/ulugbek/dev-ws/src/install/altitude_publisher/share/altitude_publisher/environment/ament_prefix_path.sh
[0.882s] -- Up-to-date: /home/ulugbek/dev-ws/src/install/altitude_publisher/share/altitude_publisher/environment/ament_prefix_path.dsv
[0.884s] -- Up-to-date: /home/ulugbek/dev-ws/src/install/altitude_publisher/share/altitude_publisher/environment/path.sh
[0.885s] -- Up-to-date: /home/ulugbek/dev-ws/src/install/altitude_publisher/share/altitude_publisher/environment/path.dsv
[0.888s] -- Up-to-date: /home/ulugbek/dev-ws/src/install/altitude_publisher/share/altitude_publisher/local_setup.bash
[0.889s] -- Up-to-date: /home/ulugbek/dev-ws/src/install/altitude_publisher/share/altitude_publisher/local_setup.sh
[0.889s] -- Up-to-date: /home/ulugbek/dev-ws/src/install/altitude_publisher/share/altitude_publisher/local_setup.zsh
[0.889s] -- Up-to-date: /home/ulugbek/dev-ws/src/install/altitude_publisher/share/altitude_publisher/local_setup.dsv
[0.889s] -- Installing: /home/ulugbek/dev-ws/src/install/altitude_publisher/share/altitude_publisher/package.dsv
[0.901s] -- Up-to-date: /home/ulugbek/dev-ws/src/install/altitude_publisher/share/ament_index/resource_index/packages/altitude_publisher
[0.902s] -- Up-to-date: /home/ulugbek/dev-ws/src/install/altitude_publisher/share/altitude_publisher/cmake/altitude_publisherConfig.cmake
[0.902s] -- Up-to-date: /home/ulugbek/dev-ws/src/install/altitude_publisher/share/altitude_publisher/cmake/altitude_publisherConfig-version.cmake
[0.902s] -- Up-to-date: /home/ulugbek/dev-ws/src/install/altitude_publisher/share/altitude_publisher/package.xml
[0.930s] Invoked command in '/home/ulugbek/dev-ws/src/build/altitude_publisher' returned '0': CMAKE_PREFIX_PATH=/home/ulugbek/dev-ws/install/velodyne_subscriber:/home/ulugbek/dev-ws/install/velodyne:/home/ulugbek/dev-ws/install/velodyne_pointcloud:/home/ulugbek/dev-ws/install/velodyne_driver:/home/ulugbek/dev-ws/install/velodyne_msgs:/home/ulugbek/dev-ws/install/velodyne_laserscan:/home/ulugbek/dev-ws/install/unity_robotics_demo:/home/ulugbek/dev-ws/install/ros_tcp_endpoint:/opt/ros/foxy:/home/ulugbek/dev-ws/install/unity_robotics_demo_msgs:/home/ulugbek/dev-ws/install/static_tf_publisher:/home/ulugbek/dev-ws/install/safe_landing:/home/ulugbek/dev-ws/install/my_package:/home/ulugbek/dev-ws/install/feature_extraction:/home/ulugbek/dev-ws/install/altitude_publisher CONDA_PROMPT_MODIFIER=(base) /usr/bin/cmake --install /home/ulugbek/dev-ws/src/build/altitude_publisher
