[0.151s] Invoking command in '/home/ulugbek/dev-ws/src/build/cube_movement': CMAKE_PREFIX_PATH=/home/ulugbek/dev-ws/install/velodyne_subscriber:/home/ulugbek/dev-ws/install/velodyne:/home/ulugbek/dev-ws/install/velodyne_pointcloud:/home/ulugbek/dev-ws/install/velodyne_driver:/home/ulugbek/dev-ws/install/velodyne_msgs:/home/ulugbek/dev-ws/install/velodyne_laserscan:/home/ulugbek/dev-ws/install/unity_robotics_demo:/home/ulugbek/dev-ws/install/ros_tcp_endpoint:/opt/ros/foxy:/home/ulugbek/dev-ws/install/unity_robotics_demo_msgs:/home/ulugbek/dev-ws/install/static_tf_publisher:/home/ulugbek/dev-ws/install/safe_landing:/home/ulugbek/dev-ws/install/my_package:/home/ulugbek/dev-ws/install/feature_extraction:/home/ulugbek/dev-ws/install/altitude_publisher CONDA_PROMPT_MODIFIER=(base) /usr/bin/cmake --build /home/ulugbek/dev-ws/src/build/cube_movement -- -j16 -l16
[0.723s] [35m[1mScanning dependencies of target cube_movement_node[0m
[0.723s] [ 50%] [32mBuilding CXX object CMakeFiles/cube_movement_node.dir/src/cube_movement_node.cpp.o[0m
[5.773s] [100%] [32m[1mLinking CXX executable cube_movement_node[0m
[6.040s] [100%] Built target cube_movement_node
[6.058s] Invoked command in '/home/ulugbek/dev-ws/src/build/cube_movement' returned '0': CMAKE_PREFIX_PATH=/home/ulugbek/dev-ws/install/velodyne_subscriber:/home/ulugbek/dev-ws/install/velodyne:/home/ulugbek/dev-ws/install/velodyne_pointcloud:/home/ulugbek/dev-ws/install/velodyne_driver:/home/ulugbek/dev-ws/install/velodyne_msgs:/home/ulugbek/dev-ws/install/velodyne_laserscan:/home/ulugbek/dev-ws/install/unity_robotics_demo:/home/ulugbek/dev-ws/install/ros_tcp_endpoint:/opt/ros/foxy:/home/ulugbek/dev-ws/install/unity_robotics_demo_msgs:/home/ulugbek/dev-ws/install/static_tf_publisher:/home/ulugbek/dev-ws/install/safe_landing:/home/ulugbek/dev-ws/install/my_package:/home/ulugbek/dev-ws/install/feature_extraction:/home/ulugbek/dev-ws/install/altitude_publisher CONDA_PROMPT_MODIFIER=(base) /usr/bin/cmake --build /home/ulugbek/dev-ws/src/build/cube_movement -- -j16 -l16
[6.087s] Invoking command in '/home/ulugbek/dev-ws/src/build/cube_movement': CMAKE_PREFIX_PATH=/home/ulugbek/dev-ws/install/velodyne_subscriber:/home/ulugbek/dev-ws/install/velodyne:/home/ulugbek/dev-ws/install/velodyne_pointcloud:/home/ulugbek/dev-ws/install/velodyne_driver:/home/ulugbek/dev-ws/install/velodyne_msgs:/home/ulugbek/dev-ws/install/velodyne_laserscan:/home/ulugbek/dev-ws/install/unity_robotics_demo:/home/ulugbek/dev-ws/install/ros_tcp_endpoint:/opt/ros/foxy:/home/ulugbek/dev-ws/install/unity_robotics_demo_msgs:/home/ulugbek/dev-ws/install/static_tf_publisher:/home/ulugbek/dev-ws/install/safe_landing:/home/ulugbek/dev-ws/install/my_package:/home/ulugbek/dev-ws/install/feature_extraction:/home/ulugbek/dev-ws/install/altitude_publisher CONDA_PROMPT_MODIFIER=(base) /usr/bin/cmake --install /home/ulugbek/dev-ws/src/build/cube_movement
[6.094s] -- Install configuration: ""
[6.094s] -- Installing: /home/ulugbek/dev-ws/src/install/cube_movement/lib/cube_movement/cube_movement_node
[6.097s] -- Set runtime path of "/home/ulugbek/dev-ws/src/install/cube_movement/lib/cube_movement/cube_movement_node" to ""
[6.097s] -- Up-to-date: /home/ulugbek/dev-ws/src/install/cube_movement/share/ament_index/resource_index/package_run_dependencies/cube_movement
[6.097s] -- Up-to-date: /home/ulugbek/dev-ws/src/install/cube_movement/share/ament_index/resource_index/parent_prefix_path/cube_movement
[6.097s] -- Up-to-date: /home/ulugbek/dev-ws/src/install/cube_movement/share/cube_movement/environment/ament_prefix_path.sh
[6.097s] -- Up-to-date: /home/ulugbek/dev-ws/src/install/cube_movement/share/cube_movement/environment/ament_prefix_path.dsv
[6.097s] -- Up-to-date: /home/ulugbek/dev-ws/src/install/cube_movement/share/cube_movement/environment/path.sh
[6.098s] -- Up-to-date: /home/ulugbek/dev-ws/src/install/cube_movement/share/cube_movement/environment/path.dsv
[6.098s] -- Up-to-date: /home/ulugbek/dev-ws/src/install/cube_movement/share/cube_movement/local_setup.bash
[6.098s] -- Up-to-date: /home/ulugbek/dev-ws/src/install/cube_movement/share/cube_movement/local_setup.sh
[6.098s] -- Up-to-date: /home/ulugbek/dev-ws/src/install/cube_movement/share/cube_movement/local_setup.zsh
[6.098s] -- Up-to-date: /home/ulugbek/dev-ws/src/install/cube_movement/share/cube_movement/local_setup.dsv
[6.098s] -- Installing: /home/ulugbek/dev-ws/src/install/cube_movement/share/cube_movement/package.dsv
[6.098s] -- Up-to-date: /home/ulugbek/dev-ws/src/install/cube_movement/share/ament_index/resource_index/packages/cube_movement
[6.098s] -- Up-to-date: /home/ulugbek/dev-ws/src/install/cube_movement/share/cube_movement/cmake/cube_movementConfig.cmake
[6.099s] -- Up-to-date: /home/ulugbek/dev-ws/src/install/cube_movement/share/cube_movement/cmake/cube_movementConfig-version.cmake
[6.099s] -- Up-to-date: /home/ulugbek/dev-ws/src/install/cube_movement/share/cube_movement/package.xml
[6.105s] Invoked command in '/home/ulugbek/dev-ws/src/build/cube_movement' returned '0': CMAKE_PREFIX_PATH=/home/ulugbek/dev-ws/install/velodyne_subscriber:/home/ulugbek/dev-ws/install/velodyne:/home/ulugbek/dev-ws/install/velodyne_pointcloud:/home/ulugbek/dev-ws/install/velodyne_driver:/home/ulugbek/dev-ws/install/velodyne_msgs:/home/ulugbek/dev-ws/install/velodyne_laserscan:/home/ulugbek/dev-ws/install/unity_robotics_demo:/home/ulugbek/dev-ws/install/ros_tcp_endpoint:/opt/ros/foxy:/home/ulugbek/dev-ws/install/unity_robotics_demo_msgs:/home/ulugbek/dev-ws/install/static_tf_publisher:/home/ulugbek/dev-ws/install/safe_landing:/home/ulugbek/dev-ws/install/my_package:/home/ulugbek/dev-ws/install/feature_extraction:/home/ulugbek/dev-ws/install/altitude_publisher CONDA_PROMPT_MODIFIER=(base) /usr/bin/cmake --install /home/ulugbek/dev-ws/src/build/cube_movement
