[0.652s] Invoking command in '/home/ulugbek/dev-ws/src/build/unity_robotics_demo_msgs': CMAKE_PREFIX_PATH=/home/ulugbek/dev-ws/install/velodyne_subscriber:/home/ulugbek/dev-ws/install/velodyne:/home/ulugbek/dev-ws/install/velodyne_pointcloud:/home/ulugbek/dev-ws/install/velodyne_driver:/home/ulugbek/dev-ws/install/velodyne_msgs:/home/ulugbek/dev-ws/install/velodyne_laserscan:/home/ulugbek/dev-ws/install/unity_robotics_demo:/home/ulugbek/dev-ws/install/ros_tcp_endpoint:/opt/ros/foxy:/home/ulugbek/dev-ws/install/unity_robotics_demo_msgs:/home/ulugbek/dev-ws/install/static_tf_publisher:/home/ulugbek/dev-ws/install/safe_landing:/home/ulugbek/dev-ws/install/my_package:/home/ulugbek/dev-ws/install/feature_extraction:/home/ulugbek/dev-ws/install/altitude_publisher CONDA_PROMPT_MODIFIER=(base) /usr/bin/cmake --build /home/ulugbek/dev-ws/src/build/unity_robotics_demo_msgs -- -j16 -l16
[0.709s] [  3%] Built target unity_robotics_demo_msgs__cpp
[0.710s] [ 12%] Built target unity_robotics_demo_msgs__rosidl_generator_c
[0.746s] [ 32%] Built target unity_robotics_demo_msgs__rosidl_typesupport_introspection_c
[0.746s] [ 34%] Built target unity_robotics_demo_msgs__rosidl_typesupport_introspection_cpp
[0.751s] [ 45%] Built target unity_robotics_demo_msgs__rosidl_typesupport_c
[0.763s] [ 56%] Built target unity_robotics_demo_msgs__rosidl_typesupport_cpp
[0.790s] [ 67%] Built target unity_robotics_demo_msgs__rosidl_typesupport_fastrtps_cpp
[0.792s] [ 78%] Built target unity_robotics_demo_msgs__rosidl_typesupport_fastrtps_c
[0.817s] [ 78%] Built target unity_robotics_demo_msgs
[0.829s] [ 80%] Built target unity_robotics_demo_msgs__py
[0.902s] [ 89%] Built target unity_robotics_demo_msgs__python
[0.903s] [ 92%] Built target unity_robotics_demo_msgs__rosidl_typesupport_c__pyext
[0.903s] [ 96%] Built target unity_robotics_demo_msgs__rosidl_typesupport_fastrtps_c__pyext
[0.903s] [100%] Built target unity_robotics_demo_msgs__rosidl_typesupport_introspection_c__pyext
[1.044s] Invoked command in '/home/ulugbek/dev-ws/src/build/unity_robotics_demo_msgs' returned '0': CMAKE_PREFIX_PATH=/home/ulugbek/dev-ws/install/velodyne_subscriber:/home/ulugbek/dev-ws/install/velodyne:/home/ulugbek/dev-ws/install/velodyne_pointcloud:/home/ulugbek/dev-ws/install/velodyne_driver:/home/ulugbek/dev-ws/install/velodyne_msgs:/home/ulugbek/dev-ws/install/velodyne_laserscan:/home/ulugbek/dev-ws/install/unity_robotics_demo:/home/ulugbek/dev-ws/install/ros_tcp_endpoint:/opt/ros/foxy:/home/ulugbek/dev-ws/install/unity_robotics_demo_msgs:/home/ulugbek/dev-ws/install/static_tf_publisher:/home/ulugbek/dev-ws/install/safe_landing:/home/ulugbek/dev-ws/install/my_package:/home/ulugbek/dev-ws/install/feature_extraction:/home/ulugbek/dev-ws/install/altitude_publisher CONDA_PROMPT_MODIFIER=(base) /usr/bin/cmake --build /home/ulugbek/dev-ws/src/build/unity_robotics_demo_msgs -- -j16 -l16
[1.299s] Invoking command in '/home/ulugbek/dev-ws/src/build/unity_robotics_demo_msgs': CMAKE_PREFIX_PATH=/home/ulugbek/dev-ws/install/velodyne_subscriber:/home/ulugbek/dev-ws/install/velodyne:/home/ulugbek/dev-ws/install/velodyne_pointcloud:/home/ulugbek/dev-ws/install/velodyne_driver:/home/ulugbek/dev-ws/install/velodyne_msgs:/home/ulugbek/dev-ws/install/velodyne_laserscan:/home/ulugbek/dev-ws/install/unity_robotics_demo:/home/ulugbek/dev-ws/install/ros_tcp_endpoint:/opt/ros/foxy:/home/ulugbek/dev-ws/install/unity_robotics_demo_msgs:/home/ulugbek/dev-ws/install/static_tf_publisher:/home/ulugbek/dev-ws/install/safe_landing:/home/ulugbek/dev-ws/install/my_package:/home/ulugbek/dev-ws/install/feature_extraction:/home/ulugbek/dev-ws/install/altitude_publisher CONDA_PROMPT_MODIFIER=(base) /usr/bin/cmake --install /home/ulugbek/dev-ws/src/build/unity_robotics_demo_msgs
[1.308s] -- Install configuration: ""
[1.308s] -- Up-to-date: /home/ulugbek/dev-ws/src/install/unity_robotics_demo_msgs/share/ament_index/resource_index/rosidl_interfaces/unity_robotics_demo_msgs
[1.308s] -- Up-to-date: /home/ulugbek/dev-ws/src/install/unity_robotics_demo_msgs/include/unity_robotics_demo_msgs
[1.308s] -- Up-to-date: /home/ulugbek/dev-ws/src/install/unity_robotics_demo_msgs/include/unity_robotics_demo_msgs/srv
[1.308s] -- Up-to-date: /home/ulugbek/dev-ws/src/install/unity_robotics_demo_msgs/include/unity_robotics_demo_msgs/srv/object_pose_service.h
[1.309s] -- Up-to-date: /home/ulugbek/dev-ws/src/install/unity_robotics_demo_msgs/include/unity_robotics_demo_msgs/srv/position_service.h
[1.309s] -- Up-to-date: /home/ulugbek/dev-ws/src/install/unity_robotics_demo_msgs/include/unity_robotics_demo_msgs/srv/detail
[1.309s] -- Up-to-date: /home/ulugbek/dev-ws/src/install/unity_robotics_demo_msgs/include/unity_robotics_demo_msgs/srv/detail/object_pose_service__type_support.h
[1.309s] -- Up-to-date: /home/ulugbek/dev-ws/src/install/unity_robotics_demo_msgs/include/unity_robotics_demo_msgs/srv/detail/object_pose_service__functions.h
[1.309s] -- Up-to-date: /home/ulugbek/dev-ws/src/install/unity_robotics_demo_msgs/include/unity_robotics_demo_msgs/srv/detail/position_service__functions.c
[1.309s] -- Up-to-date: /home/ulugbek/dev-ws/src/install/unity_robotics_demo_msgs/include/unity_robotics_demo_msgs/srv/detail/position_service__struct.h
[1.309s] -- Up-to-date: /home/ulugbek/dev-ws/src/install/unity_robotics_demo_msgs/include/unity_robotics_demo_msgs/srv/detail/object_pose_service__functions.c
[1.309s] -- Up-to-date: /home/ulugbek/dev-ws/src/install/unity_robotics_demo_msgs/include/unity_robotics_demo_msgs/srv/detail/position_service__type_support.h
[1.310s] -- Up-to-date: /home/ulugbek/dev-ws/src/install/unity_robotics_demo_msgs/include/unity_robotics_demo_msgs/srv/detail/object_pose_service__struct.h
[1.310s] -- Up-to-date: /home/ulugbek/dev-ws/src/install/unity_robotics_demo_msgs/include/unity_robotics_demo_msgs/srv/detail/position_service__functions.h
[1.310s] -- Up-to-date: /home/ulugbek/dev-ws/src/install/unity_robotics_demo_msgs/include/unity_robotics_demo_msgs/msg
[1.310s] -- Up-to-date: /home/ulugbek/dev-ws/src/install/unity_robotics_demo_msgs/include/unity_robotics_demo_msgs/msg/unity_color.h
[1.310s] -- Up-to-date: /home/ulugbek/dev-ws/src/install/unity_robotics_demo_msgs/include/unity_robotics_demo_msgs/msg/pos_rot.h
[1.310s] -- Up-to-date: /home/ulugbek/dev-ws/src/install/unity_robotics_demo_msgs/include/unity_robotics_demo_msgs/msg/rosidl_generator_c__visibility_control.h
[1.310s] -- Up-to-date: /home/ulugbek/dev-ws/src/install/unity_robotics_demo_msgs/include/unity_robotics_demo_msgs/msg/detail
[1.310s] -- Up-to-date: /home/ulugbek/dev-ws/src/install/unity_robotics_demo_msgs/include/unity_robotics_demo_msgs/msg/detail/pos_rot__functions.c
[1.310s] -- Up-to-date: /home/ulugbek/dev-ws/src/install/unity_robotics_demo_msgs/include/unity_robotics_demo_msgs/msg/detail/pos_rot__type_support.h
[1.310s] -- Up-to-date: /home/ulugbek/dev-ws/src/install/unity_robotics_demo_msgs/include/unity_robotics_demo_msgs/msg/detail/pos_rot__struct.h
[1.311s] -- Up-to-date: /home/ulugbek/dev-ws/src/install/unity_robotics_demo_msgs/include/unity_robotics_demo_msgs/msg/detail/unity_color__type_support.h
[1.311s] -- Up-to-date: /home/ulugbek/dev-ws/src/install/unity_robotics_demo_msgs/include/unity_robotics_demo_msgs/msg/detail/unity_color__struct.h
[1.311s] -- Up-to-date: /home/ulugbek/dev-ws/src/install/unity_robotics_demo_msgs/include/unity_robotics_demo_msgs/msg/detail/unity_color__functions.h
[1.311s] -- Up-to-date: /home/ulugbek/dev-ws/src/install/unity_robotics_demo_msgs/include/unity_robotics_demo_msgs/msg/detail/pos_rot__functions.h
[1.311s] -- Up-to-date: /home/ulugbek/dev-ws/src/install/unity_robotics_demo_msgs/include/unity_robotics_demo_msgs/msg/detail/unity_color__functions.c
[1.311s] -- Up-to-date: /home/ulugbek/dev-ws/src/install/unity_robotics_demo_msgs/share/unity_robotics_demo_msgs/environment/library_path.sh
[1.312s] -- Up-to-date: /home/ulugbek/dev-ws/src/install/unity_robotics_demo_msgs/share/unity_robotics_demo_msgs/environment/library_path.dsv
[1.312s] -- Up-to-date: /home/ulugbek/dev-ws/src/install/unity_robotics_demo_msgs/lib/libunity_robotics_demo_msgs__rosidl_generator_c.so
[1.312s] -- Up-to-date: /home/ulugbek/dev-ws/src/install/unity_robotics_demo_msgs/include/unity_robotics_demo_msgs
[1.312s] -- Up-to-date: /home/ulugbek/dev-ws/src/install/unity_robotics_demo_msgs/include/unity_robotics_demo_msgs/srv
[1.312s] -- Up-to-date: /home/ulugbek/dev-ws/src/install/unity_robotics_demo_msgs/include/unity_robotics_demo_msgs/srv/detail
[1.312s] -- Up-to-date: /home/ulugbek/dev-ws/src/install/unity_robotics_demo_msgs/include/unity_robotics_demo_msgs/srv/detail/position_service__rosidl_typesupport_fastrtps_c.h
[1.312s] -- Up-to-date: /home/ulugbek/dev-ws/src/install/unity_robotics_demo_msgs/include/unity_robotics_demo_msgs/srv/detail/object_pose_service__rosidl_typesupport_fastrtps_c.h
[1.312s] -- Up-to-date: /home/ulugbek/dev-ws/src/install/unity_robotics_demo_msgs/include/unity_robotics_demo_msgs/msg
[1.312s] -- Up-to-date: /home/ulugbek/dev-ws/src/install/unity_robotics_demo_msgs/include/unity_robotics_demo_msgs/msg/rosidl_typesupport_fastrtps_c__visibility_control.h
[1.312s] -- Up-to-date: /home/ulugbek/dev-ws/src/install/unity_robotics_demo_msgs/include/unity_robotics_demo_msgs/msg/detail
[1.312s] -- Up-to-date: /home/ulugbek/dev-ws/src/install/unity_robotics_demo_msgs/include/unity_robotics_demo_msgs/msg/detail/unity_color__rosidl_typesupport_fastrtps_c.h
[1.313s] -- Up-to-date: /home/ulugbek/dev-ws/src/install/unity_robotics_demo_msgs/include/unity_robotics_demo_msgs/msg/detail/pos_rot__rosidl_typesupport_fastrtps_c.h
[1.313s] -- Up-to-date: /home/ulugbek/dev-ws/src/install/unity_robotics_demo_msgs/lib/libunity_robotics_demo_msgs__rosidl_typesupport_fastrtps_c.so
[1.313s] -- Up-to-date: /home/ulugbek/dev-ws/src/install/unity_robotics_demo_msgs/include/unity_robotics_demo_msgs
[1.313s] -- Up-to-date: /home/ulugbek/dev-ws/src/install/unity_robotics_demo_msgs/include/unity_robotics_demo_msgs/srv
[1.313s] -- Up-to-date: /home/ulugbek/dev-ws/src/install/unity_robotics_demo_msgs/include/unity_robotics_demo_msgs/srv/detail
[1.313s] -- Up-to-date: /home/ulugbek/dev-ws/src/install/unity_robotics_demo_msgs/include/unity_robotics_demo_msgs/srv/detail/object_pose_service__rosidl_typesupport_fastrtps_cpp.hpp
[1.313s] -- Up-to-date: /home/ulugbek/dev-ws/src/install/unity_robotics_demo_msgs/include/unity_robotics_demo_msgs/srv/detail/dds_fastrtps
[1.313s] -- Up-to-date: /home/ulugbek/dev-ws/src/install/unity_robotics_demo_msgs/include/unity_robotics_demo_msgs/srv/detail/position_service__rosidl_typesupport_fastrtps_cpp.hpp
[1.313s] -- Up-to-date: /home/ulugbek/dev-ws/src/install/unity_robotics_demo_msgs/include/unity_robotics_demo_msgs/msg
[1.313s] -- Up-to-date: /home/ulugbek/dev-ws/src/install/unity_robotics_demo_msgs/include/unity_robotics_demo_msgs/msg/rosidl_typesupport_fastrtps_cpp__visibility_control.h
[1.313s] -- Up-to-date: /home/ulugbek/dev-ws/src/install/unity_robotics_demo_msgs/include/unity_robotics_demo_msgs/msg/detail
[1.313s] -- Up-to-date: /home/ulugbek/dev-ws/src/install/unity_robotics_demo_msgs/include/unity_robotics_demo_msgs/msg/detail/unity_color__rosidl_typesupport_fastrtps_cpp.hpp
[1.313s] -- Up-to-date: /home/ulugbek/dev-ws/src/install/unity_robotics_demo_msgs/include/unity_robotics_demo_msgs/msg/detail/dds_fastrtps
[1.314s] -- Up-to-date: /home/ulugbek/dev-ws/src/install/unity_robotics_demo_msgs/include/unity_robotics_demo_msgs/msg/detail/pos_rot__rosidl_typesupport_fastrtps_cpp.hpp
[1.314s] -- Up-to-date: /home/ulugbek/dev-ws/src/install/unity_robotics_demo_msgs/lib/libunity_robotics_demo_msgs__rosidl_typesupport_fastrtps_cpp.so
[1.314s] -- Up-to-date: /home/ulugbek/dev-ws/src/install/unity_robotics_demo_msgs/include/unity_robotics_demo_msgs
[1.316s] -- Up-to-date: /home/ulugbek/dev-ws/src/install/unity_robotics_demo_msgs/include/unity_robotics_demo_msgs/srv
[1.316s] -- Up-to-date: /home/ulugbek/dev-ws/src/install/unity_robotics_demo_msgs/include/unity_robotics_demo_msgs/srv/detail
[1.316s] -- Up-to-date: /home/ulugbek/dev-ws/src/install/unity_robotics_demo_msgs/include/unity_robotics_demo_msgs/srv/detail/object_pose_service__rosidl_typesupport_introspection_c.h
[1.316s] -- Up-to-date: /home/ulugbek/dev-ws/src/install/unity_robotics_demo_msgs/include/unity_robotics_demo_msgs/srv/detail/object_pose_service__type_support.c
[1.318s] -- Up-to-date: /home/ulugbek/dev-ws/src/install/unity_robotics_demo_msgs/include/unity_robotics_demo_msgs/srv/detail/position_service__rosidl_typesupport_introspection_c.h
[1.318s] -- Up-to-date: /home/ulugbek/dev-ws/src/install/unity_robotics_demo_msgs/include/unity_robotics_demo_msgs/srv/detail/position_service__type_support.c
[1.318s] -- Up-to-date: /home/ulugbek/dev-ws/src/install/unity_robotics_demo_msgs/include/unity_robotics_demo_msgs/msg
[1.318s] -- Up-to-date: /home/ulugbek/dev-ws/src/install/unity_robotics_demo_msgs/include/unity_robotics_demo_msgs/msg/rosidl_typesupport_introspection_c__visibility_control.h
[1.319s] -- Up-to-date: /home/ulugbek/dev-ws/src/install/unity_robotics_demo_msgs/include/unity_robotics_demo_msgs/msg/detail
[1.319s] -- Up-to-date: /home/ulugbek/dev-ws/src/install/unity_robotics_demo_msgs/include/unity_robotics_demo_msgs/msg/detail/pos_rot__rosidl_typesupport_introspection_c.h
[1.319s] -- Up-to-date: /home/ulugbek/dev-ws/src/install/unity_robotics_demo_msgs/include/unity_robotics_demo_msgs/msg/detail/unity_color__rosidl_typesupport_introspection_c.h
[1.319s] -- Up-to-date: /home/ulugbek/dev-ws/src/install/unity_robotics_demo_msgs/include/unity_robotics_demo_msgs/msg/detail/unity_color__type_support.c
[1.319s] -- Up-to-date: /home/ulugbek/dev-ws/src/install/unity_robotics_demo_msgs/include/unity_robotics_demo_msgs/msg/detail/pos_rot__type_support.c
[1.319s] -- Up-to-date: /home/ulugbek/dev-ws/src/install/unity_robotics_demo_msgs/lib/libunity_robotics_demo_msgs__rosidl_typesupport_introspection_c.so
[1.319s] -- Up-to-date: /home/ulugbek/dev-ws/src/install/unity_robotics_demo_msgs/lib/libunity_robotics_demo_msgs__rosidl_typesupport_c.so
[1.320s] -- Up-to-date: /home/ulugbek/dev-ws/src/install/unity_robotics_demo_msgs/include/unity_robotics_demo_msgs
[1.320s] -- Up-to-date: /home/ulugbek/dev-ws/src/install/unity_robotics_demo_msgs/include/unity_robotics_demo_msgs/srv
[1.320s] -- Up-to-date: /home/ulugbek/dev-ws/src/install/unity_robotics_demo_msgs/include/unity_robotics_demo_msgs/srv/position_service.hpp
[1.320s] -- Up-to-date: /home/ulugbek/dev-ws/src/install/unity_robotics_demo_msgs/include/unity_robotics_demo_msgs/srv/object_pose_service.hpp
[1.320s] -- Up-to-date: /home/ulugbek/dev-ws/src/install/unity_robotics_demo_msgs/include/unity_robotics_demo_msgs/srv/detail
[1.320s] -- Up-to-date: /home/ulugbek/dev-ws/src/install/unity_robotics_demo_msgs/include/unity_robotics_demo_msgs/srv/detail/object_pose_service__struct.hpp
[1.321s] -- Up-to-date: /home/ulugbek/dev-ws/src/install/unity_robotics_demo_msgs/include/unity_robotics_demo_msgs/srv/detail/object_pose_service__builder.hpp
[1.321s] -- Up-to-date: /home/ulugbek/dev-ws/src/install/unity_robotics_demo_msgs/include/unity_robotics_demo_msgs/srv/detail/object_pose_service__traits.hpp
[1.321s] -- Up-to-date: /home/ulugbek/dev-ws/src/install/unity_robotics_demo_msgs/include/unity_robotics_demo_msgs/srv/detail/position_service__traits.hpp
[1.321s] -- Up-to-date: /home/ulugbek/dev-ws/src/install/unity_robotics_demo_msgs/include/unity_robotics_demo_msgs/srv/detail/position_service__builder.hpp
[1.321s] -- Up-to-date: /home/ulugbek/dev-ws/src/install/unity_robotics_demo_msgs/include/unity_robotics_demo_msgs/srv/detail/position_service__struct.hpp
[1.321s] -- Up-to-date: /home/ulugbek/dev-ws/src/install/unity_robotics_demo_msgs/include/unity_robotics_demo_msgs/msg
[1.321s] -- Up-to-date: /home/ulugbek/dev-ws/src/install/unity_robotics_demo_msgs/include/unity_robotics_demo_msgs/msg/unity_color.hpp
[1.322s] -- Up-to-date: /home/ulugbek/dev-ws/src/install/unity_robotics_demo_msgs/include/unity_robotics_demo_msgs/msg/pos_rot.hpp
[1.322s] -- Up-to-date: /home/ulugbek/dev-ws/src/install/unity_robotics_demo_msgs/include/unity_robotics_demo_msgs/msg/detail
[1.322s] -- Up-to-date: /home/ulugbek/dev-ws/src/install/unity_robotics_demo_msgs/include/unity_robotics_demo_msgs/msg/detail/pos_rot__struct.hpp
[1.322s] -- Up-to-date: /home/ulugbek/dev-ws/src/install/unity_robotics_demo_msgs/include/unity_robotics_demo_msgs/msg/detail/unity_color__traits.hpp
[1.322s] -- Up-to-date: /home/ulugbek/dev-ws/src/install/unity_robotics_demo_msgs/include/unity_robotics_demo_msgs/msg/detail/unity_color__builder.hpp
[1.322s] -- Up-to-date: /home/ulugbek/dev-ws/src/install/unity_robotics_demo_msgs/include/unity_robotics_demo_msgs/msg/detail/pos_rot__traits.hpp
[1.323s] -- Up-to-date: /home/ulugbek/dev-ws/src/install/unity_robotics_demo_msgs/include/unity_robotics_demo_msgs/msg/detail/pos_rot__builder.hpp
[1.323s] -- Up-to-date: /home/ulugbek/dev-ws/src/install/unity_robotics_demo_msgs/include/unity_robotics_demo_msgs/msg/detail/unity_color__struct.hpp
[1.323s] -- Up-to-date: /home/ulugbek/dev-ws/src/install/unity_robotics_demo_msgs/include/unity_robotics_demo_msgs
[1.324s] -- Up-to-date: /home/ulugbek/dev-ws/src/install/unity_robotics_demo_msgs/include/unity_robotics_demo_msgs/srv
[1.324s] -- Up-to-date: /home/ulugbek/dev-ws/src/install/unity_robotics_demo_msgs/include/unity_robotics_demo_msgs/srv/detail
[1.324s] -- Up-to-date: /home/ulugbek/dev-ws/src/install/unity_robotics_demo_msgs/include/unity_robotics_demo_msgs/srv/detail/position_service__rosidl_typesupport_introspection_cpp.hpp
[1.324s] -- Up-to-date: /home/ulugbek/dev-ws/src/install/unity_robotics_demo_msgs/include/unity_robotics_demo_msgs/srv/detail/position_service__type_support.cpp
[1.324s] -- Up-to-date: /home/ulugbek/dev-ws/src/install/unity_robotics_demo_msgs/include/unity_robotics_demo_msgs/srv/detail/object_pose_service__rosidl_typesupport_introspection_cpp.hpp
[1.324s] -- Up-to-date: /home/ulugbek/dev-ws/src/install/unity_robotics_demo_msgs/include/unity_robotics_demo_msgs/srv/detail/object_pose_service__type_support.cpp
[1.324s] -- Up-to-date: /home/ulugbek/dev-ws/src/install/unity_robotics_demo_msgs/include/unity_robotics_demo_msgs/msg
[1.324s] -- Up-to-date: /home/ulugbek/dev-ws/src/install/unity_robotics_demo_msgs/include/unity_robotics_demo_msgs/msg/detail
[1.324s] -- Up-to-date: /home/ulugbek/dev-ws/src/install/unity_robotics_demo_msgs/include/unity_robotics_demo_msgs/msg/detail/unity_color__rosidl_typesupport_introspection_cpp.hpp
[1.325s] -- Up-to-date: /home/ulugbek/dev-ws/src/install/unity_robotics_demo_msgs/include/unity_robotics_demo_msgs/msg/detail/unity_color__type_support.cpp
[1.325s] -- Up-to-date: /home/ulugbek/dev-ws/src/install/unity_robotics_demo_msgs/include/unity_robotics_demo_msgs/msg/detail/pos_rot__rosidl_typesupport_introspection_cpp.hpp
[1.325s] -- Up-to-date: /home/ulugbek/dev-ws/src/install/unity_robotics_demo_msgs/include/unity_robotics_demo_msgs/msg/detail/pos_rot__type_support.cpp
[1.325s] -- Up-to-date: /home/ulugbek/dev-ws/src/install/unity_robotics_demo_msgs/lib/libunity_robotics_demo_msgs__rosidl_typesupport_introspection_cpp.so
[1.325s] -- Up-to-date: /home/ulugbek/dev-ws/src/install/unity_robotics_demo_msgs/lib/libunity_robotics_demo_msgs__rosidl_typesupport_cpp.so
[1.325s] -- Up-to-date: /home/ulugbek/dev-ws/src/install/unity_robotics_demo_msgs/share/unity_robotics_demo_msgs/environment/pythonpath.sh
[1.325s] -- Up-to-date: /home/ulugbek/dev-ws/src/install/unity_robotics_demo_msgs/share/unity_robotics_demo_msgs/environment/pythonpath.dsv
[1.325s] -- Up-to-date: /home/ulugbek/dev-ws/src/install/unity_robotics_demo_msgs/lib/python3.9/site-packages/unity_robotics_demo_msgs/__init__.py
[1.367s] -- Up-to-date: /home/ulugbek/dev-ws/src/install/unity_robotics_demo_msgs/lib/python3.9/site-packages/unity_robotics_demo_msgs/msg
[1.367s] -- Up-to-date: /home/ulugbek/dev-ws/src/install/unity_robotics_demo_msgs/lib/python3.9/site-packages/unity_robotics_demo_msgs/msg/_unity_color.py
[1.367s] -- Up-to-date: /home/ulugbek/dev-ws/src/install/unity_robotics_demo_msgs/lib/python3.9/site-packages/unity_robotics_demo_msgs/msg/__init__.py
[1.367s] -- Up-to-date: /home/ulugbek/dev-ws/src/install/unity_robotics_demo_msgs/lib/python3.9/site-packages/unity_robotics_demo_msgs/msg/_pos_rot.py
[1.367s] -- Up-to-date: /home/ulugbek/dev-ws/src/install/unity_robotics_demo_msgs/lib/python3.9/site-packages/unity_robotics_demo_msgs/msg/_unity_color_s.c
[1.368s] -- Up-to-date: /home/ulugbek/dev-ws/src/install/unity_robotics_demo_msgs/lib/python3.9/site-packages/unity_robotics_demo_msgs/msg/_pos_rot_s.c
[1.368s] -- Up-to-date: /home/ulugbek/dev-ws/src/install/unity_robotics_demo_msgs/lib/python3.9/site-packages/unity_robotics_demo_msgs/srv
[1.368s] -- Up-to-date: /home/ulugbek/dev-ws/src/install/unity_robotics_demo_msgs/lib/python3.9/site-packages/unity_robotics_demo_msgs/srv/_object_pose_service_s.c
[1.368s] -- Up-to-date: /home/ulugbek/dev-ws/src/install/unity_robotics_demo_msgs/lib/python3.9/site-packages/unity_robotics_demo_msgs/srv/__init__.py
[1.368s] -- Up-to-date: /home/ulugbek/dev-ws/src/install/unity_robotics_demo_msgs/lib/python3.9/site-packages/unity_robotics_demo_msgs/srv/_object_pose_service.py
[1.368s] -- Up-to-date: /home/ulugbek/dev-ws/src/install/unity_robotics_demo_msgs/lib/python3.9/site-packages/unity_robotics_demo_msgs/srv/_position_service.py
[1.368s] -- Up-to-date: /home/ulugbek/dev-ws/src/install/unity_robotics_demo_msgs/lib/python3.9/site-packages/unity_robotics_demo_msgs/srv/_position_service_s.c
[1.368s] -- Up-to-date: /home/ulugbek/dev-ws/src/install/unity_robotics_demo_msgs/lib/python3.9/site-packages/unity_robotics_demo_msgs/unity_robotics_demo_msgs_s__rosidl_typesupport_fastrtps_c.cpython-39-x86_64-linux-gnu.so
[1.369s] -- Up-to-date: /home/ulugbek/dev-ws/src/install/unity_robotics_demo_msgs/lib/python3.9/site-packages/unity_robotics_demo_msgs/unity_robotics_demo_msgs_s__rosidl_typesupport_introspection_c.cpython-39-x86_64-linux-gnu.so
[1.369s] -- Up-to-date: /home/ulugbek/dev-ws/src/install/unity_robotics_demo_msgs/lib/python3.9/site-packages/unity_robotics_demo_msgs/unity_robotics_demo_msgs_s__rosidl_typesupport_c.cpython-39-x86_64-linux-gnu.so
[1.370s] -- Up-to-date: /home/ulugbek/dev-ws/src/install/unity_robotics_demo_msgs/lib/libunity_robotics_demo_msgs__python.so
[1.370s] -- Up-to-date: /home/ulugbek/dev-ws/src/install/unity_robotics_demo_msgs/share/unity_robotics_demo_msgs/msg/PosRot.idl
[1.372s] -- Up-to-date: /home/ulugbek/dev-ws/src/install/unity_robotics_demo_msgs/share/unity_robotics_demo_msgs/msg/UnityColor.idl
[1.373s] -- Up-to-date: /home/ulugbek/dev-ws/src/install/unity_robotics_demo_msgs/share/unity_robotics_demo_msgs/srv/PositionService.idl
[1.373s] -- Up-to-date: /home/ulugbek/dev-ws/src/install/unity_robotics_demo_msgs/share/unity_robotics_demo_msgs/srv/ObjectPoseService.idl
[1.373s] -- Up-to-date: /home/ulugbek/dev-ws/src/install/unity_robotics_demo_msgs/share/unity_robotics_demo_msgs/msg/PosRot.msg
[1.373s] -- Up-to-date: /home/ulugbek/dev-ws/src/install/unity_robotics_demo_msgs/share/unity_robotics_demo_msgs/msg/UnityColor.msg
[1.373s] -- Up-to-date: /home/ulugbek/dev-ws/src/install/unity_robotics_demo_msgs/share/unity_robotics_demo_msgs/srv/PositionService.srv
[1.373s] -- Up-to-date: /home/ulugbek/dev-ws/src/install/unity_robotics_demo_msgs/share/unity_robotics_demo_msgs/srv/PositionService_Request.msg
[1.373s] -- Up-to-date: /home/ulugbek/dev-ws/src/install/unity_robotics_demo_msgs/share/unity_robotics_demo_msgs/srv/PositionService_Response.msg
[1.374s] -- Up-to-date: /home/ulugbek/dev-ws/src/install/unity_robotics_demo_msgs/share/unity_robotics_demo_msgs/srv/ObjectPoseService.srv
[1.374s] -- Up-to-date: /home/ulugbek/dev-ws/src/install/unity_robotics_demo_msgs/share/unity_robotics_demo_msgs/srv/ObjectPoseService_Request.msg
[1.374s] -- Up-to-date: /home/ulugbek/dev-ws/src/install/unity_robotics_demo_msgs/share/unity_robotics_demo_msgs/srv/ObjectPoseService_Response.msg
[1.374s] -- Up-to-date: /home/ulugbek/dev-ws/src/install/unity_robotics_demo_msgs/share/ament_index/resource_index/package_run_dependencies/unity_robotics_demo_msgs
[1.374s] -- Up-to-date: /home/ulugbek/dev-ws/src/install/unity_robotics_demo_msgs/share/ament_index/resource_index/parent_prefix_path/unity_robotics_demo_msgs
[1.374s] -- Up-to-date: /home/ulugbek/dev-ws/src/install/unity_robotics_demo_msgs/share/unity_robotics_demo_msgs/environment/ament_prefix_path.sh
[1.375s] -- Up-to-date: /home/ulugbek/dev-ws/src/install/unity_robotics_demo_msgs/share/unity_robotics_demo_msgs/environment/ament_prefix_path.dsv
[1.375s] -- Up-to-date: /home/ulugbek/dev-ws/src/install/unity_robotics_demo_msgs/share/unity_robotics_demo_msgs/environment/path.sh
[1.375s] -- Up-to-date: /home/ulugbek/dev-ws/src/install/unity_robotics_demo_msgs/share/unity_robotics_demo_msgs/environment/path.dsv
[1.375s] -- Up-to-date: /home/ulugbek/dev-ws/src/install/unity_robotics_demo_msgs/share/unity_robotics_demo_msgs/local_setup.bash
[1.376s] -- Up-to-date: /home/ulugbek/dev-ws/src/install/unity_robotics_demo_msgs/share/unity_robotics_demo_msgs/local_setup.sh
[1.376s] -- Up-to-date: /home/ulugbek/dev-ws/src/install/unity_robotics_demo_msgs/share/unity_robotics_demo_msgs/local_setup.zsh
[1.376s] -- Up-to-date: /home/ulugbek/dev-ws/src/install/unity_robotics_demo_msgs/share/unity_robotics_demo_msgs/local_setup.dsv
[1.376s] -- Installing: /home/ulugbek/dev-ws/src/install/unity_robotics_demo_msgs/share/unity_robotics_demo_msgs/package.dsv
[1.376s] -- Up-to-date: /home/ulugbek/dev-ws/src/install/unity_robotics_demo_msgs/share/ament_index/resource_index/packages/unity_robotics_demo_msgs
[1.376s] -- Up-to-date: /home/ulugbek/dev-ws/src/install/unity_robotics_demo_msgs/share/unity_robotics_demo_msgs/cmake/unity_robotics_demo_msgs__rosidl_generator_cExport.cmake
[1.376s] -- Up-to-date: /home/ulugbek/dev-ws/src/install/unity_robotics_demo_msgs/share/unity_robotics_demo_msgs/cmake/unity_robotics_demo_msgs__rosidl_generator_cExport-noconfig.cmake
[1.377s] -- Up-to-date: /home/ulugbek/dev-ws/src/install/unity_robotics_demo_msgs/share/unity_robotics_demo_msgs/cmake/unity_robotics_demo_msgs__rosidl_typesupport_introspection_cExport.cmake
[1.377s] -- Up-to-date: /home/ulugbek/dev-ws/src/install/unity_robotics_demo_msgs/share/unity_robotics_demo_msgs/cmake/unity_robotics_demo_msgs__rosidl_typesupport_introspection_cExport-noconfig.cmake
[1.377s] -- Up-to-date: /home/ulugbek/dev-ws/src/install/unity_robotics_demo_msgs/share/unity_robotics_demo_msgs/cmake/unity_robotics_demo_msgs__rosidl_typesupport_cExport.cmake
[1.377s] -- Up-to-date: /home/ulugbek/dev-ws/src/install/unity_robotics_demo_msgs/share/unity_robotics_demo_msgs/cmake/unity_robotics_demo_msgs__rosidl_typesupport_cExport-noconfig.cmake
[1.377s] -- Up-to-date: /home/ulugbek/dev-ws/src/install/unity_robotics_demo_msgs/share/unity_robotics_demo_msgs/cmake/unity_robotics_demo_msgs__rosidl_generator_cppExport.cmake
[1.377s] -- Up-to-date: /home/ulugbek/dev-ws/src/install/unity_robotics_demo_msgs/share/unity_robotics_demo_msgs/cmake/unity_robotics_demo_msgs__rosidl_typesupport_introspection_cppExport.cmake
[1.377s] -- Up-to-date: /home/ulugbek/dev-ws/src/install/unity_robotics_demo_msgs/share/unity_robotics_demo_msgs/cmake/unity_robotics_demo_msgs__rosidl_typesupport_introspection_cppExport-noconfig.cmake
[1.378s] -- Up-to-date: /home/ulugbek/dev-ws/src/install/unity_robotics_demo_msgs/share/unity_robotics_demo_msgs/cmake/unity_robotics_demo_msgs__rosidl_typesupport_cppExport.cmake
[1.379s] -- Up-to-date: /home/ulugbek/dev-ws/src/install/unity_robotics_demo_msgs/share/unity_robotics_demo_msgs/cmake/unity_robotics_demo_msgs__rosidl_typesupport_cppExport-noconfig.cmake
[1.395s] -- Up-to-date: /home/ulugbek/dev-ws/src/install/unity_robotics_demo_msgs/share/unity_robotics_demo_msgs/cmake/rosidl_cmake-extras.cmake
[1.396s] -- Up-to-date: /home/ulugbek/dev-ws/src/install/unity_robotics_demo_msgs/share/unity_robotics_demo_msgs/cmake/ament_cmake_export_dependencies-extras.cmake
[1.396s] -- Up-to-date: /home/ulugbek/dev-ws/src/install/unity_robotics_demo_msgs/share/unity_robotics_demo_msgs/cmake/ament_cmake_export_libraries-extras.cmake
[1.397s] -- Up-to-date: /home/ulugbek/dev-ws/src/install/unity_robotics_demo_msgs/share/unity_robotics_demo_msgs/cmake/ament_cmake_export_targets-extras.cmake
[1.397s] -- Up-to-date: /home/ulugbek/dev-ws/src/install/unity_robotics_demo_msgs/share/unity_robotics_demo_msgs/cmake/ament_cmake_export_include_directories-extras.cmake
[1.397s] -- Up-to-date: /home/ulugbek/dev-ws/src/install/unity_robotics_demo_msgs/share/unity_robotics_demo_msgs/cmake/rosidl_cmake_export_typesupport_libraries-extras.cmake
[1.398s] -- Up-to-date: /home/ulugbek/dev-ws/src/install/unity_robotics_demo_msgs/share/unity_robotics_demo_msgs/cmake/rosidl_cmake_export_typesupport_targets-extras.cmake
[1.398s] -- Up-to-date: /home/ulugbek/dev-ws/src/install/unity_robotics_demo_msgs/share/unity_robotics_demo_msgs/cmake/unity_robotics_demo_msgsConfig.cmake
[1.398s] -- Up-to-date: /home/ulugbek/dev-ws/src/install/unity_robotics_demo_msgs/share/unity_robotics_demo_msgs/cmake/unity_robotics_demo_msgsConfig-version.cmake
[1.398s] -- Up-to-date: /home/ulugbek/dev-ws/src/install/unity_robotics_demo_msgs/share/unity_robotics_demo_msgs/package.xml
[1.398s] Invoked command in '/home/ulugbek/dev-ws/src/build/unity_robotics_demo_msgs' returned '0': CMAKE_PREFIX_PATH=/home/ulugbek/dev-ws/install/velodyne_subscriber:/home/ulugbek/dev-ws/install/velodyne:/home/ulugbek/dev-ws/install/velodyne_pointcloud:/home/ulugbek/dev-ws/install/velodyne_driver:/home/ulugbek/dev-ws/install/velodyne_msgs:/home/ulugbek/dev-ws/install/velodyne_laserscan:/home/ulugbek/dev-ws/install/unity_robotics_demo:/home/ulugbek/dev-ws/install/ros_tcp_endpoint:/opt/ros/foxy:/home/ulugbek/dev-ws/install/unity_robotics_demo_msgs:/home/ulugbek/dev-ws/install/static_tf_publisher:/home/ulugbek/dev-ws/install/safe_landing:/home/ulugbek/dev-ws/install/my_package:/home/ulugbek/dev-ws/install/feature_extraction:/home/ulugbek/dev-ws/install/altitude_publisher CONDA_PROMPT_MODIFIER=(base) /usr/bin/cmake --install /home/ulugbek/dev-ws/src/build/unity_robotics_demo_msgs
