[0.374s] Invoking command in '/home/ulugbek/dev-ws/src/build/static_tf_publisher': CMAKE_PREFIX_PATH=/home/ulugbek/dev-ws/install/velodyne_subscriber:/home/ulugbek/dev-ws/install/velodyne:/home/ulugbek/dev-ws/install/velodyne_pointcloud:/home/ulugbek/dev-ws/install/velodyne_driver:/home/ulugbek/dev-ws/install/velodyne_msgs:/home/ulugbek/dev-ws/install/velodyne_laserscan:/home/ulugbek/dev-ws/install/unity_robotics_demo:/home/ulugbek/dev-ws/install/ros_tcp_endpoint:/opt/ros/foxy:/home/ulugbek/dev-ws/install/unity_robotics_demo_msgs:/home/ulugbek/dev-ws/install/static_tf_publisher:/home/ulugbek/dev-ws/install/safe_landing:/home/ulugbek/dev-ws/install/my_package:/home/ulugbek/dev-ws/install/feature_extraction:/home/ulugbek/dev-ws/install/altitude_publisher CONDA_PROMPT_MODIFIER=(base) /usr/bin/cmake --build /home/ulugbek/dev-ws/src/build/static_tf_publisher -- -j16 -l16
[0.643s] [100%] Built target static_tf_publisher_node
[0.655s] Invoked command in '/home/ulugbek/dev-ws/src/build/static_tf_publisher' returned '0': CMAKE_PREFIX_PATH=/home/ulugbek/dev-ws/install/velodyne_subscriber:/home/ulugbek/dev-ws/install/velodyne:/home/ulugbek/dev-ws/install/velodyne_pointcloud:/home/ulugbek/dev-ws/install/velodyne_driver:/home/ulugbek/dev-ws/install/velodyne_msgs:/home/ulugbek/dev-ws/install/velodyne_laserscan:/home/ulugbek/dev-ws/install/unity_robotics_demo:/home/ulugbek/dev-ws/install/ros_tcp_endpoint:/opt/ros/foxy:/home/ulugbek/dev-ws/install/unity_robotics_demo_msgs:/home/ulugbek/dev-ws/install/static_tf_publisher:/home/ulugbek/dev-ws/install/safe_landing:/home/ulugbek/dev-ws/install/my_package:/home/ulugbek/dev-ws/install/feature_extraction:/home/ulugbek/dev-ws/install/altitude_publisher CONDA_PROMPT_MODIFIER=(base) /usr/bin/cmake --build /home/ulugbek/dev-ws/src/build/static_tf_publisher -- -j16 -l16
[0.793s] Invoking command in '/home/ulugbek/dev-ws/src/build/static_tf_publisher': CMAKE_PREFIX_PATH=/home/ulugbek/dev-ws/install/velodyne_subscriber:/home/ulugbek/dev-ws/install/velodyne:/home/ulugbek/dev-ws/install/velodyne_pointcloud:/home/ulugbek/dev-ws/install/velodyne_driver:/home/ulugbek/dev-ws/install/velodyne_msgs:/home/ulugbek/dev-ws/install/velodyne_laserscan:/home/ulugbek/dev-ws/install/unity_robotics_demo:/home/ulugbek/dev-ws/install/ros_tcp_endpoint:/opt/ros/foxy:/home/ulugbek/dev-ws/install/unity_robotics_demo_msgs:/home/ulugbek/dev-ws/install/static_tf_publisher:/home/ulugbek/dev-ws/install/safe_landing:/home/ulugbek/dev-ws/install/my_package:/home/ulugbek/dev-ws/install/feature_extraction:/home/ulugbek/dev-ws/install/altitude_publisher CONDA_PROMPT_MODIFIER=(base) /usr/bin/cmake --install /home/ulugbek/dev-ws/src/build/static_tf_publisher
[0.817s] -- Install configuration: ""
[0.818s] -- Up-to-date: /home/ulugbek/dev-ws/src/install/static_tf_publisher/lib/static_tf_publisher/static_tf_publisher_node
[0.818s] -- Up-to-date: /home/ulugbek/dev-ws/src/install/static_tf_publisher/share/ament_index/resource_index/package_run_dependencies/static_tf_publisher
[0.818s] -- Up-to-date: /home/ulugbek/dev-ws/src/install/static_tf_publisher/share/ament_index/resource_index/parent_prefix_path/static_tf_publisher
[0.819s] -- Up-to-date: /home/ulugbek/dev-ws/src/install/static_tf_publisher/share/static_tf_publisher/environment/ament_prefix_path.sh
[0.824s] -- Up-to-date: /home/ulugbek/dev-ws/src/install/static_tf_publisher/share/static_tf_publisher/environment/ament_prefix_path.dsv
[0.831s] -- Up-to-date: /home/ulugbek/dev-ws/src/install/static_tf_publisher/share/static_tf_publisher/environment/path.sh
[0.845s] -- Up-to-date: /home/ulugbek/dev-ws/src/install/static_tf_publisher/share/static_tf_publisher/environment/path.dsv
[0.846s] -- Up-to-date: /home/ulugbek/dev-ws/src/install/static_tf_publisher/share/static_tf_publisher/local_setup.bash
[0.846s] -- Up-to-date: /home/ulugbek/dev-ws/src/install/static_tf_publisher/share/static_tf_publisher/local_setup.sh
[0.846s] -- Up-to-date: /home/ulugbek/dev-ws/src/install/static_tf_publisher/share/static_tf_publisher/local_setup.zsh
[0.846s] -- Up-to-date: /home/ulugbek/dev-ws/src/install/static_tf_publisher/share/static_tf_publisher/local_setup.dsv
[0.846s] -- Installing: /home/ulugbek/dev-ws/src/install/static_tf_publisher/share/static_tf_publisher/package.dsv
[0.847s] -- Up-to-date: /home/ulugbek/dev-ws/src/install/static_tf_publisher/share/ament_index/resource_index/packages/static_tf_publisher
[0.847s] -- Up-to-date: /home/ulugbek/dev-ws/src/install/static_tf_publisher/share/static_tf_publisher/cmake/static_tf_publisherConfig.cmake
[0.847s] -- Up-to-date: /home/ulugbek/dev-ws/src/install/static_tf_publisher/share/static_tf_publisher/cmake/static_tf_publisherConfig-version.cmake
[0.847s] -- Up-to-date: /home/ulugbek/dev-ws/src/install/static_tf_publisher/share/static_tf_publisher/package.xml
[0.966s] Invoked command in '/home/ulugbek/dev-ws/src/build/static_tf_publisher' returned '0': CMAKE_PREFIX_PATH=/home/ulugbek/dev-ws/install/velodyne_subscriber:/home/ulugbek/dev-ws/install/velodyne:/home/ulugbek/dev-ws/install/velodyne_pointcloud:/home/ulugbek/dev-ws/install/velodyne_driver:/home/ulugbek/dev-ws/install/velodyne_msgs:/home/ulugbek/dev-ws/install/velodyne_laserscan:/home/ulugbek/dev-ws/install/unity_robotics_demo:/home/ulugbek/dev-ws/install/ros_tcp_endpoint:/opt/ros/foxy:/home/ulugbek/dev-ws/install/unity_robotics_demo_msgs:/home/ulugbek/dev-ws/install/static_tf_publisher:/home/ulugbek/dev-ws/install/safe_landing:/home/ulugbek/dev-ws/install/my_package:/home/ulugbek/dev-ws/install/feature_extraction:/home/ulugbek/dev-ws/install/altitude_publisher CONDA_PROMPT_MODIFIER=(base) /usr/bin/cmake --install /home/ulugbek/dev-ws/src/build/static_tf_publisher
