[0.127s] Invoking command in '/home/ulugbek/dev-ws/src/build/velodyne_laserscan': CMAKE_PREFIX_PATH=${CMAKE_PREFIX_PATH}:/home/ulugbek/dev-ws/install/ros_tcp_endpoint:/opt/ros/foxy CONDA_PROMPT_MODIFIER=(base) /usr/bin/cmake --build /home/ulugbek/dev-ws/src/build/velodyne_laserscan -- -j16 -l16
[0.388s] [ 50%] Built target velodyne_laserscan
[0.390s] [100%] Built target velodyne_laserscan_node
[0.392s] Invoked command in '/home/ulugbek/dev-ws/src/build/velodyne_laserscan' returned '0': CMAKE_PREFIX_PATH=${CMAKE_PREFIX_PATH}:/home/ulugbek/dev-ws/install/ros_tcp_endpoint:/opt/ros/foxy CONDA_PROMPT_MODIFIER=(base) /usr/bin/cmake --build /home/ulugbek/dev-ws/src/build/velodyne_laserscan -- -j16 -l16
[0.435s] Invoking command in '/home/ulugbek/dev-ws/src/build/velodyne_laserscan': CMAKE_PREFIX_PATH=${CMAKE_PREFIX_PATH}:/home/ulugbek/dev-ws/install/ros_tcp_endpoint:/opt/ros/foxy CONDA_PROMPT_MODIFIER=(base) /usr/bin/cmake --install /home/ulugbek/dev-ws/src/build/velodyne_laserscan
[0.450s] -- Install configuration: ""
[0.451s] -- Installing: /home/ulugbek/dev-ws/src/install/velodyne_laserscan/lib/libvelodyne_laserscan.so
[0.454s] -- Set runtime path of "/home/ulugbek/dev-ws/src/install/velodyne_laserscan/lib/libvelodyne_laserscan.so" to ""
[0.454s] -- Installing: /home/ulugbek/dev-ws/src/install/velodyne_laserscan/lib/velodyne_laserscan/velodyne_laserscan_node
[0.456s] -- Set runtime path of "/home/ulugbek/dev-ws/src/install/velodyne_laserscan/lib/velodyne_laserscan/velodyne_laserscan_node" to ""
[0.457s] -- Installing: /home/ulugbek/dev-ws/src/install/velodyne_laserscan/include/velodyne_laserscan
[0.457s] -- Installing: /home/ulugbek/dev-ws/src/install/velodyne_laserscan/include/velodyne_laserscan/velodyne_laserscan.hpp
[0.457s] -- Installing: /home/ulugbek/dev-ws/src/install/velodyne_laserscan/share/velodyne_laserscan/config
[0.457s] -- Installing: /home/ulugbek/dev-ws/src/install/velodyne_laserscan/share/velodyne_laserscan/config/default-velodyne_laserscan_node-params.yaml
[0.457s] -- Installing: /home/ulugbek/dev-ws/src/install/velodyne_laserscan/share/velodyne_laserscan/launch
[0.460s] -- Installing: /home/ulugbek/dev-ws/src/install/velodyne_laserscan/share/velodyne_laserscan/launch/velodyne_laserscan_node-composed-launch.py
[0.460s] -- Installing: /home/ulugbek/dev-ws/src/install/velodyne_laserscan/share/velodyne_laserscan/launch/velodyne_laserscan_node-launch.py
[0.460s] -- Installing: /home/ulugbek/dev-ws/src/install/velodyne_laserscan/share/ament_index/resource_index/package_run_dependencies/velodyne_laserscan
[0.460s] -- Installing: /home/ulugbek/dev-ws/src/install/velodyne_laserscan/share/ament_index/resource_index/parent_prefix_path/velodyne_laserscan
[0.460s] -- Installing: /home/ulugbek/dev-ws/src/install/velodyne_laserscan/share/velodyne_laserscan/environment/ament_prefix_path.sh
[0.460s] -- Installing: /home/ulugbek/dev-ws/src/install/velodyne_laserscan/share/velodyne_laserscan/environment/ament_prefix_path.dsv
[0.460s] -- Installing: /home/ulugbek/dev-ws/src/install/velodyne_laserscan/share/velodyne_laserscan/environment/path.sh
[0.461s] -- Installing: /home/ulugbek/dev-ws/src/install/velodyne_laserscan/share/velodyne_laserscan/environment/path.dsv
[0.461s] -- Installing: /home/ulugbek/dev-ws/src/install/velodyne_laserscan/share/velodyne_laserscan/local_setup.bash
[0.461s] -- Installing: /home/ulugbek/dev-ws/src/install/velodyne_laserscan/share/velodyne_laserscan/local_setup.sh
[0.461s] -- Installing: /home/ulugbek/dev-ws/src/install/velodyne_laserscan/share/velodyne_laserscan/local_setup.zsh
[0.461s] -- Installing: /home/ulugbek/dev-ws/src/install/velodyne_laserscan/share/velodyne_laserscan/local_setup.dsv
[0.461s] -- Installing: /home/ulugbek/dev-ws/src/install/velodyne_laserscan/share/velodyne_laserscan/package.dsv
[0.461s] -- Installing: /home/ulugbek/dev-ws/src/install/velodyne_laserscan/share/ament_index/resource_index/packages/velodyne_laserscan
[0.462s] -- Installing: /home/ulugbek/dev-ws/src/install/velodyne_laserscan/share/ament_index/resource_index/rclcpp_components/velodyne_laserscan
[0.462s] -- Installing: /home/ulugbek/dev-ws/src/install/velodyne_laserscan/share/velodyne_laserscan/cmake/velodyne_laserscanConfig.cmake
[0.462s] -- Installing: /home/ulugbek/dev-ws/src/install/velodyne_laserscan/share/velodyne_laserscan/cmake/velodyne_laserscanConfig-version.cmake
[0.462s] -- Installing: /home/ulugbek/dev-ws/src/install/velodyne_laserscan/share/velodyne_laserscan/package.xml
[0.466s] Invoked command in '/home/ulugbek/dev-ws/src/build/velodyne_laserscan' returned '0': CMAKE_PREFIX_PATH=${CMAKE_PREFIX_PATH}:/home/ulugbek/dev-ws/install/ros_tcp_endpoint:/opt/ros/foxy CONDA_PROMPT_MODIFIER=(base) /usr/bin/cmake --install /home/ulugbek/dev-ws/src/build/velodyne_laserscan
