[0.063s] Invoking command in '/home/ulugbek/dev-ws/src/build/velodyne_driver': AMENT_PREFIX_PATH=/home/ulugbek/dev-ws/src/install/velodyne_msgs:${AMENT_PREFIX_PATH} CMAKE_PREFIX_PATH=/home/ulugbek/dev-ws/src/install/velodyne_msgs:/home/ulugbek/dev-ws/install/velodyne:/home/ulugbek/dev-ws/install/velodyne_pointcloud:/home/ulugbek/dev-ws/install/velodyne_driver:/home/ulugbek/dev-ws/install/velodyne_msgs:/home/ulugbek/dev-ws/install/velodyne_laserscan:/home/ulugbek/dev-ws/install/safe_landing:/home/ulugbek/dev-ws/install/my_package:/home/ulugbek/dev-ws/install/feature_extraction:/home/ulugbek/dev-ws/install/altitude_publisher:/home/ulugbek/dev-ws/install/ros_tcp_endpoint:/opt/ros/foxy CONDA_PROMPT_MODIFIER=(base) LD_LIBRARY_PATH=/home/ulugbek/dev-ws/src/install/velodyne_msgs/lib:${LD_LIBRARY_PATH} PYTHONPATH=/home/ulugbek/dev-ws/src/install/velodyne_msgs/lib/python3.9/site-packages:${PYTHONPATH} /usr/bin/cmake /home/ulugbek/dev-ws/src/velodyne/velodyne_driver -DCMAKE_INSTALL_PREFIX=/home/ulugbek/dev-ws/src/install/velodyne_driver
[0.116s] -- The C compiler identification is GNU 9.4.0
[0.172s] -- The CXX compiler identification is GNU 9.4.0
[0.176s] -- Check for working C compiler: /usr/bin/cc
[0.234s] -- Check for working C compiler: /usr/bin/cc -- works
[0.235s] -- Detecting C compiler ABI info
[0.297s] -- Detecting C compiler ABI info - done
[0.314s] -- Detecting C compile features
[0.314s] -- Detecting C compile features - done
[0.318s] -- Check for working CXX compiler: /usr/bin/c++
[0.389s] -- Check for working CXX compiler: /usr/bin/c++ -- works
[0.390s] -- Detecting CXX compiler ABI info
[0.464s] -- Detecting CXX compiler ABI info - done
[0.473s] -- Detecting CXX compile features
[0.474s] -- Detecting CXX compile features - done
[0.476s] -- Found ament_cmake_ros: 0.9.2 (/opt/ros/foxy/share/ament_cmake_ros/cmake)
[0.513s] -- Found PythonInterp: /home/ulugbek/anaconda3/bin/python3 (found suitable version "3.9.12", minimum required is "3") 
[0.514s] -- Using PYTHON_EXECUTABLE: /home/ulugbek/anaconda3/bin/python3
[0.771s] -- Found diagnostic_msgs: 2.0.5 (/opt/ros/foxy/share/diagnostic_msgs/cmake)
[0.803s] -- Using all available rosidl_typesupport_c: rosidl_typesupport_fastrtps_c;rosidl_typesupport_introspection_c
[0.809s] -- Found rosidl_adapter: 1.3.0 (/opt/ros/foxy/share/rosidl_adapter/cmake)
[0.883s] -- Found OpenSSL: /usr/lib/x86_64-linux-gnu/libcrypto.so (found version "1.1.1f")  
[0.912s] -- Found FastRTPS: /opt/ros/foxy/include  
[0.985s] -- Using all available rosidl_typesupport_cpp: rosidl_typesupport_fastrtps_cpp;rosidl_typesupport_introspection_cpp
[1.069s] -- Found diagnostic_updater: 2.0.8 (/opt/ros/foxy/share/diagnostic_updater/cmake)
[1.114s] -- Found rmw_implementation_cmake: 1.0.3 (/opt/ros/foxy/share/rmw_implementation_cmake/cmake)
[1.116s] -- Using RMW implementation 'rmw_fastrtps_cpp' as default
[1.116s] -- Looking for pthread.h
[1.182s] -- Looking for pthread.h - found
[1.183s] -- Performing Test CMAKE_HAVE_LIBC_PTHREAD
[1.252s] -- Performing Test CMAKE_HAVE_LIBC_PTHREAD - Failed
[1.253s] -- Looking for pthread_create in pthreads
[1.309s] -- Looking for pthread_create in pthreads - not found
[1.309s] -- Looking for pthread_create in pthread
[1.377s] -- Looking for pthread_create in pthread - found
[1.378s] -- Found Threads: TRUE  
[1.524s] -- Found rclcpp_components: 2.4.2 (/opt/ros/foxy/share/rclcpp_components/cmake)
[1.582s] -- Found tf2_ros: 0.13.13 (/opt/ros/foxy/share/tf2_ros/cmake)
[1.860s] -- Found velodyne_msgs: 2.3.0 (/home/ulugbek/dev-ws/src/install/velodyne_msgs/share/velodyne_msgs/cmake)
[1.908s] -- Found ament_lint_auto: 0.9.7 (/opt/ros/foxy/share/ament_lint_auto/cmake)
[2.029s] -- Found gtest sources under '/opt/ros/foxy/src/gtest_vendor': C++ tests using 'Google Test' will be built
[2.031s] -- Check if compiler accepts -pthread
[2.101s] -- Check if compiler accepts -pthread - yes
[2.104s] -- Added test 'copyright' to check source files copyright and LICENSE
[2.105s] -- Added test 'cppcheck' to perform static code analysis on C / C++ code
[2.106s] -- Configured cppcheck include dirs: /home/ulugbek/dev-ws/src/velodyne/velodyne_driver/include
[2.106s] -- Configured cppcheck exclude dirs and/or files: 
[2.107s] -- Added test 'cpplint' to check C / C++ code against the Google style
[2.107s] -- Configured cpplint exclude dirs and/or files: 
[2.107s] -- Added test 'flake8' to check Python code syntax and style conventions
[2.108s] -- Added test 'lint_cmake' to check CMake code style
[2.108s] -- Added test 'pep257' to check Python code against some of the style conventions in PEP 257
[2.109s] -- Added test 'uncrustify' to check C / C++ code style
[2.109s] -- Configured uncrustify additional arguments: 
[2.110s] -- Added test 'xmllint' to check XML markup files
[2.113s] -- Configuring done
[2.143s] -- Generating done
[2.144s] -- Build files have been written to: /home/ulugbek/dev-ws/src/build/velodyne_driver
