[0.177s] Invoking command in '/home/ulugbek/dev-ws/src/build/velodyne_laserscan': CMAKE_PREFIX_PATH=/home/ulugbek/dev-ws/install/velodyne_subscriber:/home/ulugbek/dev-ws/install/velodyne:/home/ulugbek/dev-ws/install/velodyne_pointcloud:/home/ulugbek/dev-ws/install/velodyne_driver:/home/ulugbek/dev-ws/install/velodyne_msgs:/home/ulugbek/dev-ws/install/velodyne_laserscan:/home/ulugbek/dev-ws/install/unity_robotics_demo:/home/ulugbek/dev-ws/install/ros_tcp_endpoint:/opt/ros/foxy:/home/ulugbek/dev-ws/install/unity_robotics_demo_msgs:/home/ulugbek/dev-ws/install/static_tf_publisher:/home/ulugbek/dev-ws/install/safe_landing:/home/ulugbek/dev-ws/install/my_package:/home/ulugbek/dev-ws/install/feature_extraction:/home/ulugbek/dev-ws/install/altitude_publisher CONDA_PROMPT_MODIFIER=(base) /usr/bin/cmake --build /home/ulugbek/dev-ws/src/build/velodyne_laserscan -- -j16 -l16
[0.730s] [ 50%] Built target velodyne_laserscan
[0.731s] [100%] Built target velodyne_laserscan_node
[0.739s] Invoked command in '/home/ulugbek/dev-ws/src/build/velodyne_laserscan' returned '0': CMAKE_PREFIX_PATH=/home/ulugbek/dev-ws/install/velodyne_subscriber:/home/ulugbek/dev-ws/install/velodyne:/home/ulugbek/dev-ws/install/velodyne_pointcloud:/home/ulugbek/dev-ws/install/velodyne_driver:/home/ulugbek/dev-ws/install/velodyne_msgs:/home/ulugbek/dev-ws/install/velodyne_laserscan:/home/ulugbek/dev-ws/install/unity_robotics_demo:/home/ulugbek/dev-ws/install/ros_tcp_endpoint:/opt/ros/foxy:/home/ulugbek/dev-ws/install/unity_robotics_demo_msgs:/home/ulugbek/dev-ws/install/static_tf_publisher:/home/ulugbek/dev-ws/install/safe_landing:/home/ulugbek/dev-ws/install/my_package:/home/ulugbek/dev-ws/install/feature_extraction:/home/ulugbek/dev-ws/install/altitude_publisher CONDA_PROMPT_MODIFIER=(base) /usr/bin/cmake --build /home/ulugbek/dev-ws/src/build/velodyne_laserscan -- -j16 -l16
[0.793s] Invoking command in '/home/ulugbek/dev-ws/src/build/velodyne_laserscan': CMAKE_PREFIX_PATH=/home/ulugbek/dev-ws/install/velodyne_subscriber:/home/ulugbek/dev-ws/install/velodyne:/home/ulugbek/dev-ws/install/velodyne_pointcloud:/home/ulugbek/dev-ws/install/velodyne_driver:/home/ulugbek/dev-ws/install/velodyne_msgs:/home/ulugbek/dev-ws/install/velodyne_laserscan:/home/ulugbek/dev-ws/install/unity_robotics_demo:/home/ulugbek/dev-ws/install/ros_tcp_endpoint:/opt/ros/foxy:/home/ulugbek/dev-ws/install/unity_robotics_demo_msgs:/home/ulugbek/dev-ws/install/static_tf_publisher:/home/ulugbek/dev-ws/install/safe_landing:/home/ulugbek/dev-ws/install/my_package:/home/ulugbek/dev-ws/install/feature_extraction:/home/ulugbek/dev-ws/install/altitude_publisher CONDA_PROMPT_MODIFIER=(base) /usr/bin/cmake --install /home/ulugbek/dev-ws/src/build/velodyne_laserscan
[0.806s] -- Install configuration: ""
[0.807s] -- Up-to-date: /home/ulugbek/dev-ws/src/install/velodyne_laserscan/lib/libvelodyne_laserscan.so
[0.807s] -- Up-to-date: /home/ulugbek/dev-ws/src/install/velodyne_laserscan/lib/velodyne_laserscan/velodyne_laserscan_node
[0.807s] -- Up-to-date: /home/ulugbek/dev-ws/src/install/velodyne_laserscan/include/velodyne_laserscan
[0.807s] -- Up-to-date: /home/ulugbek/dev-ws/src/install/velodyne_laserscan/include/velodyne_laserscan/velodyne_laserscan.hpp
[0.807s] -- Up-to-date: /home/ulugbek/dev-ws/src/install/velodyne_laserscan/share/velodyne_laserscan/config
[0.808s] -- Up-to-date: /home/ulugbek/dev-ws/src/install/velodyne_laserscan/share/velodyne_laserscan/config/default-velodyne_laserscan_node-params.yaml
[0.808s] -- Up-to-date: /home/ulugbek/dev-ws/src/install/velodyne_laserscan/share/velodyne_laserscan/launch
[0.808s] -- Up-to-date: /home/ulugbek/dev-ws/src/install/velodyne_laserscan/share/velodyne_laserscan/launch/velodyne_laserscan_node-composed-launch.py
[0.808s] -- Up-to-date: /home/ulugbek/dev-ws/src/install/velodyne_laserscan/share/velodyne_laserscan/launch/velodyne_laserscan_node-launch.py
[0.808s] -- Up-to-date: /home/ulugbek/dev-ws/src/install/velodyne_laserscan/share/ament_index/resource_index/package_run_dependencies/velodyne_laserscan
[0.808s] -- Up-to-date: /home/ulugbek/dev-ws/src/install/velodyne_laserscan/share/ament_index/resource_index/parent_prefix_path/velodyne_laserscan
[0.808s] -- Up-to-date: /home/ulugbek/dev-ws/src/install/velodyne_laserscan/share/velodyne_laserscan/environment/ament_prefix_path.sh
[0.809s] -- Up-to-date: /home/ulugbek/dev-ws/src/install/velodyne_laserscan/share/velodyne_laserscan/environment/ament_prefix_path.dsv
[0.809s] -- Up-to-date: /home/ulugbek/dev-ws/src/install/velodyne_laserscan/share/velodyne_laserscan/environment/path.sh
[0.809s] -- Up-to-date: /home/ulugbek/dev-ws/src/install/velodyne_laserscan/share/velodyne_laserscan/environment/path.dsv
[0.809s] -- Up-to-date: /home/ulugbek/dev-ws/src/install/velodyne_laserscan/share/velodyne_laserscan/local_setup.bash
[0.809s] -- Up-to-date: /home/ulugbek/dev-ws/src/install/velodyne_laserscan/share/velodyne_laserscan/local_setup.sh
[0.809s] -- Up-to-date: /home/ulugbek/dev-ws/src/install/velodyne_laserscan/share/velodyne_laserscan/local_setup.zsh
[0.809s] -- Up-to-date: /home/ulugbek/dev-ws/src/install/velodyne_laserscan/share/velodyne_laserscan/local_setup.dsv
[0.809s] -- Installing: /home/ulugbek/dev-ws/src/install/velodyne_laserscan/share/velodyne_laserscan/package.dsv
[0.810s] -- Up-to-date: /home/ulugbek/dev-ws/src/install/velodyne_laserscan/share/ament_index/resource_index/packages/velodyne_laserscan
[0.810s] -- Up-to-date: /home/ulugbek/dev-ws/src/install/velodyne_laserscan/share/ament_index/resource_index/rclcpp_components/velodyne_laserscan
[0.810s] -- Up-to-date: /home/ulugbek/dev-ws/src/install/velodyne_laserscan/share/velodyne_laserscan/cmake/velodyne_laserscanConfig.cmake
[0.810s] -- Up-to-date: /home/ulugbek/dev-ws/src/install/velodyne_laserscan/share/velodyne_laserscan/cmake/velodyne_laserscanConfig-version.cmake
[0.810s] -- Up-to-date: /home/ulugbek/dev-ws/src/install/velodyne_laserscan/share/velodyne_laserscan/package.xml
[0.870s] Invoked command in '/home/ulugbek/dev-ws/src/build/velodyne_laserscan' returned '0': CMAKE_PREFIX_PATH=/home/ulugbek/dev-ws/install/velodyne_subscriber:/home/ulugbek/dev-ws/install/velodyne:/home/ulugbek/dev-ws/install/velodyne_pointcloud:/home/ulugbek/dev-ws/install/velodyne_driver:/home/ulugbek/dev-ws/install/velodyne_msgs:/home/ulugbek/dev-ws/install/velodyne_laserscan:/home/ulugbek/dev-ws/install/unity_robotics_demo:/home/ulugbek/dev-ws/install/ros_tcp_endpoint:/opt/ros/foxy:/home/ulugbek/dev-ws/install/unity_robotics_demo_msgs:/home/ulugbek/dev-ws/install/static_tf_publisher:/home/ulugbek/dev-ws/install/safe_landing:/home/ulugbek/dev-ws/install/my_package:/home/ulugbek/dev-ws/install/feature_extraction:/home/ulugbek/dev-ws/install/altitude_publisher CONDA_PROMPT_MODIFIER=(base) /usr/bin/cmake --install /home/ulugbek/dev-ws/src/build/velodyne_laserscan
