[0.044s] Invoking command in '/home/ulugbek/dev-ws/src/build/velodyne': AMENT_PREFIX_PATH=/home/ulugbek/dev-ws/src/install/velodyne_pointcloud:/home/ulugbek/dev-ws/src/install/velodyne_driver:/home/ulugbek/dev-ws/src/install/velodyne_msgs:/home/ulugbek/dev-ws/src/install/velodyne_laserscan:${AMENT_PREFIX_PATH} CMAKE_PREFIX_PATH=/home/ulugbek/dev-ws/src/install/velodyne_pointcloud:/home/ulugbek/dev-ws/src/install/velodyne_driver:/home/ulugbek/dev-ws/src/install/velodyne_msgs:/home/ulugbek/dev-ws/src/install/velodyne_laserscan:/opt/ros/foxy CONDA_PROMPT_MODIFIER=(base) LD_LIBRARY_PATH=/home/ulugbek/dev-ws/src/install/velodyne_pointcloud/lib:/home/ulugbek/dev-ws/src/install/velodyne_driver/lib:/home/ulugbek/dev-ws/src/install/velodyne_msgs/lib:/home/ulugbek/dev-ws/src/install/velodyne_laserscan/lib:${LD_LIBRARY_PATH} PYTHONPATH=/home/ulugbek/dev-ws/src/install/velodyne_msgs/lib/python3.9/site-packages:${PYTHONPATH} /usr/bin/cmake --build /home/ulugbek/dev-ws/src/build/velodyne -- -j16 -l16
[0.087s] Invoked command in '/home/ulugbek/dev-ws/src/build/velodyne' returned '0': AMENT_PREFIX_PATH=/home/ulugbek/dev-ws/src/install/velodyne_pointcloud:/home/ulugbek/dev-ws/src/install/velodyne_driver:/home/ulugbek/dev-ws/src/install/velodyne_msgs:/home/ulugbek/dev-ws/src/install/velodyne_laserscan:${AMENT_PREFIX_PATH} CMAKE_PREFIX_PATH=/home/ulugbek/dev-ws/src/install/velodyne_pointcloud:/home/ulugbek/dev-ws/src/install/velodyne_driver:/home/ulugbek/dev-ws/src/install/velodyne_msgs:/home/ulugbek/dev-ws/src/install/velodyne_laserscan:/opt/ros/foxy CONDA_PROMPT_MODIFIER=(base) LD_LIBRARY_PATH=/home/ulugbek/dev-ws/src/install/velodyne_pointcloud/lib:/home/ulugbek/dev-ws/src/install/velodyne_driver/lib:/home/ulugbek/dev-ws/src/install/velodyne_msgs/lib:/home/ulugbek/dev-ws/src/install/velodyne_laserscan/lib:${LD_LIBRARY_PATH} PYTHONPATH=/home/ulugbek/dev-ws/src/install/velodyne_msgs/lib/python3.9/site-packages:${PYTHONPATH} /usr/bin/cmake --build /home/ulugbek/dev-ws/src/build/velodyne -- -j16 -l16
[0.107s] Invoking command in '/home/ulugbek/dev-ws/src/build/velodyne': AMENT_PREFIX_PATH=/home/ulugbek/dev-ws/src/install/velodyne_pointcloud:/home/ulugbek/dev-ws/src/install/velodyne_driver:/home/ulugbek/dev-ws/src/install/velodyne_msgs:/home/ulugbek/dev-ws/src/install/velodyne_laserscan:${AMENT_PREFIX_PATH} CMAKE_PREFIX_PATH=/home/ulugbek/dev-ws/src/install/velodyne_pointcloud:/home/ulugbek/dev-ws/src/install/velodyne_driver:/home/ulugbek/dev-ws/src/install/velodyne_msgs:/home/ulugbek/dev-ws/src/install/velodyne_laserscan:/opt/ros/foxy CONDA_PROMPT_MODIFIER=(base) LD_LIBRARY_PATH=/home/ulugbek/dev-ws/src/install/velodyne_pointcloud/lib:/home/ulugbek/dev-ws/src/install/velodyne_driver/lib:/home/ulugbek/dev-ws/src/install/velodyne_msgs/lib:/home/ulugbek/dev-ws/src/install/velodyne_laserscan/lib:${LD_LIBRARY_PATH} PYTHONPATH=/home/ulugbek/dev-ws/src/install/velodyne_msgs/lib/python3.9/site-packages:${PYTHONPATH} /usr/bin/cmake --install /home/ulugbek/dev-ws/src/build/velodyne
[0.113s] -- Install configuration: ""
[0.113s] -- Up-to-date: /home/ulugbek/dev-ws/src/install/velodyne/share/velodyne/launch
[0.113s] -- Up-to-date: /home/ulugbek/dev-ws/src/install/velodyne/share/velodyne/launch/velodyne-all-nodes-VLP16-composed-launch.py
[0.113s] -- Up-to-date: /home/ulugbek/dev-ws/src/install/velodyne/share/velodyne/launch/velodyne-all-nodes-VLP32C-launch.py
[0.113s] -- Up-to-date: /home/ulugbek/dev-ws/src/install/velodyne/share/velodyne/launch/velodyne-all-nodes-VLP32C-composed-launch.py
[0.113s] -- Up-to-date: /home/ulugbek/dev-ws/src/install/velodyne/share/velodyne/launch/velodyne-all-nodes-VLP16-launch.py
[0.113s] -- Up-to-date: /home/ulugbek/dev-ws/src/install/velodyne/share/ament_index/resource_index/package_run_dependencies/velodyne
[0.113s] -- Up-to-date: /home/ulugbek/dev-ws/src/install/velodyne/share/ament_index/resource_index/parent_prefix_path/velodyne
[0.113s] -- Up-to-date: /home/ulugbek/dev-ws/src/install/velodyne/share/velodyne/environment/ament_prefix_path.sh
[0.114s] -- Up-to-date: /home/ulugbek/dev-ws/src/install/velodyne/share/velodyne/environment/ament_prefix_path.dsv
[0.114s] -- Up-to-date: /home/ulugbek/dev-ws/src/install/velodyne/share/velodyne/environment/path.sh
[0.114s] -- Up-to-date: /home/ulugbek/dev-ws/src/install/velodyne/share/velodyne/environment/path.dsv
[0.114s] -- Up-to-date: /home/ulugbek/dev-ws/src/install/velodyne/share/velodyne/local_setup.bash
[0.114s] -- Up-to-date: /home/ulugbek/dev-ws/src/install/velodyne/share/velodyne/local_setup.sh
[0.114s] -- Up-to-date: /home/ulugbek/dev-ws/src/install/velodyne/share/velodyne/local_setup.zsh
[0.114s] -- Up-to-date: /home/ulugbek/dev-ws/src/install/velodyne/share/velodyne/local_setup.dsv
[0.114s] -- Installing: /home/ulugbek/dev-ws/src/install/velodyne/share/velodyne/package.dsv
[0.114s] -- Up-to-date: /home/ulugbek/dev-ws/src/install/velodyne/share/ament_index/resource_index/packages/velodyne
[0.114s] -- Up-to-date: /home/ulugbek/dev-ws/src/install/velodyne/share/velodyne/cmake/velodyneConfig.cmake
[0.114s] -- Up-to-date: /home/ulugbek/dev-ws/src/install/velodyne/share/velodyne/cmake/velodyneConfig-version.cmake
[0.115s] -- Up-to-date: /home/ulugbek/dev-ws/src/install/velodyne/share/velodyne/package.xml
[0.116s] Invoked command in '/home/ulugbek/dev-ws/src/build/velodyne' returned '0': AMENT_PREFIX_PATH=/home/ulugbek/dev-ws/src/install/velodyne_pointcloud:/home/ulugbek/dev-ws/src/install/velodyne_driver:/home/ulugbek/dev-ws/src/install/velodyne_msgs:/home/ulugbek/dev-ws/src/install/velodyne_laserscan:${AMENT_PREFIX_PATH} CMAKE_PREFIX_PATH=/home/ulugbek/dev-ws/src/install/velodyne_pointcloud:/home/ulugbek/dev-ws/src/install/velodyne_driver:/home/ulugbek/dev-ws/src/install/velodyne_msgs:/home/ulugbek/dev-ws/src/install/velodyne_laserscan:/opt/ros/foxy CONDA_PROMPT_MODIFIER=(base) LD_LIBRARY_PATH=/home/ulugbek/dev-ws/src/install/velodyne_pointcloud/lib:/home/ulugbek/dev-ws/src/install/velodyne_driver/lib:/home/ulugbek/dev-ws/src/install/velodyne_msgs/lib:/home/ulugbek/dev-ws/src/install/velodyne_laserscan/lib:${LD_LIBRARY_PATH} PYTHONPATH=/home/ulugbek/dev-ws/src/install/velodyne_msgs/lib/python3.9/site-packages:${PYTHONPATH} /usr/bin/cmake --install /home/ulugbek/dev-ws/src/build/velodyne
