[0.142s] Invoking command in '/home/ulugbek/dev-ws/src/build/velodyne_msgs': CMAKE_PREFIX_PATH=${CMAKE_PREFIX_PATH}:/home/ulugbek/dev-ws/install/ros_tcp_endpoint:/opt/ros/foxy CONDA_PROMPT_MODIFIER=(base) /usr/bin/cmake /home/ulugbek/dev-ws/src/velodyne/velodyne_msgs -DCMAKE_INSTALL_PREFIX=/home/ulugbek/dev-ws/src/install/velodyne_msgs
[0.542s] -- The C compiler identification is GNU 9.4.0
[0.543s] -- The CXX compiler identification is GNU 9.4.0
[0.543s] -- Check for working C compiler: /usr/bin/cc
[0.543s] -- Check for working C compiler: /usr/bin/cc -- works
[0.544s] -- Detecting C compiler ABI info
[0.563s] -- Detecting C compiler ABI info - done
[0.569s] -- Detecting C compile features
[0.569s] -- Detecting C compile features - done
[0.569s] -- Check for working CXX compiler: /usr/bin/c++
[0.684s] -- Check for working CXX compiler: /usr/bin/c++ -- works
[0.685s] -- Detecting CXX compiler ABI info
[0.769s] -- Detecting CXX compiler ABI info - done
[0.783s] -- Detecting CXX compile features
[0.783s] -- Detecting CXX compile features - done
[0.787s] -- Found ament_cmake: 0.9.11 (/opt/ros/foxy/share/ament_cmake/cmake)
[0.830s] -- Found PythonInterp: /home/ulugbek/anaconda3/bin/python3 (found suitable version "3.9.12", minimum required is "3") 
[0.830s] -- Using PYTHON_EXECUTABLE: /home/ulugbek/anaconda3/bin/python3
[1.142s] -- Found builtin_interfaces: 1.0.0 (/opt/ros/foxy/share/builtin_interfaces/cmake)
[1.184s] -- Using all available rosidl_typesupport_c: rosidl_typesupport_fastrtps_c;rosidl_typesupport_introspection_c
[1.197s] -- Found rosidl_adapter: 1.3.0 (/opt/ros/foxy/share/rosidl_adapter/cmake)
[1.290s] -- Found OpenSSL: /usr/lib/x86_64-linux-gnu/libcrypto.so (found version "1.1.1f")  
[1.336s] -- Found FastRTPS: /opt/ros/foxy/include  
[1.428s] -- Using all available rosidl_typesupport_cpp: rosidl_typesupport_fastrtps_cpp;rosidl_typesupport_introspection_cpp
[1.458s] -- Found rosidl_default_generators: 1.0.1 (/opt/ros/foxy/share/rosidl_default_generators/cmake)
[1.479s] -- Found std_msgs: 2.0.5 (/opt/ros/foxy/share/std_msgs/cmake)
[1.532s] -- Found PythonInterp: /home/ulugbek/anaconda3/bin/python3 (found version "3.9.12") 
[1.599s] CMake Error at /opt/ros/foxy/share/rosidl_adapter/cmake/rosidl_adapt_interfaces.cmake:60 (message):
[1.599s]   execute_process(/home/ulugbek/anaconda3/bin/python3 -m rosidl_adapter
[1.599s]   --package-name velodyne_msgs --arguments-file
[1.599s]   /home/ulugbek/dev-ws/src/build/velodyne_msgs/rosidl_adapter__arguments__velodyne_msgs.json
[1.599s]   --output-dir
[1.599s]   /home/ulugbek/dev-ws/src/build/velodyne_msgs/rosidl_adapter/velodyne_msgs
[1.600s]   --output-file
[1.600s]   /home/ulugbek/dev-ws/src/build/velodyne_msgs/rosidl_adapter/velodyne_msgs.idls)
[1.600s]   returned error code 1:
[1.600s] 
[1.600s]   Traceback (most recent call last):
[1.600s] 
[1.600s]     File "/home/ulugbek/anaconda3/lib/python3.9/runpy.py", line 197, in _run_module_as_main
[1.600s]       return _run_code(code, main_globals, None,
[1.600s]     File "/home/ulugbek/anaconda3/lib/python3.9/runpy.py", line 87, in _run_code
[1.600s]       exec(code, run_globals)
[1.601s]     File "/opt/ros/foxy/lib/python3.8/site-packages/rosidl_adapter/__main__.py", line 19, in <module>
[1.601s]       sys.exit(main())
[1.601s]     File "/opt/ros/foxy/lib/python3.8/site-packages/rosidl_adapter/main.py", line 53, in main
[1.601s]       abs_idl_file = convert_to_idl(
[1.601s]     File "/opt/ros/foxy/lib/python3.8/site-packages/rosidl_adapter/__init__.py", line 18, in convert_to_idl
[1.601s]       from rosidl_adapter.msg import convert_msg_to_idl
[1.601s]     File "/opt/ros/foxy/lib/python3.8/site-packages/rosidl_adapter/msg/__init__.py", line 16, in <module>
[1.601s]       from rosidl_adapter.resource import expand_template
[1.601s]     File "/opt/ros/foxy/lib/python3.8/site-packages/rosidl_adapter/resource/__init__.py", line 19, in <module>
[1.601s]       import em
[1.602s] 
[1.602s]   ModuleNotFoundError: No module named 'em'
[1.602s] 
[1.602s] Call Stack (most recent call first):
[1.602s]   /opt/ros/foxy/share/rosidl_cmake/cmake/rosidl_generate_interfaces.cmake:130 (rosidl_adapt_interfaces)
[1.602s]   CMakeLists.txt:19 (rosidl_generate_interfaces)
[1.602s] 
[1.602s] 
[1.603s] -- Configuring incomplete, errors occurred!
[1.603s] See also "/home/ulugbek/dev-ws/src/build/velodyne_msgs/CMakeFiles/CMakeOutput.log".
[1.610s] Invoked command in '/home/ulugbek/dev-ws/src/build/velodyne_msgs' returned '1': CMAKE_PREFIX_PATH=${CMAKE_PREFIX_PATH}:/home/ulugbek/dev-ws/install/ros_tcp_endpoint:/opt/ros/foxy CONDA_PROMPT_MODIFIER=(base) /usr/bin/cmake /home/ulugbek/dev-ws/src/velodyne/velodyne_msgs -DCMAKE_INSTALL_PREFIX=/home/ulugbek/dev-ws/src/install/velodyne_msgs
