[0.132s] Invoking command in '/home/ulugbek/dev-ws/src/build/my_package': CMAKE_PREFIX_PATH=/home/ulugbek/dev-ws/install/velodyne_subscriber:/home/ulugbek/dev-ws/install/velodyne:/home/ulugbek/dev-ws/install/velodyne_pointcloud:/home/ulugbek/dev-ws/install/velodyne_driver:/home/ulugbek/dev-ws/install/velodyne_msgs:/home/ulugbek/dev-ws/install/velodyne_laserscan:/home/ulugbek/dev-ws/install/unity_robotics_demo:/home/ulugbek/dev-ws/install/ros_tcp_endpoint:/opt/ros/foxy:/home/ulugbek/dev-ws/install/unity_robotics_demo_msgs:/home/ulugbek/dev-ws/install/static_tf_publisher:/home/ulugbek/dev-ws/install/safe_landing:/home/ulugbek/dev-ws/install/my_package:/home/ulugbek/dev-ws/install/feature_extraction:/home/ulugbek/dev-ws/install/altitude_publisher CONDA_PROMPT_MODIFIER=(base) /usr/bin/cmake --build /home/ulugbek/dev-ws/src/build/my_package -- -j16 -l16
[0.765s] Invoked command in '/home/ulugbek/dev-ws/src/build/my_package' returned '0': CMAKE_PREFIX_PATH=/home/ulugbek/dev-ws/install/velodyne_subscriber:/home/ulugbek/dev-ws/install/velodyne:/home/ulugbek/dev-ws/install/velodyne_pointcloud:/home/ulugbek/dev-ws/install/velodyne_driver:/home/ulugbek/dev-ws/install/velodyne_msgs:/home/ulugbek/dev-ws/install/velodyne_laserscan:/home/ulugbek/dev-ws/install/unity_robotics_demo:/home/ulugbek/dev-ws/install/ros_tcp_endpoint:/opt/ros/foxy:/home/ulugbek/dev-ws/install/unity_robotics_demo_msgs:/home/ulugbek/dev-ws/install/static_tf_publisher:/home/ulugbek/dev-ws/install/safe_landing:/home/ulugbek/dev-ws/install/my_package:/home/ulugbek/dev-ws/install/feature_extraction:/home/ulugbek/dev-ws/install/altitude_publisher CONDA_PROMPT_MODIFIER=(base) /usr/bin/cmake --build /home/ulugbek/dev-ws/src/build/my_package -- -j16 -l16
[0.816s] Invoking command in '/home/ulugbek/dev-ws/src/build/my_package': CMAKE_PREFIX_PATH=/home/ulugbek/dev-ws/install/velodyne_subscriber:/home/ulugbek/dev-ws/install/velodyne:/home/ulugbek/dev-ws/install/velodyne_pointcloud:/home/ulugbek/dev-ws/install/velodyne_driver:/home/ulugbek/dev-ws/install/velodyne_msgs:/home/ulugbek/dev-ws/install/velodyne_laserscan:/home/ulugbek/dev-ws/install/unity_robotics_demo:/home/ulugbek/dev-ws/install/ros_tcp_endpoint:/opt/ros/foxy:/home/ulugbek/dev-ws/install/unity_robotics_demo_msgs:/home/ulugbek/dev-ws/install/static_tf_publisher:/home/ulugbek/dev-ws/install/safe_landing:/home/ulugbek/dev-ws/install/my_package:/home/ulugbek/dev-ws/install/feature_extraction:/home/ulugbek/dev-ws/install/altitude_publisher CONDA_PROMPT_MODIFIER=(base) /usr/bin/cmake --install /home/ulugbek/dev-ws/src/build/my_package
[0.841s] -- Install configuration: ""
[0.846s] -- Up-to-date: /home/ulugbek/dev-ws/src/install/my_package/share/my_package/launch
[0.846s] -- Up-to-date: /home/ulugbek/dev-ws/src/install/my_package/share/my_package/launch/talker.launch.py
[0.846s] -- Up-to-date: /home/ulugbek/dev-ws/src/install/my_package/share/my_package/launch/listener.launch.py
[0.847s] -- Up-to-date: /home/ulugbek/dev-ws/src/install/my_package/share/ament_index/resource_index/package_run_dependencies/my_package
[0.847s] -- Up-to-date: /home/ulugbek/dev-ws/src/install/my_package/share/ament_index/resource_index/parent_prefix_path/my_package
[0.847s] -- Up-to-date: /home/ulugbek/dev-ws/src/install/my_package/share/my_package/environment/ament_prefix_path.sh
[0.847s] -- Up-to-date: /home/ulugbek/dev-ws/src/install/my_package/share/my_package/environment/ament_prefix_path.dsv
[0.847s] -- Up-to-date: /home/ulugbek/dev-ws/src/install/my_package/share/my_package/environment/path.sh
[0.847s] -- Up-to-date: /home/ulugbek/dev-ws/src/install/my_package/share/my_package/environment/path.dsv
[0.850s] -- Up-to-date: /home/ulugbek/dev-ws/src/install/my_package/share/my_package/local_setup.bash
[0.851s] -- Up-to-date: /home/ulugbek/dev-ws/src/install/my_package/share/my_package/local_setup.sh
[0.851s] -- Up-to-date: /home/ulugbek/dev-ws/src/install/my_package/share/my_package/local_setup.zsh
[0.855s] -- Up-to-date: /home/ulugbek/dev-ws/src/install/my_package/share/my_package/local_setup.dsv
[0.855s] -- Installing: /home/ulugbek/dev-ws/src/install/my_package/share/my_package/package.dsv
[0.856s] -- Up-to-date: /home/ulugbek/dev-ws/src/install/my_package/share/ament_index/resource_index/packages/my_package
[0.856s] -- Up-to-date: /home/ulugbek/dev-ws/src/install/my_package/share/my_package/cmake/my_packageConfig.cmake
[0.856s] -- Up-to-date: /home/ulugbek/dev-ws/src/install/my_package/share/my_package/cmake/my_packageConfig-version.cmake
[0.856s] -- Up-to-date: /home/ulugbek/dev-ws/src/install/my_package/share/my_package/package.xml
[0.909s] Invoked command in '/home/ulugbek/dev-ws/src/build/my_package' returned '0': CMAKE_PREFIX_PATH=/home/ulugbek/dev-ws/install/velodyne_subscriber:/home/ulugbek/dev-ws/install/velodyne:/home/ulugbek/dev-ws/install/velodyne_pointcloud:/home/ulugbek/dev-ws/install/velodyne_driver:/home/ulugbek/dev-ws/install/velodyne_msgs:/home/ulugbek/dev-ws/install/velodyne_laserscan:/home/ulugbek/dev-ws/install/unity_robotics_demo:/home/ulugbek/dev-ws/install/ros_tcp_endpoint:/opt/ros/foxy:/home/ulugbek/dev-ws/install/unity_robotics_demo_msgs:/home/ulugbek/dev-ws/install/static_tf_publisher:/home/ulugbek/dev-ws/install/safe_landing:/home/ulugbek/dev-ws/install/my_package:/home/ulugbek/dev-ws/install/feature_extraction:/home/ulugbek/dev-ws/install/altitude_publisher CONDA_PROMPT_MODIFIER=(base) /usr/bin/cmake --install /home/ulugbek/dev-ws/src/build/my_package
