[0.187s] Invoking command in '/home/ulugbek/dev-ws/src/build/velodyne_msgs': CMAKE_PREFIX_PATH=/home/ulugbek/dev-ws/install/velodyne_subscriber:/home/ulugbek/dev-ws/install/velodyne:/home/ulugbek/dev-ws/install/velodyne_pointcloud:/home/ulugbek/dev-ws/install/velodyne_driver:/home/ulugbek/dev-ws/install/velodyne_msgs:/home/ulugbek/dev-ws/install/velodyne_laserscan:/home/ulugbek/dev-ws/install/unity_robotics_demo:/home/ulugbek/dev-ws/install/ros_tcp_endpoint:/opt/ros/foxy:/home/ulugbek/dev-ws/install/unity_robotics_demo_msgs:/home/ulugbek/dev-ws/install/static_tf_publisher:/home/ulugbek/dev-ws/install/safe_landing:/home/ulugbek/dev-ws/install/my_package:/home/ulugbek/dev-ws/install/feature_extraction:/home/ulugbek/dev-ws/install/altitude_publisher CONDA_PROMPT_MODIFIER=(base) /usr/bin/cmake --build /home/ulugbek/dev-ws/src/build/velodyne_msgs -- -j16 -l16
[0.769s] [  2%] Built target velodyne_msgs__cpp
[0.770s] [ 12%] Built target velodyne_msgs__rosidl_generator_c
[0.770s] [ 23%] Built target velodyne_msgs__rosidl_typesupport_cpp
[0.770s] [ 43%] Built target velodyne_msgs__rosidl_typesupport_introspection_cpp
[0.771s] [ 43%] Built target velodyne_msgs__rosidl_typesupport_introspection_c
[0.772s] [ 53%] Built target velodyne_msgs__rosidl_typesupport_c
[0.772s] [ 64%] Built target velodyne_msgs__rosidl_typesupport_fastrtps_cpp
[0.772s] [ 74%] Built target velodyne_msgs__rosidl_typesupport_fastrtps_c
[0.772s] [ 74%] Built target velodyne_msgs
[0.772s] [ 76%] Built target velodyne_msgs__py
[0.772s] [ 84%] Built target velodyne_msgs__python
[0.772s] [ 94%] Built target velodyne_msgs__rosidl_typesupport_c__pyext
[0.773s] [ 94%] Built target velodyne_msgs__rosidl_typesupport_introspection_c__pyext
[0.773s] [100%] Built target velodyne_msgs__rosidl_typesupport_fastrtps_c__pyext
[0.779s] Invoked command in '/home/ulugbek/dev-ws/src/build/velodyne_msgs' returned '0': CMAKE_PREFIX_PATH=/home/ulugbek/dev-ws/install/velodyne_subscriber:/home/ulugbek/dev-ws/install/velodyne:/home/ulugbek/dev-ws/install/velodyne_pointcloud:/home/ulugbek/dev-ws/install/velodyne_driver:/home/ulugbek/dev-ws/install/velodyne_msgs:/home/ulugbek/dev-ws/install/velodyne_laserscan:/home/ulugbek/dev-ws/install/unity_robotics_demo:/home/ulugbek/dev-ws/install/ros_tcp_endpoint:/opt/ros/foxy:/home/ulugbek/dev-ws/install/unity_robotics_demo_msgs:/home/ulugbek/dev-ws/install/static_tf_publisher:/home/ulugbek/dev-ws/install/safe_landing:/home/ulugbek/dev-ws/install/my_package:/home/ulugbek/dev-ws/install/feature_extraction:/home/ulugbek/dev-ws/install/altitude_publisher CONDA_PROMPT_MODIFIER=(base) /usr/bin/cmake --build /home/ulugbek/dev-ws/src/build/velodyne_msgs -- -j16 -l16
[0.933s] Invoking command in '/home/ulugbek/dev-ws/src/build/velodyne_msgs': CMAKE_PREFIX_PATH=/home/ulugbek/dev-ws/install/velodyne_subscriber:/home/ulugbek/dev-ws/install/velodyne:/home/ulugbek/dev-ws/install/velodyne_pointcloud:/home/ulugbek/dev-ws/install/velodyne_driver:/home/ulugbek/dev-ws/install/velodyne_msgs:/home/ulugbek/dev-ws/install/velodyne_laserscan:/home/ulugbek/dev-ws/install/unity_robotics_demo:/home/ulugbek/dev-ws/install/ros_tcp_endpoint:/opt/ros/foxy:/home/ulugbek/dev-ws/install/unity_robotics_demo_msgs:/home/ulugbek/dev-ws/install/static_tf_publisher:/home/ulugbek/dev-ws/install/safe_landing:/home/ulugbek/dev-ws/install/my_package:/home/ulugbek/dev-ws/install/feature_extraction:/home/ulugbek/dev-ws/install/altitude_publisher CONDA_PROMPT_MODIFIER=(base) /usr/bin/cmake --install /home/ulugbek/dev-ws/src/build/velodyne_msgs
[0.948s] -- Install configuration: ""
[0.948s] -- Up-to-date: /home/ulugbek/dev-ws/src/install/velodyne_msgs/share/ament_index/resource_index/rosidl_interfaces/velodyne_msgs
[0.949s] -- Up-to-date: /home/ulugbek/dev-ws/src/install/velodyne_msgs/include/velodyne_msgs
[0.949s] -- Up-to-date: /home/ulugbek/dev-ws/src/install/velodyne_msgs/include/velodyne_msgs/msg
[0.949s] -- Up-to-date: /home/ulugbek/dev-ws/src/install/velodyne_msgs/include/velodyne_msgs/msg/velodyne_packet.h
[0.949s] -- Up-to-date: /home/ulugbek/dev-ws/src/install/velodyne_msgs/include/velodyne_msgs/msg/velodyne_scan.h
[0.949s] -- Up-to-date: /home/ulugbek/dev-ws/src/install/velodyne_msgs/include/velodyne_msgs/msg/rosidl_generator_c__visibility_control.h
[0.949s] -- Up-to-date: /home/ulugbek/dev-ws/src/install/velodyne_msgs/include/velodyne_msgs/msg/detail
[0.949s] -- Up-to-date: /home/ulugbek/dev-ws/src/install/velodyne_msgs/include/velodyne_msgs/msg/detail/velodyne_scan__functions.c
[0.949s] -- Up-to-date: /home/ulugbek/dev-ws/src/install/velodyne_msgs/include/velodyne_msgs/msg/detail/velodyne_packet__struct.h
[0.949s] -- Up-to-date: /home/ulugbek/dev-ws/src/install/velodyne_msgs/include/velodyne_msgs/msg/detail/velodyne_scan__struct.h
[0.949s] -- Up-to-date: /home/ulugbek/dev-ws/src/install/velodyne_msgs/include/velodyne_msgs/msg/detail/velodyne_scan__functions.h
[0.949s] -- Up-to-date: /home/ulugbek/dev-ws/src/install/velodyne_msgs/include/velodyne_msgs/msg/detail/velodyne_scan__type_support.h
[0.949s] -- Up-to-date: /home/ulugbek/dev-ws/src/install/velodyne_msgs/include/velodyne_msgs/msg/detail/velodyne_packet__functions.h
[0.949s] -- Up-to-date: /home/ulugbek/dev-ws/src/install/velodyne_msgs/include/velodyne_msgs/msg/detail/velodyne_packet__functions.c
[0.950s] -- Up-to-date: /home/ulugbek/dev-ws/src/install/velodyne_msgs/include/velodyne_msgs/msg/detail/velodyne_packet__type_support.h
[0.950s] -- Up-to-date: /home/ulugbek/dev-ws/src/install/velodyne_msgs/share/velodyne_msgs/environment/library_path.sh
[0.950s] -- Up-to-date: /home/ulugbek/dev-ws/src/install/velodyne_msgs/share/velodyne_msgs/environment/library_path.dsv
[0.950s] -- Up-to-date: /home/ulugbek/dev-ws/src/install/velodyne_msgs/lib/libvelodyne_msgs__rosidl_generator_c.so
[0.950s] -- Up-to-date: /home/ulugbek/dev-ws/src/install/velodyne_msgs/include/velodyne_msgs
[0.950s] -- Up-to-date: /home/ulugbek/dev-ws/src/install/velodyne_msgs/include/velodyne_msgs/msg
[0.950s] -- Up-to-date: /home/ulugbek/dev-ws/src/install/velodyne_msgs/include/velodyne_msgs/msg/rosidl_typesupport_fastrtps_c__visibility_control.h
[0.950s] -- Up-to-date: /home/ulugbek/dev-ws/src/install/velodyne_msgs/include/velodyne_msgs/msg/detail
[0.950s] -- Up-to-date: /home/ulugbek/dev-ws/src/install/velodyne_msgs/include/velodyne_msgs/msg/detail/velodyne_packet__rosidl_typesupport_fastrtps_c.h
[0.950s] -- Up-to-date: /home/ulugbek/dev-ws/src/install/velodyne_msgs/include/velodyne_msgs/msg/detail/velodyne_scan__rosidl_typesupport_fastrtps_c.h
[0.950s] -- Up-to-date: /home/ulugbek/dev-ws/src/install/velodyne_msgs/lib/libvelodyne_msgs__rosidl_typesupport_fastrtps_c.so
[0.951s] -- Up-to-date: /home/ulugbek/dev-ws/src/install/velodyne_msgs/include/velodyne_msgs
[0.951s] -- Up-to-date: /home/ulugbek/dev-ws/src/install/velodyne_msgs/include/velodyne_msgs/msg
[0.951s] -- Up-to-date: /home/ulugbek/dev-ws/src/install/velodyne_msgs/include/velodyne_msgs/msg/rosidl_typesupport_fastrtps_cpp__visibility_control.h
[0.951s] -- Up-to-date: /home/ulugbek/dev-ws/src/install/velodyne_msgs/include/velodyne_msgs/msg/detail
[0.951s] -- Up-to-date: /home/ulugbek/dev-ws/src/install/velodyne_msgs/include/velodyne_msgs/msg/detail/velodyne_packet__rosidl_typesupport_fastrtps_cpp.hpp
[0.951s] -- Up-to-date: /home/ulugbek/dev-ws/src/install/velodyne_msgs/include/velodyne_msgs/msg/detail/dds_fastrtps
[0.951s] -- Up-to-date: /home/ulugbek/dev-ws/src/install/velodyne_msgs/include/velodyne_msgs/msg/detail/velodyne_scan__rosidl_typesupport_fastrtps_cpp.hpp
[0.951s] -- Up-to-date: /home/ulugbek/dev-ws/src/install/velodyne_msgs/lib/libvelodyne_msgs__rosidl_typesupport_fastrtps_cpp.so
[0.951s] -- Up-to-date: /home/ulugbek/dev-ws/src/install/velodyne_msgs/include/velodyne_msgs
[0.951s] -- Up-to-date: /home/ulugbek/dev-ws/src/install/velodyne_msgs/include/velodyne_msgs/msg
[0.951s] -- Up-to-date: /home/ulugbek/dev-ws/src/install/velodyne_msgs/include/velodyne_msgs/msg/rosidl_typesupport_introspection_c__visibility_control.h
[0.951s] -- Up-to-date: /home/ulugbek/dev-ws/src/install/velodyne_msgs/include/velodyne_msgs/msg/detail
[0.951s] -- Up-to-date: /home/ulugbek/dev-ws/src/install/velodyne_msgs/include/velodyne_msgs/msg/detail/velodyne_scan__type_support.c
[0.951s] -- Up-to-date: /home/ulugbek/dev-ws/src/install/velodyne_msgs/include/velodyne_msgs/msg/detail/velodyne_packet__type_support.c
[0.952s] -- Up-to-date: /home/ulugbek/dev-ws/src/install/velodyne_msgs/include/velodyne_msgs/msg/detail/velodyne_scan__rosidl_typesupport_introspection_c.h
[0.952s] -- Up-to-date: /home/ulugbek/dev-ws/src/install/velodyne_msgs/include/velodyne_msgs/msg/detail/velodyne_packet__rosidl_typesupport_introspection_c.h
[0.952s] -- Up-to-date: /home/ulugbek/dev-ws/src/install/velodyne_msgs/lib/libvelodyne_msgs__rosidl_typesupport_introspection_c.so
[0.952s] -- Up-to-date: /home/ulugbek/dev-ws/src/install/velodyne_msgs/lib/libvelodyne_msgs__rosidl_typesupport_c.so
[0.952s] -- Up-to-date: /home/ulugbek/dev-ws/src/install/velodyne_msgs/include/velodyne_msgs
[0.952s] -- Up-to-date: /home/ulugbek/dev-ws/src/install/velodyne_msgs/include/velodyne_msgs/msg
[0.952s] -- Up-to-date: /home/ulugbek/dev-ws/src/install/velodyne_msgs/include/velodyne_msgs/msg/velodyne_scan.hpp
[0.952s] -- Up-to-date: /home/ulugbek/dev-ws/src/install/velodyne_msgs/include/velodyne_msgs/msg/velodyne_packet.hpp
[0.952s] -- Up-to-date: /home/ulugbek/dev-ws/src/install/velodyne_msgs/include/velodyne_msgs/msg/detail
[0.952s] -- Up-to-date: /home/ulugbek/dev-ws/src/install/velodyne_msgs/include/velodyne_msgs/msg/detail/velodyne_scan__builder.hpp
[0.952s] -- Up-to-date: /home/ulugbek/dev-ws/src/install/velodyne_msgs/include/velodyne_msgs/msg/detail/velodyne_packet__builder.hpp
[0.952s] -- Up-to-date: /home/ulugbek/dev-ws/src/install/velodyne_msgs/include/velodyne_msgs/msg/detail/velodyne_packet__traits.hpp
[0.952s] -- Up-to-date: /home/ulugbek/dev-ws/src/install/velodyne_msgs/include/velodyne_msgs/msg/detail/velodyne_packet__struct.hpp
[0.953s] -- Up-to-date: /home/ulugbek/dev-ws/src/install/velodyne_msgs/include/velodyne_msgs/msg/detail/velodyne_scan__struct.hpp
[0.953s] -- Up-to-date: /home/ulugbek/dev-ws/src/install/velodyne_msgs/include/velodyne_msgs/msg/detail/velodyne_scan__traits.hpp
[0.953s] -- Up-to-date: /home/ulugbek/dev-ws/src/install/velodyne_msgs/include/velodyne_msgs
[0.953s] -- Up-to-date: /home/ulugbek/dev-ws/src/install/velodyne_msgs/include/velodyne_msgs/msg
[0.953s] -- Up-to-date: /home/ulugbek/dev-ws/src/install/velodyne_msgs/include/velodyne_msgs/msg/detail
[0.953s] -- Up-to-date: /home/ulugbek/dev-ws/src/install/velodyne_msgs/include/velodyne_msgs/msg/detail/velodyne_scan__rosidl_typesupport_introspection_cpp.hpp
[0.953s] -- Up-to-date: /home/ulugbek/dev-ws/src/install/velodyne_msgs/include/velodyne_msgs/msg/detail/velodyne_packet__rosidl_typesupport_introspection_cpp.hpp
[0.953s] -- Up-to-date: /home/ulugbek/dev-ws/src/install/velodyne_msgs/include/velodyne_msgs/msg/detail/velodyne_packet__type_support.cpp
[0.953s] -- Up-to-date: /home/ulugbek/dev-ws/src/install/velodyne_msgs/include/velodyne_msgs/msg/detail/velodyne_scan__type_support.cpp
[0.953s] -- Up-to-date: /home/ulugbek/dev-ws/src/install/velodyne_msgs/lib/libvelodyne_msgs__rosidl_typesupport_introspection_cpp.so
[0.953s] -- Up-to-date: /home/ulugbek/dev-ws/src/install/velodyne_msgs/lib/libvelodyne_msgs__rosidl_typesupport_cpp.so
[0.953s] -- Up-to-date: /home/ulugbek/dev-ws/src/install/velodyne_msgs/share/velodyne_msgs/environment/pythonpath.sh
[0.953s] -- Up-to-date: /home/ulugbek/dev-ws/src/install/velodyne_msgs/share/velodyne_msgs/environment/pythonpath.dsv
[0.954s] -- Up-to-date: /home/ulugbek/dev-ws/src/install/velodyne_msgs/lib/python3.9/site-packages/velodyne_msgs/__init__.py
[1.006s] -- Up-to-date: /home/ulugbek/dev-ws/src/install/velodyne_msgs/lib/python3.9/site-packages/velodyne_msgs/msg
[1.006s] -- Up-to-date: /home/ulugbek/dev-ws/src/install/velodyne_msgs/lib/python3.9/site-packages/velodyne_msgs/msg/_velodyne_packet.py
[1.006s] -- Up-to-date: /home/ulugbek/dev-ws/src/install/velodyne_msgs/lib/python3.9/site-packages/velodyne_msgs/msg/_velodyne_scan.py
[1.007s] -- Up-to-date: /home/ulugbek/dev-ws/src/install/velodyne_msgs/lib/python3.9/site-packages/velodyne_msgs/msg/_velodyne_scan_s.c
[1.007s] -- Up-to-date: /home/ulugbek/dev-ws/src/install/velodyne_msgs/lib/python3.9/site-packages/velodyne_msgs/msg/__init__.py
[1.008s] -- Up-to-date: /home/ulugbek/dev-ws/src/install/velodyne_msgs/lib/python3.9/site-packages/velodyne_msgs/msg/_velodyne_packet_s.c
[1.009s] -- Up-to-date: /home/ulugbek/dev-ws/src/install/velodyne_msgs/lib/python3.9/site-packages/velodyne_msgs/velodyne_msgs_s__rosidl_typesupport_fastrtps_c.cpython-39-x86_64-linux-gnu.so
[1.009s] -- Up-to-date: /home/ulugbek/dev-ws/src/install/velodyne_msgs/lib/python3.9/site-packages/velodyne_msgs/velodyne_msgs_s__rosidl_typesupport_introspection_c.cpython-39-x86_64-linux-gnu.so
[1.009s] -- Up-to-date: /home/ulugbek/dev-ws/src/install/velodyne_msgs/lib/python3.9/site-packages/velodyne_msgs/velodyne_msgs_s__rosidl_typesupport_c.cpython-39-x86_64-linux-gnu.so
[1.010s] -- Up-to-date: /home/ulugbek/dev-ws/src/install/velodyne_msgs/lib/libvelodyne_msgs__python.so
[1.010s] -- Up-to-date: /home/ulugbek/dev-ws/src/install/velodyne_msgs/share/velodyne_msgs/msg/VelodynePacket.idl
[1.010s] -- Up-to-date: /home/ulugbek/dev-ws/src/install/velodyne_msgs/share/velodyne_msgs/msg/VelodyneScan.idl
[1.010s] -- Up-to-date: /home/ulugbek/dev-ws/src/install/velodyne_msgs/share/velodyne_msgs/msg/VelodynePacket.msg
[1.016s] -- Up-to-date: /home/ulugbek/dev-ws/src/install/velodyne_msgs/share/velodyne_msgs/msg/VelodyneScan.msg
[1.017s] -- Up-to-date: /home/ulugbek/dev-ws/src/install/velodyne_msgs/share/ament_index/resource_index/package_run_dependencies/velodyne_msgs
[1.017s] -- Up-to-date: /home/ulugbek/dev-ws/src/install/velodyne_msgs/share/ament_index/resource_index/parent_prefix_path/velodyne_msgs
[1.017s] -- Up-to-date: /home/ulugbek/dev-ws/src/install/velodyne_msgs/share/velodyne_msgs/environment/ament_prefix_path.sh
[1.017s] -- Up-to-date: /home/ulugbek/dev-ws/src/install/velodyne_msgs/share/velodyne_msgs/environment/ament_prefix_path.dsv
[1.017s] -- Up-to-date: /home/ulugbek/dev-ws/src/install/velodyne_msgs/share/velodyne_msgs/environment/path.sh
[1.018s] -- Up-to-date: /home/ulugbek/dev-ws/src/install/velodyne_msgs/share/velodyne_msgs/environment/path.dsv
[1.018s] -- Up-to-date: /home/ulugbek/dev-ws/src/install/velodyne_msgs/share/velodyne_msgs/local_setup.bash
[1.018s] -- Up-to-date: /home/ulugbek/dev-ws/src/install/velodyne_msgs/share/velodyne_msgs/local_setup.sh
[1.018s] -- Up-to-date: /home/ulugbek/dev-ws/src/install/velodyne_msgs/share/velodyne_msgs/local_setup.zsh
[1.018s] -- Up-to-date: /home/ulugbek/dev-ws/src/install/velodyne_msgs/share/velodyne_msgs/local_setup.dsv
[1.018s] -- Installing: /home/ulugbek/dev-ws/src/install/velodyne_msgs/share/velodyne_msgs/package.dsv
[1.018s] -- Up-to-date: /home/ulugbek/dev-ws/src/install/velodyne_msgs/share/ament_index/resource_index/packages/velodyne_msgs
[1.018s] -- Up-to-date: /home/ulugbek/dev-ws/src/install/velodyne_msgs/share/velodyne_msgs/cmake/velodyne_msgs__rosidl_generator_cExport.cmake
[1.018s] -- Up-to-date: /home/ulugbek/dev-ws/src/install/velodyne_msgs/share/velodyne_msgs/cmake/velodyne_msgs__rosidl_generator_cExport-noconfig.cmake
[1.019s] -- Up-to-date: /home/ulugbek/dev-ws/src/install/velodyne_msgs/share/velodyne_msgs/cmake/velodyne_msgs__rosidl_typesupport_introspection_cExport.cmake
[1.019s] -- Up-to-date: /home/ulugbek/dev-ws/src/install/velodyne_msgs/share/velodyne_msgs/cmake/velodyne_msgs__rosidl_typesupport_introspection_cExport-noconfig.cmake
[1.019s] -- Up-to-date: /home/ulugbek/dev-ws/src/install/velodyne_msgs/share/velodyne_msgs/cmake/velodyne_msgs__rosidl_typesupport_cExport.cmake
[1.019s] -- Up-to-date: /home/ulugbek/dev-ws/src/install/velodyne_msgs/share/velodyne_msgs/cmake/velodyne_msgs__rosidl_typesupport_cExport-noconfig.cmake
[1.019s] -- Up-to-date: /home/ulugbek/dev-ws/src/install/velodyne_msgs/share/velodyne_msgs/cmake/velodyne_msgs__rosidl_generator_cppExport.cmake
[1.019s] -- Up-to-date: /home/ulugbek/dev-ws/src/install/velodyne_msgs/share/velodyne_msgs/cmake/velodyne_msgs__rosidl_typesupport_introspection_cppExport.cmake
[1.019s] -- Up-to-date: /home/ulugbek/dev-ws/src/install/velodyne_msgs/share/velodyne_msgs/cmake/velodyne_msgs__rosidl_typesupport_introspection_cppExport-noconfig.cmake
[1.019s] -- Up-to-date: /home/ulugbek/dev-ws/src/install/velodyne_msgs/share/velodyne_msgs/cmake/velodyne_msgs__rosidl_typesupport_cppExport.cmake
[1.020s] -- Up-to-date: /home/ulugbek/dev-ws/src/install/velodyne_msgs/share/velodyne_msgs/cmake/velodyne_msgs__rosidl_typesupport_cppExport-noconfig.cmake
[1.020s] -- Up-to-date: /home/ulugbek/dev-ws/src/install/velodyne_msgs/share/velodyne_msgs/cmake/rosidl_cmake-extras.cmake
[1.020s] -- Up-to-date: /home/ulugbek/dev-ws/src/install/velodyne_msgs/share/velodyne_msgs/cmake/ament_cmake_export_dependencies-extras.cmake
[1.020s] -- Up-to-date: /home/ulugbek/dev-ws/src/install/velodyne_msgs/share/velodyne_msgs/cmake/ament_cmake_export_libraries-extras.cmake
[1.020s] -- Up-to-date: /home/ulugbek/dev-ws/src/install/velodyne_msgs/share/velodyne_msgs/cmake/ament_cmake_export_targets-extras.cmake
[1.020s] -- Up-to-date: /home/ulugbek/dev-ws/src/install/velodyne_msgs/share/velodyne_msgs/cmake/ament_cmake_export_include_directories-extras.cmake
[1.020s] -- Up-to-date: /home/ulugbek/dev-ws/src/install/velodyne_msgs/share/velodyne_msgs/cmake/rosidl_cmake_export_typesupport_libraries-extras.cmake
[1.020s] -- Up-to-date: /home/ulugbek/dev-ws/src/install/velodyne_msgs/share/velodyne_msgs/cmake/rosidl_cmake_export_typesupport_targets-extras.cmake
[1.021s] -- Up-to-date: /home/ulugbek/dev-ws/src/install/velodyne_msgs/share/velodyne_msgs/cmake/velodyne_msgsConfig.cmake
[1.021s] -- Up-to-date: /home/ulugbek/dev-ws/src/install/velodyne_msgs/share/velodyne_msgs/cmake/velodyne_msgsConfig-version.cmake
[1.021s] -- Up-to-date: /home/ulugbek/dev-ws/src/install/velodyne_msgs/share/velodyne_msgs/package.xml
[1.158s] Invoked command in '/home/ulugbek/dev-ws/src/build/velodyne_msgs' returned '0': CMAKE_PREFIX_PATH=/home/ulugbek/dev-ws/install/velodyne_subscriber:/home/ulugbek/dev-ws/install/velodyne:/home/ulugbek/dev-ws/install/velodyne_pointcloud:/home/ulugbek/dev-ws/install/velodyne_driver:/home/ulugbek/dev-ws/install/velodyne_msgs:/home/ulugbek/dev-ws/install/velodyne_laserscan:/home/ulugbek/dev-ws/install/unity_robotics_demo:/home/ulugbek/dev-ws/install/ros_tcp_endpoint:/opt/ros/foxy:/home/ulugbek/dev-ws/install/unity_robotics_demo_msgs:/home/ulugbek/dev-ws/install/static_tf_publisher:/home/ulugbek/dev-ws/install/safe_landing:/home/ulugbek/dev-ws/install/my_package:/home/ulugbek/dev-ws/install/feature_extraction:/home/ulugbek/dev-ws/install/altitude_publisher CONDA_PROMPT_MODIFIER=(base) /usr/bin/cmake --install /home/ulugbek/dev-ws/src/build/velodyne_msgs
