[0.351s] DEBUG:colcon:Command line arguments: ['/home/ulugbek/.local/bin/colcon', 'build']
[0.351s] DEBUG:colcon:Parsed command line arguments: Namespace(allow_overriding=[], ament_cmake_args=None, base_paths=['.'], build_base='build', catkin_cmake_args=None, catkin_skip_building_tests=False, cmake_args=None, cmake_clean_cache=False, cmake_clean_first=False, cmake_force_configure=False, cmake_target=None, cmake_target_skip_unavailable=False, continue_on_error=False, event_handlers=None, executor='parallel', ignore_user_meta=False, install_base='install', log_base=None, log_level=None, main=<bound method BuildVerb.main of <colcon_core.verb.build.BuildVerb object at 0x7ff5e8ffba00>>, merge_install=False, metas=['./colcon.meta'], packages_above=None, packages_above_and_dependencies=None, packages_above_depth=None, packages_end=None, packages_ignore=None, packages_ignore_regex=None, packages_select=None, packages_select_build_failed=False, packages_select_by_dep=None, packages_select_regex=None, packages_select_test_failures=False, packages_skip=None, packages_skip_build_finished=False, packages_skip_by_dep=None, packages_skip_regex=None, packages_skip_test_passed=False, packages_skip_up_to=None, packages_start=None, packages_up_to=None, packages_up_to_regex=None, parallel_workers=16, paths=None, symlink_install=False, test_result_base=None, verb_extension=<colcon_core.verb.build.BuildVerb object at 0x7ff5e8ffba00>, verb_name='build', verb_parser=<colcon_defaults.argument_parser.defaults.DefaultArgumentsDecorator object at 0x7ff5e8ffbf70>)
[0.373s] Level 1:colcon.colcon_core.package_discovery:discover_packages(colcon_meta) check parameters
[0.373s] Level 1:colcon.colcon_core.package_discovery:discover_packages(recursive) check parameters
[0.373s] Level 1:colcon.colcon_core.package_discovery:discover_packages(ignore) check parameters
[0.373s] Level 1:colcon.colcon_core.package_discovery:discover_packages(path) check parameters
[0.373s] Level 1:colcon.colcon_core.package_discovery:discover_packages(colcon_meta) discover
[0.373s] Level 1:colcon.colcon_core.package_discovery:discover_packages(recursive) discover
[0.373s] INFO:colcon.colcon_core.package_discovery:Crawling recursively for packages in '/home/ulugbek/dev-ws/src'
[0.373s] Level 1:colcon.colcon_core.package_identification:_identify(.) by extensions ['ignore', 'ignore_ament_install']
[0.373s] Level 1:colcon.colcon_core.package_identification:_identify(.) by extension 'ignore'
[0.373s] Level 1:colcon.colcon_core.package_identification:_identify(.) by extension 'ignore_ament_install'
[0.373s] Level 1:colcon.colcon_core.package_identification:_identify(.) by extensions ['colcon_pkg']
[0.373s] Level 1:colcon.colcon_core.package_identification:_identify(.) by extension 'colcon_pkg'
[0.373s] Level 1:colcon.colcon_core.package_identification:_identify(.) by extensions ['colcon_meta']
[0.373s] Level 1:colcon.colcon_core.package_identification:_identify(.) by extension 'colcon_meta'
[0.373s] Level 1:colcon.colcon_core.package_identification:_identify(.) by extensions ['ros']
[0.373s] Level 1:colcon.colcon_core.package_identification:_identify(.) by extension 'ros'
[0.381s] Level 1:colcon.colcon_core.package_identification:_identify(.) by extensions ['cmake', 'python']
[0.381s] Level 1:colcon.colcon_core.package_identification:_identify(.) by extension 'cmake'
[0.381s] Level 1:colcon.colcon_core.package_identification:_identify(.) by extension 'python'
[0.381s] Level 1:colcon.colcon_core.package_identification:_identify(.) by extensions ['python_setup_py']
[0.381s] Level 1:colcon.colcon_core.package_identification:_identify(.) by extension 'python_setup_py'
[0.381s] Level 1:colcon.colcon_core.package_identification:_identify(ROS-TCP-Endpoint-ROS2v0.7.0) by extensions ['ignore', 'ignore_ament_install']
[0.381s] Level 1:colcon.colcon_core.package_identification:_identify(ROS-TCP-Endpoint-ROS2v0.7.0) by extension 'ignore'
[0.381s] Level 1:colcon.colcon_core.package_identification:_identify(ROS-TCP-Endpoint-ROS2v0.7.0) by extension 'ignore_ament_install'
[0.381s] Level 1:colcon.colcon_core.package_identification:_identify(ROS-TCP-Endpoint-ROS2v0.7.0) by extensions ['colcon_pkg']
[0.381s] Level 1:colcon.colcon_core.package_identification:_identify(ROS-TCP-Endpoint-ROS2v0.7.0) by extension 'colcon_pkg'
[0.381s] Level 1:colcon.colcon_core.package_identification:_identify(ROS-TCP-Endpoint-ROS2v0.7.0) by extensions ['colcon_meta']
[0.381s] Level 1:colcon.colcon_core.package_identification:_identify(ROS-TCP-Endpoint-ROS2v0.7.0) by extension 'colcon_meta'
[0.381s] Level 1:colcon.colcon_core.package_identification:_identify(ROS-TCP-Endpoint-ROS2v0.7.0) by extensions ['ros']
[0.381s] Level 1:colcon.colcon_core.package_identification:_identify(ROS-TCP-Endpoint-ROS2v0.7.0) by extension 'ros'
[0.383s] DEBUG:colcon.colcon_core.package_identification:Package 'ROS-TCP-Endpoint-ROS2v0.7.0' with type 'ros.ament_python' and name 'ros_tcp_endpoint'
[0.383s] Level 1:colcon.colcon_core.package_identification:_identify(altitude_publisher) by extensions ['ignore', 'ignore_ament_install']
[0.383s] Level 1:colcon.colcon_core.package_identification:_identify(altitude_publisher) by extension 'ignore'
[0.383s] Level 1:colcon.colcon_core.package_identification:_identify(altitude_publisher) by extension 'ignore_ament_install'
[0.384s] Level 1:colcon.colcon_core.package_identification:_identify(altitude_publisher) by extensions ['colcon_pkg']
[0.384s] Level 1:colcon.colcon_core.package_identification:_identify(altitude_publisher) by extension 'colcon_pkg'
[0.384s] Level 1:colcon.colcon_core.package_identification:_identify(altitude_publisher) by extensions ['colcon_meta']
[0.384s] Level 1:colcon.colcon_core.package_identification:_identify(altitude_publisher) by extension 'colcon_meta'
[0.384s] Level 1:colcon.colcon_core.package_identification:_identify(altitude_publisher) by extensions ['ros']
[0.384s] Level 1:colcon.colcon_core.package_identification:_identify(altitude_publisher) by extension 'ros'
[0.384s] DEBUG:colcon.colcon_core.package_identification:Package 'altitude_publisher' with type 'ros.ament_cmake' and name 'altitude_publisher'
[0.384s] Level 1:colcon.colcon_core.package_identification:_identify(build) by extensions ['ignore', 'ignore_ament_install']
[0.384s] Level 1:colcon.colcon_core.package_identification:_identify(build) by extension 'ignore'
[0.384s] Level 1:colcon.colcon_core.package_identification:_identify(build) ignored
[0.384s] Level 1:colcon.colcon_core.package_identification:_identify(feature_extraction) by extensions ['ignore', 'ignore_ament_install']
[0.384s] Level 1:colcon.colcon_core.package_identification:_identify(feature_extraction) by extension 'ignore'
[0.384s] Level 1:colcon.colcon_core.package_identification:_identify(feature_extraction) by extension 'ignore_ament_install'
[0.384s] Level 1:colcon.colcon_core.package_identification:_identify(feature_extraction) by extensions ['colcon_pkg']
[0.384s] Level 1:colcon.colcon_core.package_identification:_identify(feature_extraction) by extension 'colcon_pkg'
[0.385s] Level 1:colcon.colcon_core.package_identification:_identify(feature_extraction) by extensions ['colcon_meta']
[0.385s] Level 1:colcon.colcon_core.package_identification:_identify(feature_extraction) by extension 'colcon_meta'
[0.385s] Level 1:colcon.colcon_core.package_identification:_identify(feature_extraction) by extensions ['ros']
[0.385s] Level 1:colcon.colcon_core.package_identification:_identify(feature_extraction) by extension 'ros'
[0.385s] DEBUG:colcon.colcon_core.package_identification:Package 'feature_extraction' with type 'ros.ament_cmake' and name 'feature_extraction'
[0.385s] Level 1:colcon.colcon_core.package_identification:_identify(install) by extensions ['ignore', 'ignore_ament_install']
[0.385s] Level 1:colcon.colcon_core.package_identification:_identify(install) by extension 'ignore'
[0.385s] Level 1:colcon.colcon_core.package_identification:_identify(install) ignored
[0.385s] Level 1:colcon.colcon_core.package_identification:_identify(log) by extensions ['ignore', 'ignore_ament_install']
[0.385s] Level 1:colcon.colcon_core.package_identification:_identify(log) by extension 'ignore'
[0.385s] Level 1:colcon.colcon_core.package_identification:_identify(log) ignored
[0.385s] Level 1:colcon.colcon_core.package_identification:_identify(my_package) by extensions ['ignore', 'ignore_ament_install']
[0.386s] Level 1:colcon.colcon_core.package_identification:_identify(my_package) by extension 'ignore'
[0.386s] Level 1:colcon.colcon_core.package_identification:_identify(my_package) by extension 'ignore_ament_install'
[0.386s] Level 1:colcon.colcon_core.package_identification:_identify(my_package) by extensions ['colcon_pkg']
[0.386s] Level 1:colcon.colcon_core.package_identification:_identify(my_package) by extension 'colcon_pkg'
[0.386s] Level 1:colcon.colcon_core.package_identification:_identify(my_package) by extensions ['colcon_meta']
[0.386s] Level 1:colcon.colcon_core.package_identification:_identify(my_package) by extension 'colcon_meta'
[0.386s] Level 1:colcon.colcon_core.package_identification:_identify(my_package) by extensions ['ros']
[0.386s] Level 1:colcon.colcon_core.package_identification:_identify(my_package) by extension 'ros'
[0.386s] DEBUG:colcon.colcon_core.package_identification:Package 'my_package' with type 'ros.ament_cmake' and name 'my_package'
[0.386s] Level 1:colcon.colcon_core.package_identification:_identify(safe_landing) by extensions ['ignore', 'ignore_ament_install']
[0.386s] Level 1:colcon.colcon_core.package_identification:_identify(safe_landing) by extension 'ignore'
[0.386s] Level 1:colcon.colcon_core.package_identification:_identify(safe_landing) by extension 'ignore_ament_install'
[0.386s] Level 1:colcon.colcon_core.package_identification:_identify(safe_landing) by extensions ['colcon_pkg']
[0.386s] Level 1:colcon.colcon_core.package_identification:_identify(safe_landing) by extension 'colcon_pkg'
[0.386s] Level 1:colcon.colcon_core.package_identification:_identify(safe_landing) by extensions ['colcon_meta']
[0.386s] Level 1:colcon.colcon_core.package_identification:_identify(safe_landing) by extension 'colcon_meta'
[0.386s] Level 1:colcon.colcon_core.package_identification:_identify(safe_landing) by extensions ['ros']
[0.386s] Level 1:colcon.colcon_core.package_identification:_identify(safe_landing) by extension 'ros'
[0.387s] DEBUG:colcon.colcon_core.package_identification:Package 'safe_landing' with type 'ros.ament_cmake' and name 'safe_landing'
[0.387s] Level 1:colcon.colcon_core.package_identification:_identify(velodyne) by extensions ['ignore', 'ignore_ament_install']
[0.387s] Level 1:colcon.colcon_core.package_identification:_identify(velodyne) by extension 'ignore'
[0.387s] Level 1:colcon.colcon_core.package_identification:_identify(velodyne) by extension 'ignore_ament_install'
[0.387s] Level 1:colcon.colcon_core.package_identification:_identify(velodyne) by extensions ['colcon_pkg']
[0.387s] Level 1:colcon.colcon_core.package_identification:_identify(velodyne) by extension 'colcon_pkg'
[0.387s] Level 1:colcon.colcon_core.package_identification:_identify(velodyne) by extensions ['colcon_meta']
[0.387s] Level 1:colcon.colcon_core.package_identification:_identify(velodyne) by extension 'colcon_meta'
[0.387s] Level 1:colcon.colcon_core.package_identification:_identify(velodyne) by extensions ['ros']
[0.387s] Level 1:colcon.colcon_core.package_identification:_identify(velodyne) by extension 'ros'
[0.387s] Level 1:colcon.colcon_core.package_identification:_identify(velodyne) by extensions ['cmake', 'python']
[0.387s] Level 1:colcon.colcon_core.package_identification:_identify(velodyne) by extension 'cmake'
[0.387s] Level 1:colcon.colcon_core.package_identification:_identify(velodyne) by extension 'python'
[0.387s] Level 1:colcon.colcon_core.package_identification:_identify(velodyne) by extensions ['python_setup_py']
[0.387s] Level 1:colcon.colcon_core.package_identification:_identify(velodyne) by extension 'python_setup_py'
[0.388s] Level 1:colcon.colcon_core.package_identification:_identify(velodyne/velodyne) by extensions ['ignore', 'ignore_ament_install']
[0.388s] Level 1:colcon.colcon_core.package_identification:_identify(velodyne/velodyne) by extension 'ignore'
[0.388s] Level 1:colcon.colcon_core.package_identification:_identify(velodyne/velodyne) by extension 'ignore_ament_install'
[0.388s] Level 1:colcon.colcon_core.package_identification:_identify(velodyne/velodyne) by extensions ['colcon_pkg']
[0.388s] Level 1:colcon.colcon_core.package_identification:_identify(velodyne/velodyne) by extension 'colcon_pkg'
[0.388s] Level 1:colcon.colcon_core.package_identification:_identify(velodyne/velodyne) by extensions ['colcon_meta']
[0.388s] Level 1:colcon.colcon_core.package_identification:_identify(velodyne/velodyne) by extension 'colcon_meta'
[0.388s] Level 1:colcon.colcon_core.package_identification:_identify(velodyne/velodyne) by extensions ['ros']
[0.388s] Level 1:colcon.colcon_core.package_identification:_identify(velodyne/velodyne) by extension 'ros'
[0.388s] DEBUG:colcon.colcon_core.package_identification:Package 'velodyne/velodyne' with type 'ros.ament_cmake' and name 'velodyne'
[0.388s] Level 1:colcon.colcon_core.package_identification:_identify(velodyne/velodyne_driver) by extensions ['ignore', 'ignore_ament_install']
[0.388s] Level 1:colcon.colcon_core.package_identification:_identify(velodyne/velodyne_driver) by extension 'ignore'
[0.388s] Level 1:colcon.colcon_core.package_identification:_identify(velodyne/velodyne_driver) by extension 'ignore_ament_install'
[0.388s] Level 1:colcon.colcon_core.package_identification:_identify(velodyne/velodyne_driver) by extensions ['colcon_pkg']
[0.388s] Level 1:colcon.colcon_core.package_identification:_identify(velodyne/velodyne_driver) by extension 'colcon_pkg'
[0.388s] Level 1:colcon.colcon_core.package_identification:_identify(velodyne/velodyne_driver) by extensions ['colcon_meta']
[0.388s] Level 1:colcon.colcon_core.package_identification:_identify(velodyne/velodyne_driver) by extension 'colcon_meta'
[0.389s] Level 1:colcon.colcon_core.package_identification:_identify(velodyne/velodyne_driver) by extensions ['ros']
[0.389s] Level 1:colcon.colcon_core.package_identification:_identify(velodyne/velodyne_driver) by extension 'ros'
[0.389s] DEBUG:colcon.colcon_core.package_identification:Package 'velodyne/velodyne_driver' with type 'ros.ament_cmake' and name 'velodyne_driver'
[0.389s] Level 1:colcon.colcon_core.package_identification:_identify(velodyne/velodyne_laserscan) by extensions ['ignore', 'ignore_ament_install']
[0.389s] Level 1:colcon.colcon_core.package_identification:_identify(velodyne/velodyne_laserscan) by extension 'ignore'
[0.389s] Level 1:colcon.colcon_core.package_identification:_identify(velodyne/velodyne_laserscan) by extension 'ignore_ament_install'
[0.389s] Level 1:colcon.colcon_core.package_identification:_identify(velodyne/velodyne_laserscan) by extensions ['colcon_pkg']
[0.389s] Level 1:colcon.colcon_core.package_identification:_identify(velodyne/velodyne_laserscan) by extension 'colcon_pkg'
[0.389s] Level 1:colcon.colcon_core.package_identification:_identify(velodyne/velodyne_laserscan) by extensions ['colcon_meta']
[0.390s] Level 1:colcon.colcon_core.package_identification:_identify(velodyne/velodyne_laserscan) by extension 'colcon_meta'
[0.390s] Level 1:colcon.colcon_core.package_identification:_identify(velodyne/velodyne_laserscan) by extensions ['ros']
[0.390s] Level 1:colcon.colcon_core.package_identification:_identify(velodyne/velodyne_laserscan) by extension 'ros'
[0.390s] DEBUG:colcon.colcon_core.package_identification:Package 'velodyne/velodyne_laserscan' with type 'ros.ament_cmake' and name 'velodyne_laserscan'
[0.390s] Level 1:colcon.colcon_core.package_identification:_identify(velodyne/velodyne_msgs) by extensions ['ignore', 'ignore_ament_install']
[0.390s] Level 1:colcon.colcon_core.package_identification:_identify(velodyne/velodyne_msgs) by extension 'ignore'
[0.390s] Level 1:colcon.colcon_core.package_identification:_identify(velodyne/velodyne_msgs) by extension 'ignore_ament_install'
[0.390s] Level 1:colcon.colcon_core.package_identification:_identify(velodyne/velodyne_msgs) by extensions ['colcon_pkg']
[0.390s] Level 1:colcon.colcon_core.package_identification:_identify(velodyne/velodyne_msgs) by extension 'colcon_pkg'
[0.390s] Level 1:colcon.colcon_core.package_identification:_identify(velodyne/velodyne_msgs) by extensions ['colcon_meta']
[0.390s] Level 1:colcon.colcon_core.package_identification:_identify(velodyne/velodyne_msgs) by extension 'colcon_meta'
[0.390s] Level 1:colcon.colcon_core.package_identification:_identify(velodyne/velodyne_msgs) by extensions ['ros']
[0.390s] Level 1:colcon.colcon_core.package_identification:_identify(velodyne/velodyne_msgs) by extension 'ros'
[0.391s] DEBUG:colcon.colcon_core.package_identification:Package 'velodyne/velodyne_msgs' with type 'ros.ament_cmake' and name 'velodyne_msgs'
[0.391s] Level 1:colcon.colcon_core.package_identification:_identify(velodyne/velodyne_pointcloud) by extensions ['ignore', 'ignore_ament_install']
[0.391s] Level 1:colcon.colcon_core.package_identification:_identify(velodyne/velodyne_pointcloud) by extension 'ignore'
[0.391s] Level 1:colcon.colcon_core.package_identification:_identify(velodyne/velodyne_pointcloud) by extension 'ignore_ament_install'
[0.391s] Level 1:colcon.colcon_core.package_identification:_identify(velodyne/velodyne_pointcloud) by extensions ['colcon_pkg']
[0.391s] Level 1:colcon.colcon_core.package_identification:_identify(velodyne/velodyne_pointcloud) by extension 'colcon_pkg'
[0.391s] Level 1:colcon.colcon_core.package_identification:_identify(velodyne/velodyne_pointcloud) by extensions ['colcon_meta']
[0.391s] Level 1:colcon.colcon_core.package_identification:_identify(velodyne/velodyne_pointcloud) by extension 'colcon_meta'
[0.391s] Level 1:colcon.colcon_core.package_identification:_identify(velodyne/velodyne_pointcloud) by extensions ['ros']
[0.391s] Level 1:colcon.colcon_core.package_identification:_identify(velodyne/velodyne_pointcloud) by extension 'ros'
[0.392s] DEBUG:colcon.colcon_core.package_identification:Package 'velodyne/velodyne_pointcloud' with type 'ros.ament_cmake' and name 'velodyne_pointcloud'
[0.392s] Level 1:colcon.colcon_core.package_identification:_identify(velodyne_subscriber) by extensions ['ignore', 'ignore_ament_install']
[0.392s] Level 1:colcon.colcon_core.package_identification:_identify(velodyne_subscriber) by extension 'ignore'
[0.392s] Level 1:colcon.colcon_core.package_identification:_identify(velodyne_subscriber) by extension 'ignore_ament_install'
[0.392s] Level 1:colcon.colcon_core.package_identification:_identify(velodyne_subscriber) by extensions ['colcon_pkg']
[0.392s] Level 1:colcon.colcon_core.package_identification:_identify(velodyne_subscriber) by extension 'colcon_pkg'
[0.393s] Level 1:colcon.colcon_core.package_identification:_identify(velodyne_subscriber) by extensions ['colcon_meta']
[0.393s] Level 1:colcon.colcon_core.package_identification:_identify(velodyne_subscriber) by extension 'colcon_meta'
[0.393s] Level 1:colcon.colcon_core.package_identification:_identify(velodyne_subscriber) by extensions ['ros']
[0.393s] Level 1:colcon.colcon_core.package_identification:_identify(velodyne_subscriber) by extension 'ros'
[0.393s] DEBUG:colcon.colcon_core.package_identification:Package 'velodyne_subscriber' with type 'ros.ament_cmake' and name 'velodyne_subscriber'
[0.393s] Level 1:colcon.colcon_core.package_discovery:discover_packages(recursive) using defaults
[0.393s] Level 1:colcon.colcon_core.package_discovery:discover_packages(ignore) discover
[0.393s] Level 1:colcon.colcon_core.package_discovery:discover_packages(ignore) using defaults
[0.393s] Level 1:colcon.colcon_core.package_discovery:discover_packages(path) discover
[0.393s] Level 1:colcon.colcon_core.package_discovery:discover_packages(path) using defaults
[0.415s] Level 1:colcon.colcon_core.package_discovery:discover_packages(prefix_path) check parameters
[0.415s] Level 1:colcon.colcon_core.package_discovery:discover_packages(prefix_path) discover
[0.421s] DEBUG:colcon.colcon_installed_package_information.package_discovery:Found 10 installed packages in /home/ulugbek/dev-ws/install
[0.424s] DEBUG:colcon.colcon_installed_package_information.package_discovery:Found 266 installed packages in /opt/ros/foxy
[0.425s] Level 1:colcon.colcon_core.package_discovery:discover_packages(prefix_path) using defaults
[0.481s] Level 5:colcon.colcon_core.verb:set package 'altitude_publisher' build argument 'cmake_args' from command line to 'None'
[0.481s] Level 5:colcon.colcon_core.verb:set package 'altitude_publisher' build argument 'cmake_target' from command line to 'None'
[0.481s] Level 5:colcon.colcon_core.verb:set package 'altitude_publisher' build argument 'cmake_target_skip_unavailable' from command line to 'False'
[0.481s] Level 5:colcon.colcon_core.verb:set package 'altitude_publisher' build argument 'cmake_clean_cache' from command line to 'False'
[0.481s] Level 5:colcon.colcon_core.verb:set package 'altitude_publisher' build argument 'cmake_clean_first' from command line to 'False'
[0.481s] Level 5:colcon.colcon_core.verb:set package 'altitude_publisher' build argument 'cmake_force_configure' from command line to 'False'
[0.481s] Level 5:colcon.colcon_core.verb:set package 'altitude_publisher' build argument 'ament_cmake_args' from command line to 'None'
[0.481s] Level 5:colcon.colcon_core.verb:set package 'altitude_publisher' build argument 'catkin_cmake_args' from command line to 'None'
[0.481s] Level 5:colcon.colcon_core.verb:set package 'altitude_publisher' build argument 'catkin_skip_building_tests' from command line to 'False'
[0.481s] DEBUG:colcon.colcon_core.verb:Building package 'altitude_publisher' with the following arguments: {'ament_cmake_args': None, 'build_base': '/home/ulugbek/dev-ws/src/build/altitude_publisher', 'catkin_cmake_args': None, 'catkin_skip_building_tests': False, 'cmake_args': None, 'cmake_clean_cache': False, 'cmake_clean_first': False, 'cmake_force_configure': False, 'cmake_target': None, 'cmake_target_skip_unavailable': False, 'install_base': '/home/ulugbek/dev-ws/src/install/altitude_publisher', 'merge_install': False, 'path': '/home/ulugbek/dev-ws/src/altitude_publisher', 'symlink_install': False, 'test_result_base': None}
[0.486s] Level 5:colcon.colcon_core.verb:set package 'feature_extraction' build argument 'cmake_args' from command line to 'None'
[0.486s] Level 5:colcon.colcon_core.verb:set package 'feature_extraction' build argument 'cmake_target' from command line to 'None'
[0.486s] Level 5:colcon.colcon_core.verb:set package 'feature_extraction' build argument 'cmake_target_skip_unavailable' from command line to 'False'
[0.486s] Level 5:colcon.colcon_core.verb:set package 'feature_extraction' build argument 'cmake_clean_cache' from command line to 'False'
[0.486s] Level 5:colcon.colcon_core.verb:set package 'feature_extraction' build argument 'cmake_clean_first' from command line to 'False'
[0.486s] Level 5:colcon.colcon_core.verb:set package 'feature_extraction' build argument 'cmake_force_configure' from command line to 'False'
[0.486s] Level 5:colcon.colcon_core.verb:set package 'feature_extraction' build argument 'ament_cmake_args' from command line to 'None'
[0.486s] Level 5:colcon.colcon_core.verb:set package 'feature_extraction' build argument 'catkin_cmake_args' from command line to 'None'
[0.486s] Level 5:colcon.colcon_core.verb:set package 'feature_extraction' build argument 'catkin_skip_building_tests' from command line to 'False'
[0.486s] DEBUG:colcon.colcon_core.verb:Building package 'feature_extraction' with the following arguments: {'ament_cmake_args': None, 'build_base': '/home/ulugbek/dev-ws/src/build/feature_extraction', 'catkin_cmake_args': None, 'catkin_skip_building_tests': False, 'cmake_args': None, 'cmake_clean_cache': False, 'cmake_clean_first': False, 'cmake_force_configure': False, 'cmake_target': None, 'cmake_target_skip_unavailable': False, 'install_base': '/home/ulugbek/dev-ws/src/install/feature_extraction', 'merge_install': False, 'path': '/home/ulugbek/dev-ws/src/feature_extraction', 'symlink_install': False, 'test_result_base': None}
[0.491s] Level 5:colcon.colcon_core.verb:set package 'my_package' build argument 'cmake_args' from command line to 'None'
[0.491s] Level 5:colcon.colcon_core.verb:set package 'my_package' build argument 'cmake_target' from command line to 'None'
[0.491s] Level 5:colcon.colcon_core.verb:set package 'my_package' build argument 'cmake_target_skip_unavailable' from command line to 'False'
[0.491s] Level 5:colcon.colcon_core.verb:set package 'my_package' build argument 'cmake_clean_cache' from command line to 'False'
[0.491s] Level 5:colcon.colcon_core.verb:set package 'my_package' build argument 'cmake_clean_first' from command line to 'False'
[0.491s] Level 5:colcon.colcon_core.verb:set package 'my_package' build argument 'cmake_force_configure' from command line to 'False'
[0.491s] Level 5:colcon.colcon_core.verb:set package 'my_package' build argument 'ament_cmake_args' from command line to 'None'
[0.491s] Level 5:colcon.colcon_core.verb:set package 'my_package' build argument 'catkin_cmake_args' from command line to 'None'
[0.491s] Level 5:colcon.colcon_core.verb:set package 'my_package' build argument 'catkin_skip_building_tests' from command line to 'False'
[0.491s] DEBUG:colcon.colcon_core.verb:Building package 'my_package' with the following arguments: {'ament_cmake_args': None, 'build_base': '/home/ulugbek/dev-ws/src/build/my_package', 'catkin_cmake_args': None, 'catkin_skip_building_tests': False, 'cmake_args': None, 'cmake_clean_cache': False, 'cmake_clean_first': False, 'cmake_force_configure': False, 'cmake_target': None, 'cmake_target_skip_unavailable': False, 'install_base': '/home/ulugbek/dev-ws/src/install/my_package', 'merge_install': False, 'path': '/home/ulugbek/dev-ws/src/my_package', 'symlink_install': False, 'test_result_base': None}
[0.496s] Level 5:colcon.colcon_core.verb:set package 'ros_tcp_endpoint' build argument 'cmake_args' from command line to 'None'
[0.496s] Level 5:colcon.colcon_core.verb:set package 'ros_tcp_endpoint' build argument 'cmake_target' from command line to 'None'
[0.496s] Level 5:colcon.colcon_core.verb:set package 'ros_tcp_endpoint' build argument 'cmake_target_skip_unavailable' from command line to 'False'
[0.496s] Level 5:colcon.colcon_core.verb:set package 'ros_tcp_endpoint' build argument 'cmake_clean_cache' from command line to 'False'
[0.496s] Level 5:colcon.colcon_core.verb:set package 'ros_tcp_endpoint' build argument 'cmake_clean_first' from command line to 'False'
[0.496s] Level 5:colcon.colcon_core.verb:set package 'ros_tcp_endpoint' build argument 'cmake_force_configure' from command line to 'False'
[0.496s] Level 5:colcon.colcon_core.verb:set package 'ros_tcp_endpoint' build argument 'ament_cmake_args' from command line to 'None'
[0.496s] Level 5:colcon.colcon_core.verb:set package 'ros_tcp_endpoint' build argument 'catkin_cmake_args' from command line to 'None'
[0.496s] Level 5:colcon.colcon_core.verb:set package 'ros_tcp_endpoint' build argument 'catkin_skip_building_tests' from command line to 'False'
[0.496s] DEBUG:colcon.colcon_core.verb:Building package 'ros_tcp_endpoint' with the following arguments: {'ament_cmake_args': None, 'build_base': '/home/ulugbek/dev-ws/src/build/ros_tcp_endpoint', 'catkin_cmake_args': None, 'catkin_skip_building_tests': False, 'cmake_args': None, 'cmake_clean_cache': False, 'cmake_clean_first': False, 'cmake_force_configure': False, 'cmake_target': None, 'cmake_target_skip_unavailable': False, 'install_base': '/home/ulugbek/dev-ws/src/install/ros_tcp_endpoint', 'merge_install': False, 'path': '/home/ulugbek/dev-ws/src/ROS-TCP-Endpoint-ROS2v0.7.0', 'symlink_install': False, 'test_result_base': None}
[0.501s] Level 5:colcon.colcon_core.verb:set package 'safe_landing' build argument 'cmake_args' from command line to 'None'
[0.502s] Level 5:colcon.colcon_core.verb:set package 'safe_landing' build argument 'cmake_target' from command line to 'None'
[0.502s] Level 5:colcon.colcon_core.verb:set package 'safe_landing' build argument 'cmake_target_skip_unavailable' from command line to 'False'
[0.502s] Level 5:colcon.colcon_core.verb:set package 'safe_landing' build argument 'cmake_clean_cache' from command line to 'False'
[0.502s] Level 5:colcon.colcon_core.verb:set package 'safe_landing' build argument 'cmake_clean_first' from command line to 'False'
[0.502s] Level 5:colcon.colcon_core.verb:set package 'safe_landing' build argument 'cmake_force_configure' from command line to 'False'
[0.502s] Level 5:colcon.colcon_core.verb:set package 'safe_landing' build argument 'ament_cmake_args' from command line to 'None'
[0.502s] Level 5:colcon.colcon_core.verb:set package 'safe_landing' build argument 'catkin_cmake_args' from command line to 'None'
[0.502s] Level 5:colcon.colcon_core.verb:set package 'safe_landing' build argument 'catkin_skip_building_tests' from command line to 'False'
[0.502s] DEBUG:colcon.colcon_core.verb:Building package 'safe_landing' with the following arguments: {'ament_cmake_args': None, 'build_base': '/home/ulugbek/dev-ws/src/build/safe_landing', 'catkin_cmake_args': None, 'catkin_skip_building_tests': False, 'cmake_args': None, 'cmake_clean_cache': False, 'cmake_clean_first': False, 'cmake_force_configure': False, 'cmake_target': None, 'cmake_target_skip_unavailable': False, 'install_base': '/home/ulugbek/dev-ws/src/install/safe_landing', 'merge_install': False, 'path': '/home/ulugbek/dev-ws/src/safe_landing', 'symlink_install': False, 'test_result_base': None}
[0.507s] Level 5:colcon.colcon_core.verb:set package 'velodyne_laserscan' build argument 'cmake_args' from command line to 'None'
[0.507s] Level 5:colcon.colcon_core.verb:set package 'velodyne_laserscan' build argument 'cmake_target' from command line to 'None'
[0.507s] Level 5:colcon.colcon_core.verb:set package 'velodyne_laserscan' build argument 'cmake_target_skip_unavailable' from command line to 'False'
[0.507s] Level 5:colcon.colcon_core.verb:set package 'velodyne_laserscan' build argument 'cmake_clean_cache' from command line to 'False'
[0.507s] Level 5:colcon.colcon_core.verb:set package 'velodyne_laserscan' build argument 'cmake_clean_first' from command line to 'False'
[0.507s] Level 5:colcon.colcon_core.verb:set package 'velodyne_laserscan' build argument 'cmake_force_configure' from command line to 'False'
[0.507s] Level 5:colcon.colcon_core.verb:set package 'velodyne_laserscan' build argument 'ament_cmake_args' from command line to 'None'
[0.507s] Level 5:colcon.colcon_core.verb:set package 'velodyne_laserscan' build argument 'catkin_cmake_args' from command line to 'None'
[0.507s] Level 5:colcon.colcon_core.verb:set package 'velodyne_laserscan' build argument 'catkin_skip_building_tests' from command line to 'False'
[0.507s] DEBUG:colcon.colcon_core.verb:Building package 'velodyne_laserscan' with the following arguments: {'ament_cmake_args': None, 'build_base': '/home/ulugbek/dev-ws/src/build/velodyne_laserscan', 'catkin_cmake_args': None, 'catkin_skip_building_tests': False, 'cmake_args': None, 'cmake_clean_cache': False, 'cmake_clean_first': False, 'cmake_force_configure': False, 'cmake_target': None, 'cmake_target_skip_unavailable': False, 'install_base': '/home/ulugbek/dev-ws/src/install/velodyne_laserscan', 'merge_install': False, 'path': '/home/ulugbek/dev-ws/src/velodyne/velodyne_laserscan', 'symlink_install': False, 'test_result_base': None}
[0.512s] Level 5:colcon.colcon_core.verb:set package 'velodyne_msgs' build argument 'cmake_args' from command line to 'None'
[0.512s] Level 5:colcon.colcon_core.verb:set package 'velodyne_msgs' build argument 'cmake_target' from command line to 'None'
[0.512s] Level 5:colcon.colcon_core.verb:set package 'velodyne_msgs' build argument 'cmake_target_skip_unavailable' from command line to 'False'
[0.512s] Level 5:colcon.colcon_core.verb:set package 'velodyne_msgs' build argument 'cmake_clean_cache' from command line to 'False'
[0.512s] Level 5:colcon.colcon_core.verb:set package 'velodyne_msgs' build argument 'cmake_clean_first' from command line to 'False'
[0.512s] Level 5:colcon.colcon_core.verb:set package 'velodyne_msgs' build argument 'cmake_force_configure' from command line to 'False'
[0.512s] Level 5:colcon.colcon_core.verb:set package 'velodyne_msgs' build argument 'ament_cmake_args' from command line to 'None'
[0.512s] Level 5:colcon.colcon_core.verb:set package 'velodyne_msgs' build argument 'catkin_cmake_args' from command line to 'None'
[0.512s] Level 5:colcon.colcon_core.verb:set package 'velodyne_msgs' build argument 'catkin_skip_building_tests' from command line to 'False'
[0.512s] DEBUG:colcon.colcon_core.verb:Building package 'velodyne_msgs' with the following arguments: {'ament_cmake_args': None, 'build_base': '/home/ulugbek/dev-ws/src/build/velodyne_msgs', 'catkin_cmake_args': None, 'catkin_skip_building_tests': False, 'cmake_args': None, 'cmake_clean_cache': False, 'cmake_clean_first': False, 'cmake_force_configure': False, 'cmake_target': None, 'cmake_target_skip_unavailable': False, 'install_base': '/home/ulugbek/dev-ws/src/install/velodyne_msgs', 'merge_install': False, 'path': '/home/ulugbek/dev-ws/src/velodyne/velodyne_msgs', 'symlink_install': False, 'test_result_base': None}
[0.517s] Level 5:colcon.colcon_core.verb:set package 'velodyne_subscriber' build argument 'cmake_args' from command line to 'None'
[0.517s] Level 5:colcon.colcon_core.verb:set package 'velodyne_subscriber' build argument 'cmake_target' from command line to 'None'
[0.517s] Level 5:colcon.colcon_core.verb:set package 'velodyne_subscriber' build argument 'cmake_target_skip_unavailable' from command line to 'False'
[0.517s] Level 5:colcon.colcon_core.verb:set package 'velodyne_subscriber' build argument 'cmake_clean_cache' from command line to 'False'
[0.517s] Level 5:colcon.colcon_core.verb:set package 'velodyne_subscriber' build argument 'cmake_clean_first' from command line to 'False'
[0.517s] Level 5:colcon.colcon_core.verb:set package 'velodyne_subscriber' build argument 'cmake_force_configure' from command line to 'False'
[0.517s] Level 5:colcon.colcon_core.verb:set package 'velodyne_subscriber' build argument 'ament_cmake_args' from command line to 'None'
[0.517s] Level 5:colcon.colcon_core.verb:set package 'velodyne_subscriber' build argument 'catkin_cmake_args' from command line to 'None'
[0.517s] Level 5:colcon.colcon_core.verb:set package 'velodyne_subscriber' build argument 'catkin_skip_building_tests' from command line to 'False'
[0.517s] DEBUG:colcon.colcon_core.verb:Building package 'velodyne_subscriber' with the following arguments: {'ament_cmake_args': None, 'build_base': '/home/ulugbek/dev-ws/src/build/velodyne_subscriber', 'catkin_cmake_args': None, 'catkin_skip_building_tests': False, 'cmake_args': None, 'cmake_clean_cache': False, 'cmake_clean_first': False, 'cmake_force_configure': False, 'cmake_target': None, 'cmake_target_skip_unavailable': False, 'install_base': '/home/ulugbek/dev-ws/src/install/velodyne_subscriber', 'merge_install': False, 'path': '/home/ulugbek/dev-ws/src/velodyne_subscriber', 'symlink_install': False, 'test_result_base': None}
[0.522s] Level 5:colcon.colcon_core.verb:set package 'velodyne_driver' build argument 'cmake_args' from command line to 'None'
[0.522s] Level 5:colcon.colcon_core.verb:set package 'velodyne_driver' build argument 'cmake_target' from command line to 'None'
[0.522s] Level 5:colcon.colcon_core.verb:set package 'velodyne_driver' build argument 'cmake_target_skip_unavailable' from command line to 'False'
[0.522s] Level 5:colcon.colcon_core.verb:set package 'velodyne_driver' build argument 'cmake_clean_cache' from command line to 'False'
[0.522s] Level 5:colcon.colcon_core.verb:set package 'velodyne_driver' build argument 'cmake_clean_first' from command line to 'False'
[0.522s] Level 5:colcon.colcon_core.verb:set package 'velodyne_driver' build argument 'cmake_force_configure' from command line to 'False'
[0.522s] Level 5:colcon.colcon_core.verb:set package 'velodyne_driver' build argument 'ament_cmake_args' from command line to 'None'
[0.522s] Level 5:colcon.colcon_core.verb:set package 'velodyne_driver' build argument 'catkin_cmake_args' from command line to 'None'
[0.522s] Level 5:colcon.colcon_core.verb:set package 'velodyne_driver' build argument 'catkin_skip_building_tests' from command line to 'False'
[0.522s] DEBUG:colcon.colcon_core.verb:Building package 'velodyne_driver' with the following arguments: {'ament_cmake_args': None, 'build_base': '/home/ulugbek/dev-ws/src/build/velodyne_driver', 'catkin_cmake_args': None, 'catkin_skip_building_tests': False, 'cmake_args': None, 'cmake_clean_cache': False, 'cmake_clean_first': False, 'cmake_force_configure': False, 'cmake_target': None, 'cmake_target_skip_unavailable': False, 'install_base': '/home/ulugbek/dev-ws/src/install/velodyne_driver', 'merge_install': False, 'path': '/home/ulugbek/dev-ws/src/velodyne/velodyne_driver', 'symlink_install': False, 'test_result_base': None}
[0.528s] Level 5:colcon.colcon_core.verb:set package 'velodyne_pointcloud' build argument 'cmake_args' from command line to 'None'
[0.528s] Level 5:colcon.colcon_core.verb:set package 'velodyne_pointcloud' build argument 'cmake_target' from command line to 'None'
[0.528s] Level 5:colcon.colcon_core.verb:set package 'velodyne_pointcloud' build argument 'cmake_target_skip_unavailable' from command line to 'False'
[0.528s] Level 5:colcon.colcon_core.verb:set package 'velodyne_pointcloud' build argument 'cmake_clean_cache' from command line to 'False'
[0.528s] Level 5:colcon.colcon_core.verb:set package 'velodyne_pointcloud' build argument 'cmake_clean_first' from command line to 'False'
[0.528s] Level 5:colcon.colcon_core.verb:set package 'velodyne_pointcloud' build argument 'cmake_force_configure' from command line to 'False'
[0.528s] Level 5:colcon.colcon_core.verb:set package 'velodyne_pointcloud' build argument 'ament_cmake_args' from command line to 'None'
[0.528s] Level 5:colcon.colcon_core.verb:set package 'velodyne_pointcloud' build argument 'catkin_cmake_args' from command line to 'None'
[0.528s] Level 5:colcon.colcon_core.verb:set package 'velodyne_pointcloud' build argument 'catkin_skip_building_tests' from command line to 'False'
[0.528s] DEBUG:colcon.colcon_core.verb:Building package 'velodyne_pointcloud' with the following arguments: {'ament_cmake_args': None, 'build_base': '/home/ulugbek/dev-ws/src/build/velodyne_pointcloud', 'catkin_cmake_args': None, 'catkin_skip_building_tests': False, 'cmake_args': None, 'cmake_clean_cache': False, 'cmake_clean_first': False, 'cmake_force_configure': False, 'cmake_target': None, 'cmake_target_skip_unavailable': False, 'install_base': '/home/ulugbek/dev-ws/src/install/velodyne_pointcloud', 'merge_install': False, 'path': '/home/ulugbek/dev-ws/src/velodyne/velodyne_pointcloud', 'symlink_install': False, 'test_result_base': None}
[0.533s] Level 5:colcon.colcon_core.verb:set package 'velodyne' build argument 'cmake_args' from command line to 'None'
[0.533s] Level 5:colcon.colcon_core.verb:set package 'velodyne' build argument 'cmake_target' from command line to 'None'
[0.533s] Level 5:colcon.colcon_core.verb:set package 'velodyne' build argument 'cmake_target_skip_unavailable' from command line to 'False'
[0.533s] Level 5:colcon.colcon_core.verb:set package 'velodyne' build argument 'cmake_clean_cache' from command line to 'False'
[0.533s] Level 5:colcon.colcon_core.verb:set package 'velodyne' build argument 'cmake_clean_first' from command line to 'False'
[0.533s] Level 5:colcon.colcon_core.verb:set package 'velodyne' build argument 'cmake_force_configure' from command line to 'False'
[0.533s] Level 5:colcon.colcon_core.verb:set package 'velodyne' build argument 'ament_cmake_args' from command line to 'None'
[0.533s] Level 5:colcon.colcon_core.verb:set package 'velodyne' build argument 'catkin_cmake_args' from command line to 'None'
[0.533s] Level 5:colcon.colcon_core.verb:set package 'velodyne' build argument 'catkin_skip_building_tests' from command line to 'False'
[0.533s] DEBUG:colcon.colcon_core.verb:Building package 'velodyne' with the following arguments: {'ament_cmake_args': None, 'build_base': '/home/ulugbek/dev-ws/src/build/velodyne', 'catkin_cmake_args': None, 'catkin_skip_building_tests': False, 'cmake_args': None, 'cmake_clean_cache': False, 'cmake_clean_first': False, 'cmake_force_configure': False, 'cmake_target': None, 'cmake_target_skip_unavailable': False, 'install_base': '/home/ulugbek/dev-ws/src/install/velodyne', 'merge_install': False, 'path': '/home/ulugbek/dev-ws/src/velodyne/velodyne', 'symlink_install': False, 'test_result_base': None}
[0.535s] INFO:colcon.colcon_core.executor:Executing jobs using 'parallel' executor
[0.544s] DEBUG:colcon.colcon_parallel_executor.executor.parallel:run_until_complete
[0.544s] INFO:colcon.colcon_ros.task.ament_cmake.build:Building ROS package in '/home/ulugbek/dev-ws/src/velodyne/velodyne_msgs' with build type 'ament_cmake'
[0.544s] INFO:colcon.colcon_cmake.task.cmake.build:Building CMake package in '/home/ulugbek/dev-ws/src/velodyne/velodyne_msgs'
[0.551s] INFO:colcon.colcon_core.plugin_system:Skipping extension 'colcon_core.shell.bat': Not used on non-Windows systems
[0.551s] INFO:colcon.colcon_core.shell:Skip shell extension 'powershell' for command environment: Not usable outside of PowerShell
[0.551s] DEBUG:colcon.colcon_core.shell:Skip shell extension 'dsv' for command environment
[0.564s] INFO:colcon.colcon_ros.task.ament_cmake.build:Building ROS package in '/home/ulugbek/dev-ws/src/velodyne/velodyne_laserscan' with build type 'ament_cmake'
[0.564s] INFO:colcon.colcon_cmake.task.cmake.build:Building CMake package in '/home/ulugbek/dev-ws/src/velodyne/velodyne_laserscan'
[0.573s] INFO:colcon.colcon_core.shell:Skip shell extension 'powershell' for command environment: Not usable outside of PowerShell
[0.573s] DEBUG:colcon.colcon_core.shell:Skip shell extension 'dsv' for command environment
[0.586s] INFO:colcon.colcon_ros.task.ament_cmake.build:Building ROS package in '/home/ulugbek/dev-ws/src/altitude_publisher' with build type 'ament_cmake'
[0.586s] INFO:colcon.colcon_cmake.task.cmake.build:Building CMake package in '/home/ulugbek/dev-ws/src/altitude_publisher'
[0.591s] INFO:colcon.colcon_core.shell:Skip shell extension 'powershell' for command environment: Not usable outside of PowerShell
[0.591s] DEBUG:colcon.colcon_core.shell:Skip shell extension 'dsv' for command environment
[0.602s] INFO:colcon.colcon_ros.task.ament_cmake.build:Building ROS package in '/home/ulugbek/dev-ws/src/feature_extraction' with build type 'ament_cmake'
[0.602s] INFO:colcon.colcon_cmake.task.cmake.build:Building CMake package in '/home/ulugbek/dev-ws/src/feature_extraction'
[0.606s] INFO:colcon.colcon_core.shell:Skip shell extension 'powershell' for command environment: Not usable outside of PowerShell
[0.606s] DEBUG:colcon.colcon_core.shell:Skip shell extension 'dsv' for command environment
[0.616s] INFO:colcon.colcon_ros.task.ament_cmake.build:Building ROS package in '/home/ulugbek/dev-ws/src/my_package' with build type 'ament_cmake'
[0.616s] INFO:colcon.colcon_cmake.task.cmake.build:Building CMake package in '/home/ulugbek/dev-ws/src/my_package'
[0.620s] INFO:colcon.colcon_core.shell:Skip shell extension 'powershell' for command environment: Not usable outside of PowerShell
[0.620s] DEBUG:colcon.colcon_core.shell:Skip shell extension 'dsv' for command environment
[0.631s] INFO:colcon.colcon_ros.task.ament_python.build:Building ROS package in '/home/ulugbek/dev-ws/src/ROS-TCP-Endpoint-ROS2v0.7.0' with build type 'ament_python'
[0.631s] Level 1:colcon.colcon_core.shell:create_environment_hook('ros_tcp_endpoint', 'ament_prefix_path')
[0.635s] INFO:colcon.colcon_core.shell:Creating environment hook '/home/ulugbek/dev-ws/src/install/ros_tcp_endpoint/share/ros_tcp_endpoint/hook/ament_prefix_path.ps1'
[0.636s] INFO:colcon.colcon_core.shell:Creating environment descriptor '/home/ulugbek/dev-ws/src/install/ros_tcp_endpoint/share/ros_tcp_endpoint/hook/ament_prefix_path.dsv'
[0.636s] INFO:colcon.colcon_core.shell:Creating environment hook '/home/ulugbek/dev-ws/src/install/ros_tcp_endpoint/share/ros_tcp_endpoint/hook/ament_prefix_path.sh'
[0.641s] INFO:colcon.colcon_core.shell:Skip shell extension 'powershell' for command environment: Not usable outside of PowerShell
[0.641s] DEBUG:colcon.colcon_core.shell:Skip shell extension 'dsv' for command environment
[0.652s] INFO:colcon.colcon_ros.task.ament_cmake.build:Building ROS package in '/home/ulugbek/dev-ws/src/safe_landing' with build type 'ament_cmake'
[0.652s] INFO:colcon.colcon_cmake.task.cmake.build:Building CMake package in '/home/ulugbek/dev-ws/src/safe_landing'
[0.657s] INFO:colcon.colcon_core.shell:Skip shell extension 'powershell' for command environment: Not usable outside of PowerShell
[0.657s] DEBUG:colcon.colcon_core.shell:Skip shell extension 'dsv' for command environment
[0.675s] INFO:colcon.colcon_ros.task.ament_cmake.build:Building ROS package in '/home/ulugbek/dev-ws/src/velodyne_subscriber' with build type 'ament_cmake'
[0.675s] INFO:colcon.colcon_cmake.task.cmake.build:Building CMake package in '/home/ulugbek/dev-ws/src/velodyne_subscriber'
[0.679s] INFO:colcon.colcon_core.shell:Skip shell extension 'powershell' for command environment: Not usable outside of PowerShell
[0.679s] DEBUG:colcon.colcon_core.shell:Skip shell extension 'dsv' for command environment
[0.695s] DEBUG:colcon.colcon_core.event_handler.log_command:Invoking command in '/home/ulugbek/dev-ws/src/build/velodyne_msgs': CMAKE_PREFIX_PATH=${CMAKE_PREFIX_PATH}:/home/ulugbek/dev-ws/install/ros_tcp_endpoint:/opt/ros/foxy CONDA_PROMPT_MODIFIER=(base) /usr/bin/cmake --build /home/ulugbek/dev-ws/src/build/velodyne_msgs -- -j16 -l16
[0.700s] DEBUG:colcon.colcon_core.event_handler.log_command:Invoking command in '/home/ulugbek/dev-ws/src/build/velodyne_laserscan': CMAKE_PREFIX_PATH=${CMAKE_PREFIX_PATH}:/home/ulugbek/dev-ws/install/ros_tcp_endpoint:/opt/ros/foxy CONDA_PROMPT_MODIFIER=(base) /usr/bin/cmake --build /home/ulugbek/dev-ws/src/build/velodyne_laserscan -- -j16 -l16
[0.704s] DEBUG:colcon.colcon_core.event_handler.log_command:Invoking command in '/home/ulugbek/dev-ws/src/build/altitude_publisher': CMAKE_PREFIX_PATH=${CMAKE_PREFIX_PATH}:/home/ulugbek/dev-ws/install/ros_tcp_endpoint:/opt/ros/foxy CONDA_PROMPT_MODIFIER=(base) /usr/bin/cmake --build /home/ulugbek/dev-ws/src/build/altitude_publisher -- -j16 -l16
[0.710s] DEBUG:colcon.colcon_core.event_handler.log_command:Invoking command in '/home/ulugbek/dev-ws/src/build/feature_extraction': CMAKE_PREFIX_PATH=${CMAKE_PREFIX_PATH}:/home/ulugbek/dev-ws/install/ros_tcp_endpoint:/opt/ros/foxy CONDA_PROMPT_MODIFIER=(base) /usr/bin/cmake --build /home/ulugbek/dev-ws/src/build/feature_extraction -- -j16 -l16
[0.716s] DEBUG:colcon.colcon_core.event_handler.log_command:Invoking command in '/home/ulugbek/dev-ws/src/build/my_package': CMAKE_PREFIX_PATH=${CMAKE_PREFIX_PATH}:/home/ulugbek/dev-ws/install/ros_tcp_endpoint:/opt/ros/foxy CONDA_PROMPT_MODIFIER=(base) /usr/bin/cmake --build /home/ulugbek/dev-ws/src/build/my_package -- -j16 -l16
[0.938s] INFO:colcon.colcon_core.task.python.build:Building Python package in '/home/ulugbek/dev-ws/src/ROS-TCP-Endpoint-ROS2v0.7.0'
[0.946s] INFO:colcon.colcon_core.shell:Skip shell extension 'powershell' for command environment: Not usable outside of PowerShell
[0.946s] DEBUG:colcon.colcon_core.shell:Skip shell extension 'dsv' for command environment
[0.979s] DEBUG:colcon.colcon_core.event_handler.log_command:Invoking command in '/home/ulugbek/dev-ws/src/build/safe_landing': CMAKE_PREFIX_PATH=${CMAKE_PREFIX_PATH}:/home/ulugbek/dev-ws/install/ros_tcp_endpoint:/opt/ros/foxy CONDA_PROMPT_MODIFIER=(base) /usr/bin/cmake --build /home/ulugbek/dev-ws/src/build/safe_landing -- -j16 -l16
[0.997s] DEBUG:colcon.colcon_core.event_handler.log_command:Invoking command in '/home/ulugbek/dev-ws/src/build/velodyne_subscriber': CMAKE_PREFIX_PATH=${CMAKE_PREFIX_PATH}:/home/ulugbek/dev-ws/install/ros_tcp_endpoint:/opt/ros/foxy CONDA_PROMPT_MODIFIER=(base) /usr/bin/cmake --build /home/ulugbek/dev-ws/src/build/velodyne_subscriber -- -j16 -l16
[0.998s] DEBUG:colcon.colcon_core.event_handler.log_command:Invoked command in '/home/ulugbek/dev-ws/src/build/velodyne_msgs' returned '0': CMAKE_PREFIX_PATH=${CMAKE_PREFIX_PATH}:/home/ulugbek/dev-ws/install/ros_tcp_endpoint:/opt/ros/foxy CONDA_PROMPT_MODIFIER=(base) /usr/bin/cmake --build /home/ulugbek/dev-ws/src/build/velodyne_msgs -- -j16 -l16
[0.999s] DEBUG:colcon.colcon_core.event_handler.log_command:Invoked command in '/home/ulugbek/dev-ws/src/build/velodyne_laserscan' returned '0': CMAKE_PREFIX_PATH=${CMAKE_PREFIX_PATH}:/home/ulugbek/dev-ws/install/ros_tcp_endpoint:/opt/ros/foxy CONDA_PROMPT_MODIFIER=(base) /usr/bin/cmake --build /home/ulugbek/dev-ws/src/build/velodyne_laserscan -- -j16 -l16
[1.004s] DEBUG:colcon.colcon_core.event_handler.log_command:Invoked command in '/home/ulugbek/dev-ws/src/build/altitude_publisher' returned '0': CMAKE_PREFIX_PATH=${CMAKE_PREFIX_PATH}:/home/ulugbek/dev-ws/install/ros_tcp_endpoint:/opt/ros/foxy CONDA_PROMPT_MODIFIER=(base) /usr/bin/cmake --build /home/ulugbek/dev-ws/src/build/altitude_publisher -- -j16 -l16
[1.008s] DEBUG:colcon.colcon_core.event_handler.log_command:Invoked command in '/home/ulugbek/dev-ws/src/build/my_package' returned '0': CMAKE_PREFIX_PATH=${CMAKE_PREFIX_PATH}:/home/ulugbek/dev-ws/install/ros_tcp_endpoint:/opt/ros/foxy CONDA_PROMPT_MODIFIER=(base) /usr/bin/cmake --build /home/ulugbek/dev-ws/src/build/my_package -- -j16 -l16
[1.013s] DEBUG:colcon.colcon_core.event_handler.log_command:Invoked command in '/home/ulugbek/dev-ws/src/build/feature_extraction' returned '0': CMAKE_PREFIX_PATH=${CMAKE_PREFIX_PATH}:/home/ulugbek/dev-ws/install/ros_tcp_endpoint:/opt/ros/foxy CONDA_PROMPT_MODIFIER=(base) /usr/bin/cmake --build /home/ulugbek/dev-ws/src/build/feature_extraction -- -j16 -l16
[1.049s] DEBUG:colcon.colcon_core.event_handler.log_command:Invoking command in '/home/ulugbek/dev-ws/src/build/altitude_publisher': CMAKE_PREFIX_PATH=${CMAKE_PREFIX_PATH}:/home/ulugbek/dev-ws/install/ros_tcp_endpoint:/opt/ros/foxy CONDA_PROMPT_MODIFIER=(base) /usr/bin/cmake --install /home/ulugbek/dev-ws/src/build/altitude_publisher
[1.055s] DEBUG:colcon.colcon_core.event_handler.log_command:Invoking command in '/home/ulugbek/dev-ws/src/build/velodyne_laserscan': CMAKE_PREFIX_PATH=${CMAKE_PREFIX_PATH}:/home/ulugbek/dev-ws/install/ros_tcp_endpoint:/opt/ros/foxy CONDA_PROMPT_MODIFIER=(base) /usr/bin/cmake --install /home/ulugbek/dev-ws/src/build/velodyne_laserscan
[1.064s] DEBUG:colcon.colcon_core.event_handler.log_command:Invoking command in '/home/ulugbek/dev-ws/src/build/feature_extraction': CMAKE_PREFIX_PATH=${CMAKE_PREFIX_PATH}:/home/ulugbek/dev-ws/install/ros_tcp_endpoint:/opt/ros/foxy CONDA_PROMPT_MODIFIER=(base) /usr/bin/cmake --install /home/ulugbek/dev-ws/src/build/feature_extraction
[1.079s] DEBUG:colcon.colcon_core.event_handler.log_command:Invoking command in '/home/ulugbek/dev-ws/src/build/my_package': CMAKE_PREFIX_PATH=${CMAKE_PREFIX_PATH}:/home/ulugbek/dev-ws/install/ros_tcp_endpoint:/opt/ros/foxy CONDA_PROMPT_MODIFIER=(base) /usr/bin/cmake --install /home/ulugbek/dev-ws/src/build/my_package
[1.082s] Level 1:colcon.colcon_core.environment:create_environment_scripts_only(altitude_publisher)
[1.088s] DEBUG:colcon.colcon_core.event_handler.log_command:Invoked command in '/home/ulugbek/dev-ws/src/build/altitude_publisher' returned '0': CMAKE_PREFIX_PATH=${CMAKE_PREFIX_PATH}:/home/ulugbek/dev-ws/install/ros_tcp_endpoint:/opt/ros/foxy CONDA_PROMPT_MODIFIER=(base) /usr/bin/cmake --install /home/ulugbek/dev-ws/src/build/altitude_publisher
[1.100s] Level 1:colcon.colcon_core.environment:checking '/home/ulugbek/dev-ws/src/install/altitude_publisher' for CMake module files
[1.101s] Level 1:colcon.colcon_core.environment:checking '/home/ulugbek/dev-ws/src/install/altitude_publisher' for CMake config files
[1.101s] Level 1:colcon.colcon_core.shell:create_environment_hook('altitude_publisher', 'cmake_prefix_path')
[1.107s] INFO:colcon.colcon_core.shell:Creating environment hook '/home/ulugbek/dev-ws/src/install/altitude_publisher/share/altitude_publisher/hook/cmake_prefix_path.ps1'
[1.108s] INFO:colcon.colcon_core.shell:Creating environment descriptor '/home/ulugbek/dev-ws/src/install/altitude_publisher/share/altitude_publisher/hook/cmake_prefix_path.dsv'
[1.108s] INFO:colcon.colcon_core.shell:Creating environment hook '/home/ulugbek/dev-ws/src/install/altitude_publisher/share/altitude_publisher/hook/cmake_prefix_path.sh'
[1.109s] Level 1:colcon.colcon_core.environment:checking '/home/ulugbek/dev-ws/src/install/altitude_publisher/lib'
[1.109s] Level 1:colcon.colcon_core.environment:checking '/home/ulugbek/dev-ws/src/install/altitude_publisher/bin'
[1.109s] Level 1:colcon.colcon_core.environment:checking '/home/ulugbek/dev-ws/src/install/altitude_publisher/lib/pkgconfig/altitude_publisher.pc'
[1.109s] Level 1:colcon.colcon_core.environment:checking '/home/ulugbek/dev-ws/src/install/altitude_publisher/lib/python3.8/site-packages'
[1.110s] Level 1:colcon.colcon_core.environment:checking '/home/ulugbek/dev-ws/src/install/altitude_publisher/bin'
[1.115s] INFO:colcon.colcon_core.shell:Creating package script '/home/ulugbek/dev-ws/src/install/altitude_publisher/share/altitude_publisher/package.ps1'
[1.116s] INFO:colcon.colcon_core.shell:Creating package descriptor '/home/ulugbek/dev-ws/src/install/altitude_publisher/share/altitude_publisher/package.dsv'
[1.117s] INFO:colcon.colcon_core.shell:Creating package script '/home/ulugbek/dev-ws/src/install/altitude_publisher/share/altitude_publisher/package.sh'
[1.118s] INFO:colcon.colcon_core.shell:Creating package script '/home/ulugbek/dev-ws/src/install/altitude_publisher/share/altitude_publisher/package.bash'
[1.118s] INFO:colcon.colcon_core.shell:Creating package script '/home/ulugbek/dev-ws/src/install/altitude_publisher/share/altitude_publisher/package.zsh'
[1.119s] Level 1:colcon.colcon_core.environment:create_file_with_runtime_dependencies(/home/ulugbek/dev-ws/src/install/altitude_publisher/share/colcon-core/packages/altitude_publisher)
[1.123s] DEBUG:colcon.colcon_core.event_handler.log_command:Invoked command in '/home/ulugbek/dev-ws/src/build/safe_landing' returned '0': CMAKE_PREFIX_PATH=${CMAKE_PREFIX_PATH}:/home/ulugbek/dev-ws/install/ros_tcp_endpoint:/opt/ros/foxy CONDA_PROMPT_MODIFIER=(base) /usr/bin/cmake --build /home/ulugbek/dev-ws/src/build/safe_landing -- -j16 -l16
[1.126s] Level 1:colcon.colcon_core.environment:create_environment_scripts_only(velodyne_laserscan)
[1.134s] Level 1:colcon.colcon_core.environment:checking '/home/ulugbek/dev-ws/src/install/velodyne_laserscan' for CMake module files
[1.134s] DEBUG:colcon.colcon_core.event_handler.log_command:Invoked command in '/home/ulugbek/dev-ws/src/build/velodyne_laserscan' returned '0': CMAKE_PREFIX_PATH=${CMAKE_PREFIX_PATH}:/home/ulugbek/dev-ws/install/ros_tcp_endpoint:/opt/ros/foxy CONDA_PROMPT_MODIFIER=(base) /usr/bin/cmake --install /home/ulugbek/dev-ws/src/build/velodyne_laserscan
[1.135s] Level 1:colcon.colcon_core.environment:checking '/home/ulugbek/dev-ws/src/install/velodyne_laserscan' for CMake config files
[1.135s] Level 1:colcon.colcon_core.shell:create_environment_hook('velodyne_laserscan', 'cmake_prefix_path')
[1.141s] INFO:colcon.colcon_core.shell:Creating environment hook '/home/ulugbek/dev-ws/src/install/velodyne_laserscan/share/velodyne_laserscan/hook/cmake_prefix_path.ps1'
[1.142s] INFO:colcon.colcon_core.shell:Creating environment descriptor '/home/ulugbek/dev-ws/src/install/velodyne_laserscan/share/velodyne_laserscan/hook/cmake_prefix_path.dsv'
[1.142s] INFO:colcon.colcon_core.shell:Creating environment hook '/home/ulugbek/dev-ws/src/install/velodyne_laserscan/share/velodyne_laserscan/hook/cmake_prefix_path.sh'
[1.143s] Level 1:colcon.colcon_core.environment:checking '/home/ulugbek/dev-ws/src/install/velodyne_laserscan/lib'
[1.143s] Level 1:colcon.colcon_core.shell:create_environment_hook('velodyne_laserscan', 'ld_library_path_lib')
[1.149s] INFO:colcon.colcon_core.shell:Creating environment hook '/home/ulugbek/dev-ws/src/install/velodyne_laserscan/share/velodyne_laserscan/hook/ld_library_path_lib.ps1'
[1.150s] INFO:colcon.colcon_core.shell:Creating environment descriptor '/home/ulugbek/dev-ws/src/install/velodyne_laserscan/share/velodyne_laserscan/hook/ld_library_path_lib.dsv'
[1.150s] INFO:colcon.colcon_core.shell:Creating environment hook '/home/ulugbek/dev-ws/src/install/velodyne_laserscan/share/velodyne_laserscan/hook/ld_library_path_lib.sh'
[1.151s] Level 1:colcon.colcon_core.environment:checking '/home/ulugbek/dev-ws/src/install/velodyne_laserscan/bin'
[1.151s] Level 1:colcon.colcon_core.environment:checking '/home/ulugbek/dev-ws/src/install/velodyne_laserscan/lib/pkgconfig/velodyne_laserscan.pc'
[1.151s] Level 1:colcon.colcon_core.environment:checking '/home/ulugbek/dev-ws/src/install/velodyne_laserscan/lib/python3.8/site-packages'
[1.151s] Level 1:colcon.colcon_core.environment:checking '/home/ulugbek/dev-ws/src/install/velodyne_laserscan/bin'
[1.157s] INFO:colcon.colcon_core.shell:Creating package script '/home/ulugbek/dev-ws/src/install/velodyne_laserscan/share/velodyne_laserscan/package.ps1'
[1.158s] INFO:colcon.colcon_core.shell:Creating package descriptor '/home/ulugbek/dev-ws/src/install/velodyne_laserscan/share/velodyne_laserscan/package.dsv'
[1.158s] INFO:colcon.colcon_core.shell:Creating package script '/home/ulugbek/dev-ws/src/install/velodyne_laserscan/share/velodyne_laserscan/package.sh'
[1.159s] INFO:colcon.colcon_core.shell:Creating package script '/home/ulugbek/dev-ws/src/install/velodyne_laserscan/share/velodyne_laserscan/package.bash'
[1.159s] INFO:colcon.colcon_core.shell:Creating package script '/home/ulugbek/dev-ws/src/install/velodyne_laserscan/share/velodyne_laserscan/package.zsh'
[1.160s] Level 1:colcon.colcon_core.environment:create_file_with_runtime_dependencies(/home/ulugbek/dev-ws/src/install/velodyne_laserscan/share/colcon-core/packages/velodyne_laserscan)
[1.165s] DEBUG:colcon.colcon_core.event_handler.log_command:Invoking command in '/home/ulugbek/dev-ws/src/build/velodyne_msgs': CMAKE_PREFIX_PATH=${CMAKE_PREFIX_PATH}:/home/ulugbek/dev-ws/install/ros_tcp_endpoint:/opt/ros/foxy CONDA_PROMPT_MODIFIER=(base) /usr/bin/cmake --install /home/ulugbek/dev-ws/src/build/velodyne_msgs
[1.166s] Level 1:colcon.colcon_core.environment:create_environment_scripts_only(feature_extraction)
[1.174s] Level 1:colcon.colcon_core.environment:checking '/home/ulugbek/dev-ws/src/install/feature_extraction' for CMake module files
[1.175s] DEBUG:colcon.colcon_core.event_handler.log_command:Invoked command in '/home/ulugbek/dev-ws/src/build/feature_extraction' returned '0': CMAKE_PREFIX_PATH=${CMAKE_PREFIX_PATH}:/home/ulugbek/dev-ws/install/ros_tcp_endpoint:/opt/ros/foxy CONDA_PROMPT_MODIFIER=(base) /usr/bin/cmake --install /home/ulugbek/dev-ws/src/build/feature_extraction
[1.175s] Level 1:colcon.colcon_core.environment:checking '/home/ulugbek/dev-ws/src/install/feature_extraction' for CMake config files
[1.176s] Level 1:colcon.colcon_core.shell:create_environment_hook('feature_extraction', 'cmake_prefix_path')
[1.181s] INFO:colcon.colcon_core.shell:Creating environment hook '/home/ulugbek/dev-ws/src/install/feature_extraction/share/feature_extraction/hook/cmake_prefix_path.ps1'
[1.182s] INFO:colcon.colcon_core.shell:Creating environment descriptor '/home/ulugbek/dev-ws/src/install/feature_extraction/share/feature_extraction/hook/cmake_prefix_path.dsv'
[1.182s] INFO:colcon.colcon_core.shell:Creating environment hook '/home/ulugbek/dev-ws/src/install/feature_extraction/share/feature_extraction/hook/cmake_prefix_path.sh'
[1.183s] Level 1:colcon.colcon_core.environment:checking '/home/ulugbek/dev-ws/src/install/feature_extraction/lib'
[1.183s] Level 1:colcon.colcon_core.environment:checking '/home/ulugbek/dev-ws/src/install/feature_extraction/bin'
[1.183s] Level 1:colcon.colcon_core.environment:checking '/home/ulugbek/dev-ws/src/install/feature_extraction/lib/pkgconfig/feature_extraction.pc'
[1.183s] Level 1:colcon.colcon_core.environment:checking '/home/ulugbek/dev-ws/src/install/feature_extraction/lib/python3.8/site-packages'
[1.183s] Level 1:colcon.colcon_core.environment:checking '/home/ulugbek/dev-ws/src/install/feature_extraction/bin'
[1.189s] INFO:colcon.colcon_core.shell:Creating package script '/home/ulugbek/dev-ws/src/install/feature_extraction/share/feature_extraction/package.ps1'
[1.190s] INFO:colcon.colcon_core.shell:Creating package descriptor '/home/ulugbek/dev-ws/src/install/feature_extraction/share/feature_extraction/package.dsv'
[1.190s] INFO:colcon.colcon_core.shell:Creating package script '/home/ulugbek/dev-ws/src/install/feature_extraction/share/feature_extraction/package.sh'
[1.190s] INFO:colcon.colcon_core.shell:Creating package script '/home/ulugbek/dev-ws/src/install/feature_extraction/share/feature_extraction/package.bash'
[1.191s] INFO:colcon.colcon_core.shell:Creating package script '/home/ulugbek/dev-ws/src/install/feature_extraction/share/feature_extraction/package.zsh'
[1.191s] Level 1:colcon.colcon_core.environment:create_file_with_runtime_dependencies(/home/ulugbek/dev-ws/src/install/feature_extraction/share/colcon-core/packages/feature_extraction)
[1.199s] Level 1:colcon.colcon_core.environment:create_environment_scripts_only(my_package)
[1.207s] Level 1:colcon.colcon_core.environment:checking '/home/ulugbek/dev-ws/src/install/my_package' for CMake module files
[1.211s] Level 1:colcon.colcon_core.environment:checking '/home/ulugbek/dev-ws/src/install/my_package' for CMake config files
[1.213s] DEBUG:colcon.colcon_core.event_handler.log_command:Invoked command in '/home/ulugbek/dev-ws/src/build/my_package' returned '0': CMAKE_PREFIX_PATH=${CMAKE_PREFIX_PATH}:/home/ulugbek/dev-ws/install/ros_tcp_endpoint:/opt/ros/foxy CONDA_PROMPT_MODIFIER=(base) /usr/bin/cmake --install /home/ulugbek/dev-ws/src/build/my_package
[1.214s] Level 1:colcon.colcon_core.shell:create_environment_hook('my_package', 'cmake_prefix_path')
[1.219s] INFO:colcon.colcon_core.shell:Creating environment hook '/home/ulugbek/dev-ws/src/install/my_package/share/my_package/hook/cmake_prefix_path.ps1'
[1.220s] INFO:colcon.colcon_core.shell:Creating environment descriptor '/home/ulugbek/dev-ws/src/install/my_package/share/my_package/hook/cmake_prefix_path.dsv'
[1.220s] INFO:colcon.colcon_core.shell:Creating environment hook '/home/ulugbek/dev-ws/src/install/my_package/share/my_package/hook/cmake_prefix_path.sh'
[1.220s] Level 1:colcon.colcon_core.environment:checking '/home/ulugbek/dev-ws/src/install/my_package/bin'
[1.221s] Level 1:colcon.colcon_core.environment:checking '/home/ulugbek/dev-ws/src/install/my_package/lib/pkgconfig/my_package.pc'
[1.221s] Level 1:colcon.colcon_core.environment:checking '/home/ulugbek/dev-ws/src/install/my_package/lib/python3.8/site-packages'
[1.221s] Level 1:colcon.colcon_core.environment:checking '/home/ulugbek/dev-ws/src/install/my_package/bin'
[1.226s] INFO:colcon.colcon_core.shell:Creating package script '/home/ulugbek/dev-ws/src/install/my_package/share/my_package/package.ps1'
[1.227s] INFO:colcon.colcon_core.shell:Creating package descriptor '/home/ulugbek/dev-ws/src/install/my_package/share/my_package/package.dsv'
[1.228s] INFO:colcon.colcon_core.shell:Creating package script '/home/ulugbek/dev-ws/src/install/my_package/share/my_package/package.sh'
[1.229s] INFO:colcon.colcon_core.shell:Creating package script '/home/ulugbek/dev-ws/src/install/my_package/share/my_package/package.bash'
[1.231s] INFO:colcon.colcon_core.shell:Creating package script '/home/ulugbek/dev-ws/src/install/my_package/share/my_package/package.zsh'
[1.232s] Level 1:colcon.colcon_core.environment:create_file_with_runtime_dependencies(/home/ulugbek/dev-ws/src/install/my_package/share/colcon-core/packages/my_package)
[1.243s] Level 1:colcon.colcon_core.environment:create_environment_scripts_only(altitude_publisher)
[1.250s] Level 1:colcon.colcon_core.environment:checking '/home/ulugbek/dev-ws/src/install/altitude_publisher' for CMake module files
[1.250s] Level 1:colcon.colcon_core.environment:checking '/home/ulugbek/dev-ws/src/install/altitude_publisher' for CMake config files
[1.251s] Level 1:colcon.colcon_core.shell:create_environment_hook('altitude_publisher', 'cmake_prefix_path')
[1.256s] INFO:colcon.colcon_core.shell:Creating environment hook '/home/ulugbek/dev-ws/src/install/altitude_publisher/share/altitude_publisher/hook/cmake_prefix_path.ps1'
[1.257s] INFO:colcon.colcon_core.shell:Creating environment descriptor '/home/ulugbek/dev-ws/src/install/altitude_publisher/share/altitude_publisher/hook/cmake_prefix_path.dsv'
[1.257s] INFO:colcon.colcon_core.shell:Creating environment hook '/home/ulugbek/dev-ws/src/install/altitude_publisher/share/altitude_publisher/hook/cmake_prefix_path.sh'
[1.258s] Level 1:colcon.colcon_core.environment:checking '/home/ulugbek/dev-ws/src/install/altitude_publisher/lib'
[1.258s] Level 1:colcon.colcon_core.environment:checking '/home/ulugbek/dev-ws/src/install/altitude_publisher/bin'
[1.258s] Level 1:colcon.colcon_core.environment:checking '/home/ulugbek/dev-ws/src/install/altitude_publisher/lib/pkgconfig/altitude_publisher.pc'
[1.258s] Level 1:colcon.colcon_core.environment:checking '/home/ulugbek/dev-ws/src/install/altitude_publisher/lib/python3.8/site-packages'
[1.259s] Level 1:colcon.colcon_core.environment:checking '/home/ulugbek/dev-ws/src/install/altitude_publisher/bin'
[1.264s] INFO:colcon.colcon_core.shell:Creating package script '/home/ulugbek/dev-ws/src/install/altitude_publisher/share/altitude_publisher/package.ps1'
[1.265s] INFO:colcon.colcon_core.shell:Creating package descriptor '/home/ulugbek/dev-ws/src/install/altitude_publisher/share/altitude_publisher/package.dsv'
[1.265s] INFO:colcon.colcon_core.shell:Creating package script '/home/ulugbek/dev-ws/src/install/altitude_publisher/share/altitude_publisher/package.sh'
[1.265s] INFO:colcon.colcon_core.shell:Creating package script '/home/ulugbek/dev-ws/src/install/altitude_publisher/share/altitude_publisher/package.bash'
[1.266s] INFO:colcon.colcon_core.shell:Creating package script '/home/ulugbek/dev-ws/src/install/altitude_publisher/share/altitude_publisher/package.zsh'
[1.266s] Level 1:colcon.colcon_core.environment:create_file_with_runtime_dependencies(/home/ulugbek/dev-ws/src/install/altitude_publisher/share/colcon-core/packages/altitude_publisher)
[1.270s] DEBUG:colcon.colcon_core.event_handler.log_command:Invoking command in '/home/ulugbek/dev-ws/src/build/safe_landing': CMAKE_PREFIX_PATH=${CMAKE_PREFIX_PATH}:/home/ulugbek/dev-ws/install/ros_tcp_endpoint:/opt/ros/foxy CONDA_PROMPT_MODIFIER=(base) /usr/bin/cmake --install /home/ulugbek/dev-ws/src/build/safe_landing
[1.276s] Level 1:colcon.colcon_core.environment:create_environment_scripts_only(velodyne_laserscan)
[1.282s] Level 1:colcon.colcon_core.environment:checking '/home/ulugbek/dev-ws/src/install/velodyne_laserscan' for CMake module files
[1.283s] Level 1:colcon.colcon_core.environment:checking '/home/ulugbek/dev-ws/src/install/velodyne_laserscan' for CMake config files
[1.283s] Level 1:colcon.colcon_core.shell:create_environment_hook('velodyne_laserscan', 'cmake_prefix_path')
[1.288s] INFO:colcon.colcon_core.shell:Creating environment hook '/home/ulugbek/dev-ws/src/install/velodyne_laserscan/share/velodyne_laserscan/hook/cmake_prefix_path.ps1'
[1.289s] INFO:colcon.colcon_core.shell:Creating environment descriptor '/home/ulugbek/dev-ws/src/install/velodyne_laserscan/share/velodyne_laserscan/hook/cmake_prefix_path.dsv'
[1.289s] INFO:colcon.colcon_core.shell:Creating environment hook '/home/ulugbek/dev-ws/src/install/velodyne_laserscan/share/velodyne_laserscan/hook/cmake_prefix_path.sh'
[1.290s] Level 1:colcon.colcon_core.environment:checking '/home/ulugbek/dev-ws/src/install/velodyne_laserscan/lib'
[1.290s] Level 1:colcon.colcon_core.shell:create_environment_hook('velodyne_laserscan', 'ld_library_path_lib')
[1.295s] INFO:colcon.colcon_core.shell:Creating environment hook '/home/ulugbek/dev-ws/src/install/velodyne_laserscan/share/velodyne_laserscan/hook/ld_library_path_lib.ps1'
[1.295s] INFO:colcon.colcon_core.shell:Creating environment descriptor '/home/ulugbek/dev-ws/src/install/velodyne_laserscan/share/velodyne_laserscan/hook/ld_library_path_lib.dsv'
[1.296s] INFO:colcon.colcon_core.shell:Creating environment hook '/home/ulugbek/dev-ws/src/install/velodyne_laserscan/share/velodyne_laserscan/hook/ld_library_path_lib.sh'
[1.296s] Level 1:colcon.colcon_core.environment:checking '/home/ulugbek/dev-ws/src/install/velodyne_laserscan/bin'
[1.296s] Level 1:colcon.colcon_core.environment:checking '/home/ulugbek/dev-ws/src/install/velodyne_laserscan/lib/pkgconfig/velodyne_laserscan.pc'
[1.296s] Level 1:colcon.colcon_core.environment:checking '/home/ulugbek/dev-ws/src/install/velodyne_laserscan/lib/python3.8/site-packages'
[1.297s] Level 1:colcon.colcon_core.environment:checking '/home/ulugbek/dev-ws/src/install/velodyne_laserscan/bin'
[1.302s] INFO:colcon.colcon_core.shell:Creating package script '/home/ulugbek/dev-ws/src/install/velodyne_laserscan/share/velodyne_laserscan/package.ps1'
[1.302s] INFO:colcon.colcon_core.shell:Creating package descriptor '/home/ulugbek/dev-ws/src/install/velodyne_laserscan/share/velodyne_laserscan/package.dsv'
[1.303s] INFO:colcon.colcon_core.shell:Creating package script '/home/ulugbek/dev-ws/src/install/velodyne_laserscan/share/velodyne_laserscan/package.sh'
[1.303s] INFO:colcon.colcon_core.shell:Creating package script '/home/ulugbek/dev-ws/src/install/velodyne_laserscan/share/velodyne_laserscan/package.bash'
[1.304s] INFO:colcon.colcon_core.shell:Creating package script '/home/ulugbek/dev-ws/src/install/velodyne_laserscan/share/velodyne_laserscan/package.zsh'
[1.304s] Level 1:colcon.colcon_core.environment:create_file_with_runtime_dependencies(/home/ulugbek/dev-ws/src/install/velodyne_laserscan/share/colcon-core/packages/velodyne_laserscan)
[1.306s] Level 1:colcon.colcon_core.environment:create_environment_scripts_only(velodyne_msgs)
[1.311s] DEBUG:colcon.colcon_core.event_handler.log_command:Invoked command in '/home/ulugbek/dev-ws/src/build/velodyne_msgs' returned '0': CMAKE_PREFIX_PATH=${CMAKE_PREFIX_PATH}:/home/ulugbek/dev-ws/install/ros_tcp_endpoint:/opt/ros/foxy CONDA_PROMPT_MODIFIER=(base) /usr/bin/cmake --install /home/ulugbek/dev-ws/src/build/velodyne_msgs
[1.313s] Level 1:colcon.colcon_core.environment:checking '/home/ulugbek/dev-ws/src/install/velodyne_msgs' for CMake module files
[1.316s] Level 1:colcon.colcon_core.environment:checking '/home/ulugbek/dev-ws/src/install/velodyne_msgs' for CMake config files
[1.316s] Level 1:colcon.colcon_core.shell:create_environment_hook('velodyne_msgs', 'cmake_prefix_path')
[1.321s] INFO:colcon.colcon_core.shell:Creating environment hook '/home/ulugbek/dev-ws/src/install/velodyne_msgs/share/velodyne_msgs/hook/cmake_prefix_path.ps1'
[1.322s] INFO:colcon.colcon_core.shell:Creating environment descriptor '/home/ulugbek/dev-ws/src/install/velodyne_msgs/share/velodyne_msgs/hook/cmake_prefix_path.dsv'
[1.322s] INFO:colcon.colcon_core.shell:Creating environment hook '/home/ulugbek/dev-ws/src/install/velodyne_msgs/share/velodyne_msgs/hook/cmake_prefix_path.sh'
[1.322s] Level 1:colcon.colcon_core.environment:checking '/home/ulugbek/dev-ws/src/install/velodyne_msgs/lib'
[1.322s] Level 1:colcon.colcon_core.shell:create_environment_hook('velodyne_msgs', 'ld_library_path_lib')
[1.331s] INFO:colcon.colcon_core.shell:Creating environment hook '/home/ulugbek/dev-ws/src/install/velodyne_msgs/share/velodyne_msgs/hook/ld_library_path_lib.ps1'
[1.332s] INFO:colcon.colcon_core.shell:Creating environment descriptor '/home/ulugbek/dev-ws/src/install/velodyne_msgs/share/velodyne_msgs/hook/ld_library_path_lib.dsv'
[1.332s] INFO:colcon.colcon_core.shell:Creating environment hook '/home/ulugbek/dev-ws/src/install/velodyne_msgs/share/velodyne_msgs/hook/ld_library_path_lib.sh'
[1.333s] Level 1:colcon.colcon_core.environment:checking '/home/ulugbek/dev-ws/src/install/velodyne_msgs/bin'
[1.333s] Level 1:colcon.colcon_core.environment:checking '/home/ulugbek/dev-ws/src/install/velodyne_msgs/lib/pkgconfig/velodyne_msgs.pc'
[1.333s] Level 1:colcon.colcon_core.environment:checking '/home/ulugbek/dev-ws/src/install/velodyne_msgs/lib/python3.8/site-packages'
[1.333s] Level 1:colcon.colcon_core.environment:checking '/home/ulugbek/dev-ws/src/install/velodyne_msgs/bin'
[1.342s] INFO:colcon.colcon_core.shell:Creating package script '/home/ulugbek/dev-ws/src/install/velodyne_msgs/share/velodyne_msgs/package.ps1'
[1.342s] INFO:colcon.colcon_core.shell:Creating package descriptor '/home/ulugbek/dev-ws/src/install/velodyne_msgs/share/velodyne_msgs/package.dsv'
[1.343s] INFO:colcon.colcon_core.shell:Creating package script '/home/ulugbek/dev-ws/src/install/velodyne_msgs/share/velodyne_msgs/package.sh'
[1.343s] INFO:colcon.colcon_core.shell:Creating package script '/home/ulugbek/dev-ws/src/install/velodyne_msgs/share/velodyne_msgs/package.bash'
[1.344s] INFO:colcon.colcon_core.shell:Creating package script '/home/ulugbek/dev-ws/src/install/velodyne_msgs/share/velodyne_msgs/package.zsh'
[1.344s] Level 1:colcon.colcon_core.environment:create_file_with_runtime_dependencies(/home/ulugbek/dev-ws/src/install/velodyne_msgs/share/colcon-core/packages/velodyne_msgs)
[1.355s] Level 1:colcon.colcon_core.environment:create_environment_scripts_only(feature_extraction)
[1.362s] Level 1:colcon.colcon_core.environment:checking '/home/ulugbek/dev-ws/src/install/feature_extraction' for CMake module files
[1.363s] Level 1:colcon.colcon_core.environment:checking '/home/ulugbek/dev-ws/src/install/feature_extraction' for CMake config files
[1.363s] Level 1:colcon.colcon_core.shell:create_environment_hook('feature_extraction', 'cmake_prefix_path')
[1.368s] INFO:colcon.colcon_core.shell:Creating environment hook '/home/ulugbek/dev-ws/src/install/feature_extraction/share/feature_extraction/hook/cmake_prefix_path.ps1'
[1.369s] INFO:colcon.colcon_core.shell:Creating environment descriptor '/home/ulugbek/dev-ws/src/install/feature_extraction/share/feature_extraction/hook/cmake_prefix_path.dsv'
[1.369s] INFO:colcon.colcon_core.shell:Creating environment hook '/home/ulugbek/dev-ws/src/install/feature_extraction/share/feature_extraction/hook/cmake_prefix_path.sh'
[1.369s] Level 1:colcon.colcon_core.environment:checking '/home/ulugbek/dev-ws/src/install/feature_extraction/lib'
[1.370s] Level 1:colcon.colcon_core.environment:checking '/home/ulugbek/dev-ws/src/install/feature_extraction/bin'
[1.370s] Level 1:colcon.colcon_core.environment:checking '/home/ulugbek/dev-ws/src/install/feature_extraction/lib/pkgconfig/feature_extraction.pc'
[1.370s] Level 1:colcon.colcon_core.environment:checking '/home/ulugbek/dev-ws/src/install/feature_extraction/lib/python3.8/site-packages'
[1.370s] Level 1:colcon.colcon_core.environment:checking '/home/ulugbek/dev-ws/src/install/feature_extraction/bin'
[1.375s] INFO:colcon.colcon_core.shell:Creating package script '/home/ulugbek/dev-ws/src/install/feature_extraction/share/feature_extraction/package.ps1'
[1.376s] INFO:colcon.colcon_core.shell:Creating package descriptor '/home/ulugbek/dev-ws/src/install/feature_extraction/share/feature_extraction/package.dsv'
[1.376s] INFO:colcon.colcon_core.shell:Creating package script '/home/ulugbek/dev-ws/src/install/feature_extraction/share/feature_extraction/package.sh'
[1.377s] INFO:colcon.colcon_core.shell:Creating package script '/home/ulugbek/dev-ws/src/install/feature_extraction/share/feature_extraction/package.bash'
[1.377s] INFO:colcon.colcon_core.shell:Creating package script '/home/ulugbek/dev-ws/src/install/feature_extraction/share/feature_extraction/package.zsh'
[1.378s] Level 1:colcon.colcon_core.environment:create_file_with_runtime_dependencies(/home/ulugbek/dev-ws/src/install/feature_extraction/share/colcon-core/packages/feature_extraction)
[1.378s] Level 1:colcon.colcon_core.environment:create_environment_scripts_only(safe_landing)
[1.385s] Level 1:colcon.colcon_core.environment:checking '/home/ulugbek/dev-ws/src/install/safe_landing' for CMake module files
[1.386s] DEBUG:colcon.colcon_core.event_handler.log_command:Invoked command in '/home/ulugbek/dev-ws/src/build/safe_landing' returned '0': CMAKE_PREFIX_PATH=${CMAKE_PREFIX_PATH}:/home/ulugbek/dev-ws/install/ros_tcp_endpoint:/opt/ros/foxy CONDA_PROMPT_MODIFIER=(base) /usr/bin/cmake --install /home/ulugbek/dev-ws/src/build/safe_landing
[1.386s] Level 1:colcon.colcon_core.environment:checking '/home/ulugbek/dev-ws/src/install/safe_landing' for CMake config files
[1.386s] Level 1:colcon.colcon_core.shell:create_environment_hook('safe_landing', 'cmake_prefix_path')
[1.392s] INFO:colcon.colcon_core.shell:Creating environment hook '/home/ulugbek/dev-ws/src/install/safe_landing/share/safe_landing/hook/cmake_prefix_path.ps1'
[1.392s] INFO:colcon.colcon_core.shell:Creating environment descriptor '/home/ulugbek/dev-ws/src/install/safe_landing/share/safe_landing/hook/cmake_prefix_path.dsv'
[1.393s] INFO:colcon.colcon_core.shell:Creating environment hook '/home/ulugbek/dev-ws/src/install/safe_landing/share/safe_landing/hook/cmake_prefix_path.sh'
[1.393s] Level 1:colcon.colcon_core.environment:checking '/home/ulugbek/dev-ws/src/install/safe_landing/lib'
[1.393s] Level 1:colcon.colcon_core.environment:checking '/home/ulugbek/dev-ws/src/install/safe_landing/bin'
[1.393s] Level 1:colcon.colcon_core.environment:checking '/home/ulugbek/dev-ws/src/install/safe_landing/lib/pkgconfig/safe_landing.pc'
[1.394s] Level 1:colcon.colcon_core.environment:checking '/home/ulugbek/dev-ws/src/install/safe_landing/lib/python3.8/site-packages'
[1.394s] Level 1:colcon.colcon_core.environment:checking '/home/ulugbek/dev-ws/src/install/safe_landing/bin'
[1.399s] INFO:colcon.colcon_core.shell:Creating package script '/home/ulugbek/dev-ws/src/install/safe_landing/share/safe_landing/package.ps1'
[1.400s] INFO:colcon.colcon_core.shell:Creating package descriptor '/home/ulugbek/dev-ws/src/install/safe_landing/share/safe_landing/package.dsv'
[1.400s] INFO:colcon.colcon_core.shell:Creating package script '/home/ulugbek/dev-ws/src/install/safe_landing/share/safe_landing/package.sh'
[1.400s] INFO:colcon.colcon_core.shell:Creating package script '/home/ulugbek/dev-ws/src/install/safe_landing/share/safe_landing/package.bash'
[1.401s] INFO:colcon.colcon_core.shell:Creating package script '/home/ulugbek/dev-ws/src/install/safe_landing/share/safe_landing/package.zsh'
[1.401s] Level 1:colcon.colcon_core.environment:create_file_with_runtime_dependencies(/home/ulugbek/dev-ws/src/install/safe_landing/share/colcon-core/packages/safe_landing)
[1.410s] Level 1:colcon.colcon_core.environment:create_environment_scripts_only(my_package)
[1.415s] Level 1:colcon.colcon_core.environment:checking '/home/ulugbek/dev-ws/src/install/my_package' for CMake module files
[1.416s] Level 1:colcon.colcon_core.environment:checking '/home/ulugbek/dev-ws/src/install/my_package' for CMake config files
[1.416s] Level 1:colcon.colcon_core.shell:create_environment_hook('my_package', 'cmake_prefix_path')
[1.420s] INFO:colcon.colcon_core.shell:Creating environment hook '/home/ulugbek/dev-ws/src/install/my_package/share/my_package/hook/cmake_prefix_path.ps1'
[1.421s] INFO:colcon.colcon_core.shell:Creating environment descriptor '/home/ulugbek/dev-ws/src/install/my_package/share/my_package/hook/cmake_prefix_path.dsv'
[1.421s] INFO:colcon.colcon_core.shell:Creating environment hook '/home/ulugbek/dev-ws/src/install/my_package/share/my_package/hook/cmake_prefix_path.sh'
[1.422s] Level 1:colcon.colcon_core.environment:checking '/home/ulugbek/dev-ws/src/install/my_package/bin'
[1.422s] Level 1:colcon.colcon_core.environment:checking '/home/ulugbek/dev-ws/src/install/my_package/lib/pkgconfig/my_package.pc'
[1.422s] Level 1:colcon.colcon_core.environment:checking '/home/ulugbek/dev-ws/src/install/my_package/lib/python3.8/site-packages'
[1.422s] Level 1:colcon.colcon_core.environment:checking '/home/ulugbek/dev-ws/src/install/my_package/bin'
[1.427s] INFO:colcon.colcon_core.shell:Creating package script '/home/ulugbek/dev-ws/src/install/my_package/share/my_package/package.ps1'
[1.428s] INFO:colcon.colcon_core.shell:Creating package descriptor '/home/ulugbek/dev-ws/src/install/my_package/share/my_package/package.dsv'
[1.428s] INFO:colcon.colcon_core.shell:Creating package script '/home/ulugbek/dev-ws/src/install/my_package/share/my_package/package.sh'
[1.428s] INFO:colcon.colcon_core.shell:Creating package script '/home/ulugbek/dev-ws/src/install/my_package/share/my_package/package.bash'
[1.429s] INFO:colcon.colcon_core.shell:Creating package script '/home/ulugbek/dev-ws/src/install/my_package/share/my_package/package.zsh'
[1.429s] Level 1:colcon.colcon_core.environment:create_file_with_runtime_dependencies(/home/ulugbek/dev-ws/src/install/my_package/share/colcon-core/packages/my_package)
[1.435s] Level 1:colcon.colcon_core.environment:create_environment_scripts_only(velodyne_msgs)
[1.440s] Level 1:colcon.colcon_core.environment:checking '/home/ulugbek/dev-ws/src/install/velodyne_msgs' for CMake module files
[1.441s] Level 1:colcon.colcon_core.environment:checking '/home/ulugbek/dev-ws/src/install/velodyne_msgs' for CMake config files
[1.441s] Level 1:colcon.colcon_core.shell:create_environment_hook('velodyne_msgs', 'cmake_prefix_path')
[1.446s] INFO:colcon.colcon_core.shell:Creating environment hook '/home/ulugbek/dev-ws/src/install/velodyne_msgs/share/velodyne_msgs/hook/cmake_prefix_path.ps1'
[1.446s] INFO:colcon.colcon_core.shell:Creating environment descriptor '/home/ulugbek/dev-ws/src/install/velodyne_msgs/share/velodyne_msgs/hook/cmake_prefix_path.dsv'
[1.447s] INFO:colcon.colcon_core.shell:Creating environment hook '/home/ulugbek/dev-ws/src/install/velodyne_msgs/share/velodyne_msgs/hook/cmake_prefix_path.sh'
[1.447s] Level 1:colcon.colcon_core.environment:checking '/home/ulugbek/dev-ws/src/install/velodyne_msgs/lib'
[1.447s] Level 1:colcon.colcon_core.shell:create_environment_hook('velodyne_msgs', 'ld_library_path_lib')
[1.452s] INFO:colcon.colcon_core.shell:Creating environment hook '/home/ulugbek/dev-ws/src/install/velodyne_msgs/share/velodyne_msgs/hook/ld_library_path_lib.ps1'
[1.452s] INFO:colcon.colcon_core.shell:Creating environment descriptor '/home/ulugbek/dev-ws/src/install/velodyne_msgs/share/velodyne_msgs/hook/ld_library_path_lib.dsv'
[1.452s] INFO:colcon.colcon_core.shell:Creating environment hook '/home/ulugbek/dev-ws/src/install/velodyne_msgs/share/velodyne_msgs/hook/ld_library_path_lib.sh'
[1.453s] Level 1:colcon.colcon_core.environment:checking '/home/ulugbek/dev-ws/src/install/velodyne_msgs/bin'
[1.453s] Level 1:colcon.colcon_core.environment:checking '/home/ulugbek/dev-ws/src/install/velodyne_msgs/lib/pkgconfig/velodyne_msgs.pc'
[1.453s] Level 1:colcon.colcon_core.environment:checking '/home/ulugbek/dev-ws/src/install/velodyne_msgs/lib/python3.8/site-packages'
[1.453s] Level 1:colcon.colcon_core.environment:checking '/home/ulugbek/dev-ws/src/install/velodyne_msgs/bin'
[1.457s] INFO:colcon.colcon_core.shell:Creating package script '/home/ulugbek/dev-ws/src/install/velodyne_msgs/share/velodyne_msgs/package.ps1'
[1.458s] INFO:colcon.colcon_core.shell:Creating package descriptor '/home/ulugbek/dev-ws/src/install/velodyne_msgs/share/velodyne_msgs/package.dsv'
[1.458s] INFO:colcon.colcon_core.shell:Creating package script '/home/ulugbek/dev-ws/src/install/velodyne_msgs/share/velodyne_msgs/package.sh'
[1.459s] INFO:colcon.colcon_core.shell:Creating package script '/home/ulugbek/dev-ws/src/install/velodyne_msgs/share/velodyne_msgs/package.bash'
[1.459s] INFO:colcon.colcon_core.shell:Creating package script '/home/ulugbek/dev-ws/src/install/velodyne_msgs/share/velodyne_msgs/package.zsh'
[1.460s] Level 1:colcon.colcon_core.environment:create_file_with_runtime_dependencies(/home/ulugbek/dev-ws/src/install/velodyne_msgs/share/colcon-core/packages/velodyne_msgs)
[1.464s] INFO:colcon.colcon_ros.task.ament_cmake.build:Building ROS package in '/home/ulugbek/dev-ws/src/velodyne/velodyne_driver' with build type 'ament_cmake'
[1.464s] INFO:colcon.colcon_cmake.task.cmake.build:Building CMake package in '/home/ulugbek/dev-ws/src/velodyne/velodyne_driver'
[1.470s] INFO:colcon.colcon_core.shell:Skip shell extension 'powershell' for command environment: Not usable outside of PowerShell
[1.470s] DEBUG:colcon.colcon_core.shell:Skip shell extension 'dsv' for command environment
[1.474s] DEBUG:colcon.colcon_core.event_handler.log_command:Invoking command in '/home/ulugbek/dev-ws/src/ROS-TCP-Endpoint-ROS2v0.7.0': CONDA_PROMPT_MODIFIER=(base) PYTHONPATH=/home/ulugbek/dev-ws/src/build/ros_tcp_endpoint/prefix_override:/home/ulugbek/dev-ws/src/install/ros_tcp_endpoint/lib/python3.8/site-packages:${PYTHONPATH} /usr/bin/python3 setup.py egg_info --egg-base ../build/ros_tcp_endpoint build --build-base /home/ulugbek/dev-ws/src/build/ros_tcp_endpoint/build install --record /home/ulugbek/dev-ws/src/build/ros_tcp_endpoint/install.log --install-scripts $base/lib/ros_tcp_endpoint --single-version-externally-managed
[1.484s] INFO:colcon.colcon_ros.task.ament_cmake.build:Building ROS package in '/home/ulugbek/dev-ws/src/velodyne/velodyne_pointcloud' with build type 'ament_cmake'
[1.484s] INFO:colcon.colcon_cmake.task.cmake.build:Building CMake package in '/home/ulugbek/dev-ws/src/velodyne/velodyne_pointcloud'
[1.489s] INFO:colcon.colcon_core.shell:Skip shell extension 'powershell' for command environment: Not usable outside of PowerShell
[1.489s] DEBUG:colcon.colcon_core.shell:Skip shell extension 'dsv' for command environment
[1.507s] Level 1:colcon.colcon_core.environment:create_environment_scripts_only(safe_landing)
[1.512s] Level 1:colcon.colcon_core.environment:checking '/home/ulugbek/dev-ws/src/install/safe_landing' for CMake module files
[1.513s] Level 1:colcon.colcon_core.environment:checking '/home/ulugbek/dev-ws/src/install/safe_landing' for CMake config files
[1.513s] Level 1:colcon.colcon_core.shell:create_environment_hook('safe_landing', 'cmake_prefix_path')
[1.517s] INFO:colcon.colcon_core.shell:Creating environment hook '/home/ulugbek/dev-ws/src/install/safe_landing/share/safe_landing/hook/cmake_prefix_path.ps1'
[1.517s] INFO:colcon.colcon_core.shell:Creating environment descriptor '/home/ulugbek/dev-ws/src/install/safe_landing/share/safe_landing/hook/cmake_prefix_path.dsv'
[1.518s] INFO:colcon.colcon_core.shell:Creating environment hook '/home/ulugbek/dev-ws/src/install/safe_landing/share/safe_landing/hook/cmake_prefix_path.sh'
[1.518s] Level 1:colcon.colcon_core.environment:checking '/home/ulugbek/dev-ws/src/install/safe_landing/lib'
[1.518s] Level 1:colcon.colcon_core.environment:checking '/home/ulugbek/dev-ws/src/install/safe_landing/bin'
[1.518s] Level 1:colcon.colcon_core.environment:checking '/home/ulugbek/dev-ws/src/install/safe_landing/lib/pkgconfig/safe_landing.pc'
[1.518s] Level 1:colcon.colcon_core.environment:checking '/home/ulugbek/dev-ws/src/install/safe_landing/lib/python3.8/site-packages'
[1.518s] Level 1:colcon.colcon_core.environment:checking '/home/ulugbek/dev-ws/src/install/safe_landing/bin'
[1.523s] INFO:colcon.colcon_core.shell:Creating package script '/home/ulugbek/dev-ws/src/install/safe_landing/share/safe_landing/package.ps1'
[1.524s] INFO:colcon.colcon_core.shell:Creating package descriptor '/home/ulugbek/dev-ws/src/install/safe_landing/share/safe_landing/package.dsv'
[1.524s] INFO:colcon.colcon_core.shell:Creating package script '/home/ulugbek/dev-ws/src/install/safe_landing/share/safe_landing/package.sh'
[1.524s] INFO:colcon.colcon_core.shell:Creating package script '/home/ulugbek/dev-ws/src/install/safe_landing/share/safe_landing/package.bash'
[1.525s] INFO:colcon.colcon_core.shell:Creating package script '/home/ulugbek/dev-ws/src/install/safe_landing/share/safe_landing/package.zsh'
[1.525s] Level 1:colcon.colcon_core.environment:create_file_with_runtime_dependencies(/home/ulugbek/dev-ws/src/install/safe_landing/share/colcon-core/packages/safe_landing)
[1.530s] DEBUG:colcon.colcon_core.event_handler.log_command:Invoking command in '/home/ulugbek/dev-ws/src/build/velodyne_driver': AMENT_PREFIX_PATH=/home/ulugbek/dev-ws/src/install/velodyne_msgs:${AMENT_PREFIX_PATH} CMAKE_PREFIX_PATH=/home/ulugbek/dev-ws/src/install/velodyne_msgs:/home/ulugbek/dev-ws/install/velodyne:/home/ulugbek/dev-ws/install/velodyne_pointcloud:/home/ulugbek/dev-ws/install/velodyne_driver:/home/ulugbek/dev-ws/install/velodyne_msgs:/home/ulugbek/dev-ws/install/velodyne_laserscan:/home/ulugbek/dev-ws/install/safe_landing:/home/ulugbek/dev-ws/install/my_package:/home/ulugbek/dev-ws/install/feature_extraction:/home/ulugbek/dev-ws/install/altitude_publisher:/home/ulugbek/dev-ws/install/ros_tcp_endpoint:/opt/ros/foxy CONDA_PROMPT_MODIFIER=(base) LD_LIBRARY_PATH=/home/ulugbek/dev-ws/src/install/velodyne_msgs/lib:${LD_LIBRARY_PATH} PYTHONPATH=/home/ulugbek/dev-ws/src/install/velodyne_msgs/lib/python3.9/site-packages:${PYTHONPATH} /usr/bin/cmake --build /home/ulugbek/dev-ws/src/build/velodyne_driver -- -j16 -l16
[1.537s] DEBUG:colcon.colcon_core.event_handler.log_command:Invoking command in '/home/ulugbek/dev-ws/src/build/velodyne_pointcloud': AMENT_PREFIX_PATH=/home/ulugbek/dev-ws/src/install/velodyne_msgs:${AMENT_PREFIX_PATH} CMAKE_PREFIX_PATH=/home/ulugbek/dev-ws/src/install/velodyne_msgs:/home/ulugbek/dev-ws/install/velodyne:/home/ulugbek/dev-ws/install/velodyne_pointcloud:/home/ulugbek/dev-ws/install/velodyne_driver:/home/ulugbek/dev-ws/install/velodyne_msgs:/home/ulugbek/dev-ws/install/velodyne_laserscan:/home/ulugbek/dev-ws/install/safe_landing:/home/ulugbek/dev-ws/install/my_package:/home/ulugbek/dev-ws/install/feature_extraction:/home/ulugbek/dev-ws/install/altitude_publisher:/home/ulugbek/dev-ws/install/ros_tcp_endpoint:/opt/ros/foxy CONDA_PROMPT_MODIFIER=(base) LD_LIBRARY_PATH=/home/ulugbek/dev-ws/src/install/velodyne_msgs/lib:${LD_LIBRARY_PATH} PYTHONPATH=/home/ulugbek/dev-ws/src/install/velodyne_msgs/lib/python3.9/site-packages:${PYTHONPATH} /usr/bin/cmake --build /home/ulugbek/dev-ws/src/build/velodyne_pointcloud -- -j16 -l16
[1.817s] Level 1:colcon.colcon_core.environment:checking '/home/ulugbek/dev-ws/src/install/ros_tcp_endpoint' for CMake module files
[1.818s] DEBUG:colcon.colcon_core.event_handler.log_command:Invoked command in '/home/ulugbek/dev-ws/src/ROS-TCP-Endpoint-ROS2v0.7.0' returned '0': CONDA_PROMPT_MODIFIER=(base) PYTHONPATH=/home/ulugbek/dev-ws/src/build/ros_tcp_endpoint/prefix_override:/home/ulugbek/dev-ws/src/install/ros_tcp_endpoint/lib/python3.8/site-packages:${PYTHONPATH} /usr/bin/python3 setup.py egg_info --egg-base ../build/ros_tcp_endpoint build --build-base /home/ulugbek/dev-ws/src/build/ros_tcp_endpoint/build install --record /home/ulugbek/dev-ws/src/build/ros_tcp_endpoint/install.log --install-scripts $base/lib/ros_tcp_endpoint --single-version-externally-managed
[1.819s] Level 1:colcon.colcon_core.environment:checking '/home/ulugbek/dev-ws/src/install/ros_tcp_endpoint' for CMake config files
[1.820s] Level 1:colcon.colcon_core.environment:checking '/home/ulugbek/dev-ws/src/install/ros_tcp_endpoint/lib'
[1.820s] Level 1:colcon.colcon_core.environment:checking '/home/ulugbek/dev-ws/src/install/ros_tcp_endpoint/bin'
[1.820s] Level 1:colcon.colcon_core.environment:checking '/home/ulugbek/dev-ws/src/install/ros_tcp_endpoint/lib/pkgconfig/ros_tcp_endpoint.pc'
[1.821s] Level 1:colcon.colcon_core.environment:checking '/home/ulugbek/dev-ws/src/install/ros_tcp_endpoint/lib/python3.8/site-packages'
[1.821s] Level 1:colcon.colcon_core.shell:create_environment_hook('ros_tcp_endpoint', 'pythonpath')
[1.832s] INFO:colcon.colcon_core.shell:Creating environment hook '/home/ulugbek/dev-ws/src/install/ros_tcp_endpoint/share/ros_tcp_endpoint/hook/pythonpath.ps1'
[1.832s] INFO:colcon.colcon_core.shell:Creating environment descriptor '/home/ulugbek/dev-ws/src/install/ros_tcp_endpoint/share/ros_tcp_endpoint/hook/pythonpath.dsv'
[1.833s] INFO:colcon.colcon_core.shell:Creating environment hook '/home/ulugbek/dev-ws/src/install/ros_tcp_endpoint/share/ros_tcp_endpoint/hook/pythonpath.sh'
[1.834s] Level 1:colcon.colcon_core.environment:checking '/home/ulugbek/dev-ws/src/install/ros_tcp_endpoint/bin'
[1.834s] Level 1:colcon.colcon_core.environment:create_environment_scripts_only(ros_tcp_endpoint)
[1.845s] INFO:colcon.colcon_core.shell:Creating package script '/home/ulugbek/dev-ws/src/install/ros_tcp_endpoint/share/ros_tcp_endpoint/package.ps1'
[1.846s] INFO:colcon.colcon_core.shell:Creating package descriptor '/home/ulugbek/dev-ws/src/install/ros_tcp_endpoint/share/ros_tcp_endpoint/package.dsv'
[1.847s] INFO:colcon.colcon_core.shell:Creating package script '/home/ulugbek/dev-ws/src/install/ros_tcp_endpoint/share/ros_tcp_endpoint/package.sh'
[1.848s] INFO:colcon.colcon_core.shell:Creating package script '/home/ulugbek/dev-ws/src/install/ros_tcp_endpoint/share/ros_tcp_endpoint/package.bash'
[1.848s] INFO:colcon.colcon_core.shell:Creating package script '/home/ulugbek/dev-ws/src/install/ros_tcp_endpoint/share/ros_tcp_endpoint/package.zsh'
[1.849s] Level 1:colcon.colcon_core.environment:create_file_with_runtime_dependencies(/home/ulugbek/dev-ws/src/install/ros_tcp_endpoint/share/colcon-core/packages/ros_tcp_endpoint)
[3.406s] DEBUG:colcon.colcon_core.event_handler.log_command:Invoked command in '/home/ulugbek/dev-ws/src/build/velodyne_subscriber' returned '2': CMAKE_PREFIX_PATH=${CMAKE_PREFIX_PATH}:/home/ulugbek/dev-ws/install/ros_tcp_endpoint:/opt/ros/foxy CONDA_PROMPT_MODIFIER=(base) /usr/bin/cmake --build /home/ulugbek/dev-ws/src/build/velodyne_subscriber -- -j16 -l16
[3.438s] Level 1:colcon.colcon_core.environment:create_environment_scripts_only(velodyne_subscriber)
[3.448s] Level 1:colcon.colcon_core.environment:checking '/home/ulugbek/dev-ws/src/install/velodyne_subscriber' for CMake module files
[3.449s] Level 1:colcon.colcon_core.environment:checking '/home/ulugbek/dev-ws/src/install/velodyne_subscriber' for CMake config files
[3.449s] Level 1:colcon.colcon_core.environment:checking '/home/ulugbek/dev-ws/src/install/velodyne_subscriber/bin'
[3.450s] Level 1:colcon.colcon_core.environment:checking '/home/ulugbek/dev-ws/src/install/velodyne_subscriber/lib/pkgconfig/velodyne_subscriber.pc'
[3.450s] Level 1:colcon.colcon_core.environment:checking '/home/ulugbek/dev-ws/src/install/velodyne_subscriber/lib/python3.8/site-packages'
[3.450s] Level 1:colcon.colcon_core.environment:checking '/home/ulugbek/dev-ws/src/install/velodyne_subscriber/bin'
[3.459s] INFO:colcon.colcon_core.shell:Creating package script '/home/ulugbek/dev-ws/src/install/velodyne_subscriber/share/velodyne_subscriber/package.ps1'
[3.460s] INFO:colcon.colcon_core.shell:Creating package descriptor '/home/ulugbek/dev-ws/src/install/velodyne_subscriber/share/velodyne_subscriber/package.dsv'
[3.461s] INFO:colcon.colcon_core.shell:Creating package script '/home/ulugbek/dev-ws/src/install/velodyne_subscriber/share/velodyne_subscriber/package.sh'
[3.461s] INFO:colcon.colcon_core.shell:Creating package script '/home/ulugbek/dev-ws/src/install/velodyne_subscriber/share/velodyne_subscriber/package.bash'
[3.462s] INFO:colcon.colcon_core.shell:Creating package script '/home/ulugbek/dev-ws/src/install/velodyne_subscriber/share/velodyne_subscriber/package.zsh'
[3.462s] Level 1:colcon.colcon_core.environment:create_file_with_runtime_dependencies(/home/ulugbek/dev-ws/src/install/velodyne_subscriber/share/colcon-core/packages/velodyne_subscriber)
[10.615s] DEBUG:colcon.colcon_parallel_executor.executor.parallel:run_until_complete was interrupted
[10.615s] DEBUG:colcon.colcon_parallel_executor.executor.parallel:run_until_complete again
[10.657s] DEBUG:colcon.colcon_parallel_executor.executor.parallel:run_until_complete finished
[10.658s] DEBUG:colcon.colcon_parallel_executor.executor.parallel:closing loop
[10.658s] DEBUG:colcon.colcon_parallel_executor.executor.parallel:loop closed
[10.658s] DEBUG:colcon.colcon_core.event_reactor:joining thread
[10.678s] INFO:colcon.colcon_core.plugin_system:Skipping extension 'colcon_notification.desktop_notification.terminal_notifier': Not used on non-Darwin systems
[10.678s] INFO:colcon.colcon_core.plugin_system:Skipping extension 'colcon_notification.desktop_notification.win32': Not used on non-Windows systems
[10.678s] INFO:colcon.colcon_notification.desktop_notification:Sending desktop notification using 'notify2'
[10.700s] DEBUG:colcon.colcon_core.event_reactor:joined thread
[10.706s] INFO:colcon.colcon_core.shell:Creating prefix script '/home/ulugbek/dev-ws/src/install/local_setup.ps1'
[10.708s] INFO:colcon.colcon_core.shell:Creating prefix util module '/home/ulugbek/dev-ws/src/install/_local_setup_util_ps1.py'
[10.709s] INFO:colcon.colcon_core.shell:Creating prefix chain script '/home/ulugbek/dev-ws/src/install/setup.ps1'
[10.713s] INFO:colcon.colcon_core.shell:Creating prefix script '/home/ulugbek/dev-ws/src/install/local_setup.sh'
[10.713s] INFO:colcon.colcon_core.shell:Creating prefix util module '/home/ulugbek/dev-ws/src/install/_local_setup_util_sh.py'
[10.713s] INFO:colcon.colcon_core.shell:Creating prefix chain script '/home/ulugbek/dev-ws/src/install/setup.sh'
[10.716s] INFO:colcon.colcon_core.shell:Creating prefix script '/home/ulugbek/dev-ws/src/install/local_setup.bash'
[10.717s] INFO:colcon.colcon_core.shell:Creating prefix chain script '/home/ulugbek/dev-ws/src/install/setup.bash'
[10.720s] INFO:colcon.colcon_core.shell:Creating prefix script '/home/ulugbek/dev-ws/src/install/local_setup.zsh'
[10.721s] INFO:colcon.colcon_core.shell:Creating prefix chain script '/home/ulugbek/dev-ws/src/install/setup.zsh'
