[0.349s] Invoking command in '/home/ulugbek/dev-ws/src/build/safe_landing': CMAKE_PREFIX_PATH=${CMAKE_PREFIX_PATH}:/home/ulugbek/dev-ws/src/install/ros_tcp_endpoint:/home/ulugbek/dev-ws/install/ros_tcp_endpoint:/opt/ros/foxy CONDA_PROMPT_MODIFIER=(base) /usr/bin/cmake --build /home/ulugbek/dev-ws/src/build/safe_landing -- -j16 -l16
[0.468s] [100%] Built target safe_landing_node
[0.582s] Invoked command in '/home/ulugbek/dev-ws/src/build/safe_landing' returned '0': CMAKE_PREFIX_PATH=${CMAKE_PREFIX_PATH}:/home/ulugbek/dev-ws/src/install/ros_tcp_endpoint:/home/ulugbek/dev-ws/install/ros_tcp_endpoint:/opt/ros/foxy CONDA_PROMPT_MODIFIER=(base) /usr/bin/cmake --build /home/ulugbek/dev-ws/src/build/safe_landing -- -j16 -l16
[0.786s] Invoking command in '/home/ulugbek/dev-ws/src/build/safe_landing': CMAKE_PREFIX_PATH=${CMAKE_PREFIX_PATH}:/home/ulugbek/dev-ws/src/install/ros_tcp_endpoint:/home/ulugbek/dev-ws/install/ros_tcp_endpoint:/opt/ros/foxy CONDA_PROMPT_MODIFIER=(base) /usr/bin/cmake --install /home/ulugbek/dev-ws/src/build/safe_landing
[0.815s] -- Install configuration: ""
[0.815s] -- Up-to-date: /home/ulugbek/dev-ws/src/install/safe_landing/lib/safe_landing/safe_landing_node
[0.815s] -- Up-to-date: /home/ulugbek/dev-ws/src/install/safe_landing/share/ament_index/resource_index/package_run_dependencies/safe_landing
[0.815s] -- Up-to-date: /home/ulugbek/dev-ws/src/install/safe_landing/share/ament_index/resource_index/parent_prefix_path/safe_landing
[0.815s] -- Up-to-date: /home/ulugbek/dev-ws/src/install/safe_landing/share/safe_landing/environment/ament_prefix_path.sh
[0.815s] -- Up-to-date: /home/ulugbek/dev-ws/src/install/safe_landing/share/safe_landing/environment/ament_prefix_path.dsv
[0.815s] -- Up-to-date: /home/ulugbek/dev-ws/src/install/safe_landing/share/safe_landing/environment/path.sh
[0.815s] -- Up-to-date: /home/ulugbek/dev-ws/src/install/safe_landing/share/safe_landing/environment/path.dsv
[0.816s] -- Up-to-date: /home/ulugbek/dev-ws/src/install/safe_landing/share/safe_landing/local_setup.bash
[0.816s] -- Up-to-date: /home/ulugbek/dev-ws/src/install/safe_landing/share/safe_landing/local_setup.sh
[0.816s] -- Up-to-date: /home/ulugbek/dev-ws/src/install/safe_landing/share/safe_landing/local_setup.zsh
[0.816s] -- Up-to-date: /home/ulugbek/dev-ws/src/install/safe_landing/share/safe_landing/local_setup.dsv
[0.816s] -- Installing: /home/ulugbek/dev-ws/src/install/safe_landing/share/safe_landing/package.dsv
[0.816s] -- Up-to-date: /home/ulugbek/dev-ws/src/install/safe_landing/share/ament_index/resource_index/packages/safe_landing
[0.816s] -- Up-to-date: /home/ulugbek/dev-ws/src/install/safe_landing/share/safe_landing/cmake/safe_landingConfig.cmake
[0.816s] -- Up-to-date: /home/ulugbek/dev-ws/src/install/safe_landing/share/safe_landing/cmake/safe_landingConfig-version.cmake
[0.816s] -- Up-to-date: /home/ulugbek/dev-ws/src/install/safe_landing/share/safe_landing/package.xml
[0.837s] Invoked command in '/home/ulugbek/dev-ws/src/build/safe_landing' returned '0': CMAKE_PREFIX_PATH=${CMAKE_PREFIX_PATH}:/home/ulugbek/dev-ws/src/install/ros_tcp_endpoint:/home/ulugbek/dev-ws/install/ros_tcp_endpoint:/opt/ros/foxy CONDA_PROMPT_MODIFIER=(base) /usr/bin/cmake --install /home/ulugbek/dev-ws/src/build/safe_landing
