[35m[1mScanning dependencies of target gtest[0m
[35m[1mScanning dependencies of target gtest_main[0m
[35m[1mScanning dependencies of target velodyne_rawdata[0m
[35m[1mScanning dependencies of target velodyne_cloud_types[0m
[  5%] [32mBuilding CXX object gtest/CMakeFiles/gtest_main.dir/src/gtest_main.cc.o[0m
[ 11%] [32mBuilding CXX object gtest/CMakeFiles/gtest.dir/src/gtest-all.cc.o[0m
[ 16%] [32mBuilding CXX object src/lib/CMakeFiles/velodyne_rawdata.dir/calibration.cpp.o[0m
[ 22%] [32mBuilding CXX object src/lib/CMakeFiles/velodyne_rawdata.dir/rawdata.cpp.o[0m
[ 33%] [32mBuilding CXX object src/lib/CMakeFiles/velodyne_cloud_types.dir/organized_cloudXYZIRT.cpp.o[0m
[ 33%] [32mBuilding CXX object src/lib/CMakeFiles/velodyne_cloud_types.dir/pointcloudXYZIRT.cpp.o[0m
[ 38%] [32m[1mLinking CXX static library libgtest_main.a[0m
[ 38%] Built target gtest_main
[ 44%] [32m[1mLinking CXX static library libgtest.a[0m
[ 44%] Built target gtest
[35m[1mScanning dependencies of target test_row_step[0m
[ 50%] [32mBuilding CXX object tests/CMakeFiles/test_row_step.dir/test_row_step.cpp.o[0m
[ 55%] [32m[1mLinking CXX shared library libvelodyne_rawdata.so[0m
[ 55%] Built target velodyne_rawdata
[35m[1mScanning dependencies of target test_calibration[0m
[ 61%] [32mBuilding CXX object tests/CMakeFiles/test_calibration.dir/test_calibration.cpp.o[0m
[ 66%] [32m[1mLinking CXX shared library libvelodyne_cloud_types.so[0m
[ 66%] Built target velodyne_cloud_types
[35m[1mScanning dependencies of target transform[0m
[ 72%] [32mBuilding CXX object CMakeFiles/transform.dir/src/conversions/transform.cpp.o[0m
[ 77%] [32m[1mLinking CXX executable test_calibration[0m
[ 77%] Built target test_calibration
[ 83%] [32m[1mLinking CXX executable test_row_step[0m
[ 83%] Built target test_row_step
make[2]: *** [CMakeFiles/transform.dir/build.make:63: CMakeFiles/transform.dir/src/conversions/transform.cpp.o] Interrupt
make[1]: *** [CMakeFiles/Makefile2:176: CMakeFiles/transform.dir/all] Interrupt
make: *** [Makefile:141: all] Interrupt
