[0.101s] Invoking command in '/home/ulugbek/dev-ws/src/build/feature_extraction': CMAKE_PREFIX_PATH=${CMAKE_PREFIX_PATH}:/home/ulugbek/dev-ws/install/ros_tcp_endpoint:/opt/ros/foxy CONDA_PROMPT_MODIFIER=(base) /usr/bin/cmake /home/ulugbek/dev-ws/src/feature_extraction -DCMAKE_INSTALL_PREFIX=/home/ulugbek/dev-ws/src/install/feature_extraction
[0.492s] -- The C compiler identification is GNU 9.4.0
[0.492s] -- The CXX compiler identification is GNU 9.4.0
[0.492s] -- Check for working C compiler: /usr/bin/cc
[0.492s] -- Check for working C compiler: /usr/bin/cc -- works
[0.492s] -- Detecting C compiler ABI info
[0.492s] -- Detecting C compiler ABI info - done
[0.508s] -- Detecting C compile features
[0.509s] -- Detecting C compile features - done
[0.510s] -- Check for working CXX compiler: /usr/bin/c++
[0.628s] -- Check for working CXX compiler: /usr/bin/c++ -- works
[0.629s] -- Detecting CXX compiler ABI info
[0.715s] -- Detecting CXX compiler ABI info - done
[0.738s] -- Detecting CXX compile features
[0.739s] -- Detecting CXX compile features - done
[0.742s] -- Found ament_cmake: 0.9.11 (/opt/ros/foxy/share/ament_cmake/cmake)
[0.782s] -- Found PythonInterp: /home/ulugbek/anaconda3/bin/python3 (found suitable version "3.9.12", minimum required is "3") 
[0.782s] -- Using PYTHON_EXECUTABLE: /home/ulugbek/anaconda3/bin/python3
[1.100s] -- Found rclcpp: 2.4.2 (/opt/ros/foxy/share/rclcpp/cmake)
[1.167s] -- Using all available rosidl_typesupport_c: rosidl_typesupport_fastrtps_c;rosidl_typesupport_introspection_c
[1.174s] -- Found rosidl_adapter: 1.3.0 (/opt/ros/foxy/share/rosidl_adapter/cmake)
[1.253s] -- Found OpenSSL: /usr/lib/x86_64-linux-gnu/libcrypto.so (found version "1.1.1f")  
[1.305s] -- Found FastRTPS: /opt/ros/foxy/include  
[1.411s] -- Using all available rosidl_typesupport_cpp: rosidl_typesupport_fastrtps_cpp;rosidl_typesupport_introspection_cpp
[1.477s] -- Found rmw_implementation_cmake: 1.0.3 (/opt/ros/foxy/share/rmw_implementation_cmake/cmake)
[1.478s] -- Using RMW implementation 'rmw_fastrtps_cpp' as default
[1.478s] -- Looking for pthread.h
[1.548s] -- Looking for pthread.h - found
[1.548s] -- Performing Test CMAKE_HAVE_LIBC_PTHREAD
[1.618s] -- Performing Test CMAKE_HAVE_LIBC_PTHREAD - Failed
[1.618s] -- Looking for pthread_create in pthreads
[1.681s] -- Looking for pthread_create in pthreads - not found
[1.682s] -- Looking for pthread_create in pthread
[1.762s] -- Looking for pthread_create in pthread - found
[1.763s] -- Found Threads: TRUE  
[1.978s] -- Found OpenCV: /usr (found version "4.2.0") 
[1.979s] -- Found OpenCV: /usr (found version "4.2.0") found components: viz 
[1.981s] -- Found sensor_msgs: 2.0.5 (/opt/ros/foxy/share/sensor_msgs/cmake)
[2.102s] -- Found image_transport: 2.4.0 (/opt/ros/foxy/share/image_transport/cmake)
[2.178s] -- Found ament_lint_auto: 0.9.7 (/opt/ros/foxy/share/ament_lint_auto/cmake)
[2.318s] -- Added test 'copyright' to check source files copyright and LICENSE
[2.319s] -- Added test 'cppcheck' to perform static code analysis on C / C++ code
[2.319s] -- Configured cppcheck include dirs: 
[2.319s] -- Configured cppcheck exclude dirs and/or files: 
[2.320s] -- Added test 'cpplint' to check C / C++ code against the Google style
[2.320s] -- Configured cpplint exclude dirs and/or files: 
[2.320s] -- Added test 'lint_cmake' to check CMake code style
[2.321s] -- Added test 'uncrustify' to check C / C++ code style
[2.321s] -- Configured uncrustify additional arguments: 
[2.322s] -- Added test 'xmllint' to check XML markup files
[2.325s] -- Configuring done
[2.341s] -- Generating done
[2.343s] -- Build files have been written to: /home/ulugbek/dev-ws/src/build/feature_extraction
