[0.152s] Invoking command in '/home/ulugbek/dev-ws/src/build/cube_movement': CMAKE_PREFIX_PATH=/home/ulugbek/dev-ws/install/velodyne_subscriber:/home/ulugbek/dev-ws/install/velodyne:/home/ulugbek/dev-ws/install/velodyne_pointcloud:/home/ulugbek/dev-ws/install/velodyne_driver:/home/ulugbek/dev-ws/install/velodyne_msgs:/home/ulugbek/dev-ws/install/velodyne_laserscan:/home/ulugbek/dev-ws/install/unity_robotics_demo:/home/ulugbek/dev-ws/install/ros_tcp_endpoint:/opt/ros/foxy:/home/ulugbek/dev-ws/install/unity_robotics_demo_msgs:/home/ulugbek/dev-ws/install/static_tf_publisher:/home/ulugbek/dev-ws/install/safe_landing:/home/ulugbek/dev-ws/install/my_package:/home/ulugbek/dev-ws/install/feature_extraction:/home/ulugbek/dev-ws/install/altitude_publisher CONDA_PROMPT_MODIFIER=(base) /usr/bin/cmake --build /home/ulugbek/dev-ws/src/build/cube_movement -- -j16 -l16
[0.784s] [35m[1mScanning dependencies of target cube_movement_node[0m
[0.784s] [ 50%] [32mBuilding CXX object CMakeFiles/cube_movement_node.dir/src/cube_movement_node.cpp.o[0m
[1.726s] [01m[K/home/ulugbek/dev-ws/src/cube_movement/src/cube_movement_node.cpp:[m[K In member function ‘[01m[Kvoid CubeMovementNode::centroidCallback(geometry_msgs::msg::Point_<std::allocator<void> >::SharedPtr)[m[K’:
[1.726s] [01m[K/home/ulugbek/dev-ws/src/cube_movement/src/cube_movement_node.cpp:28:24:[m[K [01;31m[Kerror: [m[Kno match for ‘[01m[Koperator=[m[K’ (operand types are ‘[01m[Kgeometry_msgs::msg::Point_<std::allocator<void> >::SharedPtr[m[K’ {aka ‘[01m[Kstd::shared_ptr<geometry_msgs::msg::Point_<std::allocator<void> > >[m[K’} and ‘[01m[Kstd::__shared_ptr_access<geometry_msgs::msg::Point_<std::allocator<void> >, __gnu_cxx::_S_atomic, false, false>::element_type[m[K’ {aka ‘[01m[Kgeometry_msgs::msg::Point_<std::allocator<void> >[m[K’})
[1.726s]    28 |     final_position_ = *[01;31m[Kmsg[m[K;
[1.726s]       |                        [01;31m[K^~~[m[K
[1.727s] In file included from [01m[K/usr/include/c++/9/memory:81[m[K,
[1.727s]                  from [01m[K/opt/ros/foxy/include/rclcpp/rclcpp.hpp:144[m[K,
[1.727s]                  from [01m[K/home/ulugbek/dev-ws/src/cube_movement/src/cube_movement_node.cpp:4[m[K:
[1.727s] [01m[K/usr/include/c++/9/bits/shared_ptr.h:309:19:[m[K [01;36m[Knote: [m[Kcandidate: ‘[01m[Kstd::shared_ptr<_Tp>& std::shared_ptr<_Tp>::operator=(const std::shared_ptr<_Tp>&) [with _Tp = geometry_msgs::msg::Point_<std::allocator<void> >][m[K’
[1.727s]   309 |       shared_ptr& [01;36m[Koperator[m[K=(const shared_ptr&) noexcept = default;
[1.727s]       |                   [01;36m[K^~~~~~~~[m[K
[1.727s] [01m[K/usr/include/c++/9/bits/shared_ptr.h:309:29:[m[K [01;36m[Knote: [m[K  no known conversion for argument 1 from ‘[01m[Kstd::__shared_ptr_access<geometry_msgs::msg::Point_<std::allocator<void> >, __gnu_cxx::_S_atomic, false, false>::element_type[m[K’ {aka ‘[01m[Kgeometry_msgs::msg::Point_<std::allocator<void> >[m[K’} to ‘[01m[Kconst std::shared_ptr<geometry_msgs::msg::Point_<std::allocator<void> > >&[m[K’
[1.727s]   309 |       shared_ptr& operator=([01;36m[Kconst shared_ptr&[m[K) noexcept = default;
[1.728s]       |                             [01;36m[K^~~~~~~~~~~~~~~~~[m[K
[1.728s] [01m[K/usr/include/c++/9/bits/shared_ptr.h:313:2:[m[K [01;36m[Knote: [m[Kcandidate: ‘[01m[Ktemplate<class _Yp> std::shared_ptr<_Tp>::_Assignable<const std::shared_ptr<_Yp>&> std::shared_ptr<_Tp>::operator=(const std::shared_ptr<_Yp>&) [with _Yp = _Yp; _Tp = geometry_msgs::msg::Point_<std::allocator<void> >][m[K’
[1.728s]   313 |  [01;36m[Koperator[m[K=(const shared_ptr<_Yp>& __r) noexcept
[1.728s]       |  [01;36m[K^~~~~~~~[m[K
[1.728s] [01m[K/usr/include/c++/9/bits/shared_ptr.h:313:2:[m[K [01;36m[Knote: [m[K  template argument deduction/substitution failed:
[1.728s] [01m[K/home/ulugbek/dev-ws/src/cube_movement/src/cube_movement_node.cpp:28:24:[m[K [01;36m[Knote: [m[K  ‘[01m[Kstd::__shared_ptr_access<geometry_msgs::msg::Point_<std::allocator<void> >, __gnu_cxx::_S_atomic, false, false>::element_type[m[K’ {aka ‘[01m[Kgeometry_msgs::msg::Point_<std::allocator<void> >[m[K’} is not derived from ‘[01m[Kconst std::shared_ptr<_Tp>[m[K’
[1.728s]    28 |     final_position_ = *[01;36m[Kmsg[m[K;
[1.728s]       |                        [01;36m[K^~~[m[K
[1.728s] In file included from [01m[K/usr/include/c++/9/memory:81[m[K,
[1.729s]                  from [01m[K/opt/ros/foxy/include/rclcpp/rclcpp.hpp:144[m[K,
[1.729s]                  from [01m[K/home/ulugbek/dev-ws/src/cube_movement/src/cube_movement_node.cpp:4[m[K:
[1.729s] [01m[K/usr/include/c++/9/bits/shared_ptr.h:324:2:[m[K [01;36m[Knote: [m[Kcandidate: ‘[01m[Ktemplate<class _Yp> std::shared_ptr<_Tp>::_Assignable<std::auto_ptr<_Up> > std::shared_ptr<_Tp>::operator=(std::auto_ptr<_Up>&&) [with _Yp = _Yp; _Tp = geometry_msgs::msg::Point_<std::allocator<void> >][m[K’
[1.729s]   324 |  [01;36m[Koperator[m[K=(auto_ptr<_Yp>&& __r)
[1.729s]       |  [01;36m[K^~~~~~~~[m[K
[1.729s] [01m[K/usr/include/c++/9/bits/shared_ptr.h:324:2:[m[K [01;36m[Knote: [m[K  template argument deduction/substitution failed:
[1.729s] [01m[K/home/ulugbek/dev-ws/src/cube_movement/src/cube_movement_node.cpp:28:24:[m[K [01;36m[Knote: [m[K  ‘[01m[Kstd::__shared_ptr_access<geometry_msgs::msg::Point_<std::allocator<void> >, __gnu_cxx::_S_atomic, false, false>::element_type[m[K’ {aka ‘[01m[Kgeometry_msgs::msg::Point_<std::allocator<void> >[m[K’} is not derived from ‘[01m[Kstd::auto_ptr<_Up>[m[K’
[1.730s]    28 |     final_position_ = *[01;36m[Kmsg[m[K;
[1.730s]       |                        [01;36m[K^~~[m[K
[1.730s] In file included from [01m[K/usr/include/c++/9/memory:81[m[K,
[1.730s]                  from [01m[K/opt/ros/foxy/include/rclcpp/rclcpp.hpp:144[m[K,
[1.730s]                  from [01m[K/home/ulugbek/dev-ws/src/cube_movement/src/cube_movement_node.cpp:4[m[K:
[1.730s] [01m[K/usr/include/c++/9/bits/shared_ptr.h:333:7:[m[K [01;36m[Knote: [m[Kcandidate: ‘[01m[Kstd::shared_ptr<_Tp>& std::shared_ptr<_Tp>::operator=(std::shared_ptr<_Tp>&&) [with _Tp = geometry_msgs::msg::Point_<std::allocator<void> >][m[K’
[1.730s]   333 |       [01;36m[Koperator[m[K=(shared_ptr&& __r) noexcept
[1.730s]       |       [01;36m[K^~~~~~~~[m[K
[1.731s] [01m[K/usr/include/c++/9/bits/shared_ptr.h:333:30:[m[K [01;36m[Knote: [m[K  no known conversion for argument 1 from ‘[01m[Kstd::__shared_ptr_access<geometry_msgs::msg::Point_<std::allocator<void> >, __gnu_cxx::_S_atomic, false, false>::element_type[m[K’ {aka ‘[01m[Kgeometry_msgs::msg::Point_<std::allocator<void> >[m[K’} to ‘[01m[Kstd::shared_ptr<geometry_msgs::msg::Point_<std::allocator<void> > >&&[m[K’
[1.731s]   333 |       operator=([01;36m[Kshared_ptr&& __r[m[K) noexcept
[1.731s]       |                 [01;36m[K~~~~~~~~~~~~~^~~[m[K
[1.731s] [01m[K/usr/include/c++/9/bits/shared_ptr.h:341:2:[m[K [01;36m[Knote: [m[Kcandidate: ‘[01m[Ktemplate<class _Yp> std::shared_ptr<_Tp>::_Assignable<std::shared_ptr<_Yp> > std::shared_ptr<_Tp>::operator=(std::shared_ptr<_Yp>&&) [with _Yp = _Yp; _Tp = geometry_msgs::msg::Point_<std::allocator<void> >][m[K’
[1.731s]   341 |  [01;36m[Koperator[m[K=(shared_ptr<_Yp>&& __r) noexcept
[1.731s]       |  [01;36m[K^~~~~~~~[m[K
[1.731s] [01m[K/usr/include/c++/9/bits/shared_ptr.h:341:2:[m[K [01;36m[Knote: [m[K  template argument deduction/substitution failed:
[1.731s] [01m[K/home/ulugbek/dev-ws/src/cube_movement/src/cube_movement_node.cpp:28:24:[m[K [01;36m[Knote: [m[K  ‘[01m[Kstd::__shared_ptr_access<geometry_msgs::msg::Point_<std::allocator<void> >, __gnu_cxx::_S_atomic, false, false>::element_type[m[K’ {aka ‘[01m[Kgeometry_msgs::msg::Point_<std::allocator<void> >[m[K’} is not derived from ‘[01m[Kstd::shared_ptr<_Tp>[m[K’
[1.732s]    28 |     final_position_ = *[01;36m[Kmsg[m[K;
[1.732s]       |                        [01;36m[K^~~[m[K
[1.732s] In file included from [01m[K/usr/include/c++/9/memory:81[m[K,
[1.732s]                  from [01m[K/opt/ros/foxy/include/rclcpp/rclcpp.hpp:144[m[K,
[1.732s]                  from [01m[K/home/ulugbek/dev-ws/src/cube_movement/src/cube_movement_node.cpp:4[m[K:
[1.732s] [01m[K/usr/include/c++/9/bits/shared_ptr.h:349:2:[m[K [01;36m[Knote: [m[Kcandidate: ‘[01m[Ktemplate<class _Yp, class _Del> std::shared_ptr<_Tp>::_Assignable<std::unique_ptr<_Up, _Ep> > std::shared_ptr<_Tp>::operator=(std::unique_ptr<_Up, _Ep>&&) [with _Yp = _Yp; _Del = _Del; _Tp = geometry_msgs::msg::Point_<std::allocator<void> >][m[K’
[1.732s]   349 |  [01;36m[Koperator[m[K=(unique_ptr<_Yp, _Del>&& __r)
[1.732s]       |  [01;36m[K^~~~~~~~[m[K
[1.732s] [01m[K/usr/include/c++/9/bits/shared_ptr.h:349:2:[m[K [01;36m[Knote: [m[K  template argument deduction/substitution failed:
[1.732s] [01m[K/home/ulugbek/dev-ws/src/cube_movement/src/cube_movement_node.cpp:28:24:[m[K [01;36m[Knote: [m[K  ‘[01m[Kstd::__shared_ptr_access<geometry_msgs::msg::Point_<std::allocator<void> >, __gnu_cxx::_S_atomic, false, false>::element_type[m[K’ {aka ‘[01m[Kgeometry_msgs::msg::Point_<std::allocator<void> >[m[K’} is not derived from ‘[01m[Kstd::unique_ptr<_Tp, _Dp>[m[K’
[1.732s]    28 |     final_position_ = *[01;36m[Kmsg[m[K;
[1.732s]       |                        [01;36m[K^~~[m[K
[1.733s] [01m[K/home/ulugbek/dev-ws/src/cube_movement/src/cube_movement_node.cpp:[m[K In member function ‘[01m[Kvoid CubeMovementNode::timerCallback()[m[K’:
[1.733s] [01m[K/home/ulugbek/dev-ws/src/cube_movement/src/cube_movement_node.cpp:36:29:[m[K [01;31m[Kerror: [m[Kno match for ‘[01m[Koperator![m[K’ (operand type is ‘[01m[Kgeometry_msgs::msg::Point[m[K’ {aka ‘[01m[Kgeometry_msgs::msg::Point_<std::allocator<void> >[m[K’})
[1.733s]    36 |     if (!final_position_ || [01;31m[K!initial_position_[m[K) {
[1.733s]       |                             [01;31m[K^~~~~~~~~~~~~~~~~~[m[K
[1.733s] [01m[K/home/ulugbek/dev-ws/src/cube_movement/src/cube_movement_node.cpp:36:29:[m[K [01;36m[Knote: [m[Kcandidate: ‘[01m[Koperator!(bool)[m[K’ <built-in>
[1.733s] [01m[K/home/ulugbek/dev-ws/src/cube_movement/src/cube_movement_node.cpp:36:29:[m[K [01;36m[Knote: [m[K  no known conversion for argument 1 from ‘[01m[Kgeometry_msgs::msg::Point[m[K’ {aka ‘[01m[Kgeometry_msgs::msg::Point_<std::allocator<void> >[m[K’} to ‘[01m[Kbool[m[K’
[1.733s] In file included from [01m[K/opt/ros/foxy/include/libstatistics_collector/moving_average_statistics/moving_average.hpp:30[m[K,
[1.733s]                  from [01m[K/opt/ros/foxy/include/libstatistics_collector/collector/collector.hpp:22[m[K,
[1.733s]                  from [01m[K/opt/ros/foxy/include/libstatistics_collector/topic_statistics_collector/topic_statistics_collector.hpp:24[m[K,
[1.733s]                  from [01m[K/opt/ros/foxy/include/libstatistics_collector/topic_statistics_collector/received_message_age.hpp:26[m[K,
[1.734s]                  from [01m[K/opt/ros/foxy/include/rclcpp/topic_statistics/subscription_topic_statistics.hpp:26[m[K,
[1.734s]                  from [01m[K/opt/ros/foxy/include/rclcpp/subscription.hpp:50[m[K,
[1.734s]                  from [01m[K/opt/ros/foxy/include/rclcpp/any_executable.hpp:25[m[K,
[1.734s]                  from [01m[K/opt/ros/foxy/include/rclcpp/memory_strategy.hpp:24[m[K,
[1.734s]                  from [01m[K/opt/ros/foxy/include/rclcpp/memory_strategies.hpp:18[m[K,
[1.734s]                  from [01m[K/opt/ros/foxy/include/rclcpp/executor_options.hpp:20[m[K,
[1.734s]                  from [01m[K/opt/ros/foxy/include/rclcpp/executor.hpp:33[m[K,
[1.734s]                  from [01m[K/opt/ros/foxy/include/rclcpp/executors/multi_threaded_executor.hpp:26[m[K,
[1.734s]                  from [01m[K/opt/ros/foxy/include/rclcpp/executors.hpp:21[m[K,
[1.734s]                  from [01m[K/opt/ros/foxy/include/rclcpp/rclcpp.hpp:146[m[K,
[1.734s]                  from [01m[K/home/ulugbek/dev-ws/src/cube_movement/src/cube_movement_node.cpp:4[m[K:
[1.734s] [01m[K/opt/ros/foxy/include/rcpputils/thread_safety_annotations.hpp:48:27:[m[K [01;36m[Knote: [m[Kcandidate: ‘[01m[Kconst std::mutex& operator!(const std::mutex&)[m[K’
[1.735s]    48 | inline const std::mutex & [01;36m[Koperator[m[K!(const std::mutex & a)
[1.735s]       |                           [01;36m[K^~~~~~~~[m[K
[1.735s] [01m[K/opt/ros/foxy/include/rcpputils/thread_safety_annotations.hpp:48:56:[m[K [01;36m[Knote: [m[K  no known conversion for argument 1 from ‘[01m[Kgeometry_msgs::msg::Point[m[K’ {aka ‘[01m[Kgeometry_msgs::msg::Point_<std::allocator<void> >[m[K’} to ‘[01m[Kconst std::mutex&[m[K’
[1.735s]    48 | inline const std::mutex & operator!([01;36m[Kconst std::mutex & a[m[K)
[1.735s]       |                                     [01;36m[K~~~~~~~~~~~~~~~~~~~^[m[K
[3.361s] make[2]: *** [CMakeFiles/cube_movement_node.dir/build.make:63: CMakeFiles/cube_movement_node.dir/src/cube_movement_node.cpp.o] Error 1
[3.361s] make[1]: *** [CMakeFiles/Makefile2:78: CMakeFiles/cube_movement_node.dir/all] Error 2
[3.361s] make: *** [Makefile:141: all] Error 2
[3.363s] Invoked command in '/home/ulugbek/dev-ws/src/build/cube_movement' returned '2': CMAKE_PREFIX_PATH=/home/ulugbek/dev-ws/install/velodyne_subscriber:/home/ulugbek/dev-ws/install/velodyne:/home/ulugbek/dev-ws/install/velodyne_pointcloud:/home/ulugbek/dev-ws/install/velodyne_driver:/home/ulugbek/dev-ws/install/velodyne_msgs:/home/ulugbek/dev-ws/install/velodyne_laserscan:/home/ulugbek/dev-ws/install/unity_robotics_demo:/home/ulugbek/dev-ws/install/ros_tcp_endpoint:/opt/ros/foxy:/home/ulugbek/dev-ws/install/unity_robotics_demo_msgs:/home/ulugbek/dev-ws/install/static_tf_publisher:/home/ulugbek/dev-ws/install/safe_landing:/home/ulugbek/dev-ws/install/my_package:/home/ulugbek/dev-ws/install/feature_extraction:/home/ulugbek/dev-ws/install/altitude_publisher CONDA_PROMPT_MODIFIER=(base) /usr/bin/cmake --build /home/ulugbek/dev-ws/src/build/cube_movement -- -j16 -l16
