[0.568s] Invoking command in '/home/ulugbek/dev-ws/src/build/unity_robotics_demo_msgs': CMAKE_PREFIX_PATH=/home/ulugbek/dev-ws/install/velodyne_subscriber:/home/ulugbek/dev-ws/install/velodyne:/home/ulugbek/dev-ws/install/velodyne_pointcloud:/home/ulugbek/dev-ws/install/velodyne_driver:/home/ulugbek/dev-ws/install/velodyne_msgs:/home/ulugbek/dev-ws/install/velodyne_laserscan:/home/ulugbek/dev-ws/install/unity_robotics_demo:/home/ulugbek/dev-ws/install/ros_tcp_endpoint:/opt/ros/foxy:/home/ulugbek/dev-ws/install/unity_robotics_demo_msgs:/home/ulugbek/dev-ws/install/static_tf_publisher:/home/ulugbek/dev-ws/install/safe_landing:/home/ulugbek/dev-ws/install/my_package:/home/ulugbek/dev-ws/install/feature_extraction:/home/ulugbek/dev-ws/install/altitude_publisher CONDA_PROMPT_MODIFIER=(base) /usr/bin/cmake --build /home/ulugbek/dev-ws/src/build/unity_robotics_demo_msgs -- -j16 -l16
[0.619s] [  7%] Built target unity_robotics_demo_msgs__cpp
[0.620s] [ 12%] Built target unity_robotics_demo_msgs__rosidl_generator_c
[0.644s] [ 43%] Built target unity_robotics_demo_msgs__rosidl_typesupport_introspection_cpp
[0.644s] [ 43%] Built target unity_robotics_demo_msgs__rosidl_typesupport_introspection_c
[0.647s] [ 45%] Built target unity_robotics_demo_msgs__rosidl_typesupport_c
[0.669s] [ 56%] Built target unity_robotics_demo_msgs__rosidl_typesupport_cpp
[0.673s] [ 67%] Built target unity_robotics_demo_msgs__rosidl_typesupport_fastrtps_cpp
[0.702s] [ 78%] Built target unity_robotics_demo_msgs__rosidl_typesupport_fastrtps_c
[0.724s] [ 78%] Built target unity_robotics_demo_msgs
[0.750s] [ 80%] Built target unity_robotics_demo_msgs__py
[0.771s] [ 89%] Built target unity_robotics_demo_msgs__python
[0.801s] [ 96%] Built target unity_robotics_demo_msgs__rosidl_typesupport_c__pyext
[0.805s] [ 96%] Built target unity_robotics_demo_msgs__rosidl_typesupport_introspection_c__pyext
[0.806s] [100%] Built target unity_robotics_demo_msgs__rosidl_typesupport_fastrtps_c__pyext
[0.920s] Invoked command in '/home/ulugbek/dev-ws/src/build/unity_robotics_demo_msgs' returned '0': CMAKE_PREFIX_PATH=/home/ulugbek/dev-ws/install/velodyne_subscriber:/home/ulugbek/dev-ws/install/velodyne:/home/ulugbek/dev-ws/install/velodyne_pointcloud:/home/ulugbek/dev-ws/install/velodyne_driver:/home/ulugbek/dev-ws/install/velodyne_msgs:/home/ulugbek/dev-ws/install/velodyne_laserscan:/home/ulugbek/dev-ws/install/unity_robotics_demo:/home/ulugbek/dev-ws/install/ros_tcp_endpoint:/opt/ros/foxy:/home/ulugbek/dev-ws/install/unity_robotics_demo_msgs:/home/ulugbek/dev-ws/install/static_tf_publisher:/home/ulugbek/dev-ws/install/safe_landing:/home/ulugbek/dev-ws/install/my_package:/home/ulugbek/dev-ws/install/feature_extraction:/home/ulugbek/dev-ws/install/altitude_publisher CONDA_PROMPT_MODIFIER=(base) /usr/bin/cmake --build /home/ulugbek/dev-ws/src/build/unity_robotics_demo_msgs -- -j16 -l16
[1.105s] Invoking command in '/home/ulugbek/dev-ws/src/build/unity_robotics_demo_msgs': CMAKE_PREFIX_PATH=/home/ulugbek/dev-ws/install/velodyne_subscriber:/home/ulugbek/dev-ws/install/velodyne:/home/ulugbek/dev-ws/install/velodyne_pointcloud:/home/ulugbek/dev-ws/install/velodyne_driver:/home/ulugbek/dev-ws/install/velodyne_msgs:/home/ulugbek/dev-ws/install/velodyne_laserscan:/home/ulugbek/dev-ws/install/unity_robotics_demo:/home/ulugbek/dev-ws/install/ros_tcp_endpoint:/opt/ros/foxy:/home/ulugbek/dev-ws/install/unity_robotics_demo_msgs:/home/ulugbek/dev-ws/install/static_tf_publisher:/home/ulugbek/dev-ws/install/safe_landing:/home/ulugbek/dev-ws/install/my_package:/home/ulugbek/dev-ws/install/feature_extraction:/home/ulugbek/dev-ws/install/altitude_publisher CONDA_PROMPT_MODIFIER=(base) /usr/bin/cmake --install /home/ulugbek/dev-ws/src/build/unity_robotics_demo_msgs
[1.150s] -- Install configuration: ""
[1.150s] -- Up-to-date: /home/ulugbek/dev-ws/src/install/unity_robotics_demo_msgs/share/ament_index/resource_index/rosidl_interfaces/unity_robotics_demo_msgs
[1.150s] -- Up-to-date: /home/ulugbek/dev-ws/src/install/unity_robotics_demo_msgs/include/unity_robotics_demo_msgs
[1.151s] -- Up-to-date: /home/ulugbek/dev-ws/src/install/unity_robotics_demo_msgs/include/unity_robotics_demo_msgs/srv
[1.151s] -- Up-to-date: /home/ulugbek/dev-ws/src/install/unity_robotics_demo_msgs/include/unity_robotics_demo_msgs/srv/object_pose_service.h
[1.151s] -- Up-to-date: /home/ulugbek/dev-ws/src/install/unity_robotics_demo_msgs/include/unity_robotics_demo_msgs/srv/position_service.h
[1.151s] -- Up-to-date: /home/ulugbek/dev-ws/src/install/unity_robotics_demo_msgs/include/unity_robotics_demo_msgs/srv/detail
[1.151s] -- Up-to-date: /home/ulugbek/dev-ws/src/install/unity_robotics_demo_msgs/include/unity_robotics_demo_msgs/srv/detail/object_pose_service__type_support.h
[1.151s] -- Up-to-date: /home/ulugbek/dev-ws/src/install/unity_robotics_demo_msgs/include/unity_robotics_demo_msgs/srv/detail/object_pose_service__functions.h
[1.151s] -- Up-to-date: /home/ulugbek/dev-ws/src/install/unity_robotics_demo_msgs/include/unity_robotics_demo_msgs/srv/detail/position_service__functions.c
[1.151s] -- Up-to-date: /home/ulugbek/dev-ws/src/install/unity_robotics_demo_msgs/include/unity_robotics_demo_msgs/srv/detail/position_service__struct.h
[1.151s] -- Up-to-date: /home/ulugbek/dev-ws/src/install/unity_robotics_demo_msgs/include/unity_robotics_demo_msgs/srv/detail/object_pose_service__functions.c
[1.151s] -- Up-to-date: /home/ulugbek/dev-ws/src/install/unity_robotics_demo_msgs/include/unity_robotics_demo_msgs/srv/detail/position_service__type_support.h
[1.151s] -- Up-to-date: /home/ulugbek/dev-ws/src/install/unity_robotics_demo_msgs/include/unity_robotics_demo_msgs/srv/detail/object_pose_service__struct.h
[1.152s] -- Up-to-date: /home/ulugbek/dev-ws/src/install/unity_robotics_demo_msgs/include/unity_robotics_demo_msgs/srv/detail/position_service__functions.h
[1.152s] -- Up-to-date: /home/ulugbek/dev-ws/src/install/unity_robotics_demo_msgs/include/unity_robotics_demo_msgs/msg
[1.152s] -- Up-to-date: /home/ulugbek/dev-ws/src/install/unity_robotics_demo_msgs/include/unity_robotics_demo_msgs/msg/unity_color.h
[1.152s] -- Up-to-date: /home/ulugbek/dev-ws/src/install/unity_robotics_demo_msgs/include/unity_robotics_demo_msgs/msg/pos_rot.h
[1.152s] -- Up-to-date: /home/ulugbek/dev-ws/src/install/unity_robotics_demo_msgs/include/unity_robotics_demo_msgs/msg/rosidl_generator_c__visibility_control.h
[1.152s] -- Up-to-date: /home/ulugbek/dev-ws/src/install/unity_robotics_demo_msgs/include/unity_robotics_demo_msgs/msg/detail
[1.152s] -- Up-to-date: /home/ulugbek/dev-ws/src/install/unity_robotics_demo_msgs/include/unity_robotics_demo_msgs/msg/detail/pos_rot__functions.c
[1.152s] -- Up-to-date: /home/ulugbek/dev-ws/src/install/unity_robotics_demo_msgs/include/unity_robotics_demo_msgs/msg/detail/pos_rot__type_support.h
[1.152s] -- Up-to-date: /home/ulugbek/dev-ws/src/install/unity_robotics_demo_msgs/include/unity_robotics_demo_msgs/msg/detail/pos_rot__struct.h
[1.152s] -- Up-to-date: /home/ulugbek/dev-ws/src/install/unity_robotics_demo_msgs/include/unity_robotics_demo_msgs/msg/detail/unity_color__type_support.h
[1.153s] -- Up-to-date: /home/ulugbek/dev-ws/src/install/unity_robotics_demo_msgs/include/unity_robotics_demo_msgs/msg/detail/unity_color__struct.h
[1.153s] -- Up-to-date: /home/ulugbek/dev-ws/src/install/unity_robotics_demo_msgs/include/unity_robotics_demo_msgs/msg/detail/unity_color__functions.h
[1.153s] -- Up-to-date: /home/ulugbek/dev-ws/src/install/unity_robotics_demo_msgs/include/unity_robotics_demo_msgs/msg/detail/pos_rot__functions.h
[1.153s] -- Up-to-date: /home/ulugbek/dev-ws/src/install/unity_robotics_demo_msgs/include/unity_robotics_demo_msgs/msg/detail/unity_color__functions.c
[1.153s] -- Up-to-date: /home/ulugbek/dev-ws/src/install/unity_robotics_demo_msgs/share/unity_robotics_demo_msgs/environment/library_path.sh
[1.153s] -- Up-to-date: /home/ulugbek/dev-ws/src/install/unity_robotics_demo_msgs/share/unity_robotics_demo_msgs/environment/library_path.dsv
[1.153s] -- Up-to-date: /home/ulugbek/dev-ws/src/install/unity_robotics_demo_msgs/lib/libunity_robotics_demo_msgs__rosidl_generator_c.so
[1.153s] -- Up-to-date: /home/ulugbek/dev-ws/src/install/unity_robotics_demo_msgs/include/unity_robotics_demo_msgs
[1.154s] -- Up-to-date: /home/ulugbek/dev-ws/src/install/unity_robotics_demo_msgs/include/unity_robotics_demo_msgs/srv
[1.154s] -- Up-to-date: /home/ulugbek/dev-ws/src/install/unity_robotics_demo_msgs/include/unity_robotics_demo_msgs/srv/detail
[1.154s] -- Up-to-date: /home/ulugbek/dev-ws/src/install/unity_robotics_demo_msgs/include/unity_robotics_demo_msgs/srv/detail/position_service__rosidl_typesupport_fastrtps_c.h
[1.154s] -- Up-to-date: /home/ulugbek/dev-ws/src/install/unity_robotics_demo_msgs/include/unity_robotics_demo_msgs/srv/detail/object_pose_service__rosidl_typesupport_fastrtps_c.h
[1.154s] -- Up-to-date: /home/ulugbek/dev-ws/src/install/unity_robotics_demo_msgs/include/unity_robotics_demo_msgs/msg
[1.154s] -- Up-to-date: /home/ulugbek/dev-ws/src/install/unity_robotics_demo_msgs/include/unity_robotics_demo_msgs/msg/rosidl_typesupport_fastrtps_c__visibility_control.h
[1.154s] -- Up-to-date: /home/ulugbek/dev-ws/src/install/unity_robotics_demo_msgs/include/unity_robotics_demo_msgs/msg/detail
[1.154s] -- Up-to-date: /home/ulugbek/dev-ws/src/install/unity_robotics_demo_msgs/include/unity_robotics_demo_msgs/msg/detail/unity_color__rosidl_typesupport_fastrtps_c.h
[1.154s] -- Up-to-date: /home/ulugbek/dev-ws/src/install/unity_robotics_demo_msgs/include/unity_robotics_demo_msgs/msg/detail/pos_rot__rosidl_typesupport_fastrtps_c.h
[1.154s] -- Up-to-date: /home/ulugbek/dev-ws/src/install/unity_robotics_demo_msgs/lib/libunity_robotics_demo_msgs__rosidl_typesupport_fastrtps_c.so
[1.154s] -- Up-to-date: /home/ulugbek/dev-ws/src/install/unity_robotics_demo_msgs/include/unity_robotics_demo_msgs
[1.155s] -- Up-to-date: /home/ulugbek/dev-ws/src/install/unity_robotics_demo_msgs/include/unity_robotics_demo_msgs/srv
[1.155s] -- Up-to-date: /home/ulugbek/dev-ws/src/install/unity_robotics_demo_msgs/include/unity_robotics_demo_msgs/srv/detail
[1.155s] -- Up-to-date: /home/ulugbek/dev-ws/src/install/unity_robotics_demo_msgs/include/unity_robotics_demo_msgs/srv/detail/object_pose_service__rosidl_typesupport_fastrtps_cpp.hpp
[1.155s] -- Up-to-date: /home/ulugbek/dev-ws/src/install/unity_robotics_demo_msgs/include/unity_robotics_demo_msgs/srv/detail/dds_fastrtps
[1.155s] -- Up-to-date: /home/ulugbek/dev-ws/src/install/unity_robotics_demo_msgs/include/unity_robotics_demo_msgs/srv/detail/position_service__rosidl_typesupport_fastrtps_cpp.hpp
[1.155s] -- Up-to-date: /home/ulugbek/dev-ws/src/install/unity_robotics_demo_msgs/include/unity_robotics_demo_msgs/msg
[1.155s] -- Up-to-date: /home/ulugbek/dev-ws/src/install/unity_robotics_demo_msgs/include/unity_robotics_demo_msgs/msg/rosidl_typesupport_fastrtps_cpp__visibility_control.h
[1.155s] -- Up-to-date: /home/ulugbek/dev-ws/src/install/unity_robotics_demo_msgs/include/unity_robotics_demo_msgs/msg/detail
[1.155s] -- Up-to-date: /home/ulugbek/dev-ws/src/install/unity_robotics_demo_msgs/include/unity_robotics_demo_msgs/msg/detail/unity_color__rosidl_typesupport_fastrtps_cpp.hpp
[1.155s] -- Up-to-date: /home/ulugbek/dev-ws/src/install/unity_robotics_demo_msgs/include/unity_robotics_demo_msgs/msg/detail/dds_fastrtps
[1.156s] -- Up-to-date: /home/ulugbek/dev-ws/src/install/unity_robotics_demo_msgs/include/unity_robotics_demo_msgs/msg/detail/pos_rot__rosidl_typesupport_fastrtps_cpp.hpp
[1.156s] -- Up-to-date: /home/ulugbek/dev-ws/src/install/unity_robotics_demo_msgs/lib/libunity_robotics_demo_msgs__rosidl_typesupport_fastrtps_cpp.so
[1.156s] -- Up-to-date: /home/ulugbek/dev-ws/src/install/unity_robotics_demo_msgs/include/unity_robotics_demo_msgs
[1.156s] -- Up-to-date: /home/ulugbek/dev-ws/src/install/unity_robotics_demo_msgs/include/unity_robotics_demo_msgs/srv
[1.156s] -- Up-to-date: /home/ulugbek/dev-ws/src/install/unity_robotics_demo_msgs/include/unity_robotics_demo_msgs/srv/detail
[1.156s] -- Up-to-date: /home/ulugbek/dev-ws/src/install/unity_robotics_demo_msgs/include/unity_robotics_demo_msgs/srv/detail/object_pose_service__rosidl_typesupport_introspection_c.h
[1.156s] -- Up-to-date: /home/ulugbek/dev-ws/src/install/unity_robotics_demo_msgs/include/unity_robotics_demo_msgs/srv/detail/object_pose_service__type_support.c
[1.156s] -- Up-to-date: /home/ulugbek/dev-ws/src/install/unity_robotics_demo_msgs/include/unity_robotics_demo_msgs/srv/detail/position_service__rosidl_typesupport_introspection_c.h
[1.156s] -- Up-to-date: /home/ulugbek/dev-ws/src/install/unity_robotics_demo_msgs/include/unity_robotics_demo_msgs/srv/detail/position_service__type_support.c
[1.156s] -- Up-to-date: /home/ulugbek/dev-ws/src/install/unity_robotics_demo_msgs/include/unity_robotics_demo_msgs/msg
[1.156s] -- Up-to-date: /home/ulugbek/dev-ws/src/install/unity_robotics_demo_msgs/include/unity_robotics_demo_msgs/msg/rosidl_typesupport_introspection_c__visibility_control.h
[1.156s] -- Up-to-date: /home/ulugbek/dev-ws/src/install/unity_robotics_demo_msgs/include/unity_robotics_demo_msgs/msg/detail
[1.156s] -- Up-to-date: /home/ulugbek/dev-ws/src/install/unity_robotics_demo_msgs/include/unity_robotics_demo_msgs/msg/detail/pos_rot__rosidl_typesupport_introspection_c.h
[1.157s] -- Up-to-date: /home/ulugbek/dev-ws/src/install/unity_robotics_demo_msgs/include/unity_robotics_demo_msgs/msg/detail/unity_color__rosidl_typesupport_introspection_c.h
[1.157s] -- Up-to-date: /home/ulugbek/dev-ws/src/install/unity_robotics_demo_msgs/include/unity_robotics_demo_msgs/msg/detail/unity_color__type_support.c
[1.157s] -- Up-to-date: /home/ulugbek/dev-ws/src/install/unity_robotics_demo_msgs/include/unity_robotics_demo_msgs/msg/detail/pos_rot__type_support.c
[1.157s] -- Up-to-date: /home/ulugbek/dev-ws/src/install/unity_robotics_demo_msgs/lib/libunity_robotics_demo_msgs__rosidl_typesupport_introspection_c.so
[1.157s] -- Up-to-date: /home/ulugbek/dev-ws/src/install/unity_robotics_demo_msgs/lib/libunity_robotics_demo_msgs__rosidl_typesupport_c.so
[1.157s] -- Up-to-date: /home/ulugbek/dev-ws/src/install/unity_robotics_demo_msgs/include/unity_robotics_demo_msgs
[1.157s] -- Up-to-date: /home/ulugbek/dev-ws/src/install/unity_robotics_demo_msgs/include/unity_robotics_demo_msgs/srv
[1.157s] -- Up-to-date: /home/ulugbek/dev-ws/src/install/unity_robotics_demo_msgs/include/unity_robotics_demo_msgs/srv/position_service.hpp
[1.157s] -- Up-to-date: /home/ulugbek/dev-ws/src/install/unity_robotics_demo_msgs/include/unity_robotics_demo_msgs/srv/object_pose_service.hpp
[1.157s] -- Up-to-date: /home/ulugbek/dev-ws/src/install/unity_robotics_demo_msgs/include/unity_robotics_demo_msgs/srv/detail
[1.157s] -- Up-to-date: /home/ulugbek/dev-ws/src/install/unity_robotics_demo_msgs/include/unity_robotics_demo_msgs/srv/detail/object_pose_service__struct.hpp
[1.157s] -- Up-to-date: /home/ulugbek/dev-ws/src/install/unity_robotics_demo_msgs/include/unity_robotics_demo_msgs/srv/detail/object_pose_service__builder.hpp
[1.157s] -- Up-to-date: /home/ulugbek/dev-ws/src/install/unity_robotics_demo_msgs/include/unity_robotics_demo_msgs/srv/detail/object_pose_service__traits.hpp
[1.157s] -- Up-to-date: /home/ulugbek/dev-ws/src/install/unity_robotics_demo_msgs/include/unity_robotics_demo_msgs/srv/detail/position_service__traits.hpp
[1.157s] -- Up-to-date: /home/ulugbek/dev-ws/src/install/unity_robotics_demo_msgs/include/unity_robotics_demo_msgs/srv/detail/position_service__builder.hpp
[1.158s] -- Up-to-date: /home/ulugbek/dev-ws/src/install/unity_robotics_demo_msgs/include/unity_robotics_demo_msgs/srv/detail/position_service__struct.hpp
[1.158s] -- Up-to-date: /home/ulugbek/dev-ws/src/install/unity_robotics_demo_msgs/include/unity_robotics_demo_msgs/msg
[1.158s] -- Up-to-date: /home/ulugbek/dev-ws/src/install/unity_robotics_demo_msgs/include/unity_robotics_demo_msgs/msg/unity_color.hpp
[1.158s] -- Up-to-date: /home/ulugbek/dev-ws/src/install/unity_robotics_demo_msgs/include/unity_robotics_demo_msgs/msg/pos_rot.hpp
[1.158s] -- Up-to-date: /home/ulugbek/dev-ws/src/install/unity_robotics_demo_msgs/include/unity_robotics_demo_msgs/msg/detail
[1.158s] -- Up-to-date: /home/ulugbek/dev-ws/src/install/unity_robotics_demo_msgs/include/unity_robotics_demo_msgs/msg/detail/pos_rot__struct.hpp
[1.158s] -- Up-to-date: /home/ulugbek/dev-ws/src/install/unity_robotics_demo_msgs/include/unity_robotics_demo_msgs/msg/detail/unity_color__traits.hpp
[1.158s] -- Up-to-date: /home/ulugbek/dev-ws/src/install/unity_robotics_demo_msgs/include/unity_robotics_demo_msgs/msg/detail/unity_color__builder.hpp
[1.158s] -- Up-to-date: /home/ulugbek/dev-ws/src/install/unity_robotics_demo_msgs/include/unity_robotics_demo_msgs/msg/detail/pos_rot__traits.hpp
[1.158s] -- Up-to-date: /home/ulugbek/dev-ws/src/install/unity_robotics_demo_msgs/include/unity_robotics_demo_msgs/msg/detail/pos_rot__builder.hpp
[1.158s] -- Up-to-date: /home/ulugbek/dev-ws/src/install/unity_robotics_demo_msgs/include/unity_robotics_demo_msgs/msg/detail/unity_color__struct.hpp
[1.158s] -- Up-to-date: /home/ulugbek/dev-ws/src/install/unity_robotics_demo_msgs/include/unity_robotics_demo_msgs
[1.158s] -- Up-to-date: /home/ulugbek/dev-ws/src/install/unity_robotics_demo_msgs/include/unity_robotics_demo_msgs/srv
[1.159s] -- Up-to-date: /home/ulugbek/dev-ws/src/install/unity_robotics_demo_msgs/include/unity_robotics_demo_msgs/srv/detail
[1.159s] -- Up-to-date: /home/ulugbek/dev-ws/src/install/unity_robotics_demo_msgs/include/unity_robotics_demo_msgs/srv/detail/position_service__rosidl_typesupport_introspection_cpp.hpp
[1.159s] -- Up-to-date: /home/ulugbek/dev-ws/src/install/unity_robotics_demo_msgs/include/unity_robotics_demo_msgs/srv/detail/position_service__type_support.cpp
[1.159s] -- Up-to-date: /home/ulugbek/dev-ws/src/install/unity_robotics_demo_msgs/include/unity_robotics_demo_msgs/srv/detail/object_pose_service__rosidl_typesupport_introspection_cpp.hpp
[1.159s] -- Up-to-date: /home/ulugbek/dev-ws/src/install/unity_robotics_demo_msgs/include/unity_robotics_demo_msgs/srv/detail/object_pose_service__type_support.cpp
[1.159s] -- Up-to-date: /home/ulugbek/dev-ws/src/install/unity_robotics_demo_msgs/include/unity_robotics_demo_msgs/msg
[1.159s] -- Up-to-date: /home/ulugbek/dev-ws/src/install/unity_robotics_demo_msgs/include/unity_robotics_demo_msgs/msg/detail
[1.159s] -- Up-to-date: /home/ulugbek/dev-ws/src/install/unity_robotics_demo_msgs/include/unity_robotics_demo_msgs/msg/detail/unity_color__rosidl_typesupport_introspection_cpp.hpp
[1.159s] -- Up-to-date: /home/ulugbek/dev-ws/src/install/unity_robotics_demo_msgs/include/unity_robotics_demo_msgs/msg/detail/unity_color__type_support.cpp
[1.159s] -- Up-to-date: /home/ulugbek/dev-ws/src/install/unity_robotics_demo_msgs/include/unity_robotics_demo_msgs/msg/detail/pos_rot__rosidl_typesupport_introspection_cpp.hpp
[1.159s] -- Up-to-date: /home/ulugbek/dev-ws/src/install/unity_robotics_demo_msgs/include/unity_robotics_demo_msgs/msg/detail/pos_rot__type_support.cpp
[1.159s] -- Up-to-date: /home/ulugbek/dev-ws/src/install/unity_robotics_demo_msgs/lib/libunity_robotics_demo_msgs__rosidl_typesupport_introspection_cpp.so
[1.159s] -- Up-to-date: /home/ulugbek/dev-ws/src/install/unity_robotics_demo_msgs/lib/libunity_robotics_demo_msgs__rosidl_typesupport_cpp.so
[1.159s] -- Up-to-date: /home/ulugbek/dev-ws/src/install/unity_robotics_demo_msgs/share/unity_robotics_demo_msgs/environment/pythonpath.sh
[1.160s] -- Up-to-date: /home/ulugbek/dev-ws/src/install/unity_robotics_demo_msgs/share/unity_robotics_demo_msgs/environment/pythonpath.dsv
[1.160s] -- Up-to-date: /home/ulugbek/dev-ws/src/install/unity_robotics_demo_msgs/lib/python3.9/site-packages/unity_robotics_demo_msgs/__init__.py
[1.171s] -- Up-to-date: /home/ulugbek/dev-ws/src/install/unity_robotics_demo_msgs/lib/python3.9/site-packages/unity_robotics_demo_msgs/msg
[1.171s] -- Up-to-date: /home/ulugbek/dev-ws/src/install/unity_robotics_demo_msgs/lib/python3.9/site-packages/unity_robotics_demo_msgs/msg/_unity_color.py
[1.172s] -- Up-to-date: /home/ulugbek/dev-ws/src/install/unity_robotics_demo_msgs/lib/python3.9/site-packages/unity_robotics_demo_msgs/msg/__init__.py
[1.172s] -- Up-to-date: /home/ulugbek/dev-ws/src/install/unity_robotics_demo_msgs/lib/python3.9/site-packages/unity_robotics_demo_msgs/msg/_pos_rot.py
[1.172s] -- Up-to-date: /home/ulugbek/dev-ws/src/install/unity_robotics_demo_msgs/lib/python3.9/site-packages/unity_robotics_demo_msgs/msg/_unity_color_s.c
[1.182s] -- Up-to-date: /home/ulugbek/dev-ws/src/install/unity_robotics_demo_msgs/lib/python3.9/site-packages/unity_robotics_demo_msgs/msg/_pos_rot_s.c
[1.182s] -- Up-to-date: /home/ulugbek/dev-ws/src/install/unity_robotics_demo_msgs/lib/python3.9/site-packages/unity_robotics_demo_msgs/srv
[1.183s] -- Up-to-date: /home/ulugbek/dev-ws/src/install/unity_robotics_demo_msgs/lib/python3.9/site-packages/unity_robotics_demo_msgs/srv/_object_pose_service_s.c
[1.183s] -- Up-to-date: /home/ulugbek/dev-ws/src/install/unity_robotics_demo_msgs/lib/python3.9/site-packages/unity_robotics_demo_msgs/srv/__init__.py
[1.183s] -- Up-to-date: /home/ulugbek/dev-ws/src/install/unity_robotics_demo_msgs/lib/python3.9/site-packages/unity_robotics_demo_msgs/srv/_object_pose_service.py
[1.183s] -- Up-to-date: /home/ulugbek/dev-ws/src/install/unity_robotics_demo_msgs/lib/python3.9/site-packages/unity_robotics_demo_msgs/srv/_position_service.py
[1.183s] -- Up-to-date: /home/ulugbek/dev-ws/src/install/unity_robotics_demo_msgs/lib/python3.9/site-packages/unity_robotics_demo_msgs/srv/_position_service_s.c
[1.183s] -- Up-to-date: /home/ulugbek/dev-ws/src/install/unity_robotics_demo_msgs/lib/python3.9/site-packages/unity_robotics_demo_msgs/unity_robotics_demo_msgs_s__rosidl_typesupport_fastrtps_c.cpython-39-x86_64-linux-gnu.so
[1.183s] -- Up-to-date: /home/ulugbek/dev-ws/src/install/unity_robotics_demo_msgs/lib/python3.9/site-packages/unity_robotics_demo_msgs/unity_robotics_demo_msgs_s__rosidl_typesupport_introspection_c.cpython-39-x86_64-linux-gnu.so
[1.184s] -- Up-to-date: /home/ulugbek/dev-ws/src/install/unity_robotics_demo_msgs/lib/python3.9/site-packages/unity_robotics_demo_msgs/unity_robotics_demo_msgs_s__rosidl_typesupport_c.cpython-39-x86_64-linux-gnu.so
[1.184s] -- Up-to-date: /home/ulugbek/dev-ws/src/install/unity_robotics_demo_msgs/lib/libunity_robotics_demo_msgs__python.so
[1.184s] -- Up-to-date: /home/ulugbek/dev-ws/src/install/unity_robotics_demo_msgs/share/unity_robotics_demo_msgs/msg/PosRot.idl
[1.184s] -- Up-to-date: /home/ulugbek/dev-ws/src/install/unity_robotics_demo_msgs/share/unity_robotics_demo_msgs/msg/UnityColor.idl
[1.184s] -- Up-to-date: /home/ulugbek/dev-ws/src/install/unity_robotics_demo_msgs/share/unity_robotics_demo_msgs/srv/PositionService.idl
[1.184s] -- Up-to-date: /home/ulugbek/dev-ws/src/install/unity_robotics_demo_msgs/share/unity_robotics_demo_msgs/srv/ObjectPoseService.idl
[1.184s] -- Up-to-date: /home/ulugbek/dev-ws/src/install/unity_robotics_demo_msgs/share/unity_robotics_demo_msgs/msg/PosRot.msg
[1.184s] -- Up-to-date: /home/ulugbek/dev-ws/src/install/unity_robotics_demo_msgs/share/unity_robotics_demo_msgs/msg/UnityColor.msg
[1.184s] -- Up-to-date: /home/ulugbek/dev-ws/src/install/unity_robotics_demo_msgs/share/unity_robotics_demo_msgs/srv/PositionService.srv
[1.184s] -- Up-to-date: /home/ulugbek/dev-ws/src/install/unity_robotics_demo_msgs/share/unity_robotics_demo_msgs/srv/PositionService_Request.msg
[1.184s] -- Up-to-date: /home/ulugbek/dev-ws/src/install/unity_robotics_demo_msgs/share/unity_robotics_demo_msgs/srv/PositionService_Response.msg
[1.185s] -- Up-to-date: /home/ulugbek/dev-ws/src/install/unity_robotics_demo_msgs/share/unity_robotics_demo_msgs/srv/ObjectPoseService.srv
[1.185s] -- Up-to-date: /home/ulugbek/dev-ws/src/install/unity_robotics_demo_msgs/share/unity_robotics_demo_msgs/srv/ObjectPoseService_Request.msg
[1.185s] -- Up-to-date: /home/ulugbek/dev-ws/src/install/unity_robotics_demo_msgs/share/unity_robotics_demo_msgs/srv/ObjectPoseService_Response.msg
[1.185s] -- Up-to-date: /home/ulugbek/dev-ws/src/install/unity_robotics_demo_msgs/share/ament_index/resource_index/package_run_dependencies/unity_robotics_demo_msgs
[1.185s] -- Up-to-date: /home/ulugbek/dev-ws/src/install/unity_robotics_demo_msgs/share/ament_index/resource_index/parent_prefix_path/unity_robotics_demo_msgs
[1.185s] -- Up-to-date: /home/ulugbek/dev-ws/src/install/unity_robotics_demo_msgs/share/unity_robotics_demo_msgs/environment/ament_prefix_path.sh
[1.185s] -- Up-to-date: /home/ulugbek/dev-ws/src/install/unity_robotics_demo_msgs/share/unity_robotics_demo_msgs/environment/ament_prefix_path.dsv
[1.185s] -- Up-to-date: /home/ulugbek/dev-ws/src/install/unity_robotics_demo_msgs/share/unity_robotics_demo_msgs/environment/path.sh
[1.185s] -- Up-to-date: /home/ulugbek/dev-ws/src/install/unity_robotics_demo_msgs/share/unity_robotics_demo_msgs/environment/path.dsv
[1.185s] -- Up-to-date: /home/ulugbek/dev-ws/src/install/unity_robotics_demo_msgs/share/unity_robotics_demo_msgs/local_setup.bash
[1.185s] -- Up-to-date: /home/ulugbek/dev-ws/src/install/unity_robotics_demo_msgs/share/unity_robotics_demo_msgs/local_setup.sh
[1.185s] -- Up-to-date: /home/ulugbek/dev-ws/src/install/unity_robotics_demo_msgs/share/unity_robotics_demo_msgs/local_setup.zsh
[1.185s] -- Up-to-date: /home/ulugbek/dev-ws/src/install/unity_robotics_demo_msgs/share/unity_robotics_demo_msgs/local_setup.dsv
[1.186s] -- Installing: /home/ulugbek/dev-ws/src/install/unity_robotics_demo_msgs/share/unity_robotics_demo_msgs/package.dsv
[1.186s] -- Up-to-date: /home/ulugbek/dev-ws/src/install/unity_robotics_demo_msgs/share/ament_index/resource_index/packages/unity_robotics_demo_msgs
[1.186s] -- Up-to-date: /home/ulugbek/dev-ws/src/install/unity_robotics_demo_msgs/share/unity_robotics_demo_msgs/cmake/unity_robotics_demo_msgs__rosidl_generator_cExport.cmake
[1.186s] -- Up-to-date: /home/ulugbek/dev-ws/src/install/unity_robotics_demo_msgs/share/unity_robotics_demo_msgs/cmake/unity_robotics_demo_msgs__rosidl_generator_cExport-noconfig.cmake
[1.186s] -- Up-to-date: /home/ulugbek/dev-ws/src/install/unity_robotics_demo_msgs/share/unity_robotics_demo_msgs/cmake/unity_robotics_demo_msgs__rosidl_typesupport_introspection_cExport.cmake
[1.186s] -- Up-to-date: /home/ulugbek/dev-ws/src/install/unity_robotics_demo_msgs/share/unity_robotics_demo_msgs/cmake/unity_robotics_demo_msgs__rosidl_typesupport_introspection_cExport-noconfig.cmake
[1.186s] -- Up-to-date: /home/ulugbek/dev-ws/src/install/unity_robotics_demo_msgs/share/unity_robotics_demo_msgs/cmake/unity_robotics_demo_msgs__rosidl_typesupport_cExport.cmake
[1.186s] -- Up-to-date: /home/ulugbek/dev-ws/src/install/unity_robotics_demo_msgs/share/unity_robotics_demo_msgs/cmake/unity_robotics_demo_msgs__rosidl_typesupport_cExport-noconfig.cmake
[1.186s] -- Up-to-date: /home/ulugbek/dev-ws/src/install/unity_robotics_demo_msgs/share/unity_robotics_demo_msgs/cmake/unity_robotics_demo_msgs__rosidl_generator_cppExport.cmake
[1.186s] -- Up-to-date: /home/ulugbek/dev-ws/src/install/unity_robotics_demo_msgs/share/unity_robotics_demo_msgs/cmake/unity_robotics_demo_msgs__rosidl_typesupport_introspection_cppExport.cmake
[1.186s] -- Up-to-date: /home/ulugbek/dev-ws/src/install/unity_robotics_demo_msgs/share/unity_robotics_demo_msgs/cmake/unity_robotics_demo_msgs__rosidl_typesupport_introspection_cppExport-noconfig.cmake
[1.186s] -- Up-to-date: /home/ulugbek/dev-ws/src/install/unity_robotics_demo_msgs/share/unity_robotics_demo_msgs/cmake/unity_robotics_demo_msgs__rosidl_typesupport_cppExport.cmake
[1.186s] -- Up-to-date: /home/ulugbek/dev-ws/src/install/unity_robotics_demo_msgs/share/unity_robotics_demo_msgs/cmake/unity_robotics_demo_msgs__rosidl_typesupport_cppExport-noconfig.cmake
[1.187s] -- Up-to-date: /home/ulugbek/dev-ws/src/install/unity_robotics_demo_msgs/share/unity_robotics_demo_msgs/cmake/rosidl_cmake-extras.cmake
[1.187s] -- Up-to-date: /home/ulugbek/dev-ws/src/install/unity_robotics_demo_msgs/share/unity_robotics_demo_msgs/cmake/ament_cmake_export_dependencies-extras.cmake
[1.187s] -- Up-to-date: /home/ulugbek/dev-ws/src/install/unity_robotics_demo_msgs/share/unity_robotics_demo_msgs/cmake/ament_cmake_export_libraries-extras.cmake
[1.187s] -- Up-to-date: /home/ulugbek/dev-ws/src/install/unity_robotics_demo_msgs/share/unity_robotics_demo_msgs/cmake/ament_cmake_export_targets-extras.cmake
[1.187s] -- Up-to-date: /home/ulugbek/dev-ws/src/install/unity_robotics_demo_msgs/share/unity_robotics_demo_msgs/cmake/ament_cmake_export_include_directories-extras.cmake
[1.187s] -- Up-to-date: /home/ulugbek/dev-ws/src/install/unity_robotics_demo_msgs/share/unity_robotics_demo_msgs/cmake/rosidl_cmake_export_typesupport_libraries-extras.cmake
[1.187s] -- Up-to-date: /home/ulugbek/dev-ws/src/install/unity_robotics_demo_msgs/share/unity_robotics_demo_msgs/cmake/rosidl_cmake_export_typesupport_targets-extras.cmake
[1.187s] -- Up-to-date: /home/ulugbek/dev-ws/src/install/unity_robotics_demo_msgs/share/unity_robotics_demo_msgs/cmake/unity_robotics_demo_msgsConfig.cmake
[1.187s] -- Up-to-date: /home/ulugbek/dev-ws/src/install/unity_robotics_demo_msgs/share/unity_robotics_demo_msgs/cmake/unity_robotics_demo_msgsConfig-version.cmake
[1.187s] -- Up-to-date: /home/ulugbek/dev-ws/src/install/unity_robotics_demo_msgs/share/unity_robotics_demo_msgs/package.xml
[1.230s] Invoked command in '/home/ulugbek/dev-ws/src/build/unity_robotics_demo_msgs' returned '0': CMAKE_PREFIX_PATH=/home/ulugbek/dev-ws/install/velodyne_subscriber:/home/ulugbek/dev-ws/install/velodyne:/home/ulugbek/dev-ws/install/velodyne_pointcloud:/home/ulugbek/dev-ws/install/velodyne_driver:/home/ulugbek/dev-ws/install/velodyne_msgs:/home/ulugbek/dev-ws/install/velodyne_laserscan:/home/ulugbek/dev-ws/install/unity_robotics_demo:/home/ulugbek/dev-ws/install/ros_tcp_endpoint:/opt/ros/foxy:/home/ulugbek/dev-ws/install/unity_robotics_demo_msgs:/home/ulugbek/dev-ws/install/static_tf_publisher:/home/ulugbek/dev-ws/install/safe_landing:/home/ulugbek/dev-ws/install/my_package:/home/ulugbek/dev-ws/install/feature_extraction:/home/ulugbek/dev-ws/install/altitude_publisher CONDA_PROMPT_MODIFIER=(base) /usr/bin/cmake --install /home/ulugbek/dev-ws/src/build/unity_robotics_demo_msgs
