[0.224s] Invoking command in '/home/ulugbek/dev-ws/src/build/static_tf_publisher': CONDA_PROMPT_MODIFIER=(base) /usr/bin/cmake /home/ulugbek/dev-ws/src/static_tf_publisher -DCMAKE_INSTALL_PREFIX=/home/ulugbek/dev-ws/src/install/static_tf_publisher
[0.298s] -- The C compiler identification is GNU 9.4.0
[0.359s] -- The CXX compiler identification is GNU 9.4.0
[0.362s] -- Check for working C compiler: /usr/bin/cc
[0.414s] -- Check for working C compiler: /usr/bin/cc -- works
[0.415s] -- Detecting C compiler ABI info
[0.471s] -- Detecting C compiler ABI info - done
[0.486s] -- Detecting C compile features
[0.487s] -- Detecting C compile features - done
[0.487s] -- Check for working CXX compiler: /usr/bin/c++
[0.556s] -- Check for working CXX compiler: /usr/bin/c++ -- works
[0.557s] -- Detecting CXX compiler ABI info
[0.625s] -- Detecting CXX compiler ABI info - done
[0.642s] -- Detecting CXX compile features
[0.642s] -- Detecting CXX compile features - done
[0.643s] -- Found ament_cmake: 0.9.11 (/opt/ros/foxy/share/ament_cmake/cmake)
[0.678s] -- Found PythonInterp: /home/ulugbek/anaconda3/bin/python3 (found suitable version "3.9.12", minimum required is "3") 
[0.678s] -- Using PYTHON_EXECUTABLE: /home/ulugbek/anaconda3/bin/python3
[0.942s] -- Found rclcpp: 2.4.2 (/opt/ros/foxy/share/rclcpp/cmake)
[1.010s] -- Using all available rosidl_typesupport_c: rosidl_typesupport_fastrtps_c;rosidl_typesupport_introspection_c
[1.010s] -- Found rosidl_adapter: 1.3.0 (/opt/ros/foxy/share/rosidl_adapter/cmake)
[1.087s] -- Found OpenSSL: /usr/lib/x86_64-linux-gnu/libcrypto.so (found version "1.1.1f")  
[1.110s] -- Found FastRTPS: /opt/ros/foxy/include  
[1.186s] -- Using all available rosidl_typesupport_cpp: rosidl_typesupport_fastrtps_cpp;rosidl_typesupport_introspection_cpp
[1.224s] -- Found rmw_implementation_cmake: 1.0.3 (/opt/ros/foxy/share/rmw_implementation_cmake/cmake)
[1.225s] -- Using RMW implementation 'rmw_fastrtps_cpp' as default
[1.225s] -- Looking for pthread.h
[1.282s] -- Looking for pthread.h - found
[1.282s] -- Performing Test CMAKE_HAVE_LIBC_PTHREAD
[1.341s] -- Performing Test CMAKE_HAVE_LIBC_PTHREAD - Failed
[1.342s] -- Looking for pthread_create in pthreads
[1.385s] -- Looking for pthread_create in pthreads - not found
[1.386s] -- Looking for pthread_create in pthread
[1.442s] -- Looking for pthread_create in pthread - found
[1.443s] -- Found Threads: TRUE  
[1.564s] -- Found tf2_ros: 0.13.13 (/opt/ros/foxy/share/tf2_ros/cmake)
[1.882s] -- Found tf2_sensor_msgs: 0.13.13 (/opt/ros/foxy/share/tf2_sensor_msgs/cmake)
[1.981s] -- Found ament_lint_auto: 0.9.7 (/opt/ros/foxy/share/ament_lint_auto/cmake)
[2.067s] Error parsing '/home/ulugbek/dev-ws/src/static_tf_publisher/package.xml':
[2.067s] Traceback (most recent call last):
[2.067s]   File "/opt/ros/foxy/share/ament_cmake_core/cmake/core/package_xml_2_cmake.py", line 143, in <module>
[2.067s]     main()
[2.067s]   File "/opt/ros/foxy/share/ament_cmake_core/cmake/core/package_xml_2_cmake.py", line 52, in main
[2.067s]     raise e
[2.067s]   File "/opt/ros/foxy/share/ament_cmake_core/cmake/core/package_xml_2_cmake.py", line 48, in main
[2.068s]     package = parse_package_string(
[2.068s]   File "/home/ulugbek/anaconda3/lib/python3.9/site-packages/catkin_pkg/package.py", line 786, in parse_package_string
[2.068s]     raise InvalidPackage('Error(s):%s' % (''.join(['\n- %s' % e for e in errors])), filename)
[2.068s] catkin_pkg.package.InvalidPackage: Error(s) in package '/home/ulugbek/dev-ws/src/static_tf_publisher/package.xml':
[2.068s] Error(s):
[2.068s] - The generic dependency on 'rclcpp' is redundant with: exec_depend
[2.068s] - The generic dependency on 'tf2_ros' is redundant with: exec_depend
[2.068s] - The generic dependency on 'tf2_sensor_msgs' is redundant with: exec_depend
[2.068s] - The generic dependency on 'sensor_msgs' is redundant with: exec_depend
[2.068s] - The generic dependency on 'geometry_msgs' is redundant with: exec_depend
[2.074s] CMake Error at /opt/ros/foxy/share/ament_cmake_core/cmake/core/ament_package_xml.cmake:94 (message):
[2.074s]   execute_process(/home/ulugbek/anaconda3/bin/python3
[2.074s]   /opt/ros/foxy/share/ament_cmake_core/cmake/core/package_xml_2_cmake.py
[2.074s]   /home/ulugbek/dev-ws/src/static_tf_publisher/package.xml
[2.074s]   /home/ulugbek/dev-ws/src/build/static_tf_publisher/ament_cmake_core/package.cmake)
[2.074s]   returned error code 1
[2.075s] Call Stack (most recent call first):
[2.075s]   /opt/ros/foxy/share/ament_cmake_core/cmake/core/ament_package_xml.cmake:49 (_ament_package_xml)
[2.075s]   /opt/ros/foxy/share/ament_lint_auto/cmake/ament_lint_auto_find_test_dependencies.cmake:31 (ament_package_xml)
[2.075s]   CMakeLists.txt:47 (ament_lint_auto_find_test_dependencies)
[2.075s] 
[2.075s] 
[2.076s] -- Configuring incomplete, errors occurred!
[2.076s] See also "/home/ulugbek/dev-ws/src/build/static_tf_publisher/CMakeFiles/CMakeOutput.log".
[2.076s] See also "/home/ulugbek/dev-ws/src/build/static_tf_publisher/CMakeFiles/CMakeError.log".
[2.083s] Invoked command in '/home/ulugbek/dev-ws/src/build/static_tf_publisher' returned '1': CONDA_PROMPT_MODIFIER=(base) /usr/bin/cmake /home/ulugbek/dev-ws/src/static_tf_publisher -DCMAKE_INSTALL_PREFIX=/home/ulugbek/dev-ws/src/install/static_tf_publisher
