[0.363s] DEBUG:colcon:Command line arguments: ['/home/ulugbek/.local/bin/colcon', 'build']
[0.363s] DEBUG:colcon:Parsed command line arguments: Namespace(allow_overriding=[], ament_cmake_args=None, base_paths=['.'], build_base='build', catkin_cmake_args=None, catkin_skip_building_tests=False, cmake_args=None, cmake_clean_cache=False, cmake_clean_first=False, cmake_force_configure=False, cmake_target=None, cmake_target_skip_unavailable=False, continue_on_error=False, event_handlers=None, executor='parallel', ignore_user_meta=False, install_base='install', log_base=None, log_level=None, main=<bound method BuildVerb.main of <colcon_core.verb.build.BuildVerb object at 0x7fa5827e86d0>>, merge_install=False, metas=['./colcon.meta'], packages_above=None, packages_above_and_dependencies=None, packages_above_depth=None, packages_end=None, packages_ignore=None, packages_ignore_regex=None, packages_select=None, packages_select_build_failed=False, packages_select_by_dep=None, packages_select_regex=None, packages_select_test_failures=False, packages_skip=None, packages_skip_build_finished=False, packages_skip_by_dep=None, packages_skip_regex=None, packages_skip_test_passed=False, packages_skip_up_to=None, packages_start=None, packages_up_to=None, packages_up_to_regex=None, parallel_workers=16, paths=None, symlink_install=False, test_result_base=None, verb_extension=<colcon_core.verb.build.BuildVerb object at 0x7fa5827e86d0>, verb_name='build', verb_parser=<colcon_defaults.argument_parser.defaults.DefaultArgumentsDecorator object at 0x7fa5827e8c10>)
[0.385s] Level 1:colcon.colcon_core.package_discovery:discover_packages(colcon_meta) check parameters
[0.385s] Level 1:colcon.colcon_core.package_discovery:discover_packages(recursive) check parameters
[0.385s] Level 1:colcon.colcon_core.package_discovery:discover_packages(ignore) check parameters
[0.385s] Level 1:colcon.colcon_core.package_discovery:discover_packages(path) check parameters
[0.385s] Level 1:colcon.colcon_core.package_discovery:discover_packages(colcon_meta) discover
[0.385s] Level 1:colcon.colcon_core.package_discovery:discover_packages(recursive) discover
[0.385s] INFO:colcon.colcon_core.package_discovery:Crawling recursively for packages in '/home/ulugbek/dev-ws/src'
[0.385s] Level 1:colcon.colcon_core.package_identification:_identify(.) by extensions ['ignore', 'ignore_ament_install']
[0.385s] Level 1:colcon.colcon_core.package_identification:_identify(.) by extension 'ignore'
[0.385s] Level 1:colcon.colcon_core.package_identification:_identify(.) by extension 'ignore_ament_install'
[0.385s] Level 1:colcon.colcon_core.package_identification:_identify(.) by extensions ['colcon_pkg']
[0.385s] Level 1:colcon.colcon_core.package_identification:_identify(.) by extension 'colcon_pkg'
[0.385s] Level 1:colcon.colcon_core.package_identification:_identify(.) by extensions ['colcon_meta']
[0.385s] Level 1:colcon.colcon_core.package_identification:_identify(.) by extension 'colcon_meta'
[0.385s] Level 1:colcon.colcon_core.package_identification:_identify(.) by extensions ['ros']
[0.385s] Level 1:colcon.colcon_core.package_identification:_identify(.) by extension 'ros'
[0.393s] Level 1:colcon.colcon_core.package_identification:_identify(.) by extensions ['cmake', 'python']
[0.393s] Level 1:colcon.colcon_core.package_identification:_identify(.) by extension 'cmake'
[0.393s] Level 1:colcon.colcon_core.package_identification:_identify(.) by extension 'python'
[0.393s] Level 1:colcon.colcon_core.package_identification:_identify(.) by extensions ['python_setup_py']
[0.393s] Level 1:colcon.colcon_core.package_identification:_identify(.) by extension 'python_setup_py'
[0.393s] Level 1:colcon.colcon_core.package_identification:_identify(ROS-TCP-Endpoint-ROS2v0.7.0) by extensions ['ignore', 'ignore_ament_install']
[0.393s] Level 1:colcon.colcon_core.package_identification:_identify(ROS-TCP-Endpoint-ROS2v0.7.0) by extension 'ignore'
[0.393s] Level 1:colcon.colcon_core.package_identification:_identify(ROS-TCP-Endpoint-ROS2v0.7.0) by extension 'ignore_ament_install'
[0.393s] Level 1:colcon.colcon_core.package_identification:_identify(ROS-TCP-Endpoint-ROS2v0.7.0) by extensions ['colcon_pkg']
[0.393s] Level 1:colcon.colcon_core.package_identification:_identify(ROS-TCP-Endpoint-ROS2v0.7.0) by extension 'colcon_pkg'
[0.394s] Level 1:colcon.colcon_core.package_identification:_identify(ROS-TCP-Endpoint-ROS2v0.7.0) by extensions ['colcon_meta']
[0.394s] Level 1:colcon.colcon_core.package_identification:_identify(ROS-TCP-Endpoint-ROS2v0.7.0) by extension 'colcon_meta'
[0.394s] Level 1:colcon.colcon_core.package_identification:_identify(ROS-TCP-Endpoint-ROS2v0.7.0) by extensions ['ros']
[0.394s] Level 1:colcon.colcon_core.package_identification:_identify(ROS-TCP-Endpoint-ROS2v0.7.0) by extension 'ros'
[0.396s] DEBUG:colcon.colcon_core.package_identification:Package 'ROS-TCP-Endpoint-ROS2v0.7.0' with type 'ros.ament_python' and name 'ros_tcp_endpoint'
[0.396s] Level 1:colcon.colcon_core.package_identification:_identify(altitude_publisher) by extensions ['ignore', 'ignore_ament_install']
[0.396s] Level 1:colcon.colcon_core.package_identification:_identify(altitude_publisher) by extension 'ignore'
[0.396s] Level 1:colcon.colcon_core.package_identification:_identify(altitude_publisher) by extension 'ignore_ament_install'
[0.396s] Level 1:colcon.colcon_core.package_identification:_identify(altitude_publisher) by extensions ['colcon_pkg']
[0.396s] Level 1:colcon.colcon_core.package_identification:_identify(altitude_publisher) by extension 'colcon_pkg'
[0.396s] Level 1:colcon.colcon_core.package_identification:_identify(altitude_publisher) by extensions ['colcon_meta']
[0.396s] Level 1:colcon.colcon_core.package_identification:_identify(altitude_publisher) by extension 'colcon_meta'
[0.396s] Level 1:colcon.colcon_core.package_identification:_identify(altitude_publisher) by extensions ['ros']
[0.396s] Level 1:colcon.colcon_core.package_identification:_identify(altitude_publisher) by extension 'ros'
[0.397s] DEBUG:colcon.colcon_core.package_identification:Package 'altitude_publisher' with type 'ros.ament_cmake' and name 'altitude_publisher'
[0.397s] Level 1:colcon.colcon_core.package_identification:_identify(build) by extensions ['ignore', 'ignore_ament_install']
[0.397s] Level 1:colcon.colcon_core.package_identification:_identify(build) by extension 'ignore'
[0.397s] Level 1:colcon.colcon_core.package_identification:_identify(build) ignored
[0.397s] Level 1:colcon.colcon_core.package_identification:_identify(feature_extraction) by extensions ['ignore', 'ignore_ament_install']
[0.397s] Level 1:colcon.colcon_core.package_identification:_identify(feature_extraction) by extension 'ignore'
[0.397s] Level 1:colcon.colcon_core.package_identification:_identify(feature_extraction) by extension 'ignore_ament_install'
[0.397s] Level 1:colcon.colcon_core.package_identification:_identify(feature_extraction) by extensions ['colcon_pkg']
[0.397s] Level 1:colcon.colcon_core.package_identification:_identify(feature_extraction) by extension 'colcon_pkg'
[0.397s] Level 1:colcon.colcon_core.package_identification:_identify(feature_extraction) by extensions ['colcon_meta']
[0.397s] Level 1:colcon.colcon_core.package_identification:_identify(feature_extraction) by extension 'colcon_meta'
[0.397s] Level 1:colcon.colcon_core.package_identification:_identify(feature_extraction) by extensions ['ros']
[0.397s] Level 1:colcon.colcon_core.package_identification:_identify(feature_extraction) by extension 'ros'
[0.398s] DEBUG:colcon.colcon_core.package_identification:Package 'feature_extraction' with type 'ros.ament_cmake' and name 'feature_extraction'
[0.398s] Level 1:colcon.colcon_core.package_identification:_identify(install) by extensions ['ignore', 'ignore_ament_install']
[0.398s] Level 1:colcon.colcon_core.package_identification:_identify(install) by extension 'ignore'
[0.398s] Level 1:colcon.colcon_core.package_identification:_identify(install) ignored
[0.398s] Level 1:colcon.colcon_core.package_identification:_identify(log) by extensions ['ignore', 'ignore_ament_install']
[0.398s] Level 1:colcon.colcon_core.package_identification:_identify(log) by extension 'ignore'
[0.398s] Level 1:colcon.colcon_core.package_identification:_identify(log) ignored
[0.398s] Level 1:colcon.colcon_core.package_identification:_identify(my_package) by extensions ['ignore', 'ignore_ament_install']
[0.398s] Level 1:colcon.colcon_core.package_identification:_identify(my_package) by extension 'ignore'
[0.398s] Level 1:colcon.colcon_core.package_identification:_identify(my_package) by extension 'ignore_ament_install'
[0.398s] Level 1:colcon.colcon_core.package_identification:_identify(my_package) by extensions ['colcon_pkg']
[0.398s] Level 1:colcon.colcon_core.package_identification:_identify(my_package) by extension 'colcon_pkg'
[0.398s] Level 1:colcon.colcon_core.package_identification:_identify(my_package) by extensions ['colcon_meta']
[0.398s] Level 1:colcon.colcon_core.package_identification:_identify(my_package) by extension 'colcon_meta'
[0.398s] Level 1:colcon.colcon_core.package_identification:_identify(my_package) by extensions ['ros']
[0.398s] Level 1:colcon.colcon_core.package_identification:_identify(my_package) by extension 'ros'
[0.399s] DEBUG:colcon.colcon_core.package_identification:Package 'my_package' with type 'ros.ament_cmake' and name 'my_package'
[0.399s] Level 1:colcon.colcon_core.package_identification:_identify(safe_landing) by extensions ['ignore', 'ignore_ament_install']
[0.399s] Level 1:colcon.colcon_core.package_identification:_identify(safe_landing) by extension 'ignore'
[0.399s] Level 1:colcon.colcon_core.package_identification:_identify(safe_landing) by extension 'ignore_ament_install'
[0.399s] Level 1:colcon.colcon_core.package_identification:_identify(safe_landing) by extensions ['colcon_pkg']
[0.399s] Level 1:colcon.colcon_core.package_identification:_identify(safe_landing) by extension 'colcon_pkg'
[0.399s] Level 1:colcon.colcon_core.package_identification:_identify(safe_landing) by extensions ['colcon_meta']
[0.399s] Level 1:colcon.colcon_core.package_identification:_identify(safe_landing) by extension 'colcon_meta'
[0.399s] Level 1:colcon.colcon_core.package_identification:_identify(safe_landing) by extensions ['ros']
[0.399s] Level 1:colcon.colcon_core.package_identification:_identify(safe_landing) by extension 'ros'
[0.400s] DEBUG:colcon.colcon_core.package_identification:Package 'safe_landing' with type 'ros.ament_cmake' and name 'safe_landing'
[0.400s] Level 1:colcon.colcon_core.package_identification:_identify(velodyne) by extensions ['ignore', 'ignore_ament_install']
[0.400s] Level 1:colcon.colcon_core.package_identification:_identify(velodyne) by extension 'ignore'
[0.400s] Level 1:colcon.colcon_core.package_identification:_identify(velodyne) by extension 'ignore_ament_install'
[0.400s] Level 1:colcon.colcon_core.package_identification:_identify(velodyne) by extensions ['colcon_pkg']
[0.400s] Level 1:colcon.colcon_core.package_identification:_identify(velodyne) by extension 'colcon_pkg'
[0.400s] Level 1:colcon.colcon_core.package_identification:_identify(velodyne) by extensions ['colcon_meta']
[0.400s] Level 1:colcon.colcon_core.package_identification:_identify(velodyne) by extension 'colcon_meta'
[0.400s] Level 1:colcon.colcon_core.package_identification:_identify(velodyne) by extensions ['ros']
[0.400s] Level 1:colcon.colcon_core.package_identification:_identify(velodyne) by extension 'ros'
[0.400s] Level 1:colcon.colcon_core.package_identification:_identify(velodyne) by extensions ['cmake', 'python']
[0.400s] Level 1:colcon.colcon_core.package_identification:_identify(velodyne) by extension 'cmake'
[0.400s] Level 1:colcon.colcon_core.package_identification:_identify(velodyne) by extension 'python'
[0.400s] Level 1:colcon.colcon_core.package_identification:_identify(velodyne) by extensions ['python_setup_py']
[0.400s] Level 1:colcon.colcon_core.package_identification:_identify(velodyne) by extension 'python_setup_py'
[0.400s] Level 1:colcon.colcon_core.package_identification:_identify(velodyne/velodyne) by extensions ['ignore', 'ignore_ament_install']
[0.400s] Level 1:colcon.colcon_core.package_identification:_identify(velodyne/velodyne) by extension 'ignore'
[0.400s] Level 1:colcon.colcon_core.package_identification:_identify(velodyne/velodyne) by extension 'ignore_ament_install'
[0.400s] Level 1:colcon.colcon_core.package_identification:_identify(velodyne/velodyne) by extensions ['colcon_pkg']
[0.400s] Level 1:colcon.colcon_core.package_identification:_identify(velodyne/velodyne) by extension 'colcon_pkg'
[0.400s] Level 1:colcon.colcon_core.package_identification:_identify(velodyne/velodyne) by extensions ['colcon_meta']
[0.400s] Level 1:colcon.colcon_core.package_identification:_identify(velodyne/velodyne) by extension 'colcon_meta'
[0.400s] Level 1:colcon.colcon_core.package_identification:_identify(velodyne/velodyne) by extensions ['ros']
[0.400s] Level 1:colcon.colcon_core.package_identification:_identify(velodyne/velodyne) by extension 'ros'
[0.401s] DEBUG:colcon.colcon_core.package_identification:Package 'velodyne/velodyne' with type 'ros.ament_cmake' and name 'velodyne'
[0.401s] Level 1:colcon.colcon_core.package_identification:_identify(velodyne/velodyne_driver) by extensions ['ignore', 'ignore_ament_install']
[0.401s] Level 1:colcon.colcon_core.package_identification:_identify(velodyne/velodyne_driver) by extension 'ignore'
[0.401s] Level 1:colcon.colcon_core.package_identification:_identify(velodyne/velodyne_driver) by extension 'ignore_ament_install'
[0.401s] Level 1:colcon.colcon_core.package_identification:_identify(velodyne/velodyne_driver) by extensions ['colcon_pkg']
[0.401s] Level 1:colcon.colcon_core.package_identification:_identify(velodyne/velodyne_driver) by extension 'colcon_pkg'
[0.401s] Level 1:colcon.colcon_core.package_identification:_identify(velodyne/velodyne_driver) by extensions ['colcon_meta']
[0.401s] Level 1:colcon.colcon_core.package_identification:_identify(velodyne/velodyne_driver) by extension 'colcon_meta'
[0.401s] Level 1:colcon.colcon_core.package_identification:_identify(velodyne/velodyne_driver) by extensions ['ros']
[0.401s] Level 1:colcon.colcon_core.package_identification:_identify(velodyne/velodyne_driver) by extension 'ros'
[0.402s] DEBUG:colcon.colcon_core.package_identification:Package 'velodyne/velodyne_driver' with type 'ros.ament_cmake' and name 'velodyne_driver'
[0.402s] Level 1:colcon.colcon_core.package_identification:_identify(velodyne/velodyne_laserscan) by extensions ['ignore', 'ignore_ament_install']
[0.402s] Level 1:colcon.colcon_core.package_identification:_identify(velodyne/velodyne_laserscan) by extension 'ignore'
[0.402s] Level 1:colcon.colcon_core.package_identification:_identify(velodyne/velodyne_laserscan) by extension 'ignore_ament_install'
[0.402s] Level 1:colcon.colcon_core.package_identification:_identify(velodyne/velodyne_laserscan) by extensions ['colcon_pkg']
[0.402s] Level 1:colcon.colcon_core.package_identification:_identify(velodyne/velodyne_laserscan) by extension 'colcon_pkg'
[0.402s] Level 1:colcon.colcon_core.package_identification:_identify(velodyne/velodyne_laserscan) by extensions ['colcon_meta']
[0.402s] Level 1:colcon.colcon_core.package_identification:_identify(velodyne/velodyne_laserscan) by extension 'colcon_meta'
[0.402s] Level 1:colcon.colcon_core.package_identification:_identify(velodyne/velodyne_laserscan) by extensions ['ros']
[0.402s] Level 1:colcon.colcon_core.package_identification:_identify(velodyne/velodyne_laserscan) by extension 'ros'
[0.403s] DEBUG:colcon.colcon_core.package_identification:Package 'velodyne/velodyne_laserscan' with type 'ros.ament_cmake' and name 'velodyne_laserscan'
[0.403s] Level 1:colcon.colcon_core.package_identification:_identify(velodyne/velodyne_msgs) by extensions ['ignore', 'ignore_ament_install']
[0.403s] Level 1:colcon.colcon_core.package_identification:_identify(velodyne/velodyne_msgs) by extension 'ignore'
[0.403s] Level 1:colcon.colcon_core.package_identification:_identify(velodyne/velodyne_msgs) by extension 'ignore_ament_install'
[0.403s] Level 1:colcon.colcon_core.package_identification:_identify(velodyne/velodyne_msgs) by extensions ['colcon_pkg']
[0.403s] Level 1:colcon.colcon_core.package_identification:_identify(velodyne/velodyne_msgs) by extension 'colcon_pkg'
[0.403s] Level 1:colcon.colcon_core.package_identification:_identify(velodyne/velodyne_msgs) by extensions ['colcon_meta']
[0.403s] Level 1:colcon.colcon_core.package_identification:_identify(velodyne/velodyne_msgs) by extension 'colcon_meta'
[0.403s] Level 1:colcon.colcon_core.package_identification:_identify(velodyne/velodyne_msgs) by extensions ['ros']
[0.403s] Level 1:colcon.colcon_core.package_identification:_identify(velodyne/velodyne_msgs) by extension 'ros'
[0.404s] DEBUG:colcon.colcon_core.package_identification:Package 'velodyne/velodyne_msgs' with type 'ros.ament_cmake' and name 'velodyne_msgs'
[0.404s] Level 1:colcon.colcon_core.package_identification:_identify(velodyne/velodyne_pointcloud) by extensions ['ignore', 'ignore_ament_install']
[0.404s] Level 1:colcon.colcon_core.package_identification:_identify(velodyne/velodyne_pointcloud) by extension 'ignore'
[0.404s] Level 1:colcon.colcon_core.package_identification:_identify(velodyne/velodyne_pointcloud) by extension 'ignore_ament_install'
[0.404s] Level 1:colcon.colcon_core.package_identification:_identify(velodyne/velodyne_pointcloud) by extensions ['colcon_pkg']
[0.404s] Level 1:colcon.colcon_core.package_identification:_identify(velodyne/velodyne_pointcloud) by extension 'colcon_pkg'
[0.404s] Level 1:colcon.colcon_core.package_identification:_identify(velodyne/velodyne_pointcloud) by extensions ['colcon_meta']
[0.404s] Level 1:colcon.colcon_core.package_identification:_identify(velodyne/velodyne_pointcloud) by extension 'colcon_meta'
[0.404s] Level 1:colcon.colcon_core.package_identification:_identify(velodyne/velodyne_pointcloud) by extensions ['ros']
[0.404s] Level 1:colcon.colcon_core.package_identification:_identify(velodyne/velodyne_pointcloud) by extension 'ros'
[0.405s] DEBUG:colcon.colcon_core.package_identification:Package 'velodyne/velodyne_pointcloud' with type 'ros.ament_cmake' and name 'velodyne_pointcloud'
[0.405s] Level 1:colcon.colcon_core.package_identification:_identify(velodyne_subscriber) by extensions ['ignore', 'ignore_ament_install']
[0.405s] Level 1:colcon.colcon_core.package_identification:_identify(velodyne_subscriber) by extension 'ignore'
[0.405s] Level 1:colcon.colcon_core.package_identification:_identify(velodyne_subscriber) by extension 'ignore_ament_install'
[0.405s] Level 1:colcon.colcon_core.package_identification:_identify(velodyne_subscriber) by extensions ['colcon_pkg']
[0.405s] Level 1:colcon.colcon_core.package_identification:_identify(velodyne_subscriber) by extension 'colcon_pkg'
[0.405s] Level 1:colcon.colcon_core.package_identification:_identify(velodyne_subscriber) by extensions ['colcon_meta']
[0.405s] Level 1:colcon.colcon_core.package_identification:_identify(velodyne_subscriber) by extension 'colcon_meta'
[0.405s] Level 1:colcon.colcon_core.package_identification:_identify(velodyne_subscriber) by extensions ['ros']
[0.405s] Level 1:colcon.colcon_core.package_identification:_identify(velodyne_subscriber) by extension 'ros'
[0.406s] DEBUG:colcon.colcon_core.package_identification:Package 'velodyne_subscriber' with type 'ros.ament_cmake' and name 'velodyne_subscriber'
[0.406s] Level 1:colcon.colcon_core.package_discovery:discover_packages(recursive) using defaults
[0.406s] Level 1:colcon.colcon_core.package_discovery:discover_packages(ignore) discover
[0.406s] Level 1:colcon.colcon_core.package_discovery:discover_packages(ignore) using defaults
[0.406s] Level 1:colcon.colcon_core.package_discovery:discover_packages(path) discover
[0.406s] Level 1:colcon.colcon_core.package_discovery:discover_packages(path) using defaults
[0.428s] Level 1:colcon.colcon_core.package_discovery:discover_packages(prefix_path) check parameters
[0.428s] Level 1:colcon.colcon_core.package_discovery:discover_packages(prefix_path) discover
[0.434s] DEBUG:colcon.colcon_installed_package_information.package_discovery:Found 10 installed packages in /home/ulugbek/dev-ws/install
[0.437s] DEBUG:colcon.colcon_installed_package_information.package_discovery:Found 265 installed packages in /opt/ros/foxy
[0.439s] Level 1:colcon.colcon_core.package_discovery:discover_packages(prefix_path) using defaults
[0.489s] Level 5:colcon.colcon_core.verb:set package 'altitude_publisher' build argument 'cmake_args' from command line to 'None'
[0.489s] Level 5:colcon.colcon_core.verb:set package 'altitude_publisher' build argument 'cmake_target' from command line to 'None'
[0.489s] Level 5:colcon.colcon_core.verb:set package 'altitude_publisher' build argument 'cmake_target_skip_unavailable' from command line to 'False'
[0.489s] Level 5:colcon.colcon_core.verb:set package 'altitude_publisher' build argument 'cmake_clean_cache' from command line to 'False'
[0.489s] Level 5:colcon.colcon_core.verb:set package 'altitude_publisher' build argument 'cmake_clean_first' from command line to 'False'
[0.489s] Level 5:colcon.colcon_core.verb:set package 'altitude_publisher' build argument 'cmake_force_configure' from command line to 'False'
[0.489s] Level 5:colcon.colcon_core.verb:set package 'altitude_publisher' build argument 'ament_cmake_args' from command line to 'None'
[0.490s] Level 5:colcon.colcon_core.verb:set package 'altitude_publisher' build argument 'catkin_cmake_args' from command line to 'None'
[0.490s] Level 5:colcon.colcon_core.verb:set package 'altitude_publisher' build argument 'catkin_skip_building_tests' from command line to 'False'
[0.490s] DEBUG:colcon.colcon_core.verb:Building package 'altitude_publisher' with the following arguments: {'ament_cmake_args': None, 'build_base': '/home/ulugbek/dev-ws/src/build/altitude_publisher', 'catkin_cmake_args': None, 'catkin_skip_building_tests': False, 'cmake_args': None, 'cmake_clean_cache': False, 'cmake_clean_first': False, 'cmake_force_configure': False, 'cmake_target': None, 'cmake_target_skip_unavailable': False, 'install_base': '/home/ulugbek/dev-ws/src/install/altitude_publisher', 'merge_install': False, 'path': '/home/ulugbek/dev-ws/src/altitude_publisher', 'symlink_install': False, 'test_result_base': None}
[0.495s] Level 5:colcon.colcon_core.verb:set package 'feature_extraction' build argument 'cmake_args' from command line to 'None'
[0.495s] Level 5:colcon.colcon_core.verb:set package 'feature_extraction' build argument 'cmake_target' from command line to 'None'
[0.495s] Level 5:colcon.colcon_core.verb:set package 'feature_extraction' build argument 'cmake_target_skip_unavailable' from command line to 'False'
[0.495s] Level 5:colcon.colcon_core.verb:set package 'feature_extraction' build argument 'cmake_clean_cache' from command line to 'False'
[0.495s] Level 5:colcon.colcon_core.verb:set package 'feature_extraction' build argument 'cmake_clean_first' from command line to 'False'
[0.495s] Level 5:colcon.colcon_core.verb:set package 'feature_extraction' build argument 'cmake_force_configure' from command line to 'False'
[0.495s] Level 5:colcon.colcon_core.verb:set package 'feature_extraction' build argument 'ament_cmake_args' from command line to 'None'
[0.495s] Level 5:colcon.colcon_core.verb:set package 'feature_extraction' build argument 'catkin_cmake_args' from command line to 'None'
[0.495s] Level 5:colcon.colcon_core.verb:set package 'feature_extraction' build argument 'catkin_skip_building_tests' from command line to 'False'
[0.495s] DEBUG:colcon.colcon_core.verb:Building package 'feature_extraction' with the following arguments: {'ament_cmake_args': None, 'build_base': '/home/ulugbek/dev-ws/src/build/feature_extraction', 'catkin_cmake_args': None, 'catkin_skip_building_tests': False, 'cmake_args': None, 'cmake_clean_cache': False, 'cmake_clean_first': False, 'cmake_force_configure': False, 'cmake_target': None, 'cmake_target_skip_unavailable': False, 'install_base': '/home/ulugbek/dev-ws/src/install/feature_extraction', 'merge_install': False, 'path': '/home/ulugbek/dev-ws/src/feature_extraction', 'symlink_install': False, 'test_result_base': None}
[0.500s] Level 5:colcon.colcon_core.verb:set package 'my_package' build argument 'cmake_args' from command line to 'None'
[0.500s] Level 5:colcon.colcon_core.verb:set package 'my_package' build argument 'cmake_target' from command line to 'None'
[0.500s] Level 5:colcon.colcon_core.verb:set package 'my_package' build argument 'cmake_target_skip_unavailable' from command line to 'False'
[0.500s] Level 5:colcon.colcon_core.verb:set package 'my_package' build argument 'cmake_clean_cache' from command line to 'False'
[0.500s] Level 5:colcon.colcon_core.verb:set package 'my_package' build argument 'cmake_clean_first' from command line to 'False'
[0.500s] Level 5:colcon.colcon_core.verb:set package 'my_package' build argument 'cmake_force_configure' from command line to 'False'
[0.500s] Level 5:colcon.colcon_core.verb:set package 'my_package' build argument 'ament_cmake_args' from command line to 'None'
[0.500s] Level 5:colcon.colcon_core.verb:set package 'my_package' build argument 'catkin_cmake_args' from command line to 'None'
[0.500s] Level 5:colcon.colcon_core.verb:set package 'my_package' build argument 'catkin_skip_building_tests' from command line to 'False'
[0.500s] DEBUG:colcon.colcon_core.verb:Building package 'my_package' with the following arguments: {'ament_cmake_args': None, 'build_base': '/home/ulugbek/dev-ws/src/build/my_package', 'catkin_cmake_args': None, 'catkin_skip_building_tests': False, 'cmake_args': None, 'cmake_clean_cache': False, 'cmake_clean_first': False, 'cmake_force_configure': False, 'cmake_target': None, 'cmake_target_skip_unavailable': False, 'install_base': '/home/ulugbek/dev-ws/src/install/my_package', 'merge_install': False, 'path': '/home/ulugbek/dev-ws/src/my_package', 'symlink_install': False, 'test_result_base': None}
[0.505s] Level 5:colcon.colcon_core.verb:set package 'ros_tcp_endpoint' build argument 'cmake_args' from command line to 'None'
[0.505s] Level 5:colcon.colcon_core.verb:set package 'ros_tcp_endpoint' build argument 'cmake_target' from command line to 'None'
[0.505s] Level 5:colcon.colcon_core.verb:set package 'ros_tcp_endpoint' build argument 'cmake_target_skip_unavailable' from command line to 'False'
[0.505s] Level 5:colcon.colcon_core.verb:set package 'ros_tcp_endpoint' build argument 'cmake_clean_cache' from command line to 'False'
[0.505s] Level 5:colcon.colcon_core.verb:set package 'ros_tcp_endpoint' build argument 'cmake_clean_first' from command line to 'False'
[0.505s] Level 5:colcon.colcon_core.verb:set package 'ros_tcp_endpoint' build argument 'cmake_force_configure' from command line to 'False'
[0.505s] Level 5:colcon.colcon_core.verb:set package 'ros_tcp_endpoint' build argument 'ament_cmake_args' from command line to 'None'
[0.505s] Level 5:colcon.colcon_core.verb:set package 'ros_tcp_endpoint' build argument 'catkin_cmake_args' from command line to 'None'
[0.505s] Level 5:colcon.colcon_core.verb:set package 'ros_tcp_endpoint' build argument 'catkin_skip_building_tests' from command line to 'False'
[0.505s] DEBUG:colcon.colcon_core.verb:Building package 'ros_tcp_endpoint' with the following arguments: {'ament_cmake_args': None, 'build_base': '/home/ulugbek/dev-ws/src/build/ros_tcp_endpoint', 'catkin_cmake_args': None, 'catkin_skip_building_tests': False, 'cmake_args': None, 'cmake_clean_cache': False, 'cmake_clean_first': False, 'cmake_force_configure': False, 'cmake_target': None, 'cmake_target_skip_unavailable': False, 'install_base': '/home/ulugbek/dev-ws/src/install/ros_tcp_endpoint', 'merge_install': False, 'path': '/home/ulugbek/dev-ws/src/ROS-TCP-Endpoint-ROS2v0.7.0', 'symlink_install': False, 'test_result_base': None}
[0.510s] Level 5:colcon.colcon_core.verb:set package 'safe_landing' build argument 'cmake_args' from command line to 'None'
[0.510s] Level 5:colcon.colcon_core.verb:set package 'safe_landing' build argument 'cmake_target' from command line to 'None'
[0.510s] Level 5:colcon.colcon_core.verb:set package 'safe_landing' build argument 'cmake_target_skip_unavailable' from command line to 'False'
[0.510s] Level 5:colcon.colcon_core.verb:set package 'safe_landing' build argument 'cmake_clean_cache' from command line to 'False'
[0.510s] Level 5:colcon.colcon_core.verb:set package 'safe_landing' build argument 'cmake_clean_first' from command line to 'False'
[0.510s] Level 5:colcon.colcon_core.verb:set package 'safe_landing' build argument 'cmake_force_configure' from command line to 'False'
[0.511s] Level 5:colcon.colcon_core.verb:set package 'safe_landing' build argument 'ament_cmake_args' from command line to 'None'
[0.511s] Level 5:colcon.colcon_core.verb:set package 'safe_landing' build argument 'catkin_cmake_args' from command line to 'None'
[0.511s] Level 5:colcon.colcon_core.verb:set package 'safe_landing' build argument 'catkin_skip_building_tests' from command line to 'False'
[0.511s] DEBUG:colcon.colcon_core.verb:Building package 'safe_landing' with the following arguments: {'ament_cmake_args': None, 'build_base': '/home/ulugbek/dev-ws/src/build/safe_landing', 'catkin_cmake_args': None, 'catkin_skip_building_tests': False, 'cmake_args': None, 'cmake_clean_cache': False, 'cmake_clean_first': False, 'cmake_force_configure': False, 'cmake_target': None, 'cmake_target_skip_unavailable': False, 'install_base': '/home/ulugbek/dev-ws/src/install/safe_landing', 'merge_install': False, 'path': '/home/ulugbek/dev-ws/src/safe_landing', 'symlink_install': False, 'test_result_base': None}
[0.516s] Level 5:colcon.colcon_core.verb:set package 'velodyne_laserscan' build argument 'cmake_args' from command line to 'None'
[0.516s] Level 5:colcon.colcon_core.verb:set package 'velodyne_laserscan' build argument 'cmake_target' from command line to 'None'
[0.516s] Level 5:colcon.colcon_core.verb:set package 'velodyne_laserscan' build argument 'cmake_target_skip_unavailable' from command line to 'False'
[0.516s] Level 5:colcon.colcon_core.verb:set package 'velodyne_laserscan' build argument 'cmake_clean_cache' from command line to 'False'
[0.516s] Level 5:colcon.colcon_core.verb:set package 'velodyne_laserscan' build argument 'cmake_clean_first' from command line to 'False'
[0.516s] Level 5:colcon.colcon_core.verb:set package 'velodyne_laserscan' build argument 'cmake_force_configure' from command line to 'False'
[0.516s] Level 5:colcon.colcon_core.verb:set package 'velodyne_laserscan' build argument 'ament_cmake_args' from command line to 'None'
[0.516s] Level 5:colcon.colcon_core.verb:set package 'velodyne_laserscan' build argument 'catkin_cmake_args' from command line to 'None'
[0.516s] Level 5:colcon.colcon_core.verb:set package 'velodyne_laserscan' build argument 'catkin_skip_building_tests' from command line to 'False'
[0.516s] DEBUG:colcon.colcon_core.verb:Building package 'velodyne_laserscan' with the following arguments: {'ament_cmake_args': None, 'build_base': '/home/ulugbek/dev-ws/src/build/velodyne_laserscan', 'catkin_cmake_args': None, 'catkin_skip_building_tests': False, 'cmake_args': None, 'cmake_clean_cache': False, 'cmake_clean_first': False, 'cmake_force_configure': False, 'cmake_target': None, 'cmake_target_skip_unavailable': False, 'install_base': '/home/ulugbek/dev-ws/src/install/velodyne_laserscan', 'merge_install': False, 'path': '/home/ulugbek/dev-ws/src/velodyne/velodyne_laserscan', 'symlink_install': False, 'test_result_base': None}
[0.521s] Level 5:colcon.colcon_core.verb:set package 'velodyne_msgs' build argument 'cmake_args' from command line to 'None'
[0.521s] Level 5:colcon.colcon_core.verb:set package 'velodyne_msgs' build argument 'cmake_target' from command line to 'None'
[0.521s] Level 5:colcon.colcon_core.verb:set package 'velodyne_msgs' build argument 'cmake_target_skip_unavailable' from command line to 'False'
[0.521s] Level 5:colcon.colcon_core.verb:set package 'velodyne_msgs' build argument 'cmake_clean_cache' from command line to 'False'
[0.521s] Level 5:colcon.colcon_core.verb:set package 'velodyne_msgs' build argument 'cmake_clean_first' from command line to 'False'
[0.521s] Level 5:colcon.colcon_core.verb:set package 'velodyne_msgs' build argument 'cmake_force_configure' from command line to 'False'
[0.521s] Level 5:colcon.colcon_core.verb:set package 'velodyne_msgs' build argument 'ament_cmake_args' from command line to 'None'
[0.521s] Level 5:colcon.colcon_core.verb:set package 'velodyne_msgs' build argument 'catkin_cmake_args' from command line to 'None'
[0.521s] Level 5:colcon.colcon_core.verb:set package 'velodyne_msgs' build argument 'catkin_skip_building_tests' from command line to 'False'
[0.521s] DEBUG:colcon.colcon_core.verb:Building package 'velodyne_msgs' with the following arguments: {'ament_cmake_args': None, 'build_base': '/home/ulugbek/dev-ws/src/build/velodyne_msgs', 'catkin_cmake_args': None, 'catkin_skip_building_tests': False, 'cmake_args': None, 'cmake_clean_cache': False, 'cmake_clean_first': False, 'cmake_force_configure': False, 'cmake_target': None, 'cmake_target_skip_unavailable': False, 'install_base': '/home/ulugbek/dev-ws/src/install/velodyne_msgs', 'merge_install': False, 'path': '/home/ulugbek/dev-ws/src/velodyne/velodyne_msgs', 'symlink_install': False, 'test_result_base': None}
[0.526s] Level 5:colcon.colcon_core.verb:set package 'velodyne_subscriber' build argument 'cmake_args' from command line to 'None'
[0.527s] Level 5:colcon.colcon_core.verb:set package 'velodyne_subscriber' build argument 'cmake_target' from command line to 'None'
[0.527s] Level 5:colcon.colcon_core.verb:set package 'velodyne_subscriber' build argument 'cmake_target_skip_unavailable' from command line to 'False'
[0.527s] Level 5:colcon.colcon_core.verb:set package 'velodyne_subscriber' build argument 'cmake_clean_cache' from command line to 'False'
[0.527s] Level 5:colcon.colcon_core.verb:set package 'velodyne_subscriber' build argument 'cmake_clean_first' from command line to 'False'
[0.527s] Level 5:colcon.colcon_core.verb:set package 'velodyne_subscriber' build argument 'cmake_force_configure' from command line to 'False'
[0.527s] Level 5:colcon.colcon_core.verb:set package 'velodyne_subscriber' build argument 'ament_cmake_args' from command line to 'None'
[0.527s] Level 5:colcon.colcon_core.verb:set package 'velodyne_subscriber' build argument 'catkin_cmake_args' from command line to 'None'
[0.527s] Level 5:colcon.colcon_core.verb:set package 'velodyne_subscriber' build argument 'catkin_skip_building_tests' from command line to 'False'
[0.527s] DEBUG:colcon.colcon_core.verb:Building package 'velodyne_subscriber' with the following arguments: {'ament_cmake_args': None, 'build_base': '/home/ulugbek/dev-ws/src/build/velodyne_subscriber', 'catkin_cmake_args': None, 'catkin_skip_building_tests': False, 'cmake_args': None, 'cmake_clean_cache': False, 'cmake_clean_first': False, 'cmake_force_configure': False, 'cmake_target': None, 'cmake_target_skip_unavailable': False, 'install_base': '/home/ulugbek/dev-ws/src/install/velodyne_subscriber', 'merge_install': False, 'path': '/home/ulugbek/dev-ws/src/velodyne_subscriber', 'symlink_install': False, 'test_result_base': None}
[0.532s] Level 5:colcon.colcon_core.verb:set package 'velodyne_driver' build argument 'cmake_args' from command line to 'None'
[0.532s] Level 5:colcon.colcon_core.verb:set package 'velodyne_driver' build argument 'cmake_target' from command line to 'None'
[0.532s] Level 5:colcon.colcon_core.verb:set package 'velodyne_driver' build argument 'cmake_target_skip_unavailable' from command line to 'False'
[0.532s] Level 5:colcon.colcon_core.verb:set package 'velodyne_driver' build argument 'cmake_clean_cache' from command line to 'False'
[0.532s] Level 5:colcon.colcon_core.verb:set package 'velodyne_driver' build argument 'cmake_clean_first' from command line to 'False'
[0.532s] Level 5:colcon.colcon_core.verb:set package 'velodyne_driver' build argument 'cmake_force_configure' from command line to 'False'
[0.532s] Level 5:colcon.colcon_core.verb:set package 'velodyne_driver' build argument 'ament_cmake_args' from command line to 'None'
[0.532s] Level 5:colcon.colcon_core.verb:set package 'velodyne_driver' build argument 'catkin_cmake_args' from command line to 'None'
[0.532s] Level 5:colcon.colcon_core.verb:set package 'velodyne_driver' build argument 'catkin_skip_building_tests' from command line to 'False'
[0.532s] DEBUG:colcon.colcon_core.verb:Building package 'velodyne_driver' with the following arguments: {'ament_cmake_args': None, 'build_base': '/home/ulugbek/dev-ws/src/build/velodyne_driver', 'catkin_cmake_args': None, 'catkin_skip_building_tests': False, 'cmake_args': None, 'cmake_clean_cache': False, 'cmake_clean_first': False, 'cmake_force_configure': False, 'cmake_target': None, 'cmake_target_skip_unavailable': False, 'install_base': '/home/ulugbek/dev-ws/src/install/velodyne_driver', 'merge_install': False, 'path': '/home/ulugbek/dev-ws/src/velodyne/velodyne_driver', 'symlink_install': False, 'test_result_base': None}
[0.537s] Level 5:colcon.colcon_core.verb:set package 'velodyne_pointcloud' build argument 'cmake_args' from command line to 'None'
[0.537s] Level 5:colcon.colcon_core.verb:set package 'velodyne_pointcloud' build argument 'cmake_target' from command line to 'None'
[0.537s] Level 5:colcon.colcon_core.verb:set package 'velodyne_pointcloud' build argument 'cmake_target_skip_unavailable' from command line to 'False'
[0.537s] Level 5:colcon.colcon_core.verb:set package 'velodyne_pointcloud' build argument 'cmake_clean_cache' from command line to 'False'
[0.537s] Level 5:colcon.colcon_core.verb:set package 'velodyne_pointcloud' build argument 'cmake_clean_first' from command line to 'False'
[0.537s] Level 5:colcon.colcon_core.verb:set package 'velodyne_pointcloud' build argument 'cmake_force_configure' from command line to 'False'
[0.537s] Level 5:colcon.colcon_core.verb:set package 'velodyne_pointcloud' build argument 'ament_cmake_args' from command line to 'None'
[0.537s] Level 5:colcon.colcon_core.verb:set package 'velodyne_pointcloud' build argument 'catkin_cmake_args' from command line to 'None'
[0.537s] Level 5:colcon.colcon_core.verb:set package 'velodyne_pointcloud' build argument 'catkin_skip_building_tests' from command line to 'False'
[0.537s] DEBUG:colcon.colcon_core.verb:Building package 'velodyne_pointcloud' with the following arguments: {'ament_cmake_args': None, 'build_base': '/home/ulugbek/dev-ws/src/build/velodyne_pointcloud', 'catkin_cmake_args': None, 'catkin_skip_building_tests': False, 'cmake_args': None, 'cmake_clean_cache': False, 'cmake_clean_first': False, 'cmake_force_configure': False, 'cmake_target': None, 'cmake_target_skip_unavailable': False, 'install_base': '/home/ulugbek/dev-ws/src/install/velodyne_pointcloud', 'merge_install': False, 'path': '/home/ulugbek/dev-ws/src/velodyne/velodyne_pointcloud', 'symlink_install': False, 'test_result_base': None}
[0.542s] Level 5:colcon.colcon_core.verb:set package 'velodyne' build argument 'cmake_args' from command line to 'None'
[0.542s] Level 5:colcon.colcon_core.verb:set package 'velodyne' build argument 'cmake_target' from command line to 'None'
[0.542s] Level 5:colcon.colcon_core.verb:set package 'velodyne' build argument 'cmake_target_skip_unavailable' from command line to 'False'
[0.542s] Level 5:colcon.colcon_core.verb:set package 'velodyne' build argument 'cmake_clean_cache' from command line to 'False'
[0.542s] Level 5:colcon.colcon_core.verb:set package 'velodyne' build argument 'cmake_clean_first' from command line to 'False'
[0.542s] Level 5:colcon.colcon_core.verb:set package 'velodyne' build argument 'cmake_force_configure' from command line to 'False'
[0.542s] Level 5:colcon.colcon_core.verb:set package 'velodyne' build argument 'ament_cmake_args' from command line to 'None'
[0.542s] Level 5:colcon.colcon_core.verb:set package 'velodyne' build argument 'catkin_cmake_args' from command line to 'None'
[0.542s] Level 5:colcon.colcon_core.verb:set package 'velodyne' build argument 'catkin_skip_building_tests' from command line to 'False'
[0.542s] DEBUG:colcon.colcon_core.verb:Building package 'velodyne' with the following arguments: {'ament_cmake_args': None, 'build_base': '/home/ulugbek/dev-ws/src/build/velodyne', 'catkin_cmake_args': None, 'catkin_skip_building_tests': False, 'cmake_args': None, 'cmake_clean_cache': False, 'cmake_clean_first': False, 'cmake_force_configure': False, 'cmake_target': None, 'cmake_target_skip_unavailable': False, 'install_base': '/home/ulugbek/dev-ws/src/install/velodyne', 'merge_install': False, 'path': '/home/ulugbek/dev-ws/src/velodyne/velodyne', 'symlink_install': False, 'test_result_base': None}
[0.543s] INFO:colcon.colcon_core.executor:Executing jobs using 'parallel' executor
[0.552s] DEBUG:colcon.colcon_parallel_executor.executor.parallel:run_until_complete
[0.553s] INFO:colcon.colcon_ros.task.ament_cmake.build:Building ROS package in '/home/ulugbek/dev-ws/src/velodyne/velodyne_msgs' with build type 'ament_cmake'
[0.553s] INFO:colcon.colcon_cmake.task.cmake.build:Building CMake package in '/home/ulugbek/dev-ws/src/velodyne/velodyne_msgs'
[0.567s] INFO:colcon.colcon_core.plugin_system:Skipping extension 'colcon_core.shell.bat': Not used on non-Windows systems
[0.567s] INFO:colcon.colcon_core.shell:Skip shell extension 'powershell' for command environment: Not usable outside of PowerShell
[0.567s] DEBUG:colcon.colcon_core.shell:Skip shell extension 'dsv' for command environment
[0.578s] INFO:colcon.colcon_ros.task.ament_cmake.build:Building ROS package in '/home/ulugbek/dev-ws/src/velodyne/velodyne_laserscan' with build type 'ament_cmake'
[0.578s] INFO:colcon.colcon_cmake.task.cmake.build:Building CMake package in '/home/ulugbek/dev-ws/src/velodyne/velodyne_laserscan'
[0.582s] INFO:colcon.colcon_core.shell:Skip shell extension 'powershell' for command environment: Not usable outside of PowerShell
[0.582s] DEBUG:colcon.colcon_core.shell:Skip shell extension 'dsv' for command environment
[0.594s] INFO:colcon.colcon_ros.task.ament_cmake.build:Building ROS package in '/home/ulugbek/dev-ws/src/altitude_publisher' with build type 'ament_cmake'
[0.594s] INFO:colcon.colcon_cmake.task.cmake.build:Building CMake package in '/home/ulugbek/dev-ws/src/altitude_publisher'
[0.598s] INFO:colcon.colcon_core.shell:Skip shell extension 'powershell' for command environment: Not usable outside of PowerShell
[0.598s] DEBUG:colcon.colcon_core.shell:Skip shell extension 'dsv' for command environment
[0.609s] INFO:colcon.colcon_ros.task.ament_cmake.build:Building ROS package in '/home/ulugbek/dev-ws/src/feature_extraction' with build type 'ament_cmake'
[0.609s] INFO:colcon.colcon_cmake.task.cmake.build:Building CMake package in '/home/ulugbek/dev-ws/src/feature_extraction'
[0.612s] INFO:colcon.colcon_core.shell:Skip shell extension 'powershell' for command environment: Not usable outside of PowerShell
[0.612s] DEBUG:colcon.colcon_core.shell:Skip shell extension 'dsv' for command environment
[0.625s] INFO:colcon.colcon_ros.task.ament_cmake.build:Building ROS package in '/home/ulugbek/dev-ws/src/my_package' with build type 'ament_cmake'
[0.625s] INFO:colcon.colcon_cmake.task.cmake.build:Building CMake package in '/home/ulugbek/dev-ws/src/my_package'
[0.629s] INFO:colcon.colcon_core.shell:Skip shell extension 'powershell' for command environment: Not usable outside of PowerShell
[0.629s] DEBUG:colcon.colcon_core.shell:Skip shell extension 'dsv' for command environment
[0.640s] INFO:colcon.colcon_ros.task.ament_python.build:Building ROS package in '/home/ulugbek/dev-ws/src/ROS-TCP-Endpoint-ROS2v0.7.0' with build type 'ament_python'
[0.640s] Level 1:colcon.colcon_core.shell:create_environment_hook('ros_tcp_endpoint', 'ament_prefix_path')
[0.644s] INFO:colcon.colcon_core.shell:Creating environment hook '/home/ulugbek/dev-ws/src/install/ros_tcp_endpoint/share/ros_tcp_endpoint/hook/ament_prefix_path.ps1'
[0.645s] INFO:colcon.colcon_core.shell:Creating environment descriptor '/home/ulugbek/dev-ws/src/install/ros_tcp_endpoint/share/ros_tcp_endpoint/hook/ament_prefix_path.dsv'
[0.645s] INFO:colcon.colcon_core.shell:Creating environment hook '/home/ulugbek/dev-ws/src/install/ros_tcp_endpoint/share/ros_tcp_endpoint/hook/ament_prefix_path.sh'
[0.650s] INFO:colcon.colcon_core.shell:Skip shell extension 'powershell' for command environment: Not usable outside of PowerShell
[0.650s] DEBUG:colcon.colcon_core.shell:Skip shell extension 'dsv' for command environment
[0.662s] INFO:colcon.colcon_ros.task.ament_cmake.build:Building ROS package in '/home/ulugbek/dev-ws/src/safe_landing' with build type 'ament_cmake'
[0.662s] INFO:colcon.colcon_cmake.task.cmake.build:Building CMake package in '/home/ulugbek/dev-ws/src/safe_landing'
[0.666s] INFO:colcon.colcon_core.shell:Skip shell extension 'powershell' for command environment: Not usable outside of PowerShell
[0.666s] DEBUG:colcon.colcon_core.shell:Skip shell extension 'dsv' for command environment
[0.676s] INFO:colcon.colcon_ros.task.ament_cmake.build:Building ROS package in '/home/ulugbek/dev-ws/src/velodyne_subscriber' with build type 'ament_cmake'
[0.676s] INFO:colcon.colcon_cmake.task.cmake.build:Building CMake package in '/home/ulugbek/dev-ws/src/velodyne_subscriber'
[0.682s] INFO:colcon.colcon_core.shell:Skip shell extension 'powershell' for command environment: Not usable outside of PowerShell
[0.682s] DEBUG:colcon.colcon_core.shell:Skip shell extension 'dsv' for command environment
[0.699s] DEBUG:colcon.colcon_core.event_handler.log_command:Invoking command in '/home/ulugbek/dev-ws/src/build/velodyne_msgs': CMAKE_PREFIX_PATH=${CMAKE_PREFIX_PATH}:/home/ulugbek/dev-ws/install/ros_tcp_endpoint:/opt/ros/foxy CONDA_PROMPT_MODIFIER=(base) /usr/bin/cmake /home/ulugbek/dev-ws/src/velodyne/velodyne_msgs -DCMAKE_INSTALL_PREFIX=/home/ulugbek/dev-ws/src/install/velodyne_msgs
[0.705s] DEBUG:colcon.colcon_core.event_handler.log_command:Invoking command in '/home/ulugbek/dev-ws/src/build/velodyne_laserscan': CMAKE_PREFIX_PATH=${CMAKE_PREFIX_PATH}:/home/ulugbek/dev-ws/install/ros_tcp_endpoint:/opt/ros/foxy CONDA_PROMPT_MODIFIER=(base) /usr/bin/cmake --build /home/ulugbek/dev-ws/src/build/velodyne_laserscan -- -j16 -l16
[0.709s] DEBUG:colcon.colcon_core.event_handler.log_command:Invoking command in '/home/ulugbek/dev-ws/src/build/altitude_publisher': CMAKE_PREFIX_PATH=${CMAKE_PREFIX_PATH}:/home/ulugbek/dev-ws/install/ros_tcp_endpoint:/opt/ros/foxy CONDA_PROMPT_MODIFIER=(base) /usr/bin/cmake --build /home/ulugbek/dev-ws/src/build/altitude_publisher -- -j16 -l16
[0.716s] DEBUG:colcon.colcon_core.event_handler.log_command:Invoking command in '/home/ulugbek/dev-ws/src/build/feature_extraction': CMAKE_PREFIX_PATH=${CMAKE_PREFIX_PATH}:/home/ulugbek/dev-ws/install/ros_tcp_endpoint:/opt/ros/foxy CONDA_PROMPT_MODIFIER=(base) /usr/bin/cmake --build /home/ulugbek/dev-ws/src/build/feature_extraction -- -j16 -l16
[0.724s] DEBUG:colcon.colcon_core.event_handler.log_command:Invoking command in '/home/ulugbek/dev-ws/src/build/my_package': CMAKE_PREFIX_PATH=${CMAKE_PREFIX_PATH}:/home/ulugbek/dev-ws/install/ros_tcp_endpoint:/opt/ros/foxy CONDA_PROMPT_MODIFIER=(base) /usr/bin/cmake --build /home/ulugbek/dev-ws/src/build/my_package -- -j16 -l16
[0.930s] INFO:colcon.colcon_core.task.python.build:Building Python package in '/home/ulugbek/dev-ws/src/ROS-TCP-Endpoint-ROS2v0.7.0'
[0.935s] INFO:colcon.colcon_core.shell:Skip shell extension 'powershell' for command environment: Not usable outside of PowerShell
[0.935s] DEBUG:colcon.colcon_core.shell:Skip shell extension 'dsv' for command environment
[0.958s] DEBUG:colcon.colcon_core.event_handler.log_command:Invoking command in '/home/ulugbek/dev-ws/src/build/safe_landing': CMAKE_PREFIX_PATH=${CMAKE_PREFIX_PATH}:/home/ulugbek/dev-ws/install/ros_tcp_endpoint:/opt/ros/foxy CONDA_PROMPT_MODIFIER=(base) /usr/bin/cmake --build /home/ulugbek/dev-ws/src/build/safe_landing -- -j16 -l16
[0.964s] DEBUG:colcon.colcon_core.event_handler.log_command:Invoking command in '/home/ulugbek/dev-ws/src/build/velodyne_subscriber': CMAKE_PREFIX_PATH=${CMAKE_PREFIX_PATH}:/home/ulugbek/dev-ws/install/ros_tcp_endpoint:/opt/ros/foxy CONDA_PROMPT_MODIFIER=(base) /usr/bin/cmake /home/ulugbek/dev-ws/src/velodyne_subscriber -DCMAKE_INSTALL_PREFIX=/home/ulugbek/dev-ws/src/install/velodyne_subscriber
[0.970s] DEBUG:colcon.colcon_core.event_handler.log_command:Invoked command in '/home/ulugbek/dev-ws/src/build/velodyne_laserscan' returned '0': CMAKE_PREFIX_PATH=${CMAKE_PREFIX_PATH}:/home/ulugbek/dev-ws/install/ros_tcp_endpoint:/opt/ros/foxy CONDA_PROMPT_MODIFIER=(base) /usr/bin/cmake --build /home/ulugbek/dev-ws/src/build/velodyne_laserscan -- -j16 -l16
[0.973s] DEBUG:colcon.colcon_core.event_handler.log_command:Invoked command in '/home/ulugbek/dev-ws/src/build/feature_extraction' returned '0': CMAKE_PREFIX_PATH=${CMAKE_PREFIX_PATH}:/home/ulugbek/dev-ws/install/ros_tcp_endpoint:/opt/ros/foxy CONDA_PROMPT_MODIFIER=(base) /usr/bin/cmake --build /home/ulugbek/dev-ws/src/build/feature_extraction -- -j16 -l16
[0.977s] DEBUG:colcon.colcon_core.event_handler.log_command:Invoked command in '/home/ulugbek/dev-ws/src/build/altitude_publisher' returned '0': CMAKE_PREFIX_PATH=${CMAKE_PREFIX_PATH}:/home/ulugbek/dev-ws/install/ros_tcp_endpoint:/opt/ros/foxy CONDA_PROMPT_MODIFIER=(base) /usr/bin/cmake --build /home/ulugbek/dev-ws/src/build/altitude_publisher -- -j16 -l16
[0.984s] DEBUG:colcon.colcon_core.event_handler.log_command:Invoked command in '/home/ulugbek/dev-ws/src/build/my_package' returned '0': CMAKE_PREFIX_PATH=${CMAKE_PREFIX_PATH}:/home/ulugbek/dev-ws/install/ros_tcp_endpoint:/opt/ros/foxy CONDA_PROMPT_MODIFIER=(base) /usr/bin/cmake --build /home/ulugbek/dev-ws/src/build/my_package -- -j16 -l16
[1.013s] DEBUG:colcon.colcon_core.event_handler.log_command:Invoking command in '/home/ulugbek/dev-ws/src/build/velodyne_laserscan': CMAKE_PREFIX_PATH=${CMAKE_PREFIX_PATH}:/home/ulugbek/dev-ws/install/ros_tcp_endpoint:/opt/ros/foxy CONDA_PROMPT_MODIFIER=(base) /usr/bin/cmake --install /home/ulugbek/dev-ws/src/build/velodyne_laserscan
[1.020s] DEBUG:colcon.colcon_core.event_handler.log_command:Invoking command in '/home/ulugbek/dev-ws/src/build/feature_extraction': CMAKE_PREFIX_PATH=${CMAKE_PREFIX_PATH}:/home/ulugbek/dev-ws/install/ros_tcp_endpoint:/opt/ros/foxy CONDA_PROMPT_MODIFIER=(base) /usr/bin/cmake --install /home/ulugbek/dev-ws/src/build/feature_extraction
[1.024s] DEBUG:colcon.colcon_core.event_handler.log_command:Invoking command in '/home/ulugbek/dev-ws/src/build/altitude_publisher': CMAKE_PREFIX_PATH=${CMAKE_PREFIX_PATH}:/home/ulugbek/dev-ws/install/ros_tcp_endpoint:/opt/ros/foxy CONDA_PROMPT_MODIFIER=(base) /usr/bin/cmake --install /home/ulugbek/dev-ws/src/build/altitude_publisher
[1.033s] DEBUG:colcon.colcon_core.event_handler.log_command:Invoking command in '/home/ulugbek/dev-ws/src/build/my_package': CMAKE_PREFIX_PATH=${CMAKE_PREFIX_PATH}:/home/ulugbek/dev-ws/install/ros_tcp_endpoint:/opt/ros/foxy CONDA_PROMPT_MODIFIER=(base) /usr/bin/cmake --install /home/ulugbek/dev-ws/src/build/my_package
[1.034s] Level 1:colcon.colcon_core.environment:create_environment_scripts_only(velodyne_laserscan)
[1.044s] DEBUG:colcon.colcon_core.event_handler.log_command:Invoked command in '/home/ulugbek/dev-ws/src/build/velodyne_laserscan' returned '0': CMAKE_PREFIX_PATH=${CMAKE_PREFIX_PATH}:/home/ulugbek/dev-ws/install/ros_tcp_endpoint:/opt/ros/foxy CONDA_PROMPT_MODIFIER=(base) /usr/bin/cmake --install /home/ulugbek/dev-ws/src/build/velodyne_laserscan
[1.053s] Level 1:colcon.colcon_core.environment:checking '/home/ulugbek/dev-ws/src/install/velodyne_laserscan' for CMake module files
[1.054s] Level 1:colcon.colcon_core.environment:checking '/home/ulugbek/dev-ws/src/install/velodyne_laserscan' for CMake config files
[1.054s] Level 1:colcon.colcon_core.shell:create_environment_hook('velodyne_laserscan', 'cmake_prefix_path')
[1.059s] INFO:colcon.colcon_core.shell:Creating environment hook '/home/ulugbek/dev-ws/src/install/velodyne_laserscan/share/velodyne_laserscan/hook/cmake_prefix_path.ps1'
[1.060s] INFO:colcon.colcon_core.shell:Creating environment descriptor '/home/ulugbek/dev-ws/src/install/velodyne_laserscan/share/velodyne_laserscan/hook/cmake_prefix_path.dsv'
[1.060s] INFO:colcon.colcon_core.shell:Creating environment hook '/home/ulugbek/dev-ws/src/install/velodyne_laserscan/share/velodyne_laserscan/hook/cmake_prefix_path.sh'
[1.061s] Level 1:colcon.colcon_core.environment:checking '/home/ulugbek/dev-ws/src/install/velodyne_laserscan/lib'
[1.061s] Level 1:colcon.colcon_core.shell:create_environment_hook('velodyne_laserscan', 'ld_library_path_lib')
[1.066s] INFO:colcon.colcon_core.shell:Creating environment hook '/home/ulugbek/dev-ws/src/install/velodyne_laserscan/share/velodyne_laserscan/hook/ld_library_path_lib.ps1'
[1.066s] INFO:colcon.colcon_core.shell:Creating environment descriptor '/home/ulugbek/dev-ws/src/install/velodyne_laserscan/share/velodyne_laserscan/hook/ld_library_path_lib.dsv'
[1.067s] INFO:colcon.colcon_core.shell:Creating environment hook '/home/ulugbek/dev-ws/src/install/velodyne_laserscan/share/velodyne_laserscan/hook/ld_library_path_lib.sh'
[1.067s] Level 1:colcon.colcon_core.environment:checking '/home/ulugbek/dev-ws/src/install/velodyne_laserscan/bin'
[1.067s] Level 1:colcon.colcon_core.environment:checking '/home/ulugbek/dev-ws/src/install/velodyne_laserscan/lib/pkgconfig/velodyne_laserscan.pc'
[1.067s] Level 1:colcon.colcon_core.environment:checking '/home/ulugbek/dev-ws/src/install/velodyne_laserscan/lib/python3.8/site-packages'
[1.067s] Level 1:colcon.colcon_core.environment:checking '/home/ulugbek/dev-ws/src/install/velodyne_laserscan/bin'
[1.072s] INFO:colcon.colcon_core.shell:Creating package script '/home/ulugbek/dev-ws/src/install/velodyne_laserscan/share/velodyne_laserscan/package.ps1'
[1.073s] INFO:colcon.colcon_core.shell:Creating package descriptor '/home/ulugbek/dev-ws/src/install/velodyne_laserscan/share/velodyne_laserscan/package.dsv'
[1.074s] INFO:colcon.colcon_core.shell:Creating package script '/home/ulugbek/dev-ws/src/install/velodyne_laserscan/share/velodyne_laserscan/package.sh'
[1.074s] INFO:colcon.colcon_core.shell:Creating package script '/home/ulugbek/dev-ws/src/install/velodyne_laserscan/share/velodyne_laserscan/package.bash'
[1.075s] INFO:colcon.colcon_core.shell:Creating package script '/home/ulugbek/dev-ws/src/install/velodyne_laserscan/share/velodyne_laserscan/package.zsh'
[1.076s] Level 1:colcon.colcon_core.environment:create_file_with_runtime_dependencies(/home/ulugbek/dev-ws/src/install/velodyne_laserscan/share/colcon-core/packages/velodyne_laserscan)
[1.080s] Level 1:colcon.colcon_core.environment:create_environment_scripts_only(feature_extraction)
[1.086s] Level 1:colcon.colcon_core.environment:checking '/home/ulugbek/dev-ws/src/install/feature_extraction' for CMake module files
[1.087s] DEBUG:colcon.colcon_core.event_handler.log_command:Invoked command in '/home/ulugbek/dev-ws/src/build/feature_extraction' returned '0': CMAKE_PREFIX_PATH=${CMAKE_PREFIX_PATH}:/home/ulugbek/dev-ws/install/ros_tcp_endpoint:/opt/ros/foxy CONDA_PROMPT_MODIFIER=(base) /usr/bin/cmake --install /home/ulugbek/dev-ws/src/build/feature_extraction
[1.087s] Level 1:colcon.colcon_core.environment:checking '/home/ulugbek/dev-ws/src/install/feature_extraction' for CMake config files
[1.088s] Level 1:colcon.colcon_core.shell:create_environment_hook('feature_extraction', 'cmake_prefix_path')
[1.093s] INFO:colcon.colcon_core.shell:Creating environment hook '/home/ulugbek/dev-ws/src/install/feature_extraction/share/feature_extraction/hook/cmake_prefix_path.ps1'
[1.093s] INFO:colcon.colcon_core.shell:Creating environment descriptor '/home/ulugbek/dev-ws/src/install/feature_extraction/share/feature_extraction/hook/cmake_prefix_path.dsv'
[1.094s] INFO:colcon.colcon_core.shell:Creating environment hook '/home/ulugbek/dev-ws/src/install/feature_extraction/share/feature_extraction/hook/cmake_prefix_path.sh'
[1.094s] Level 1:colcon.colcon_core.environment:checking '/home/ulugbek/dev-ws/src/install/feature_extraction/lib'
[1.094s] Level 1:colcon.colcon_core.environment:checking '/home/ulugbek/dev-ws/src/install/feature_extraction/bin'
[1.094s] Level 1:colcon.colcon_core.environment:checking '/home/ulugbek/dev-ws/src/install/feature_extraction/lib/pkgconfig/feature_extraction.pc'
[1.095s] Level 1:colcon.colcon_core.environment:checking '/home/ulugbek/dev-ws/src/install/feature_extraction/lib/python3.8/site-packages'
[1.095s] Level 1:colcon.colcon_core.environment:checking '/home/ulugbek/dev-ws/src/install/feature_extraction/bin'
[1.100s] INFO:colcon.colcon_core.shell:Creating package script '/home/ulugbek/dev-ws/src/install/feature_extraction/share/feature_extraction/package.ps1'
[1.100s] INFO:colcon.colcon_core.shell:Creating package descriptor '/home/ulugbek/dev-ws/src/install/feature_extraction/share/feature_extraction/package.dsv'
[1.101s] INFO:colcon.colcon_core.shell:Creating package script '/home/ulugbek/dev-ws/src/install/feature_extraction/share/feature_extraction/package.sh'
[1.101s] INFO:colcon.colcon_core.shell:Creating package script '/home/ulugbek/dev-ws/src/install/feature_extraction/share/feature_extraction/package.bash'
[1.101s] INFO:colcon.colcon_core.shell:Creating package script '/home/ulugbek/dev-ws/src/install/feature_extraction/share/feature_extraction/package.zsh'
[1.102s] Level 1:colcon.colcon_core.environment:create_file_with_runtime_dependencies(/home/ulugbek/dev-ws/src/install/feature_extraction/share/colcon-core/packages/feature_extraction)
[1.105s] Level 1:colcon.colcon_core.environment:create_environment_scripts_only(my_package)
[1.105s] DEBUG:colcon.colcon_core.event_handler.log_command:Invoked command in '/home/ulugbek/dev-ws/src/build/my_package' returned '0': CMAKE_PREFIX_PATH=${CMAKE_PREFIX_PATH}:/home/ulugbek/dev-ws/install/ros_tcp_endpoint:/opt/ros/foxy CONDA_PROMPT_MODIFIER=(base) /usr/bin/cmake --install /home/ulugbek/dev-ws/src/build/my_package
[1.112s] Level 1:colcon.colcon_core.environment:checking '/home/ulugbek/dev-ws/src/install/my_package' for CMake module files
[1.112s] Level 1:colcon.colcon_core.environment:checking '/home/ulugbek/dev-ws/src/install/my_package' for CMake config files
[1.112s] Level 1:colcon.colcon_core.shell:create_environment_hook('my_package', 'cmake_prefix_path')
[1.117s] INFO:colcon.colcon_core.shell:Creating environment hook '/home/ulugbek/dev-ws/src/install/my_package/share/my_package/hook/cmake_prefix_path.ps1'
[1.118s] INFO:colcon.colcon_core.shell:Creating environment descriptor '/home/ulugbek/dev-ws/src/install/my_package/share/my_package/hook/cmake_prefix_path.dsv'
[1.118s] INFO:colcon.colcon_core.shell:Creating environment hook '/home/ulugbek/dev-ws/src/install/my_package/share/my_package/hook/cmake_prefix_path.sh'
[1.119s] Level 1:colcon.colcon_core.environment:checking '/home/ulugbek/dev-ws/src/install/my_package/bin'
[1.119s] Level 1:colcon.colcon_core.environment:checking '/home/ulugbek/dev-ws/src/install/my_package/lib/pkgconfig/my_package.pc'
[1.119s] Level 1:colcon.colcon_core.environment:checking '/home/ulugbek/dev-ws/src/install/my_package/lib/python3.8/site-packages'
[1.119s] Level 1:colcon.colcon_core.environment:checking '/home/ulugbek/dev-ws/src/install/my_package/bin'
[1.124s] INFO:colcon.colcon_core.shell:Creating package script '/home/ulugbek/dev-ws/src/install/my_package/share/my_package/package.ps1'
[1.124s] INFO:colcon.colcon_core.shell:Creating package descriptor '/home/ulugbek/dev-ws/src/install/my_package/share/my_package/package.dsv'
[1.125s] INFO:colcon.colcon_core.shell:Creating package script '/home/ulugbek/dev-ws/src/install/my_package/share/my_package/package.sh'
[1.125s] INFO:colcon.colcon_core.shell:Creating package script '/home/ulugbek/dev-ws/src/install/my_package/share/my_package/package.bash'
[1.125s] INFO:colcon.colcon_core.shell:Creating package script '/home/ulugbek/dev-ws/src/install/my_package/share/my_package/package.zsh'
[1.126s] Level 1:colcon.colcon_core.environment:create_file_with_runtime_dependencies(/home/ulugbek/dev-ws/src/install/my_package/share/colcon-core/packages/my_package)
[1.129s] DEBUG:colcon.colcon_core.event_handler.log_command:Invoked command in '/home/ulugbek/dev-ws/src/build/safe_landing' returned '0': CMAKE_PREFIX_PATH=${CMAKE_PREFIX_PATH}:/home/ulugbek/dev-ws/install/ros_tcp_endpoint:/opt/ros/foxy CONDA_PROMPT_MODIFIER=(base) /usr/bin/cmake --build /home/ulugbek/dev-ws/src/build/safe_landing -- -j16 -l16
[1.131s] Level 1:colcon.colcon_core.environment:create_environment_scripts_only(altitude_publisher)
[1.132s] DEBUG:colcon.colcon_core.event_handler.log_command:Invoked command in '/home/ulugbek/dev-ws/src/build/altitude_publisher' returned '0': CMAKE_PREFIX_PATH=${CMAKE_PREFIX_PATH}:/home/ulugbek/dev-ws/install/ros_tcp_endpoint:/opt/ros/foxy CONDA_PROMPT_MODIFIER=(base) /usr/bin/cmake --install /home/ulugbek/dev-ws/src/build/altitude_publisher
[1.138s] Level 1:colcon.colcon_core.environment:checking '/home/ulugbek/dev-ws/src/install/altitude_publisher' for CMake module files
[1.138s] Level 1:colcon.colcon_core.environment:checking '/home/ulugbek/dev-ws/src/install/altitude_publisher' for CMake config files
[1.139s] Level 1:colcon.colcon_core.shell:create_environment_hook('altitude_publisher', 'cmake_prefix_path')
[1.143s] INFO:colcon.colcon_core.shell:Creating environment hook '/home/ulugbek/dev-ws/src/install/altitude_publisher/share/altitude_publisher/hook/cmake_prefix_path.ps1'
[1.144s] INFO:colcon.colcon_core.shell:Creating environment descriptor '/home/ulugbek/dev-ws/src/install/altitude_publisher/share/altitude_publisher/hook/cmake_prefix_path.dsv'
[1.144s] INFO:colcon.colcon_core.shell:Creating environment hook '/home/ulugbek/dev-ws/src/install/altitude_publisher/share/altitude_publisher/hook/cmake_prefix_path.sh'
[1.145s] Level 1:colcon.colcon_core.environment:checking '/home/ulugbek/dev-ws/src/install/altitude_publisher/lib'
[1.145s] Level 1:colcon.colcon_core.environment:checking '/home/ulugbek/dev-ws/src/install/altitude_publisher/bin'
[1.145s] Level 1:colcon.colcon_core.environment:checking '/home/ulugbek/dev-ws/src/install/altitude_publisher/lib/pkgconfig/altitude_publisher.pc'
[1.145s] Level 1:colcon.colcon_core.environment:checking '/home/ulugbek/dev-ws/src/install/altitude_publisher/lib/python3.8/site-packages'
[1.145s] Level 1:colcon.colcon_core.environment:checking '/home/ulugbek/dev-ws/src/install/altitude_publisher/bin'
[1.150s] INFO:colcon.colcon_core.shell:Creating package script '/home/ulugbek/dev-ws/src/install/altitude_publisher/share/altitude_publisher/package.ps1'
[1.150s] INFO:colcon.colcon_core.shell:Creating package descriptor '/home/ulugbek/dev-ws/src/install/altitude_publisher/share/altitude_publisher/package.dsv'
[1.151s] INFO:colcon.colcon_core.shell:Creating package script '/home/ulugbek/dev-ws/src/install/altitude_publisher/share/altitude_publisher/package.sh'
[1.151s] INFO:colcon.colcon_core.shell:Creating package script '/home/ulugbek/dev-ws/src/install/altitude_publisher/share/altitude_publisher/package.bash'
[1.151s] INFO:colcon.colcon_core.shell:Creating package script '/home/ulugbek/dev-ws/src/install/altitude_publisher/share/altitude_publisher/package.zsh'
[1.152s] Level 1:colcon.colcon_core.environment:create_file_with_runtime_dependencies(/home/ulugbek/dev-ws/src/install/altitude_publisher/share/colcon-core/packages/altitude_publisher)
[1.160s] Level 1:colcon.colcon_core.environment:create_environment_scripts_only(velodyne_laserscan)
[1.167s] Level 1:colcon.colcon_core.environment:checking '/home/ulugbek/dev-ws/src/install/velodyne_laserscan' for CMake module files
[1.168s] Level 1:colcon.colcon_core.environment:checking '/home/ulugbek/dev-ws/src/install/velodyne_laserscan' for CMake config files
[1.169s] Level 1:colcon.colcon_core.shell:create_environment_hook('velodyne_laserscan', 'cmake_prefix_path')
[1.173s] INFO:colcon.colcon_core.shell:Creating environment hook '/home/ulugbek/dev-ws/src/install/velodyne_laserscan/share/velodyne_laserscan/hook/cmake_prefix_path.ps1'
[1.174s] INFO:colcon.colcon_core.shell:Creating environment descriptor '/home/ulugbek/dev-ws/src/install/velodyne_laserscan/share/velodyne_laserscan/hook/cmake_prefix_path.dsv'
[1.174s] INFO:colcon.colcon_core.shell:Creating environment hook '/home/ulugbek/dev-ws/src/install/velodyne_laserscan/share/velodyne_laserscan/hook/cmake_prefix_path.sh'
[1.175s] Level 1:colcon.colcon_core.environment:checking '/home/ulugbek/dev-ws/src/install/velodyne_laserscan/lib'
[1.175s] Level 1:colcon.colcon_core.shell:create_environment_hook('velodyne_laserscan', 'ld_library_path_lib')
[1.179s] INFO:colcon.colcon_core.shell:Creating environment hook '/home/ulugbek/dev-ws/src/install/velodyne_laserscan/share/velodyne_laserscan/hook/ld_library_path_lib.ps1'
[1.179s] INFO:colcon.colcon_core.shell:Creating environment descriptor '/home/ulugbek/dev-ws/src/install/velodyne_laserscan/share/velodyne_laserscan/hook/ld_library_path_lib.dsv'
[1.179s] INFO:colcon.colcon_core.shell:Creating environment hook '/home/ulugbek/dev-ws/src/install/velodyne_laserscan/share/velodyne_laserscan/hook/ld_library_path_lib.sh'
[1.180s] Level 1:colcon.colcon_core.environment:checking '/home/ulugbek/dev-ws/src/install/velodyne_laserscan/bin'
[1.180s] Level 1:colcon.colcon_core.environment:checking '/home/ulugbek/dev-ws/src/install/velodyne_laserscan/lib/pkgconfig/velodyne_laserscan.pc'
[1.180s] Level 1:colcon.colcon_core.environment:checking '/home/ulugbek/dev-ws/src/install/velodyne_laserscan/lib/python3.8/site-packages'
[1.180s] Level 1:colcon.colcon_core.environment:checking '/home/ulugbek/dev-ws/src/install/velodyne_laserscan/bin'
[1.185s] INFO:colcon.colcon_core.shell:Creating package script '/home/ulugbek/dev-ws/src/install/velodyne_laserscan/share/velodyne_laserscan/package.ps1'
[1.185s] INFO:colcon.colcon_core.shell:Creating package descriptor '/home/ulugbek/dev-ws/src/install/velodyne_laserscan/share/velodyne_laserscan/package.dsv'
[1.186s] INFO:colcon.colcon_core.shell:Creating package script '/home/ulugbek/dev-ws/src/install/velodyne_laserscan/share/velodyne_laserscan/package.sh'
[1.186s] INFO:colcon.colcon_core.shell:Creating package script '/home/ulugbek/dev-ws/src/install/velodyne_laserscan/share/velodyne_laserscan/package.bash'
[1.187s] INFO:colcon.colcon_core.shell:Creating package script '/home/ulugbek/dev-ws/src/install/velodyne_laserscan/share/velodyne_laserscan/package.zsh'
[1.187s] Level 1:colcon.colcon_core.environment:create_file_with_runtime_dependencies(/home/ulugbek/dev-ws/src/install/velodyne_laserscan/share/colcon-core/packages/velodyne_laserscan)
[1.192s] Level 1:colcon.colcon_core.environment:create_environment_scripts_only(feature_extraction)
[1.198s] Level 1:colcon.colcon_core.environment:checking '/home/ulugbek/dev-ws/src/install/feature_extraction' for CMake module files
[1.199s] Level 1:colcon.colcon_core.environment:checking '/home/ulugbek/dev-ws/src/install/feature_extraction' for CMake config files
[1.199s] Level 1:colcon.colcon_core.shell:create_environment_hook('feature_extraction', 'cmake_prefix_path')
[1.204s] INFO:colcon.colcon_core.shell:Creating environment hook '/home/ulugbek/dev-ws/src/install/feature_extraction/share/feature_extraction/hook/cmake_prefix_path.ps1'
[1.205s] INFO:colcon.colcon_core.shell:Creating environment descriptor '/home/ulugbek/dev-ws/src/install/feature_extraction/share/feature_extraction/hook/cmake_prefix_path.dsv'
[1.205s] INFO:colcon.colcon_core.shell:Creating environment hook '/home/ulugbek/dev-ws/src/install/feature_extraction/share/feature_extraction/hook/cmake_prefix_path.sh'
[1.205s] Level 1:colcon.colcon_core.environment:checking '/home/ulugbek/dev-ws/src/install/feature_extraction/lib'
[1.205s] Level 1:colcon.colcon_core.environment:checking '/home/ulugbek/dev-ws/src/install/feature_extraction/bin'
[1.205s] Level 1:colcon.colcon_core.environment:checking '/home/ulugbek/dev-ws/src/install/feature_extraction/lib/pkgconfig/feature_extraction.pc'
[1.206s] Level 1:colcon.colcon_core.environment:checking '/home/ulugbek/dev-ws/src/install/feature_extraction/lib/python3.8/site-packages'
[1.206s] Level 1:colcon.colcon_core.environment:checking '/home/ulugbek/dev-ws/src/install/feature_extraction/bin'
[1.210s] INFO:colcon.colcon_core.shell:Creating package script '/home/ulugbek/dev-ws/src/install/feature_extraction/share/feature_extraction/package.ps1'
[1.211s] INFO:colcon.colcon_core.shell:Creating package descriptor '/home/ulugbek/dev-ws/src/install/feature_extraction/share/feature_extraction/package.dsv'
[1.211s] INFO:colcon.colcon_core.shell:Creating package script '/home/ulugbek/dev-ws/src/install/feature_extraction/share/feature_extraction/package.sh'
[1.211s] INFO:colcon.colcon_core.shell:Creating package script '/home/ulugbek/dev-ws/src/install/feature_extraction/share/feature_extraction/package.bash'
[1.212s] INFO:colcon.colcon_core.shell:Creating package script '/home/ulugbek/dev-ws/src/install/feature_extraction/share/feature_extraction/package.zsh'
[1.212s] Level 1:colcon.colcon_core.environment:create_file_with_runtime_dependencies(/home/ulugbek/dev-ws/src/install/feature_extraction/share/colcon-core/packages/feature_extraction)
[1.217s] Level 1:colcon.colcon_core.environment:create_environment_scripts_only(my_package)
[1.222s] Level 1:colcon.colcon_core.environment:checking '/home/ulugbek/dev-ws/src/install/my_package' for CMake module files
[1.223s] Level 1:colcon.colcon_core.environment:checking '/home/ulugbek/dev-ws/src/install/my_package' for CMake config files
[1.223s] Level 1:colcon.colcon_core.shell:create_environment_hook('my_package', 'cmake_prefix_path')
[1.228s] INFO:colcon.colcon_core.shell:Creating environment hook '/home/ulugbek/dev-ws/src/install/my_package/share/my_package/hook/cmake_prefix_path.ps1'
[1.228s] INFO:colcon.colcon_core.shell:Creating environment descriptor '/home/ulugbek/dev-ws/src/install/my_package/share/my_package/hook/cmake_prefix_path.dsv'
[1.228s] INFO:colcon.colcon_core.shell:Creating environment hook '/home/ulugbek/dev-ws/src/install/my_package/share/my_package/hook/cmake_prefix_path.sh'
[1.229s] Level 1:colcon.colcon_core.environment:checking '/home/ulugbek/dev-ws/src/install/my_package/bin'
[1.229s] Level 1:colcon.colcon_core.environment:checking '/home/ulugbek/dev-ws/src/install/my_package/lib/pkgconfig/my_package.pc'
[1.229s] Level 1:colcon.colcon_core.environment:checking '/home/ulugbek/dev-ws/src/install/my_package/lib/python3.8/site-packages'
[1.229s] Level 1:colcon.colcon_core.environment:checking '/home/ulugbek/dev-ws/src/install/my_package/bin'
[1.234s] INFO:colcon.colcon_core.shell:Creating package script '/home/ulugbek/dev-ws/src/install/my_package/share/my_package/package.ps1'
[1.235s] INFO:colcon.colcon_core.shell:Creating package descriptor '/home/ulugbek/dev-ws/src/install/my_package/share/my_package/package.dsv'
[1.235s] INFO:colcon.colcon_core.shell:Creating package script '/home/ulugbek/dev-ws/src/install/my_package/share/my_package/package.sh'
[1.236s] INFO:colcon.colcon_core.shell:Creating package script '/home/ulugbek/dev-ws/src/install/my_package/share/my_package/package.bash'
[1.236s] INFO:colcon.colcon_core.shell:Creating package script '/home/ulugbek/dev-ws/src/install/my_package/share/my_package/package.zsh'
[1.236s] Level 1:colcon.colcon_core.environment:create_file_with_runtime_dependencies(/home/ulugbek/dev-ws/src/install/my_package/share/colcon-core/packages/my_package)
[1.241s] DEBUG:colcon.colcon_core.event_handler.log_command:Invoking command in '/home/ulugbek/dev-ws/src/build/safe_landing': CMAKE_PREFIX_PATH=${CMAKE_PREFIX_PATH}:/home/ulugbek/dev-ws/install/ros_tcp_endpoint:/opt/ros/foxy CONDA_PROMPT_MODIFIER=(base) /usr/bin/cmake --install /home/ulugbek/dev-ws/src/build/safe_landing
[1.247s] Level 1:colcon.colcon_core.environment:create_environment_scripts_only(altitude_publisher)
[1.252s] Level 1:colcon.colcon_core.environment:checking '/home/ulugbek/dev-ws/src/install/altitude_publisher' for CMake module files
[1.255s] Level 1:colcon.colcon_core.environment:checking '/home/ulugbek/dev-ws/src/install/altitude_publisher' for CMake config files
[1.256s] Level 1:colcon.colcon_core.shell:create_environment_hook('altitude_publisher', 'cmake_prefix_path')
[1.260s] INFO:colcon.colcon_core.shell:Creating environment hook '/home/ulugbek/dev-ws/src/install/altitude_publisher/share/altitude_publisher/hook/cmake_prefix_path.ps1'
[1.261s] INFO:colcon.colcon_core.shell:Creating environment descriptor '/home/ulugbek/dev-ws/src/install/altitude_publisher/share/altitude_publisher/hook/cmake_prefix_path.dsv'
[1.261s] INFO:colcon.colcon_core.shell:Creating environment hook '/home/ulugbek/dev-ws/src/install/altitude_publisher/share/altitude_publisher/hook/cmake_prefix_path.sh'
[1.261s] Level 1:colcon.colcon_core.environment:checking '/home/ulugbek/dev-ws/src/install/altitude_publisher/lib'
[1.262s] Level 1:colcon.colcon_core.environment:checking '/home/ulugbek/dev-ws/src/install/altitude_publisher/bin'
[1.262s] Level 1:colcon.colcon_core.environment:checking '/home/ulugbek/dev-ws/src/install/altitude_publisher/lib/pkgconfig/altitude_publisher.pc'
[1.262s] Level 1:colcon.colcon_core.environment:checking '/home/ulugbek/dev-ws/src/install/altitude_publisher/lib/python3.8/site-packages'
[1.262s] Level 1:colcon.colcon_core.environment:checking '/home/ulugbek/dev-ws/src/install/altitude_publisher/bin'
[1.266s] INFO:colcon.colcon_core.shell:Creating package script '/home/ulugbek/dev-ws/src/install/altitude_publisher/share/altitude_publisher/package.ps1'
[1.267s] INFO:colcon.colcon_core.shell:Creating package descriptor '/home/ulugbek/dev-ws/src/install/altitude_publisher/share/altitude_publisher/package.dsv'
[1.267s] INFO:colcon.colcon_core.shell:Creating package script '/home/ulugbek/dev-ws/src/install/altitude_publisher/share/altitude_publisher/package.sh'
[1.267s] INFO:colcon.colcon_core.shell:Creating package script '/home/ulugbek/dev-ws/src/install/altitude_publisher/share/altitude_publisher/package.bash'
[1.268s] INFO:colcon.colcon_core.shell:Creating package script '/home/ulugbek/dev-ws/src/install/altitude_publisher/share/altitude_publisher/package.zsh'
[1.268s] Level 1:colcon.colcon_core.environment:create_file_with_runtime_dependencies(/home/ulugbek/dev-ws/src/install/altitude_publisher/share/colcon-core/packages/altitude_publisher)
[1.269s] Level 1:colcon.colcon_core.environment:create_environment_scripts_only(safe_landing)
[1.275s] Level 1:colcon.colcon_core.environment:checking '/home/ulugbek/dev-ws/src/install/safe_landing' for CMake module files
[1.275s] DEBUG:colcon.colcon_core.event_handler.log_command:Invoked command in '/home/ulugbek/dev-ws/src/build/safe_landing' returned '0': CMAKE_PREFIX_PATH=${CMAKE_PREFIX_PATH}:/home/ulugbek/dev-ws/install/ros_tcp_endpoint:/opt/ros/foxy CONDA_PROMPT_MODIFIER=(base) /usr/bin/cmake --install /home/ulugbek/dev-ws/src/build/safe_landing
[1.276s] Level 1:colcon.colcon_core.environment:checking '/home/ulugbek/dev-ws/src/install/safe_landing' for CMake config files
[1.276s] Level 1:colcon.colcon_core.shell:create_environment_hook('safe_landing', 'cmake_prefix_path')
[1.280s] INFO:colcon.colcon_core.shell:Creating environment hook '/home/ulugbek/dev-ws/src/install/safe_landing/share/safe_landing/hook/cmake_prefix_path.ps1'
[1.280s] INFO:colcon.colcon_core.shell:Creating environment descriptor '/home/ulugbek/dev-ws/src/install/safe_landing/share/safe_landing/hook/cmake_prefix_path.dsv'
[1.280s] INFO:colcon.colcon_core.shell:Creating environment hook '/home/ulugbek/dev-ws/src/install/safe_landing/share/safe_landing/hook/cmake_prefix_path.sh'
[1.281s] Level 1:colcon.colcon_core.environment:checking '/home/ulugbek/dev-ws/src/install/safe_landing/lib'
[1.281s] Level 1:colcon.colcon_core.environment:checking '/home/ulugbek/dev-ws/src/install/safe_landing/bin'
[1.281s] Level 1:colcon.colcon_core.environment:checking '/home/ulugbek/dev-ws/src/install/safe_landing/lib/pkgconfig/safe_landing.pc'
[1.281s] Level 1:colcon.colcon_core.environment:checking '/home/ulugbek/dev-ws/src/install/safe_landing/lib/python3.8/site-packages'
[1.281s] Level 1:colcon.colcon_core.environment:checking '/home/ulugbek/dev-ws/src/install/safe_landing/bin'
[1.286s] INFO:colcon.colcon_core.shell:Creating package script '/home/ulugbek/dev-ws/src/install/safe_landing/share/safe_landing/package.ps1'
[1.286s] INFO:colcon.colcon_core.shell:Creating package descriptor '/home/ulugbek/dev-ws/src/install/safe_landing/share/safe_landing/package.dsv'
[1.286s] INFO:colcon.colcon_core.shell:Creating package script '/home/ulugbek/dev-ws/src/install/safe_landing/share/safe_landing/package.sh'
[1.287s] INFO:colcon.colcon_core.shell:Creating package script '/home/ulugbek/dev-ws/src/install/safe_landing/share/safe_landing/package.bash'
[1.287s] INFO:colcon.colcon_core.shell:Creating package script '/home/ulugbek/dev-ws/src/install/safe_landing/share/safe_landing/package.zsh'
[1.287s] Level 1:colcon.colcon_core.environment:create_file_with_runtime_dependencies(/home/ulugbek/dev-ws/src/install/safe_landing/share/colcon-core/packages/safe_landing)
[1.316s] Level 1:colcon.colcon_core.environment:create_environment_scripts_only(safe_landing)
[1.321s] Level 1:colcon.colcon_core.environment:checking '/home/ulugbek/dev-ws/src/install/safe_landing' for CMake module files
[1.321s] Level 1:colcon.colcon_core.environment:checking '/home/ulugbek/dev-ws/src/install/safe_landing' for CMake config files
[1.322s] Level 1:colcon.colcon_core.shell:create_environment_hook('safe_landing', 'cmake_prefix_path')
[1.326s] INFO:colcon.colcon_core.shell:Creating environment hook '/home/ulugbek/dev-ws/src/install/safe_landing/share/safe_landing/hook/cmake_prefix_path.ps1'
[1.326s] INFO:colcon.colcon_core.shell:Creating environment descriptor '/home/ulugbek/dev-ws/src/install/safe_landing/share/safe_landing/hook/cmake_prefix_path.dsv'
[1.327s] INFO:colcon.colcon_core.shell:Creating environment hook '/home/ulugbek/dev-ws/src/install/safe_landing/share/safe_landing/hook/cmake_prefix_path.sh'
[1.327s] Level 1:colcon.colcon_core.environment:checking '/home/ulugbek/dev-ws/src/install/safe_landing/lib'
[1.327s] Level 1:colcon.colcon_core.environment:checking '/home/ulugbek/dev-ws/src/install/safe_landing/bin'
[1.327s] Level 1:colcon.colcon_core.environment:checking '/home/ulugbek/dev-ws/src/install/safe_landing/lib/pkgconfig/safe_landing.pc'
[1.327s] Level 1:colcon.colcon_core.environment:checking '/home/ulugbek/dev-ws/src/install/safe_landing/lib/python3.8/site-packages'
[1.328s] Level 1:colcon.colcon_core.environment:checking '/home/ulugbek/dev-ws/src/install/safe_landing/bin'
[1.332s] INFO:colcon.colcon_core.shell:Creating package script '/home/ulugbek/dev-ws/src/install/safe_landing/share/safe_landing/package.ps1'
[1.332s] INFO:colcon.colcon_core.shell:Creating package descriptor '/home/ulugbek/dev-ws/src/install/safe_landing/share/safe_landing/package.dsv'
[1.333s] INFO:colcon.colcon_core.shell:Creating package script '/home/ulugbek/dev-ws/src/install/safe_landing/share/safe_landing/package.sh'
[1.333s] INFO:colcon.colcon_core.shell:Creating package script '/home/ulugbek/dev-ws/src/install/safe_landing/share/safe_landing/package.bash'
[1.334s] INFO:colcon.colcon_core.shell:Creating package script '/home/ulugbek/dev-ws/src/install/safe_landing/share/safe_landing/package.zsh'
[1.334s] Level 1:colcon.colcon_core.environment:create_file_with_runtime_dependencies(/home/ulugbek/dev-ws/src/install/safe_landing/share/colcon-core/packages/safe_landing)
[1.339s] DEBUG:colcon.colcon_core.event_handler.log_command:Invoking command in '/home/ulugbek/dev-ws/src/ROS-TCP-Endpoint-ROS2v0.7.0': CONDA_PROMPT_MODIFIER=(base) PYTHONPATH=/home/ulugbek/dev-ws/src/build/ros_tcp_endpoint/prefix_override:/home/ulugbek/dev-ws/src/install/ros_tcp_endpoint/lib/python3.8/site-packages:${PYTHONPATH} /usr/bin/python3 setup.py egg_info --egg-base ../build/ros_tcp_endpoint build --build-base /home/ulugbek/dev-ws/src/build/ros_tcp_endpoint/build install --record /home/ulugbek/dev-ws/src/build/ros_tcp_endpoint/install.log --install-scripts $base/lib/ros_tcp_endpoint --single-version-externally-managed
[1.575s] Level 1:colcon.colcon_core.environment:checking '/home/ulugbek/dev-ws/src/install/ros_tcp_endpoint' for CMake module files
[1.575s] DEBUG:colcon.colcon_core.event_handler.log_command:Invoked command in '/home/ulugbek/dev-ws/src/ROS-TCP-Endpoint-ROS2v0.7.0' returned '0': CONDA_PROMPT_MODIFIER=(base) PYTHONPATH=/home/ulugbek/dev-ws/src/build/ros_tcp_endpoint/prefix_override:/home/ulugbek/dev-ws/src/install/ros_tcp_endpoint/lib/python3.8/site-packages:${PYTHONPATH} /usr/bin/python3 setup.py egg_info --egg-base ../build/ros_tcp_endpoint build --build-base /home/ulugbek/dev-ws/src/build/ros_tcp_endpoint/build install --record /home/ulugbek/dev-ws/src/build/ros_tcp_endpoint/install.log --install-scripts $base/lib/ros_tcp_endpoint --single-version-externally-managed
[1.576s] Level 1:colcon.colcon_core.environment:checking '/home/ulugbek/dev-ws/src/install/ros_tcp_endpoint' for CMake config files
[1.576s] Level 1:colcon.colcon_core.environment:checking '/home/ulugbek/dev-ws/src/install/ros_tcp_endpoint/lib'
[1.576s] Level 1:colcon.colcon_core.environment:checking '/home/ulugbek/dev-ws/src/install/ros_tcp_endpoint/bin'
[1.576s] Level 1:colcon.colcon_core.environment:checking '/home/ulugbek/dev-ws/src/install/ros_tcp_endpoint/lib/pkgconfig/ros_tcp_endpoint.pc'
[1.577s] Level 1:colcon.colcon_core.environment:checking '/home/ulugbek/dev-ws/src/install/ros_tcp_endpoint/lib/python3.8/site-packages'
[1.577s] Level 1:colcon.colcon_core.shell:create_environment_hook('ros_tcp_endpoint', 'pythonpath')
[1.581s] INFO:colcon.colcon_core.shell:Creating environment hook '/home/ulugbek/dev-ws/src/install/ros_tcp_endpoint/share/ros_tcp_endpoint/hook/pythonpath.ps1'
[1.582s] INFO:colcon.colcon_core.shell:Creating environment descriptor '/home/ulugbek/dev-ws/src/install/ros_tcp_endpoint/share/ros_tcp_endpoint/hook/pythonpath.dsv'
[1.582s] INFO:colcon.colcon_core.shell:Creating environment hook '/home/ulugbek/dev-ws/src/install/ros_tcp_endpoint/share/ros_tcp_endpoint/hook/pythonpath.sh'
[1.583s] Level 1:colcon.colcon_core.environment:checking '/home/ulugbek/dev-ws/src/install/ros_tcp_endpoint/bin'
[1.583s] Level 1:colcon.colcon_core.environment:create_environment_scripts_only(ros_tcp_endpoint)
[1.587s] INFO:colcon.colcon_core.shell:Creating package script '/home/ulugbek/dev-ws/src/install/ros_tcp_endpoint/share/ros_tcp_endpoint/package.ps1'
[1.588s] INFO:colcon.colcon_core.shell:Creating package descriptor '/home/ulugbek/dev-ws/src/install/ros_tcp_endpoint/share/ros_tcp_endpoint/package.dsv'
[1.588s] INFO:colcon.colcon_core.shell:Creating package script '/home/ulugbek/dev-ws/src/install/ros_tcp_endpoint/share/ros_tcp_endpoint/package.sh'
[1.588s] INFO:colcon.colcon_core.shell:Creating package script '/home/ulugbek/dev-ws/src/install/ros_tcp_endpoint/share/ros_tcp_endpoint/package.bash'
[1.588s] INFO:colcon.colcon_core.shell:Creating package script '/home/ulugbek/dev-ws/src/install/ros_tcp_endpoint/share/ros_tcp_endpoint/package.zsh'
[1.589s] Level 1:colcon.colcon_core.environment:create_file_with_runtime_dependencies(/home/ulugbek/dev-ws/src/install/ros_tcp_endpoint/share/colcon-core/packages/ros_tcp_endpoint)
[1.803s] DEBUG:colcon.colcon_core.event_handler.log_command:Invoked command in '/home/ulugbek/dev-ws/src/build/velodyne_subscriber' returned '1': CMAKE_PREFIX_PATH=${CMAKE_PREFIX_PATH}:/home/ulugbek/dev-ws/install/ros_tcp_endpoint:/opt/ros/foxy CONDA_PROMPT_MODIFIER=(base) /usr/bin/cmake /home/ulugbek/dev-ws/src/velodyne_subscriber -DCMAKE_INSTALL_PREFIX=/home/ulugbek/dev-ws/src/install/velodyne_subscriber
[1.815s] Level 1:colcon.colcon_core.environment:create_environment_scripts_only(velodyne_subscriber)
[1.825s] Level 1:colcon.colcon_core.environment:checking '/home/ulugbek/dev-ws/src/install/velodyne_subscriber' for CMake module files
[1.825s] Level 1:colcon.colcon_core.environment:checking '/home/ulugbek/dev-ws/src/install/velodyne_subscriber' for CMake config files
[1.825s] Level 1:colcon.colcon_core.environment:checking '/home/ulugbek/dev-ws/src/install/velodyne_subscriber/bin'
[1.825s] Level 1:colcon.colcon_core.environment:checking '/home/ulugbek/dev-ws/src/install/velodyne_subscriber/lib/pkgconfig/velodyne_subscriber.pc'
[1.825s] Level 1:colcon.colcon_core.environment:checking '/home/ulugbek/dev-ws/src/install/velodyne_subscriber/lib/python3.8/site-packages'
[1.826s] Level 1:colcon.colcon_core.environment:checking '/home/ulugbek/dev-ws/src/install/velodyne_subscriber/bin'
[1.829s] INFO:colcon.colcon_core.shell:Creating package script '/home/ulugbek/dev-ws/src/install/velodyne_subscriber/share/velodyne_subscriber/package.ps1'
[1.830s] INFO:colcon.colcon_core.shell:Creating package descriptor '/home/ulugbek/dev-ws/src/install/velodyne_subscriber/share/velodyne_subscriber/package.dsv'
[1.830s] INFO:colcon.colcon_core.shell:Creating package script '/home/ulugbek/dev-ws/src/install/velodyne_subscriber/share/velodyne_subscriber/package.sh'
[1.830s] INFO:colcon.colcon_core.shell:Creating package script '/home/ulugbek/dev-ws/src/install/velodyne_subscriber/share/velodyne_subscriber/package.bash'
[1.831s] INFO:colcon.colcon_core.shell:Creating package script '/home/ulugbek/dev-ws/src/install/velodyne_subscriber/share/velodyne_subscriber/package.zsh'
[1.831s] Level 1:colcon.colcon_core.environment:create_file_with_runtime_dependencies(/home/ulugbek/dev-ws/src/install/velodyne_subscriber/share/colcon-core/packages/velodyne_subscriber)
[2.267s] DEBUG:colcon.colcon_parallel_executor.executor.parallel:closing loop
[2.268s] DEBUG:colcon.colcon_parallel_executor.executor.parallel:loop closed
[2.268s] DEBUG:colcon.colcon_parallel_executor.executor.parallel:run_until_complete finished with '1'
[2.268s] DEBUG:colcon.colcon_core.event_reactor:joining thread
[2.283s] INFO:colcon.colcon_core.plugin_system:Skipping extension 'colcon_notification.desktop_notification.terminal_notifier': Not used on non-Darwin systems
[2.283s] INFO:colcon.colcon_core.plugin_system:Skipping extension 'colcon_notification.desktop_notification.win32': Not used on non-Windows systems
[2.283s] INFO:colcon.colcon_notification.desktop_notification:Sending desktop notification using 'notify2'
[2.300s] DEBUG:colcon.colcon_core.event_reactor:joined thread
[2.307s] INFO:colcon.colcon_core.shell:Creating prefix script '/home/ulugbek/dev-ws/src/install/local_setup.ps1'
[2.308s] INFO:colcon.colcon_core.shell:Creating prefix util module '/home/ulugbek/dev-ws/src/install/_local_setup_util_ps1.py'
[2.309s] INFO:colcon.colcon_core.shell:Creating prefix chain script '/home/ulugbek/dev-ws/src/install/setup.ps1'
[2.314s] INFO:colcon.colcon_core.shell:Creating prefix script '/home/ulugbek/dev-ws/src/install/local_setup.sh'
[2.315s] INFO:colcon.colcon_core.shell:Creating prefix util module '/home/ulugbek/dev-ws/src/install/_local_setup_util_sh.py'
[2.315s] INFO:colcon.colcon_core.shell:Creating prefix chain script '/home/ulugbek/dev-ws/src/install/setup.sh'
[2.319s] INFO:colcon.colcon_core.shell:Creating prefix script '/home/ulugbek/dev-ws/src/install/local_setup.bash'
[2.320s] INFO:colcon.colcon_core.shell:Creating prefix chain script '/home/ulugbek/dev-ws/src/install/setup.bash'
[2.323s] INFO:colcon.colcon_core.shell:Creating prefix script '/home/ulugbek/dev-ws/src/install/local_setup.zsh'
[2.324s] INFO:colcon.colcon_core.shell:Creating prefix chain script '/home/ulugbek/dev-ws/src/install/setup.zsh'
