[0.144s] Invoking command in '/home/ulugbek/dev-ws/src/build/velodyne_msgs': CMAKE_PREFIX_PATH=${CMAKE_PREFIX_PATH}:/home/ulugbek/dev-ws/install/ros_tcp_endpoint:/opt/ros/foxy CONDA_PROMPT_MODIFIER=(base) /usr/bin/cmake /home/ulugbek/dev-ws/src/velodyne/velodyne_msgs -DCMAKE_INSTALL_PREFIX=/home/ulugbek/dev-ws/src/install/velodyne_msgs
[0.411s] -- Found ament_cmake: 0.9.11 (/opt/ros/foxy/share/ament_cmake/cmake)
[0.411s] -- Found PythonInterp: /home/ulugbek/anaconda3/bin/python3 (found suitable version "3.9.12", minimum required is "3") 
[0.411s] -- Using PYTHON_EXECUTABLE: /home/ulugbek/anaconda3/bin/python3
[0.476s] -- Found builtin_interfaces: 1.0.0 (/opt/ros/foxy/share/builtin_interfaces/cmake)
[0.494s] -- Using all available rosidl_typesupport_c: rosidl_typesupport_fastrtps_c;rosidl_typesupport_introspection_c
[0.494s] -- Found rosidl_adapter: 1.3.0 (/opt/ros/foxy/share/rosidl_adapter/cmake)
[0.613s] -- Using all available rosidl_typesupport_cpp: rosidl_typesupport_fastrtps_cpp;rosidl_typesupport_introspection_cpp
[0.631s] -- Found rosidl_default_generators: 1.0.1 (/opt/ros/foxy/share/rosidl_default_generators/cmake)
[0.644s] -- Found std_msgs: 2.0.5 (/opt/ros/foxy/share/std_msgs/cmake)
[0.680s] -- Found PythonInterp: /home/ulugbek/anaconda3/bin/python3 (found version "3.9.12") 
[0.876s] -- Found ament_cmake_cppcheck: 0.9.7 (/opt/ros/foxy/share/ament_cmake_cppcheck/cmake)
[0.878s] -- Found ament_cmake_cpplint: 0.9.7 (/opt/ros/foxy/share/ament_cmake_cpplint/cmake)
[0.880s] -- Found ament_cmake_uncrustify: 0.9.7 (/opt/ros/foxy/share/ament_cmake_uncrustify/cmake)
[0.882s] -- Found ament_cmake_ros: 0.9.2 (/opt/ros/foxy/share/ament_cmake_ros/cmake)
[1.040s] -- Using all available rosidl_typesupport_c: rosidl_typesupport_fastrtps_c;rosidl_typesupport_introspection_c
[1.089s] -- Using all available rosidl_typesupport_cpp: rosidl_typesupport_fastrtps_cpp;rosidl_typesupport_introspection_cpp
[1.117s] -- Found PythonInterp: /home/ulugbek/anaconda3/bin/python3 (found suitable version "3.9.12", minimum required is "3.5") 
[1.119s] -- Found python_cmake_module: 0.8.1 (/opt/ros/foxy/share/python_cmake_module/cmake)
[1.149s] -- Found PythonLibs: /home/ulugbek/anaconda3/lib/libpython3.9.so (found suitable version "3.9.12", minimum required is "3.5") 
[1.149s] -- Using PYTHON_EXECUTABLE: /home/ulugbek/anaconda3/bin/python3
[1.149s] -- Using PYTHON_INCLUDE_DIRS: /home/ulugbek/anaconda3/include/python3.9
[1.149s] -- Using PYTHON_LIBRARIES: /home/ulugbek/anaconda3/lib/libpython3.9.so
[1.176s] -- Found PythonExtra: .so  
[1.612s] -- Using numpy include directory: /home/ulugbek/anaconda3/lib/python3.9/site-packages/numpy/core/include
[1.633s] -- Found ament_cmake_flake8: 0.9.7 (/opt/ros/foxy/share/ament_cmake_flake8/cmake)
[1.635s] -- Found ament_cmake_pep257: 0.9.7 (/opt/ros/foxy/share/ament_cmake_pep257/cmake)
[1.637s] -- Found ament_lint_auto: 0.9.7 (/opt/ros/foxy/share/ament_lint_auto/cmake)
[1.651s] -- Added test 'copyright' to check source files copyright and LICENSE
[1.652s] -- Added test 'lint_cmake' to check CMake code style
[1.653s] -- Added test 'xmllint' to check XML markup files
[1.661s] -- Configuring done
[1.668s] CMake Warning at /opt/ros/foxy/share/rosidl_generator_py/cmake/rosidl_generator_py_generate_interfaces.cmake:235 (add_library):
[1.668s]   Cannot generate a safe runtime search path for target
[1.668s]   velodyne_msgs__rosidl_typesupport_fastrtps_c__pyext because files in some
[1.668s]   directories may conflict with libraries in implicit directories:
[1.668s] 
[1.668s]     runtime library [libssl.so.1.1] in /usr/lib/x86_64-linux-gnu may be hidden by files in:
[1.668s]       /home/ulugbek/anaconda3/lib
[1.669s]     runtime library [libcrypto.so.1.1] in /usr/lib/x86_64-linux-gnu may be hidden by files in:
[1.669s]       /home/ulugbek/anaconda3/lib
[1.669s] 
[1.669s]   Some of these libraries may not be found correctly.
[1.669s] Call Stack (most recent call first):
[1.669s]   /opt/ros/foxy/share/ament_cmake_core/cmake/core/ament_execute_extensions.cmake:48 (include)
[1.669s]   /opt/ros/foxy/share/rosidl_cmake/cmake/rosidl_generate_interfaces.cmake:286 (ament_execute_extensions)
[1.669s]   CMakeLists.txt:19 (rosidl_generate_interfaces)
[1.669s] 
[1.669s] 
[1.694s] -- Generating done
[1.696s] -- Build files have been written to: /home/ulugbek/dev-ws/src/build/velodyne_msgs
