[0.425s] Invoking command in '/home/ulugbek/dev-ws/src/build/safe_landing': CMAKE_PREFIX_PATH=${CMAKE_PREFIX_PATH}:/home/ulugbek/dev-ws/install/ros_tcp_endpoint:/opt/ros/foxy CONDA_PROMPT_MODIFIER=(base) /usr/bin/cmake /home/ulugbek/dev-ws/src/safe_landing -DCMAKE_INSTALL_PREFIX=/home/ulugbek/dev-ws/src/install/safe_landing
[0.524s] -- The C compiler identification is GNU 9.4.0
[0.596s] -- The CXX compiler identification is GNU 9.4.0
[0.601s] -- Check for working C compiler: /usr/bin/cc
[0.672s] -- Check for working C compiler: /usr/bin/cc -- works
[0.673s] -- Detecting C compiler ABI info
[0.751s] -- Detecting C compiler ABI info - done
[0.770s] -- Detecting C compile features
[0.771s] -- Detecting C compile features - done
[0.775s] -- Check for working CXX compiler: /usr/bin/c++
[0.875s] -- Check for working CXX compiler: /usr/bin/c++ -- works
[0.876s] -- Detecting CXX compiler ABI info
[0.968s] -- Detecting CXX compiler ABI info - done
[0.982s] -- Detecting CXX compile features
[0.983s] -- Detecting CXX compile features - done
[0.985s] -- Found ament_cmake: 0.9.11 (/opt/ros/foxy/share/ament_cmake/cmake)
[1.026s] -- Found PythonInterp: /home/ulugbek/anaconda3/bin/python3 (found suitable version "3.9.12", minimum required is "3") 
[1.026s] -- Using PYTHON_EXECUTABLE: /home/ulugbek/anaconda3/bin/python3
[1.348s] -- Found rclcpp: 2.4.2 (/opt/ros/foxy/share/rclcpp/cmake)
[1.404s] -- Using all available rosidl_typesupport_c: rosidl_typesupport_fastrtps_c;rosidl_typesupport_introspection_c
[1.405s] -- Found rosidl_adapter: 1.3.0 (/opt/ros/foxy/share/rosidl_adapter/cmake)
[1.484s] -- Found OpenSSL: /usr/lib/x86_64-linux-gnu/libcrypto.so (found version "1.1.1f")  
[1.526s] -- Found FastRTPS: /opt/ros/foxy/include  
[1.603s] -- Using all available rosidl_typesupport_cpp: rosidl_typesupport_fastrtps_cpp;rosidl_typesupport_introspection_cpp
[1.663s] -- Found rmw_implementation_cmake: 1.0.3 (/opt/ros/foxy/share/rmw_implementation_cmake/cmake)
[1.665s] -- Using RMW implementation 'rmw_fastrtps_cpp' as default
[1.666s] -- Looking for pthread.h
[1.744s] -- Looking for pthread.h - found
[1.744s] -- Performing Test CMAKE_HAVE_LIBC_PTHREAD
[1.825s] -- Performing Test CMAKE_HAVE_LIBC_PTHREAD - Failed
[1.826s] -- Looking for pthread_create in pthreads
[1.884s] -- Looking for pthread_create in pthreads - not found
[1.884s] -- Looking for pthread_create in pthread
[1.956s] -- Looking for pthread_create in pthread - found
[1.957s] -- Found Threads: TRUE  
[2.128s] -- Found OpenCV: /usr (found version "4.2.0") 
[2.130s] -- Found OpenCV: /usr (found version "4.2.0") found components: viz 
[2.131s] -- Found sensor_msgs: 2.0.5 (/opt/ros/foxy/share/sensor_msgs/cmake)
[2.239s] -- Found image_transport: 2.4.0 (/opt/ros/foxy/share/image_transport/cmake)
[2.300s] -- Found ament_lint_auto: 0.9.7 (/opt/ros/foxy/share/ament_lint_auto/cmake)
[2.436s] -- Added test 'copyright' to check source files copyright and LICENSE
[2.437s] -- Added test 'cppcheck' to perform static code analysis on C / C++ code
[2.437s] -- Configured cppcheck include dirs: 
[2.438s] -- Configured cppcheck exclude dirs and/or files: 
[2.438s] -- Added test 'cpplint' to check C / C++ code against the Google style
[2.439s] -- Configured cpplint exclude dirs and/or files: 
[2.439s] -- Added test 'lint_cmake' to check CMake code style
[2.441s] -- Added test 'uncrustify' to check C / C++ code style
[2.441s] -- Configured uncrustify additional arguments: 
[2.441s] -- Added test 'xmllint' to check XML markup files
[2.445s] -- Configuring done
[2.463s] -- Generating done
[2.464s] -- Build files have been written to: /home/ulugbek/dev-ws/src/build/safe_landing
