[0.142s] Invoking command in '/home/ulugbek/dev-ws/src/build/cube_movement': CMAKE_PREFIX_PATH=/home/ulugbek/dev-ws/install/velodyne_subscriber:/home/ulugbek/dev-ws/install/velodyne:/home/ulugbek/dev-ws/install/velodyne_pointcloud:/home/ulugbek/dev-ws/install/velodyne_driver:/home/ulugbek/dev-ws/install/velodyne_msgs:/home/ulugbek/dev-ws/install/velodyne_laserscan:/home/ulugbek/dev-ws/install/unity_robotics_demo:/home/ulugbek/dev-ws/install/ros_tcp_endpoint:/opt/ros/foxy:/home/ulugbek/dev-ws/install/unity_robotics_demo_msgs:/home/ulugbek/dev-ws/install/static_tf_publisher:/home/ulugbek/dev-ws/install/safe_landing:/home/ulugbek/dev-ws/install/my_package:/home/ulugbek/dev-ws/install/feature_extraction:/home/ulugbek/dev-ws/install/altitude_publisher CONDA_PROMPT_MODIFIER=(base) /usr/bin/cmake /home/ulugbek/dev-ws/src/cube_movement -DCMAKE_INSTALL_PREFIX=/home/ulugbek/dev-ws/src/install/cube_movement
[0.710s] -- The C compiler identification is GNU 9.4.0
[0.710s] -- The CXX compiler identification is GNU 9.4.0
[0.710s] -- Check for working C compiler: /usr/bin/cc
[0.710s] -- Check for working C compiler: /usr/bin/cc -- works
[0.710s] -- Detecting C compiler ABI info
[0.710s] -- Detecting C compiler ABI info - done
[0.710s] -- Detecting C compile features
[0.710s] -- Detecting C compile features - done
[0.711s] -- Check for working CXX compiler: /usr/bin/c++
[0.711s] -- Check for working CXX compiler: /usr/bin/c++ -- works
[0.711s] -- Detecting CXX compiler ABI info
[0.711s] -- Detecting CXX compiler ABI info - done
[0.711s] -- Detecting CXX compile features
[0.711s] -- Detecting CXX compile features - done
[0.711s] -- Found ament_cmake: 0.9.11 (/opt/ros/foxy/share/ament_cmake/cmake)
[0.713s] -- Found PythonInterp: /home/ulugbek/anaconda3/bin/python3 (found suitable version "3.9.12", minimum required is "3") 
[0.714s] -- Using PYTHON_EXECUTABLE: /home/ulugbek/anaconda3/bin/python3
[1.015s] -- Found rclcpp: 2.4.2 (/opt/ros/foxy/share/rclcpp/cmake)
[1.074s] -- Using all available rosidl_typesupport_c: rosidl_typesupport_fastrtps_c;rosidl_typesupport_introspection_c
[1.075s] -- Found rosidl_adapter: 1.3.0 (/opt/ros/foxy/share/rosidl_adapter/cmake)
[1.180s] -- Found OpenSSL: /usr/lib/x86_64-linux-gnu/libcrypto.so (found version "1.1.1f")  
[1.216s] -- Found FastRTPS: /opt/ros/foxy/include  
[1.298s] -- Using all available rosidl_typesupport_cpp: rosidl_typesupport_fastrtps_cpp;rosidl_typesupport_introspection_cpp
[1.348s] -- Found rmw_implementation_cmake: 1.0.3 (/opt/ros/foxy/share/rmw_implementation_cmake/cmake)
[1.350s] -- Using RMW implementation 'rmw_fastrtps_cpp' as default
[1.351s] -- Looking for pthread.h
[1.441s] -- Looking for pthread.h - found
[1.441s] -- Performing Test CMAKE_HAVE_LIBC_PTHREAD
[1.519s] -- Performing Test CMAKE_HAVE_LIBC_PTHREAD - Failed
[1.520s] -- Looking for pthread_create in pthreads
[1.594s] -- Looking for pthread_create in pthreads - not found
[1.594s] -- Looking for pthread_create in pthread
[1.669s] -- Looking for pthread_create in pthread - found
[1.669s] -- Found Threads: TRUE  
[1.820s] -- Found geometry_msgs: 2.0.5 (/opt/ros/foxy/share/geometry_msgs/cmake)
[1.852s] -- Found nav_msgs: 2.0.5 (/opt/ros/foxy/share/nav_msgs/cmake)
[1.923s] -- Found ament_lint_auto: 0.9.7 (/opt/ros/foxy/share/ament_lint_auto/cmake)
[2.071s] -- Added test 'copyright' to check source files copyright and LICENSE
[2.073s] -- Added test 'cppcheck' to perform static code analysis on C / C++ code
[2.073s] -- Configured cppcheck include dirs: 
[2.073s] -- Configured cppcheck exclude dirs and/or files: 
[2.074s] -- Added test 'cpplint' to check C / C++ code against the Google style
[2.074s] -- Configured cpplint exclude dirs and/or files: 
[2.074s] -- Added test 'lint_cmake' to check CMake code style
[2.075s] -- Added test 'uncrustify' to check C / C++ code style
[2.075s] -- Configured uncrustify additional arguments: 
[2.076s] -- Added test 'xmllint' to check XML markup files
[2.079s] -- Configuring done
[2.086s] -- Generating done
[2.087s] -- Build files have been written to: /home/ulugbek/dev-ws/src/build/cube_movement
[2.098s] Invoked command in '/home/ulugbek/dev-ws/src/build/cube_movement' returned '0': CMAKE_PREFIX_PATH=/home/ulugbek/dev-ws/install/velodyne_subscriber:/home/ulugbek/dev-ws/install/velodyne:/home/ulugbek/dev-ws/install/velodyne_pointcloud:/home/ulugbek/dev-ws/install/velodyne_driver:/home/ulugbek/dev-ws/install/velodyne_msgs:/home/ulugbek/dev-ws/install/velodyne_laserscan:/home/ulugbek/dev-ws/install/unity_robotics_demo:/home/ulugbek/dev-ws/install/ros_tcp_endpoint:/opt/ros/foxy:/home/ulugbek/dev-ws/install/unity_robotics_demo_msgs:/home/ulugbek/dev-ws/install/static_tf_publisher:/home/ulugbek/dev-ws/install/safe_landing:/home/ulugbek/dev-ws/install/my_package:/home/ulugbek/dev-ws/install/feature_extraction:/home/ulugbek/dev-ws/install/altitude_publisher CONDA_PROMPT_MODIFIER=(base) /usr/bin/cmake /home/ulugbek/dev-ws/src/cube_movement -DCMAKE_INSTALL_PREFIX=/home/ulugbek/dev-ws/src/install/cube_movement
[2.101s] Invoking command in '/home/ulugbek/dev-ws/src/build/cube_movement': CMAKE_PREFIX_PATH=/home/ulugbek/dev-ws/install/velodyne_subscriber:/home/ulugbek/dev-ws/install/velodyne:/home/ulugbek/dev-ws/install/velodyne_pointcloud:/home/ulugbek/dev-ws/install/velodyne_driver:/home/ulugbek/dev-ws/install/velodyne_msgs:/home/ulugbek/dev-ws/install/velodyne_laserscan:/home/ulugbek/dev-ws/install/unity_robotics_demo:/home/ulugbek/dev-ws/install/ros_tcp_endpoint:/opt/ros/foxy:/home/ulugbek/dev-ws/install/unity_robotics_demo_msgs:/home/ulugbek/dev-ws/install/static_tf_publisher:/home/ulugbek/dev-ws/install/safe_landing:/home/ulugbek/dev-ws/install/my_package:/home/ulugbek/dev-ws/install/feature_extraction:/home/ulugbek/dev-ws/install/altitude_publisher CONDA_PROMPT_MODIFIER=(base) /usr/bin/cmake --build /home/ulugbek/dev-ws/src/build/cube_movement -- -j16 -l16
[2.143s] [35m[1mScanning dependencies of target cube_movement_node[0m
[2.183s] [ 50%] [32mBuilding CXX object CMakeFiles/cube_movement_node.dir/src/cube_movement_node.cpp.o[0m
[3.303s] [01m[K/home/ulugbek/dev-ws/src/cube_movement/src/cube_movement_node.cpp:[m[K In constructor ‘[01m[KCubeMovementNode::CubeMovementNode()[m[K’:
[3.304s] [01m[K/home/ulugbek/dev-ws/src/cube_movement/src/cube_movement_node.cpp:14:30:[m[K [01;31m[Kerror: [m[K‘[01m[Ks[m[K’ was not declared in this scope
[3.304s]    14 |             "/centroids", 10,[01;31m[Ks[m[K
[3.304s]       |                              [01;31m[K^[m[K
[3.321s] [01m[K/home/ulugbek/dev-ws/src/cube_movement/src/cube_movement_node.cpp:[m[K In member function ‘[01m[Kvoid CubeMovementNode::centroidCallback(geometry_msgs::msg::Point_<std::allocator<void> >::SharedPtr)[m[K’:
[3.321s] [01m[K/home/ulugbek/dev-ws/src/cube_movement/src/cube_movement_node.cpp:27:24:[m[K [01;31m[Kerror: [m[Kno match for ‘[01m[Koperator=[m[K’ (operand types are ‘[01m[Kgeometry_msgs::msg::Point_<std::allocator<void> >::SharedPtr[m[K’ {aka ‘[01m[Kstd::shared_ptr<geometry_msgs::msg::Point_<std::allocator<void> > >[m[K’} and ‘[01m[Kstd::__shared_ptr_access<geometry_msgs::msg::Point_<std::allocator<void> >, __gnu_cxx::_S_atomic, false, false>::element_type[m[K’ {aka ‘[01m[Kgeometry_msgs::msg::Point_<std::allocator<void> >[m[K’})
[3.321s]    27 |     final_position_ = *[01;31m[Kmsg[m[K;
[3.321s]       |                        [01;31m[K^~~[m[K
[3.321s] In file included from [01m[K/usr/include/c++/9/memory:81[m[K,
[3.322s]                  from [01m[K/opt/ros/foxy/include/rclcpp/rclcpp.hpp:144[m[K,
[3.322s]                  from [01m[K/home/ulugbek/dev-ws/src/cube_movement/src/cube_movement_node.cpp:3[m[K:
[3.322s] [01m[K/usr/include/c++/9/bits/shared_ptr.h:309:19:[m[K [01;36m[Knote: [m[Kcandidate: ‘[01m[Kstd::shared_ptr<_Tp>& std::shared_ptr<_Tp>::operator=(const std::shared_ptr<_Tp>&) [with _Tp = geometry_msgs::msg::Point_<std::allocator<void> >][m[K’
[3.322s]   309 |       shared_ptr& [01;36m[Koperator[m[K=(const shared_ptr&) noexcept = default;
[3.322s]       |                   [01;36m[K^~~~~~~~[m[K
[3.322s] [01m[K/usr/include/c++/9/bits/shared_ptr.h:309:29:[m[K [01;36m[Knote: [m[K  no known conversion for argument 1 from ‘[01m[Kstd::__shared_ptr_access<geometry_msgs::msg::Point_<std::allocator<void> >, __gnu_cxx::_S_atomic, false, false>::element_type[m[K’ {aka ‘[01m[Kgeometry_msgs::msg::Point_<std::allocator<void> >[m[K’} to ‘[01m[Kconst std::shared_ptr<geometry_msgs::msg::Point_<std::allocator<void> > >&[m[K’
[3.322s]   309 |       shared_ptr& operator=([01;36m[Kconst shared_ptr&[m[K) noexcept = default;
[3.322s]       |                             [01;36m[K^~~~~~~~~~~~~~~~~[m[K
[3.322s] [01m[K/usr/include/c++/9/bits/shared_ptr.h:313:2:[m[K [01;36m[Knote: [m[Kcandidate: ‘[01m[Ktemplate<class _Yp> std::shared_ptr<_Tp>::_Assignable<const std::shared_ptr<_Yp>&> std::shared_ptr<_Tp>::operator=(const std::shared_ptr<_Yp>&) [with _Yp = _Yp; _Tp = geometry_msgs::msg::Point_<std::allocator<void> >][m[K’
[3.322s]   313 |  [01;36m[Koperator[m[K=(const shared_ptr<_Yp>& __r) noexcept
[3.322s]       |  [01;36m[K^~~~~~~~[m[K
[3.323s] [01m[K/usr/include/c++/9/bits/shared_ptr.h:313:2:[m[K [01;36m[Knote: [m[K  template argument deduction/substitution failed:
[3.323s] [01m[K/home/ulugbek/dev-ws/src/cube_movement/src/cube_movement_node.cpp:27:24:[m[K [01;36m[Knote: [m[K  ‘[01m[Kstd::__shared_ptr_access<geometry_msgs::msg::Point_<std::allocator<void> >, __gnu_cxx::_S_atomic, false, false>::element_type[m[K’ {aka ‘[01m[Kgeometry_msgs::msg::Point_<std::allocator<void> >[m[K’} is not derived from ‘[01m[Kconst std::shared_ptr<_Tp>[m[K’
[3.323s]    27 |     final_position_ = *[01;36m[Kmsg[m[K;
[3.323s]       |                        [01;36m[K^~~[m[K
[3.323s] In file included from [01m[K/usr/include/c++/9/memory:81[m[K,
[3.323s]                  from [01m[K/opt/ros/foxy/include/rclcpp/rclcpp.hpp:144[m[K,
[3.323s]                  from [01m[K/home/ulugbek/dev-ws/src/cube_movement/src/cube_movement_node.cpp:3[m[K:
[3.323s] [01m[K/usr/include/c++/9/bits/shared_ptr.h:324:2:[m[K [01;36m[Knote: [m[Kcandidate: ‘[01m[Ktemplate<class _Yp> std::shared_ptr<_Tp>::_Assignable<std::auto_ptr<_Up> > std::shared_ptr<_Tp>::operator=(std::auto_ptr<_Up>&&) [with _Yp = _Yp; _Tp = geometry_msgs::msg::Point_<std::allocator<void> >][m[K’
[3.323s]   324 |  [01;36m[Koperator[m[K=(auto_ptr<_Yp>&& __r)
[3.323s]       |  [01;36m[K^~~~~~~~[m[K
[3.323s] [01m[K/usr/include/c++/9/bits/shared_ptr.h:324:2:[m[K [01;36m[Knote: [m[K  template argument deduction/substitution failed:
[3.324s] [01m[K/home/ulugbek/dev-ws/src/cube_movement/src/cube_movement_node.cpp:27:24:[m[K [01;36m[Knote: [m[K  ‘[01m[Kstd::__shared_ptr_access<geometry_msgs::msg::Point_<std::allocator<void> >, __gnu_cxx::_S_atomic, false, false>::element_type[m[K’ {aka ‘[01m[Kgeometry_msgs::msg::Point_<std::allocator<void> >[m[K’} is not derived from ‘[01m[Kstd::auto_ptr<_Up>[m[K’
[3.324s]    27 |     final_position_ = *[01;36m[Kmsg[m[K;
[3.324s]       |                        [01;36m[K^~~[m[K
[3.324s] In file included from [01m[K/usr/include/c++/9/memory:81[m[K,
[3.324s]                  from [01m[K/opt/ros/foxy/include/rclcpp/rclcpp.hpp:144[m[K,
[3.324s]                  from [01m[K/home/ulugbek/dev-ws/src/cube_movement/src/cube_movement_node.cpp:3[m[K:
[3.324s] [01m[K/usr/include/c++/9/bits/shared_ptr.h:333:7:[m[K [01;36m[Knote: [m[Kcandidate: ‘[01m[Kstd::shared_ptr<_Tp>& std::shared_ptr<_Tp>::operator=(std::shared_ptr<_Tp>&&) [with _Tp = geometry_msgs::msg::Point_<std::allocator<void> >][m[K’
[3.324s]   333 |       [01;36m[Koperator[m[K=(shared_ptr&& __r) noexcept
[3.324s]       |       [01;36m[K^~~~~~~~[m[K
[3.324s] [01m[K/usr/include/c++/9/bits/shared_ptr.h:333:30:[m[K [01;36m[Knote: [m[K  no known conversion for argument 1 from ‘[01m[Kstd::__shared_ptr_access<geometry_msgs::msg::Point_<std::allocator<void> >, __gnu_cxx::_S_atomic, false, false>::element_type[m[K’ {aka ‘[01m[Kgeometry_msgs::msg::Point_<std::allocator<void> >[m[K’} to ‘[01m[Kstd::shared_ptr<geometry_msgs::msg::Point_<std::allocator<void> > >&&[m[K’
[3.324s]   333 |       operator=([01;36m[Kshared_ptr&& __r[m[K) noexcept
[3.324s]       |                 [01;36m[K~~~~~~~~~~~~~^~~[m[K
[3.325s] [01m[K/usr/include/c++/9/bits/shared_ptr.h:341:2:[m[K [01;36m[Knote: [m[Kcandidate: ‘[01m[Ktemplate<class _Yp> std::shared_ptr<_Tp>::_Assignable<std::shared_ptr<_Yp> > std::shared_ptr<_Tp>::operator=(std::shared_ptr<_Yp>&&) [with _Yp = _Yp; _Tp = geometry_msgs::msg::Point_<std::allocator<void> >][m[K’
[3.325s]   341 |  [01;36m[Koperator[m[K=(shared_ptr<_Yp>&& __r) noexcept
[3.325s]       |  [01;36m[K^~~~~~~~[m[K
[3.325s] [01m[K/usr/include/c++/9/bits/shared_ptr.h:341:2:[m[K [01;36m[Knote: [m[K  template argument deduction/substitution failed:
[3.325s] [01m[K/home/ulugbek/dev-ws/src/cube_movement/src/cube_movement_node.cpp:27:24:[m[K [01;36m[Knote: [m[K  ‘[01m[Kstd::__shared_ptr_access<geometry_msgs::msg::Point_<std::allocator<void> >, __gnu_cxx::_S_atomic, false, false>::element_type[m[K’ {aka ‘[01m[Kgeometry_msgs::msg::Point_<std::allocator<void> >[m[K’} is not derived from ‘[01m[Kstd::shared_ptr<_Tp>[m[K’
[3.325s]    27 |     final_position_ = *[01;36m[Kmsg[m[K;
[3.325s]       |                        [01;36m[K^~~[m[K
[3.325s] In file included from [01m[K/usr/include/c++/9/memory:81[m[K,
[3.325s]                  from [01m[K/opt/ros/foxy/include/rclcpp/rclcpp.hpp:144[m[K,
[3.325s]                  from [01m[K/home/ulugbek/dev-ws/src/cube_movement/src/cube_movement_node.cpp:3[m[K:
[3.325s] [01m[K/usr/include/c++/9/bits/shared_ptr.h:349:2:[m[K [01;36m[Knote: [m[Kcandidate: ‘[01m[Ktemplate<class _Yp, class _Del> std::shared_ptr<_Tp>::_Assignable<std::unique_ptr<_Up, _Ep> > std::shared_ptr<_Tp>::operator=(std::unique_ptr<_Up, _Ep>&&) [with _Yp = _Yp; _Del = _Del; _Tp = geometry_msgs::msg::Point_<std::allocator<void> >][m[K’
[3.325s]   349 |  [01;36m[Koperator[m[K=(unique_ptr<_Yp, _Del>&& __r)
[3.325s]       |  [01;36m[K^~~~~~~~[m[K
[3.326s] [01m[K/usr/include/c++/9/bits/shared_ptr.h:349:2:[m[K [01;36m[Knote: [m[K  template argument deduction/substitution failed:
[3.326s] [01m[K/home/ulugbek/dev-ws/src/cube_movement/src/cube_movement_node.cpp:27:24:[m[K [01;36m[Knote: [m[K  ‘[01m[Kstd::__shared_ptr_access<geometry_msgs::msg::Point_<std::allocator<void> >, __gnu_cxx::_S_atomic, false, false>::element_type[m[K’ {aka ‘[01m[Kgeometry_msgs::msg::Point_<std::allocator<void> >[m[K’} is not derived from ‘[01m[Kstd::unique_ptr<_Tp, _Dp>[m[K’
[3.326s]    27 |     final_position_ = *[01;36m[Kmsg[m[K;
[3.326s]       |                        [01;36m[K^~~[m[K
[3.326s] [01m[K/home/ulugbek/dev-ws/src/cube_movement/src/cube_movement_node.cpp:[m[K In member function ‘[01m[Kvoid CubeMovementNode::timerCallback()[m[K’:
[3.326s] [01m[K/home/ulugbek/dev-ws/src/cube_movement/src/cube_movement_node.cpp:35:29:[m[K [01;31m[Kerror: [m[Kno match for ‘[01m[Koperator![m[K’ (operand type is ‘[01m[Kgeometry_msgs::msg::Point[m[K’ {aka ‘[01m[Kgeometry_msgs::msg::Point_<std::allocator<void> >[m[K’})
[3.326s]    35 |     if (!final_position_ || [01;31m[K!initial_position_[m[K) {
[3.326s]       |                             [01;31m[K^~~~~~~~~~~~~~~~~~[m[K
[3.326s] [01m[K/home/ulugbek/dev-ws/src/cube_movement/src/cube_movement_node.cpp:35:29:[m[K [01;36m[Knote: [m[Kcandidate: ‘[01m[Koperator!(bool)[m[K’ <built-in>
[3.326s] [01m[K/home/ulugbek/dev-ws/src/cube_movement/src/cube_movement_node.cpp:35:29:[m[K [01;36m[Knote: [m[K  no known conversion for argument 1 from ‘[01m[Kgeometry_msgs::msg::Point[m[K’ {aka ‘[01m[Kgeometry_msgs::msg::Point_<std::allocator<void> >[m[K’} to ‘[01m[Kbool[m[K’
[3.326s] In file included from [01m[K/opt/ros/foxy/include/libstatistics_collector/moving_average_statistics/moving_average.hpp:30[m[K,
[3.326s]                  from [01m[K/opt/ros/foxy/include/libstatistics_collector/collector/collector.hpp:22[m[K,
[3.326s]                  from [01m[K/opt/ros/foxy/include/libstatistics_collector/topic_statistics_collector/topic_statistics_collector.hpp:24[m[K,
[3.326s]                  from [01m[K/opt/ros/foxy/include/libstatistics_collector/topic_statistics_collector/received_message_age.hpp:26[m[K,
[3.326s]                  from [01m[K/opt/ros/foxy/include/rclcpp/topic_statistics/subscription_topic_statistics.hpp:26[m[K,
[3.326s]                  from [01m[K/opt/ros/foxy/include/rclcpp/subscription.hpp:50[m[K,
[3.327s]                  from [01m[K/opt/ros/foxy/include/rclcpp/any_executable.hpp:25[m[K,
[3.327s]                  from [01m[K/opt/ros/foxy/include/rclcpp/memory_strategy.hpp:24[m[K,
[3.327s]                  from [01m[K/opt/ros/foxy/include/rclcpp/memory_strategies.hpp:18[m[K,
[3.327s]                  from [01m[K/opt/ros/foxy/include/rclcpp/executor_options.hpp:20[m[K,
[3.327s]                  from [01m[K/opt/ros/foxy/include/rclcpp/executor.hpp:33[m[K,
[3.327s]                  from [01m[K/opt/ros/foxy/include/rclcpp/executors/multi_threaded_executor.hpp:26[m[K,
[3.327s]                  from [01m[K/opt/ros/foxy/include/rclcpp/executors.hpp:21[m[K,
[3.327s]                  from [01m[K/opt/ros/foxy/include/rclcpp/rclcpp.hpp:146[m[K,
[3.327s]                  from [01m[K/home/ulugbek/dev-ws/src/cube_movement/src/cube_movement_node.cpp:3[m[K:
[3.327s] [01m[K/opt/ros/foxy/include/rcpputils/thread_safety_annotations.hpp:48:27:[m[K [01;36m[Knote: [m[Kcandidate: ‘[01m[Kconst std::mutex& operator!(const std::mutex&)[m[K’
[3.327s]    48 | inline const std::mutex & [01;36m[Koperator[m[K!(const std::mutex & a)
[3.327s]       |                           [01;36m[K^~~~~~~~[m[K
[3.327s] [01m[K/opt/ros/foxy/include/rcpputils/thread_safety_annotations.hpp:48:56:[m[K [01;36m[Knote: [m[K  no known conversion for argument 1 from ‘[01m[Kgeometry_msgs::msg::Point[m[K’ {aka ‘[01m[Kgeometry_msgs::msg::Point_<std::allocator<void> >[m[K’} to ‘[01m[Kconst std::mutex&[m[K’
[3.327s]    48 | inline const std::mutex & operator!([01;36m[Kconst std::mutex & a[m[K)
[3.327s]       |                                     [01;36m[K~~~~~~~~~~~~~~~~~~~^[m[K
[5.276s] make[2]: *** [CMakeFiles/cube_movement_node.dir/build.make:63: CMakeFiles/cube_movement_node.dir/src/cube_movement_node.cpp.o] Error 1
[5.276s] make[1]: *** [CMakeFiles/Makefile2:78: CMakeFiles/cube_movement_node.dir/all] Error 2
[5.277s] make: *** [Makefile:141: all] Error 2
[5.279s] Invoked command in '/home/ulugbek/dev-ws/src/build/cube_movement' returned '2': CMAKE_PREFIX_PATH=/home/ulugbek/dev-ws/install/velodyne_subscriber:/home/ulugbek/dev-ws/install/velodyne:/home/ulugbek/dev-ws/install/velodyne_pointcloud:/home/ulugbek/dev-ws/install/velodyne_driver:/home/ulugbek/dev-ws/install/velodyne_msgs:/home/ulugbek/dev-ws/install/velodyne_laserscan:/home/ulugbek/dev-ws/install/unity_robotics_demo:/home/ulugbek/dev-ws/install/ros_tcp_endpoint:/opt/ros/foxy:/home/ulugbek/dev-ws/install/unity_robotics_demo_msgs:/home/ulugbek/dev-ws/install/static_tf_publisher:/home/ulugbek/dev-ws/install/safe_landing:/home/ulugbek/dev-ws/install/my_package:/home/ulugbek/dev-ws/install/feature_extraction:/home/ulugbek/dev-ws/install/altitude_publisher CONDA_PROMPT_MODIFIER=(base) /usr/bin/cmake --build /home/ulugbek/dev-ws/src/build/cube_movement -- -j16 -l16
