[0.123s] Invoking command in '/home/ulugbek/dev-ws/src/build/velodyne_laserscan': CMAKE_PREFIX_PATH=${CMAKE_PREFIX_PATH}:/home/ulugbek/dev-ws/install/ros_tcp_endpoint:/opt/ros/foxy CONDA_PROMPT_MODIFIER=(base) /usr/bin/cmake --build /home/ulugbek/dev-ws/src/build/velodyne_laserscan -- -j16 -l16
[0.408s] [ 50%] Built target velodyne_laserscan
[0.409s] [100%] Built target velodyne_laserscan_node
[0.422s] Invoked command in '/home/ulugbek/dev-ws/src/build/velodyne_laserscan' returned '0': CMAKE_PREFIX_PATH=${CMAKE_PREFIX_PATH}:/home/ulugbek/dev-ws/install/ros_tcp_endpoint:/opt/ros/foxy CONDA_PROMPT_MODIFIER=(base) /usr/bin/cmake --build /home/ulugbek/dev-ws/src/build/velodyne_laserscan -- -j16 -l16
[0.478s] Invoking command in '/home/ulugbek/dev-ws/src/build/velodyne_laserscan': CMAKE_PREFIX_PATH=${CMAKE_PREFIX_PATH}:/home/ulugbek/dev-ws/install/ros_tcp_endpoint:/opt/ros/foxy CONDA_PROMPT_MODIFIER=(base) /usr/bin/cmake --install /home/ulugbek/dev-ws/src/build/velodyne_laserscan
[0.491s] -- Install configuration: ""
[0.491s] -- Up-to-date: /home/ulugbek/dev-ws/src/install/velodyne_laserscan/lib/libvelodyne_laserscan.so
[0.491s] -- Up-to-date: /home/ulugbek/dev-ws/src/install/velodyne_laserscan/lib/velodyne_laserscan/velodyne_laserscan_node
[0.491s] -- Up-to-date: /home/ulugbek/dev-ws/src/install/velodyne_laserscan/include/velodyne_laserscan
[0.492s] -- Up-to-date: /home/ulugbek/dev-ws/src/install/velodyne_laserscan/include/velodyne_laserscan/velodyne_laserscan.hpp
[0.492s] -- Up-to-date: /home/ulugbek/dev-ws/src/install/velodyne_laserscan/share/velodyne_laserscan/config
[0.497s] -- Up-to-date: /home/ulugbek/dev-ws/src/install/velodyne_laserscan/share/velodyne_laserscan/config/default-velodyne_laserscan_node-params.yaml
[0.498s] -- Up-to-date: /home/ulugbek/dev-ws/src/install/velodyne_laserscan/share/velodyne_laserscan/launch
[0.498s] -- Up-to-date: /home/ulugbek/dev-ws/src/install/velodyne_laserscan/share/velodyne_laserscan/launch/velodyne_laserscan_node-composed-launch.py
[0.498s] -- Up-to-date: /home/ulugbek/dev-ws/src/install/velodyne_laserscan/share/velodyne_laserscan/launch/velodyne_laserscan_node-launch.py
[0.500s] -- Up-to-date: /home/ulugbek/dev-ws/src/install/velodyne_laserscan/share/ament_index/resource_index/package_run_dependencies/velodyne_laserscan
[0.500s] -- Up-to-date: /home/ulugbek/dev-ws/src/install/velodyne_laserscan/share/ament_index/resource_index/parent_prefix_path/velodyne_laserscan
[0.500s] -- Up-to-date: /home/ulugbek/dev-ws/src/install/velodyne_laserscan/share/velodyne_laserscan/environment/ament_prefix_path.sh
[0.500s] -- Up-to-date: /home/ulugbek/dev-ws/src/install/velodyne_laserscan/share/velodyne_laserscan/environment/ament_prefix_path.dsv
[0.501s] -- Up-to-date: /home/ulugbek/dev-ws/src/install/velodyne_laserscan/share/velodyne_laserscan/environment/path.sh
[0.501s] -- Up-to-date: /home/ulugbek/dev-ws/src/install/velodyne_laserscan/share/velodyne_laserscan/environment/path.dsv
[0.501s] -- Up-to-date: /home/ulugbek/dev-ws/src/install/velodyne_laserscan/share/velodyne_laserscan/local_setup.bash
[0.501s] -- Up-to-date: /home/ulugbek/dev-ws/src/install/velodyne_laserscan/share/velodyne_laserscan/local_setup.sh
[0.501s] -- Up-to-date: /home/ulugbek/dev-ws/src/install/velodyne_laserscan/share/velodyne_laserscan/local_setup.zsh
[0.501s] -- Up-to-date: /home/ulugbek/dev-ws/src/install/velodyne_laserscan/share/velodyne_laserscan/local_setup.dsv
[0.501s] -- Installing: /home/ulugbek/dev-ws/src/install/velodyne_laserscan/share/velodyne_laserscan/package.dsv
[0.501s] -- Up-to-date: /home/ulugbek/dev-ws/src/install/velodyne_laserscan/share/ament_index/resource_index/packages/velodyne_laserscan
[0.501s] -- Up-to-date: /home/ulugbek/dev-ws/src/install/velodyne_laserscan/share/ament_index/resource_index/rclcpp_components/velodyne_laserscan
[0.501s] -- Up-to-date: /home/ulugbek/dev-ws/src/install/velodyne_laserscan/share/velodyne_laserscan/cmake/velodyne_laserscanConfig.cmake
[0.501s] -- Up-to-date: /home/ulugbek/dev-ws/src/install/velodyne_laserscan/share/velodyne_laserscan/cmake/velodyne_laserscanConfig-version.cmake
[0.502s] -- Up-to-date: /home/ulugbek/dev-ws/src/install/velodyne_laserscan/share/velodyne_laserscan/package.xml
[0.555s] Invoked command in '/home/ulugbek/dev-ws/src/build/velodyne_laserscan' returned '0': CMAKE_PREFIX_PATH=${CMAKE_PREFIX_PATH}:/home/ulugbek/dev-ws/install/ros_tcp_endpoint:/opt/ros/foxy CONDA_PROMPT_MODIFIER=(base) /usr/bin/cmake --install /home/ulugbek/dev-ws/src/build/velodyne_laserscan
