[0.149s] Invoking command in '/home/ulugbek/dev-ws/src/build/velodyne_msgs': CMAKE_PREFIX_PATH=${CMAKE_PREFIX_PATH}:/home/ulugbek/dev-ws/install/ros_tcp_endpoint:/opt/ros/foxy CONDA_PROMPT_MODIFIER=(base) /usr/bin/cmake --build /home/ulugbek/dev-ws/src/build/velodyne_msgs -- -j16 -l16
[0.434s] [  2%] Built target velodyne_msgs__cpp
[0.434s] [ 12%] Built target velodyne_msgs__rosidl_generator_c
[0.434s] [ 23%] Built target velodyne_msgs__rosidl_typesupport_cpp
[0.434s] [ 41%] Built target velodyne_msgs__rosidl_typesupport_introspection_c
[0.436s] [ 43%] Built target velodyne_msgs__rosidl_typesupport_fastrtps_cpp
[0.436s] [ 64%] Built target velodyne_msgs__rosidl_typesupport_introspection_cpp
[0.437s] [ 64%] Built target velodyne_msgs__rosidl_typesupport_c
[0.437s] [ 74%] Built target velodyne_msgs__rosidl_typesupport_fastrtps_c
[0.437s] [ 74%] Built target velodyne_msgs
[0.437s] [ 76%] Built target velodyne_msgs__py
[0.437s] [ 84%] Built target velodyne_msgs__python
[0.437s] [ 94%] Built target velodyne_msgs__rosidl_typesupport_c__pyext
[0.438s] [ 94%] Built target velodyne_msgs__rosidl_typesupport_introspection_c__pyext
[0.438s] [100%] Built target velodyne_msgs__rosidl_typesupport_fastrtps_c__pyext
[0.452s] Invoked command in '/home/ulugbek/dev-ws/src/build/velodyne_msgs' returned '0': CMAKE_PREFIX_PATH=${CMAKE_PREFIX_PATH}:/home/ulugbek/dev-ws/install/ros_tcp_endpoint:/opt/ros/foxy CONDA_PROMPT_MODIFIER=(base) /usr/bin/cmake --build /home/ulugbek/dev-ws/src/build/velodyne_msgs -- -j16 -l16
[0.619s] Invoking command in '/home/ulugbek/dev-ws/src/build/velodyne_msgs': CMAKE_PREFIX_PATH=${CMAKE_PREFIX_PATH}:/home/ulugbek/dev-ws/install/ros_tcp_endpoint:/opt/ros/foxy CONDA_PROMPT_MODIFIER=(base) /usr/bin/cmake --install /home/ulugbek/dev-ws/src/build/velodyne_msgs
[0.649s] -- Install configuration: ""
[0.650s] -- Up-to-date: /home/ulugbek/dev-ws/src/install/velodyne_msgs/share/ament_index/resource_index/rosidl_interfaces/velodyne_msgs
[0.650s] -- Up-to-date: /home/ulugbek/dev-ws/src/install/velodyne_msgs/include/velodyne_msgs
[0.650s] -- Up-to-date: /home/ulugbek/dev-ws/src/install/velodyne_msgs/include/velodyne_msgs/msg
[0.650s] -- Up-to-date: /home/ulugbek/dev-ws/src/install/velodyne_msgs/include/velodyne_msgs/msg/velodyne_packet.h
[0.650s] -- Up-to-date: /home/ulugbek/dev-ws/src/install/velodyne_msgs/include/velodyne_msgs/msg/velodyne_scan.h
[0.650s] -- Up-to-date: /home/ulugbek/dev-ws/src/install/velodyne_msgs/include/velodyne_msgs/msg/rosidl_generator_c__visibility_control.h
[0.650s] -- Up-to-date: /home/ulugbek/dev-ws/src/install/velodyne_msgs/include/velodyne_msgs/msg/detail
[0.650s] -- Up-to-date: /home/ulugbek/dev-ws/src/install/velodyne_msgs/include/velodyne_msgs/msg/detail/velodyne_scan__functions.c
[0.650s] -- Up-to-date: /home/ulugbek/dev-ws/src/install/velodyne_msgs/include/velodyne_msgs/msg/detail/velodyne_packet__struct.h
[0.651s] -- Up-to-date: /home/ulugbek/dev-ws/src/install/velodyne_msgs/include/velodyne_msgs/msg/detail/velodyne_scan__struct.h
[0.651s] -- Up-to-date: /home/ulugbek/dev-ws/src/install/velodyne_msgs/include/velodyne_msgs/msg/detail/velodyne_scan__functions.h
[0.651s] -- Up-to-date: /home/ulugbek/dev-ws/src/install/velodyne_msgs/include/velodyne_msgs/msg/detail/velodyne_scan__type_support.h
[0.651s] -- Up-to-date: /home/ulugbek/dev-ws/src/install/velodyne_msgs/include/velodyne_msgs/msg/detail/velodyne_packet__functions.h
[0.651s] -- Up-to-date: /home/ulugbek/dev-ws/src/install/velodyne_msgs/include/velodyne_msgs/msg/detail/velodyne_packet__functions.c
[0.651s] -- Up-to-date: /home/ulugbek/dev-ws/src/install/velodyne_msgs/include/velodyne_msgs/msg/detail/velodyne_packet__type_support.h
[0.652s] -- Up-to-date: /home/ulugbek/dev-ws/src/install/velodyne_msgs/share/velodyne_msgs/environment/library_path.sh
[0.652s] -- Up-to-date: /home/ulugbek/dev-ws/src/install/velodyne_msgs/share/velodyne_msgs/environment/library_path.dsv
[0.652s] -- Up-to-date: /home/ulugbek/dev-ws/src/install/velodyne_msgs/lib/libvelodyne_msgs__rosidl_generator_c.so
[0.653s] -- Up-to-date: /home/ulugbek/dev-ws/src/install/velodyne_msgs/include/velodyne_msgs
[0.662s] -- Up-to-date: /home/ulugbek/dev-ws/src/install/velodyne_msgs/include/velodyne_msgs/msg
[0.662s] -- Up-to-date: /home/ulugbek/dev-ws/src/install/velodyne_msgs/include/velodyne_msgs/msg/rosidl_typesupport_fastrtps_c__visibility_control.h
[0.662s] -- Up-to-date: /home/ulugbek/dev-ws/src/install/velodyne_msgs/include/velodyne_msgs/msg/detail
[0.662s] -- Up-to-date: /home/ulugbek/dev-ws/src/install/velodyne_msgs/include/velodyne_msgs/msg/detail/velodyne_packet__rosidl_typesupport_fastrtps_c.h
[0.662s] -- Up-to-date: /home/ulugbek/dev-ws/src/install/velodyne_msgs/include/velodyne_msgs/msg/detail/velodyne_scan__rosidl_typesupport_fastrtps_c.h
[0.662s] -- Up-to-date: /home/ulugbek/dev-ws/src/install/velodyne_msgs/lib/libvelodyne_msgs__rosidl_typesupport_fastrtps_c.so
[0.662s] -- Up-to-date: /home/ulugbek/dev-ws/src/install/velodyne_msgs/include/velodyne_msgs
[0.662s] -- Up-to-date: /home/ulugbek/dev-ws/src/install/velodyne_msgs/include/velodyne_msgs/msg
[0.663s] -- Up-to-date: /home/ulugbek/dev-ws/src/install/velodyne_msgs/include/velodyne_msgs/msg/rosidl_typesupport_fastrtps_cpp__visibility_control.h
[0.663s] -- Up-to-date: /home/ulugbek/dev-ws/src/install/velodyne_msgs/include/velodyne_msgs/msg/detail
[0.663s] -- Up-to-date: /home/ulugbek/dev-ws/src/install/velodyne_msgs/include/velodyne_msgs/msg/detail/velodyne_packet__rosidl_typesupport_fastrtps_cpp.hpp
[0.663s] -- Up-to-date: /home/ulugbek/dev-ws/src/install/velodyne_msgs/include/velodyne_msgs/msg/detail/dds_fastrtps
[0.663s] -- Up-to-date: /home/ulugbek/dev-ws/src/install/velodyne_msgs/include/velodyne_msgs/msg/detail/velodyne_scan__rosidl_typesupport_fastrtps_cpp.hpp
[0.663s] -- Up-to-date: /home/ulugbek/dev-ws/src/install/velodyne_msgs/lib/libvelodyne_msgs__rosidl_typesupport_fastrtps_cpp.so
[0.663s] -- Up-to-date: /home/ulugbek/dev-ws/src/install/velodyne_msgs/include/velodyne_msgs
[0.663s] -- Up-to-date: /home/ulugbek/dev-ws/src/install/velodyne_msgs/include/velodyne_msgs/msg
[0.664s] -- Up-to-date: /home/ulugbek/dev-ws/src/install/velodyne_msgs/include/velodyne_msgs/msg/rosidl_typesupport_introspection_c__visibility_control.h
[0.664s] -- Up-to-date: /home/ulugbek/dev-ws/src/install/velodyne_msgs/include/velodyne_msgs/msg/detail
[0.664s] -- Up-to-date: /home/ulugbek/dev-ws/src/install/velodyne_msgs/include/velodyne_msgs/msg/detail/velodyne_scan__type_support.c
[0.664s] -- Up-to-date: /home/ulugbek/dev-ws/src/install/velodyne_msgs/include/velodyne_msgs/msg/detail/velodyne_packet__type_support.c
[0.664s] -- Up-to-date: /home/ulugbek/dev-ws/src/install/velodyne_msgs/include/velodyne_msgs/msg/detail/velodyne_scan__rosidl_typesupport_introspection_c.h
[0.664s] -- Up-to-date: /home/ulugbek/dev-ws/src/install/velodyne_msgs/include/velodyne_msgs/msg/detail/velodyne_packet__rosidl_typesupport_introspection_c.h
[0.664s] -- Up-to-date: /home/ulugbek/dev-ws/src/install/velodyne_msgs/lib/libvelodyne_msgs__rosidl_typesupport_introspection_c.so
[0.664s] -- Up-to-date: /home/ulugbek/dev-ws/src/install/velodyne_msgs/lib/libvelodyne_msgs__rosidl_typesupport_c.so
[0.664s] -- Up-to-date: /home/ulugbek/dev-ws/src/install/velodyne_msgs/include/velodyne_msgs
[0.665s] -- Up-to-date: /home/ulugbek/dev-ws/src/install/velodyne_msgs/include/velodyne_msgs/msg
[0.665s] -- Up-to-date: /home/ulugbek/dev-ws/src/install/velodyne_msgs/include/velodyne_msgs/msg/velodyne_scan.hpp
[0.665s] -- Up-to-date: /home/ulugbek/dev-ws/src/install/velodyne_msgs/include/velodyne_msgs/msg/velodyne_packet.hpp
[0.665s] -- Up-to-date: /home/ulugbek/dev-ws/src/install/velodyne_msgs/include/velodyne_msgs/msg/detail
[0.665s] -- Up-to-date: /home/ulugbek/dev-ws/src/install/velodyne_msgs/include/velodyne_msgs/msg/detail/velodyne_scan__builder.hpp
[0.665s] -- Up-to-date: /home/ulugbek/dev-ws/src/install/velodyne_msgs/include/velodyne_msgs/msg/detail/velodyne_packet__builder.hpp
[0.665s] -- Up-to-date: /home/ulugbek/dev-ws/src/install/velodyne_msgs/include/velodyne_msgs/msg/detail/velodyne_packet__traits.hpp
[0.665s] -- Up-to-date: /home/ulugbek/dev-ws/src/install/velodyne_msgs/include/velodyne_msgs/msg/detail/velodyne_packet__struct.hpp
[0.666s] -- Up-to-date: /home/ulugbek/dev-ws/src/install/velodyne_msgs/include/velodyne_msgs/msg/detail/velodyne_scan__struct.hpp
[0.666s] -- Up-to-date: /home/ulugbek/dev-ws/src/install/velodyne_msgs/include/velodyne_msgs/msg/detail/velodyne_scan__traits.hpp
[0.666s] -- Up-to-date: /home/ulugbek/dev-ws/src/install/velodyne_msgs/include/velodyne_msgs
[0.666s] -- Up-to-date: /home/ulugbek/dev-ws/src/install/velodyne_msgs/include/velodyne_msgs/msg
[0.666s] -- Up-to-date: /home/ulugbek/dev-ws/src/install/velodyne_msgs/include/velodyne_msgs/msg/detail
[0.666s] -- Up-to-date: /home/ulugbek/dev-ws/src/install/velodyne_msgs/include/velodyne_msgs/msg/detail/velodyne_scan__rosidl_typesupport_introspection_cpp.hpp
[0.666s] -- Up-to-date: /home/ulugbek/dev-ws/src/install/velodyne_msgs/include/velodyne_msgs/msg/detail/velodyne_packet__rosidl_typesupport_introspection_cpp.hpp
[0.666s] -- Up-to-date: /home/ulugbek/dev-ws/src/install/velodyne_msgs/include/velodyne_msgs/msg/detail/velodyne_packet__type_support.cpp
[0.666s] -- Up-to-date: /home/ulugbek/dev-ws/src/install/velodyne_msgs/include/velodyne_msgs/msg/detail/velodyne_scan__type_support.cpp
[0.666s] -- Up-to-date: /home/ulugbek/dev-ws/src/install/velodyne_msgs/lib/libvelodyne_msgs__rosidl_typesupport_introspection_cpp.so
[0.666s] -- Up-to-date: /home/ulugbek/dev-ws/src/install/velodyne_msgs/lib/libvelodyne_msgs__rosidl_typesupport_cpp.so
[0.667s] -- Up-to-date: /home/ulugbek/dev-ws/src/install/velodyne_msgs/share/velodyne_msgs/environment/pythonpath.sh
[0.667s] -- Up-to-date: /home/ulugbek/dev-ws/src/install/velodyne_msgs/share/velodyne_msgs/environment/pythonpath.dsv
[0.667s] -- Up-to-date: /home/ulugbek/dev-ws/src/install/velodyne_msgs/lib/python3.9/site-packages/velodyne_msgs/__init__.py
[0.681s] -- Up-to-date: /home/ulugbek/dev-ws/src/install/velodyne_msgs/lib/python3.9/site-packages/velodyne_msgs/msg
[0.681s] -- Up-to-date: /home/ulugbek/dev-ws/src/install/velodyne_msgs/lib/python3.9/site-packages/velodyne_msgs/msg/_velodyne_packet.py
[0.681s] -- Up-to-date: /home/ulugbek/dev-ws/src/install/velodyne_msgs/lib/python3.9/site-packages/velodyne_msgs/msg/_velodyne_scan.py
[0.682s] -- Up-to-date: /home/ulugbek/dev-ws/src/install/velodyne_msgs/lib/python3.9/site-packages/velodyne_msgs/msg/_velodyne_scan_s.c
[0.682s] -- Up-to-date: /home/ulugbek/dev-ws/src/install/velodyne_msgs/lib/python3.9/site-packages/velodyne_msgs/msg/__init__.py
[0.682s] -- Up-to-date: /home/ulugbek/dev-ws/src/install/velodyne_msgs/lib/python3.9/site-packages/velodyne_msgs/msg/_velodyne_packet_s.c
[0.682s] -- Up-to-date: /home/ulugbek/dev-ws/src/install/velodyne_msgs/lib/python3.9/site-packages/velodyne_msgs/velodyne_msgs_s__rosidl_typesupport_fastrtps_c.cpython-39-x86_64-linux-gnu.so
[0.682s] -- Up-to-date: /home/ulugbek/dev-ws/src/install/velodyne_msgs/lib/python3.9/site-packages/velodyne_msgs/velodyne_msgs_s__rosidl_typesupport_introspection_c.cpython-39-x86_64-linux-gnu.so
[0.682s] -- Up-to-date: /home/ulugbek/dev-ws/src/install/velodyne_msgs/lib/python3.9/site-packages/velodyne_msgs/velodyne_msgs_s__rosidl_typesupport_c.cpython-39-x86_64-linux-gnu.so
[0.683s] -- Up-to-date: /home/ulugbek/dev-ws/src/install/velodyne_msgs/lib/libvelodyne_msgs__python.so
[0.683s] -- Up-to-date: /home/ulugbek/dev-ws/src/install/velodyne_msgs/share/velodyne_msgs/msg/VelodynePacket.idl
[0.683s] -- Up-to-date: /home/ulugbek/dev-ws/src/install/velodyne_msgs/share/velodyne_msgs/msg/VelodyneScan.idl
[0.684s] -- Up-to-date: /home/ulugbek/dev-ws/src/install/velodyne_msgs/share/velodyne_msgs/msg/VelodynePacket.msg
[0.684s] -- Up-to-date: /home/ulugbek/dev-ws/src/install/velodyne_msgs/share/velodyne_msgs/msg/VelodyneScan.msg
[0.684s] -- Up-to-date: /home/ulugbek/dev-ws/src/install/velodyne_msgs/share/ament_index/resource_index/package_run_dependencies/velodyne_msgs
[0.684s] -- Up-to-date: /home/ulugbek/dev-ws/src/install/velodyne_msgs/share/ament_index/resource_index/parent_prefix_path/velodyne_msgs
[0.684s] -- Up-to-date: /home/ulugbek/dev-ws/src/install/velodyne_msgs/share/velodyne_msgs/environment/ament_prefix_path.sh
[0.684s] -- Up-to-date: /home/ulugbek/dev-ws/src/install/velodyne_msgs/share/velodyne_msgs/environment/ament_prefix_path.dsv
[0.684s] -- Up-to-date: /home/ulugbek/dev-ws/src/install/velodyne_msgs/share/velodyne_msgs/environment/path.sh
[0.684s] -- Up-to-date: /home/ulugbek/dev-ws/src/install/velodyne_msgs/share/velodyne_msgs/environment/path.dsv
[0.685s] -- Up-to-date: /home/ulugbek/dev-ws/src/install/velodyne_msgs/share/velodyne_msgs/local_setup.bash
[0.685s] -- Up-to-date: /home/ulugbek/dev-ws/src/install/velodyne_msgs/share/velodyne_msgs/local_setup.sh
[0.685s] -- Up-to-date: /home/ulugbek/dev-ws/src/install/velodyne_msgs/share/velodyne_msgs/local_setup.zsh
[0.685s] -- Up-to-date: /home/ulugbek/dev-ws/src/install/velodyne_msgs/share/velodyne_msgs/local_setup.dsv
[0.685s] -- Installing: /home/ulugbek/dev-ws/src/install/velodyne_msgs/share/velodyne_msgs/package.dsv
[0.685s] -- Up-to-date: /home/ulugbek/dev-ws/src/install/velodyne_msgs/share/ament_index/resource_index/packages/velodyne_msgs
[0.686s] -- Up-to-date: /home/ulugbek/dev-ws/src/install/velodyne_msgs/share/velodyne_msgs/cmake/velodyne_msgs__rosidl_generator_cExport.cmake
[0.686s] -- Up-to-date: /home/ulugbek/dev-ws/src/install/velodyne_msgs/share/velodyne_msgs/cmake/velodyne_msgs__rosidl_generator_cExport-noconfig.cmake
[0.686s] -- Up-to-date: /home/ulugbek/dev-ws/src/install/velodyne_msgs/share/velodyne_msgs/cmake/velodyne_msgs__rosidl_typesupport_introspection_cExport.cmake
[0.686s] -- Up-to-date: /home/ulugbek/dev-ws/src/install/velodyne_msgs/share/velodyne_msgs/cmake/velodyne_msgs__rosidl_typesupport_introspection_cExport-noconfig.cmake
[0.686s] -- Up-to-date: /home/ulugbek/dev-ws/src/install/velodyne_msgs/share/velodyne_msgs/cmake/velodyne_msgs__rosidl_typesupport_cExport.cmake
[0.686s] -- Up-to-date: /home/ulugbek/dev-ws/src/install/velodyne_msgs/share/velodyne_msgs/cmake/velodyne_msgs__rosidl_typesupport_cExport-noconfig.cmake
[0.687s] -- Up-to-date: /home/ulugbek/dev-ws/src/install/velodyne_msgs/share/velodyne_msgs/cmake/velodyne_msgs__rosidl_generator_cppExport.cmake
[0.687s] -- Up-to-date: /home/ulugbek/dev-ws/src/install/velodyne_msgs/share/velodyne_msgs/cmake/velodyne_msgs__rosidl_typesupport_introspection_cppExport.cmake
[0.687s] -- Up-to-date: /home/ulugbek/dev-ws/src/install/velodyne_msgs/share/velodyne_msgs/cmake/velodyne_msgs__rosidl_typesupport_introspection_cppExport-noconfig.cmake
[0.687s] -- Up-to-date: /home/ulugbek/dev-ws/src/install/velodyne_msgs/share/velodyne_msgs/cmake/velodyne_msgs__rosidl_typesupport_cppExport.cmake
[0.687s] -- Up-to-date: /home/ulugbek/dev-ws/src/install/velodyne_msgs/share/velodyne_msgs/cmake/velodyne_msgs__rosidl_typesupport_cppExport-noconfig.cmake
[0.687s] -- Up-to-date: /home/ulugbek/dev-ws/src/install/velodyne_msgs/share/velodyne_msgs/cmake/rosidl_cmake-extras.cmake
[0.687s] -- Up-to-date: /home/ulugbek/dev-ws/src/install/velodyne_msgs/share/velodyne_msgs/cmake/ament_cmake_export_dependencies-extras.cmake
[0.687s] -- Up-to-date: /home/ulugbek/dev-ws/src/install/velodyne_msgs/share/velodyne_msgs/cmake/ament_cmake_export_libraries-extras.cmake
[0.688s] -- Up-to-date: /home/ulugbek/dev-ws/src/install/velodyne_msgs/share/velodyne_msgs/cmake/ament_cmake_export_targets-extras.cmake
[0.688s] -- Up-to-date: /home/ulugbek/dev-ws/src/install/velodyne_msgs/share/velodyne_msgs/cmake/ament_cmake_export_include_directories-extras.cmake
[0.688s] -- Up-to-date: /home/ulugbek/dev-ws/src/install/velodyne_msgs/share/velodyne_msgs/cmake/rosidl_cmake_export_typesupport_libraries-extras.cmake
[0.688s] -- Up-to-date: /home/ulugbek/dev-ws/src/install/velodyne_msgs/share/velodyne_msgs/cmake/rosidl_cmake_export_typesupport_targets-extras.cmake
[0.688s] -- Up-to-date: /home/ulugbek/dev-ws/src/install/velodyne_msgs/share/velodyne_msgs/cmake/velodyne_msgsConfig.cmake
[0.688s] -- Up-to-date: /home/ulugbek/dev-ws/src/install/velodyne_msgs/share/velodyne_msgs/cmake/velodyne_msgsConfig-version.cmake
[0.688s] -- Up-to-date: /home/ulugbek/dev-ws/src/install/velodyne_msgs/share/velodyne_msgs/package.xml
[0.765s] Invoked command in '/home/ulugbek/dev-ws/src/build/velodyne_msgs' returned '0': CMAKE_PREFIX_PATH=${CMAKE_PREFIX_PATH}:/home/ulugbek/dev-ws/install/ros_tcp_endpoint:/opt/ros/foxy CONDA_PROMPT_MODIFIER=(base) /usr/bin/cmake --install /home/ulugbek/dev-ws/src/build/velodyne_msgs
