[0.059s] Invoking command in '/home/ulugbek/dev-ws/src/build/velodyne_driver': AMENT_PREFIX_PATH=/home/ulugbek/dev-ws/src/install/velodyne_msgs:${AMENT_PREFIX_PATH} CMAKE_PREFIX_PATH=/home/ulugbek/dev-ws/src/install/velodyne_msgs:/opt/ros/foxy CONDA_PROMPT_MODIFIER=(base) LD_LIBRARY_PATH=/home/ulugbek/dev-ws/src/install/velodyne_msgs/lib:${LD_LIBRARY_PATH} PYTHONPATH=/home/ulugbek/dev-ws/src/install/velodyne_msgs/lib/python3.9/site-packages:${PYTHONPATH} /usr/bin/cmake --build /home/ulugbek/dev-ws/src/build/velodyne_driver -- -j16 -l16
[0.104s] [ 33%] Built target gtest_main
[0.104s] [ 33%] Built target gtest
[0.113s] [ 50%] Built target velodyne_input
[0.145s] [ 83%] Built target time_test
[0.145s] [ 83%] Built target velodyne_driver
[0.170s] [100%] Built target velodyne_driver_node
[0.179s] Invoked command in '/home/ulugbek/dev-ws/src/build/velodyne_driver' returned '0': AMENT_PREFIX_PATH=/home/ulugbek/dev-ws/src/install/velodyne_msgs:${AMENT_PREFIX_PATH} CMAKE_PREFIX_PATH=/home/ulugbek/dev-ws/src/install/velodyne_msgs:/opt/ros/foxy CONDA_PROMPT_MODIFIER=(base) LD_LIBRARY_PATH=/home/ulugbek/dev-ws/src/install/velodyne_msgs/lib:${LD_LIBRARY_PATH} PYTHONPATH=/home/ulugbek/dev-ws/src/install/velodyne_msgs/lib/python3.9/site-packages:${PYTHONPATH} /usr/bin/cmake --build /home/ulugbek/dev-ws/src/build/velodyne_driver -- -j16 -l16
[0.211s] Invoking command in '/home/ulugbek/dev-ws/src/build/velodyne_driver': AMENT_PREFIX_PATH=/home/ulugbek/dev-ws/src/install/velodyne_msgs:${AMENT_PREFIX_PATH} CMAKE_PREFIX_PATH=/home/ulugbek/dev-ws/src/install/velodyne_msgs:/opt/ros/foxy CONDA_PROMPT_MODIFIER=(base) LD_LIBRARY_PATH=/home/ulugbek/dev-ws/src/install/velodyne_msgs/lib:${LD_LIBRARY_PATH} PYTHONPATH=/home/ulugbek/dev-ws/src/install/velodyne_msgs/lib/python3.9/site-packages:${PYTHONPATH} /usr/bin/cmake --install /home/ulugbek/dev-ws/src/build/velodyne_driver
[0.224s] -- Install configuration: ""
[0.224s] -- Up-to-date: /home/ulugbek/dev-ws/src/install/velodyne_driver/lib/libvelodyne_driver.so
[0.225s] -- Up-to-date: /home/ulugbek/dev-ws/src/install/velodyne_driver/lib/velodyne_driver/velodyne_driver_node
[0.225s] -- Up-to-date: /home/ulugbek/dev-ws/src/install/velodyne_driver/include/velodyne_driver
[0.225s] -- Up-to-date: /home/ulugbek/dev-ws/src/install/velodyne_driver/include/velodyne_driver/time_conversion.hpp
[0.225s] -- Up-to-date: /home/ulugbek/dev-ws/src/install/velodyne_driver/include/velodyne_driver/input.hpp
[0.225s] -- Up-to-date: /home/ulugbek/dev-ws/src/install/velodyne_driver/include/velodyne_driver/driver.hpp
[0.225s] -- Up-to-date: /home/ulugbek/dev-ws/src/install/velodyne_driver/share/velodyne_driver/config
[0.225s] -- Up-to-date: /home/ulugbek/dev-ws/src/install/velodyne_driver/share/velodyne_driver/config/VLP16-velodyne_driver_node-params.yaml
[0.225s] -- Up-to-date: /home/ulugbek/dev-ws/src/install/velodyne_driver/share/velodyne_driver/config/VLP32C-velodyne_driver_node-params.yaml
[0.226s] -- Up-to-date: /home/ulugbek/dev-ws/src/install/velodyne_driver/share/velodyne_driver/launch
[0.226s] -- Up-to-date: /home/ulugbek/dev-ws/src/install/velodyne_driver/share/velodyne_driver/launch/velodyne_driver_node-VLP32C-composed-launch.py
[0.226s] -- Up-to-date: /home/ulugbek/dev-ws/src/install/velodyne_driver/share/velodyne_driver/launch/velodyne_driver_node-VLP32C-launch.py
[0.226s] -- Up-to-date: /home/ulugbek/dev-ws/src/install/velodyne_driver/share/velodyne_driver/launch/velodyne_driver_node-VLP16-launch.py
[0.226s] -- Up-to-date: /home/ulugbek/dev-ws/src/install/velodyne_driver/share/velodyne_driver/launch/velodyne_driver_node-VLP16-composed-launch.py
[0.226s] -- Up-to-date: /home/ulugbek/dev-ws/src/install/velodyne_driver/lib/velodyne_driver/vdump
[0.226s] -- Up-to-date: /home/ulugbek/dev-ws/src/install/velodyne_driver/share/ament_index/resource_index/package_run_dependencies/velodyne_driver
[0.226s] -- Up-to-date: /home/ulugbek/dev-ws/src/install/velodyne_driver/share/ament_index/resource_index/parent_prefix_path/velodyne_driver
[0.226s] -- Up-to-date: /home/ulugbek/dev-ws/src/install/velodyne_driver/share/velodyne_driver/environment/ament_prefix_path.sh
[0.226s] -- Up-to-date: /home/ulugbek/dev-ws/src/install/velodyne_driver/share/velodyne_driver/environment/ament_prefix_path.dsv
[0.227s] -- Up-to-date: /home/ulugbek/dev-ws/src/install/velodyne_driver/share/velodyne_driver/environment/path.sh
[0.227s] -- Up-to-date: /home/ulugbek/dev-ws/src/install/velodyne_driver/share/velodyne_driver/environment/path.dsv
[0.227s] -- Up-to-date: /home/ulugbek/dev-ws/src/install/velodyne_driver/share/velodyne_driver/local_setup.bash
[0.227s] -- Up-to-date: /home/ulugbek/dev-ws/src/install/velodyne_driver/share/velodyne_driver/local_setup.sh
[0.227s] -- Up-to-date: /home/ulugbek/dev-ws/src/install/velodyne_driver/share/velodyne_driver/local_setup.zsh
[0.227s] -- Up-to-date: /home/ulugbek/dev-ws/src/install/velodyne_driver/share/velodyne_driver/local_setup.dsv
[0.227s] -- Installing: /home/ulugbek/dev-ws/src/install/velodyne_driver/share/velodyne_driver/package.dsv
[0.227s] -- Up-to-date: /home/ulugbek/dev-ws/src/install/velodyne_driver/share/ament_index/resource_index/packages/velodyne_driver
[0.227s] -- Up-to-date: /home/ulugbek/dev-ws/src/install/velodyne_driver/share/ament_index/resource_index/rclcpp_components/velodyne_driver
[0.227s] -- Up-to-date: /home/ulugbek/dev-ws/src/install/velodyne_driver/share/velodyne_driver/cmake/velodyne_driverConfig.cmake
[0.227s] -- Up-to-date: /home/ulugbek/dev-ws/src/install/velodyne_driver/share/velodyne_driver/cmake/velodyne_driverConfig-version.cmake
[0.228s] -- Up-to-date: /home/ulugbek/dev-ws/src/install/velodyne_driver/share/velodyne_driver/package.xml
[0.228s] -- Up-to-date: /home/ulugbek/dev-ws/src/install/velodyne_driver/lib/libvelodyne_input.so
[0.228s] Invoked command in '/home/ulugbek/dev-ws/src/build/velodyne_driver' returned '0': AMENT_PREFIX_PATH=/home/ulugbek/dev-ws/src/install/velodyne_msgs:${AMENT_PREFIX_PATH} CMAKE_PREFIX_PATH=/home/ulugbek/dev-ws/src/install/velodyne_msgs:/opt/ros/foxy CONDA_PROMPT_MODIFIER=(base) LD_LIBRARY_PATH=/home/ulugbek/dev-ws/src/install/velodyne_msgs/lib:${LD_LIBRARY_PATH} PYTHONPATH=/home/ulugbek/dev-ws/src/install/velodyne_msgs/lib/python3.9/site-packages:${PYTHONPATH} /usr/bin/cmake --install /home/ulugbek/dev-ws/src/build/velodyne_driver
