[  2%] Built target velodyne_msgs__cpp
[ 12%] Built target velodyne_msgs__rosidl_generator_c
[ 23%] Built target velodyne_msgs__rosidl_typesupport_introspection_c
[ 33%] Built target velodyne_msgs__rosidl_typesupport_introspection_cpp
[ 43%] Built target velodyne_msgs__rosidl_typesupport_fastrtps_cpp
[ 53%] Built target velodyne_msgs__rosidl_typesupport_c
[ 64%] Built target velodyne_msgs__rosidl_typesupport_cpp
[ 74%] Built target velodyne_msgs__rosidl_typesupport_fastrtps_c
[ 74%] Built target velodyne_msgs
[ 76%] Built target velodyne_msgs__py
[ 84%] Built target velodyne_msgs__python
[ 94%] Built target velodyne_msgs__rosidl_typesupport_introspection_c__pyext
[ 94%] Built target velodyne_msgs__rosidl_typesupport_c__pyext
[100%] Built target velodyne_msgs__rosidl_typesupport_fastrtps_c__pyext
-- Install configuration: ""
-- Installing: /home/ulugbek/dev-ws/src/install/velodyne_msgs/share/ament_index/resource_index/rosidl_interfaces/velodyne_msgs
-- Installing: /home/ulugbek/dev-ws/src/install/velodyne_msgs/include/velodyne_msgs
-- Installing: /home/ulugbek/dev-ws/src/install/velodyne_msgs/include/velodyne_msgs/msg
-- Installing: /home/ulugbek/dev-ws/src/install/velodyne_msgs/include/velodyne_msgs/msg/velodyne_packet.h
-- Installing: /home/ulugbek/dev-ws/src/install/velodyne_msgs/include/velodyne_msgs/msg/velodyne_scan.h
-- Installing: /home/ulugbek/dev-ws/src/install/velodyne_msgs/include/velodyne_msgs/msg/rosidl_generator_c__visibility_control.h
-- Installing: /home/ulugbek/dev-ws/src/install/velodyne_msgs/include/velodyne_msgs/msg/detail
-- Installing: /home/ulugbek/dev-ws/src/install/velodyne_msgs/include/velodyne_msgs/msg/detail/velodyne_scan__functions.c
-- Installing: /home/ulugbek/dev-ws/src/install/velodyne_msgs/include/velodyne_msgs/msg/detail/velodyne_packet__struct.h
-- Installing: /home/ulugbek/dev-ws/src/install/velodyne_msgs/include/velodyne_msgs/msg/detail/velodyne_scan__struct.h
-- Installing: /home/ulugbek/dev-ws/src/install/velodyne_msgs/include/velodyne_msgs/msg/detail/velodyne_scan__functions.h
-- Installing: /home/ulugbek/dev-ws/src/install/velodyne_msgs/include/velodyne_msgs/msg/detail/velodyne_scan__type_support.h
-- Installing: /home/ulugbek/dev-ws/src/install/velodyne_msgs/include/velodyne_msgs/msg/detail/velodyne_packet__functions.h
-- Installing: /home/ulugbek/dev-ws/src/install/velodyne_msgs/include/velodyne_msgs/msg/detail/velodyne_packet__functions.c
-- Installing: /home/ulugbek/dev-ws/src/install/velodyne_msgs/include/velodyne_msgs/msg/detail/velodyne_packet__type_support.h
-- Installing: /home/ulugbek/dev-ws/src/install/velodyne_msgs/share/velodyne_msgs/environment/library_path.sh
-- Installing: /home/ulugbek/dev-ws/src/install/velodyne_msgs/share/velodyne_msgs/environment/library_path.dsv
-- Installing: /home/ulugbek/dev-ws/src/install/velodyne_msgs/lib/libvelodyne_msgs__rosidl_generator_c.so
-- Set runtime path of "/home/ulugbek/dev-ws/src/install/velodyne_msgs/lib/libvelodyne_msgs__rosidl_generator_c.so" to ""
-- Up-to-date: /home/ulugbek/dev-ws/src/install/velodyne_msgs/include/velodyne_msgs
-- Up-to-date: /home/ulugbek/dev-ws/src/install/velodyne_msgs/include/velodyne_msgs/msg
-- Installing: /home/ulugbek/dev-ws/src/install/velodyne_msgs/include/velodyne_msgs/msg/rosidl_typesupport_fastrtps_c__visibility_control.h
-- Up-to-date: /home/ulugbek/dev-ws/src/install/velodyne_msgs/include/velodyne_msgs/msg/detail
-- Installing: /home/ulugbek/dev-ws/src/install/velodyne_msgs/include/velodyne_msgs/msg/detail/velodyne_packet__rosidl_typesupport_fastrtps_c.h
-- Installing: /home/ulugbek/dev-ws/src/install/velodyne_msgs/include/velodyne_msgs/msg/detail/velodyne_scan__rosidl_typesupport_fastrtps_c.h
-- Installing: /home/ulugbek/dev-ws/src/install/velodyne_msgs/lib/libvelodyne_msgs__rosidl_typesupport_fastrtps_c.so
-- Set runtime path of "/home/ulugbek/dev-ws/src/install/velodyne_msgs/lib/libvelodyne_msgs__rosidl_typesupport_fastrtps_c.so" to ""
-- Up-to-date: /home/ulugbek/dev-ws/src/install/velodyne_msgs/include/velodyne_msgs
-- Up-to-date: /home/ulugbek/dev-ws/src/install/velodyne_msgs/include/velodyne_msgs/msg
-- Installing: /home/ulugbek/dev-ws/src/install/velodyne_msgs/include/velodyne_msgs/msg/rosidl_typesupport_fastrtps_cpp__visibility_control.h
-- Up-to-date: /home/ulugbek/dev-ws/src/install/velodyne_msgs/include/velodyne_msgs/msg/detail
-- Installing: /home/ulugbek/dev-ws/src/install/velodyne_msgs/include/velodyne_msgs/msg/detail/velodyne_packet__rosidl_typesupport_fastrtps_cpp.hpp
-- Installing: /home/ulugbek/dev-ws/src/install/velodyne_msgs/include/velodyne_msgs/msg/detail/dds_fastrtps
-- Installing: /home/ulugbek/dev-ws/src/install/velodyne_msgs/include/velodyne_msgs/msg/detail/velodyne_scan__rosidl_typesupport_fastrtps_cpp.hpp
-- Installing: /home/ulugbek/dev-ws/src/install/velodyne_msgs/lib/libvelodyne_msgs__rosidl_typesupport_fastrtps_cpp.so
-- Set runtime path of "/home/ulugbek/dev-ws/src/install/velodyne_msgs/lib/libvelodyne_msgs__rosidl_typesupport_fastrtps_cpp.so" to ""
-- Up-to-date: /home/ulugbek/dev-ws/src/install/velodyne_msgs/include/velodyne_msgs
-- Up-to-date: /home/ulugbek/dev-ws/src/install/velodyne_msgs/include/velodyne_msgs/msg
-- Installing: /home/ulugbek/dev-ws/src/install/velodyne_msgs/include/velodyne_msgs/msg/rosidl_typesupport_introspection_c__visibility_control.h
-- Up-to-date: /home/ulugbek/dev-ws/src/install/velodyne_msgs/include/velodyne_msgs/msg/detail
-- Installing: /home/ulugbek/dev-ws/src/install/velodyne_msgs/include/velodyne_msgs/msg/detail/velodyne_scan__type_support.c
-- Installing: /home/ulugbek/dev-ws/src/install/velodyne_msgs/include/velodyne_msgs/msg/detail/velodyne_packet__type_support.c
-- Installing: /home/ulugbek/dev-ws/src/install/velodyne_msgs/include/velodyne_msgs/msg/detail/velodyne_scan__rosidl_typesupport_introspection_c.h
-- Installing: /home/ulugbek/dev-ws/src/install/velodyne_msgs/include/velodyne_msgs/msg/detail/velodyne_packet__rosidl_typesupport_introspection_c.h
-- Installing: /home/ulugbek/dev-ws/src/install/velodyne_msgs/lib/libvelodyne_msgs__rosidl_typesupport_introspection_c.so
-- Set runtime path of "/home/ulugbek/dev-ws/src/install/velodyne_msgs/lib/libvelodyne_msgs__rosidl_typesupport_introspection_c.so" to ""
-- Installing: /home/ulugbek/dev-ws/src/install/velodyne_msgs/lib/libvelodyne_msgs__rosidl_typesupport_c.so
-- Set runtime path of "/home/ulugbek/dev-ws/src/install/velodyne_msgs/lib/libvelodyne_msgs__rosidl_typesupport_c.so" to ""
-- Up-to-date: /home/ulugbek/dev-ws/src/install/velodyne_msgs/include/velodyne_msgs
-- Up-to-date: /home/ulugbek/dev-ws/src/install/velodyne_msgs/include/velodyne_msgs/msg
-- Installing: /home/ulugbek/dev-ws/src/install/velodyne_msgs/include/velodyne_msgs/msg/velodyne_scan.hpp
-- Installing: /home/ulugbek/dev-ws/src/install/velodyne_msgs/include/velodyne_msgs/msg/velodyne_packet.hpp
-- Up-to-date: /home/ulugbek/dev-ws/src/install/velodyne_msgs/include/velodyne_msgs/msg/detail
-- Installing: /home/ulugbek/dev-ws/src/install/velodyne_msgs/include/velodyne_msgs/msg/detail/velodyne_scan__builder.hpp
-- Installing: /home/ulugbek/dev-ws/src/install/velodyne_msgs/include/velodyne_msgs/msg/detail/velodyne_packet__builder.hpp
-- Installing: /home/ulugbek/dev-ws/src/install/velodyne_msgs/include/velodyne_msgs/msg/detail/velodyne_packet__traits.hpp
-- Installing: /home/ulugbek/dev-ws/src/install/velodyne_msgs/include/velodyne_msgs/msg/detail/velodyne_packet__struct.hpp
-- Installing: /home/ulugbek/dev-ws/src/install/velodyne_msgs/include/velodyne_msgs/msg/detail/velodyne_scan__struct.hpp
-- Installing: /home/ulugbek/dev-ws/src/install/velodyne_msgs/include/velodyne_msgs/msg/detail/velodyne_scan__traits.hpp
-- Up-to-date: /home/ulugbek/dev-ws/src/install/velodyne_msgs/include/velodyne_msgs
-- Up-to-date: /home/ulugbek/dev-ws/src/install/velodyne_msgs/include/velodyne_msgs/msg
-- Up-to-date: /home/ulugbek/dev-ws/src/install/velodyne_msgs/include/velodyne_msgs/msg/detail
-- Installing: /home/ulugbek/dev-ws/src/install/velodyne_msgs/include/velodyne_msgs/msg/detail/velodyne_scan__rosidl_typesupport_introspection_cpp.hpp
-- Installing: /home/ulugbek/dev-ws/src/install/velodyne_msgs/include/velodyne_msgs/msg/detail/velodyne_packet__rosidl_typesupport_introspection_cpp.hpp
-- Installing: /home/ulugbek/dev-ws/src/install/velodyne_msgs/include/velodyne_msgs/msg/detail/velodyne_packet__type_support.cpp
-- Installing: /home/ulugbek/dev-ws/src/install/velodyne_msgs/include/velodyne_msgs/msg/detail/velodyne_scan__type_support.cpp
-- Installing: /home/ulugbek/dev-ws/src/install/velodyne_msgs/lib/libvelodyne_msgs__rosidl_typesupport_introspection_cpp.so
-- Set runtime path of "/home/ulugbek/dev-ws/src/install/velodyne_msgs/lib/libvelodyne_msgs__rosidl_typesupport_introspection_cpp.so" to ""
-- Installing: /home/ulugbek/dev-ws/src/install/velodyne_msgs/lib/libvelodyne_msgs__rosidl_typesupport_cpp.so
-- Set runtime path of "/home/ulugbek/dev-ws/src/install/velodyne_msgs/lib/libvelodyne_msgs__rosidl_typesupport_cpp.so" to ""
-- Installing: /home/ulugbek/dev-ws/src/install/velodyne_msgs/share/velodyne_msgs/environment/pythonpath.sh
-- Installing: /home/ulugbek/dev-ws/src/install/velodyne_msgs/share/velodyne_msgs/environment/pythonpath.dsv
-- Installing: /home/ulugbek/dev-ws/src/install/velodyne_msgs/lib/python3.9/site-packages/velodyne_msgs/__init__.py
Compiling '/home/ulugbek/dev-ws/src/install/velodyne_msgs/lib/python3.9/site-packages/velodyne_msgs/__init__.py'...
-- Installing: /home/ulugbek/dev-ws/src/install/velodyne_msgs/lib/python3.9/site-packages/velodyne_msgs/msg
-- Installing: /home/ulugbek/dev-ws/src/install/velodyne_msgs/lib/python3.9/site-packages/velodyne_msgs/msg/_velodyne_packet.py
-- Installing: /home/ulugbek/dev-ws/src/install/velodyne_msgs/lib/python3.9/site-packages/velodyne_msgs/msg/_velodyne_scan.py
-- Installing: /home/ulugbek/dev-ws/src/install/velodyne_msgs/lib/python3.9/site-packages/velodyne_msgs/msg/_velodyne_scan_s.c
-- Installing: /home/ulugbek/dev-ws/src/install/velodyne_msgs/lib/python3.9/site-packages/velodyne_msgs/msg/__init__.py
-- Installing: /home/ulugbek/dev-ws/src/install/velodyne_msgs/lib/python3.9/site-packages/velodyne_msgs/msg/_velodyne_packet_s.c
-- Installing: /home/ulugbek/dev-ws/src/install/velodyne_msgs/lib/python3.9/site-packages/velodyne_msgs/velodyne_msgs_s__rosidl_typesupport_fastrtps_c.cpython-39-x86_64-linux-gnu.so
-- Set runtime path of "/home/ulugbek/dev-ws/src/install/velodyne_msgs/lib/python3.9/site-packages/velodyne_msgs/velodyne_msgs_s__rosidl_typesupport_fastrtps_c.cpython-39-x86_64-linux-gnu.so" to ""
-- Installing: /home/ulugbek/dev-ws/src/install/velodyne_msgs/lib/python3.9/site-packages/velodyne_msgs/velodyne_msgs_s__rosidl_typesupport_introspection_c.cpython-39-x86_64-linux-gnu.so
-- Set runtime path of "/home/ulugbek/dev-ws/src/install/velodyne_msgs/lib/python3.9/site-packages/velodyne_msgs/velodyne_msgs_s__rosidl_typesupport_introspection_c.cpython-39-x86_64-linux-gnu.so" to ""
-- Installing: /home/ulugbek/dev-ws/src/install/velodyne_msgs/lib/python3.9/site-packages/velodyne_msgs/velodyne_msgs_s__rosidl_typesupport_c.cpython-39-x86_64-linux-gnu.so
-- Set runtime path of "/home/ulugbek/dev-ws/src/install/velodyne_msgs/lib/python3.9/site-packages/velodyne_msgs/velodyne_msgs_s__rosidl_typesupport_c.cpython-39-x86_64-linux-gnu.so" to ""
-- Installing: /home/ulugbek/dev-ws/src/install/velodyne_msgs/lib/libvelodyne_msgs__python.so
-- Set runtime path of "/home/ulugbek/dev-ws/src/install/velodyne_msgs/lib/libvelodyne_msgs__python.so" to ""
-- Installing: /home/ulugbek/dev-ws/src/install/velodyne_msgs/share/velodyne_msgs/msg/VelodynePacket.idl
-- Installing: /home/ulugbek/dev-ws/src/install/velodyne_msgs/share/velodyne_msgs/msg/VelodyneScan.idl
-- Installing: /home/ulugbek/dev-ws/src/install/velodyne_msgs/share/velodyne_msgs/msg/VelodynePacket.msg
-- Installing: /home/ulugbek/dev-ws/src/install/velodyne_msgs/share/velodyne_msgs/msg/VelodyneScan.msg
-- Installing: /home/ulugbek/dev-ws/src/install/velodyne_msgs/share/ament_index/resource_index/package_run_dependencies/velodyne_msgs
-- Installing: /home/ulugbek/dev-ws/src/install/velodyne_msgs/share/ament_index/resource_index/parent_prefix_path/velodyne_msgs
-- Installing: /home/ulugbek/dev-ws/src/install/velodyne_msgs/share/velodyne_msgs/environment/ament_prefix_path.sh
-- Installing: /home/ulugbek/dev-ws/src/install/velodyne_msgs/share/velodyne_msgs/environment/ament_prefix_path.dsv
-- Installing: /home/ulugbek/dev-ws/src/install/velodyne_msgs/share/velodyne_msgs/environment/path.sh
-- Installing: /home/ulugbek/dev-ws/src/install/velodyne_msgs/share/velodyne_msgs/environment/path.dsv
-- Installing: /home/ulugbek/dev-ws/src/install/velodyne_msgs/share/velodyne_msgs/local_setup.bash
-- Installing: /home/ulugbek/dev-ws/src/install/velodyne_msgs/share/velodyne_msgs/local_setup.sh
-- Installing: /home/ulugbek/dev-ws/src/install/velodyne_msgs/share/velodyne_msgs/local_setup.zsh
-- Installing: /home/ulugbek/dev-ws/src/install/velodyne_msgs/share/velodyne_msgs/local_setup.dsv
-- Installing: /home/ulugbek/dev-ws/src/install/velodyne_msgs/share/velodyne_msgs/package.dsv
-- Installing: /home/ulugbek/dev-ws/src/install/velodyne_msgs/share/ament_index/resource_index/packages/velodyne_msgs
-- Installing: /home/ulugbek/dev-ws/src/install/velodyne_msgs/share/velodyne_msgs/cmake/velodyne_msgs__rosidl_generator_cExport.cmake
-- Installing: /home/ulugbek/dev-ws/src/install/velodyne_msgs/share/velodyne_msgs/cmake/velodyne_msgs__rosidl_generator_cExport-noconfig.cmake
-- Installing: /home/ulugbek/dev-ws/src/install/velodyne_msgs/share/velodyne_msgs/cmake/velodyne_msgs__rosidl_typesupport_introspection_cExport.cmake
-- Installing: /home/ulugbek/dev-ws/src/install/velodyne_msgs/share/velodyne_msgs/cmake/velodyne_msgs__rosidl_typesupport_introspection_cExport-noconfig.cmake
-- Installing: /home/ulugbek/dev-ws/src/install/velodyne_msgs/share/velodyne_msgs/cmake/velodyne_msgs__rosidl_typesupport_cExport.cmake
-- Installing: /home/ulugbek/dev-ws/src/install/velodyne_msgs/share/velodyne_msgs/cmake/velodyne_msgs__rosidl_typesupport_cExport-noconfig.cmake
-- Installing: /home/ulugbek/dev-ws/src/install/velodyne_msgs/share/velodyne_msgs/cmake/velodyne_msgs__rosidl_generator_cppExport.cmake
-- Installing: /home/ulugbek/dev-ws/src/install/velodyne_msgs/share/velodyne_msgs/cmake/velodyne_msgs__rosidl_typesupport_introspection_cppExport.cmake
-- Installing: /home/ulugbek/dev-ws/src/install/velodyne_msgs/share/velodyne_msgs/cmake/velodyne_msgs__rosidl_typesupport_introspection_cppExport-noconfig.cmake
-- Installing: /home/ulugbek/dev-ws/src/install/velodyne_msgs/share/velodyne_msgs/cmake/velodyne_msgs__rosidl_typesupport_cppExport.cmake
-- Installing: /home/ulugbek/dev-ws/src/install/velodyne_msgs/share/velodyne_msgs/cmake/velodyne_msgs__rosidl_typesupport_cppExport-noconfig.cmake
-- Installing: /home/ulugbek/dev-ws/src/install/velodyne_msgs/share/velodyne_msgs/cmake/rosidl_cmake-extras.cmake
-- Installing: /home/ulugbek/dev-ws/src/install/velodyne_msgs/share/velodyne_msgs/cmake/ament_cmake_export_dependencies-extras.cmake
-- Installing: /home/ulugbek/dev-ws/src/install/velodyne_msgs/share/velodyne_msgs/cmake/ament_cmake_export_libraries-extras.cmake
-- Installing: /home/ulugbek/dev-ws/src/install/velodyne_msgs/share/velodyne_msgs/cmake/ament_cmake_export_targets-extras.cmake
-- Installing: /home/ulugbek/dev-ws/src/install/velodyne_msgs/share/velodyne_msgs/cmake/ament_cmake_export_include_directories-extras.cmake
-- Installing: /home/ulugbek/dev-ws/src/install/velodyne_msgs/share/velodyne_msgs/cmake/rosidl_cmake_export_typesupport_libraries-extras.cmake
-- Installing: /home/ulugbek/dev-ws/src/install/velodyne_msgs/share/velodyne_msgs/cmake/rosidl_cmake_export_typesupport_targets-extras.cmake
-- Installing: /home/ulugbek/dev-ws/src/install/velodyne_msgs/share/velodyne_msgs/cmake/velodyne_msgsConfig.cmake
-- Installing: /home/ulugbek/dev-ws/src/install/velodyne_msgs/share/velodyne_msgs/cmake/velodyne_msgsConfig-version.cmake
-- Installing: /home/ulugbek/dev-ws/src/install/velodyne_msgs/share/velodyne_msgs/package.xml
