[0.066s] Invoking command in '/home/ulugbek/dev-ws/src/build/velodyne_driver': AMENT_PREFIX_PATH=/home/ulugbek/dev-ws/src/install/velodyne_msgs:${AMENT_PREFIX_PATH} CMAKE_PREFIX_PATH=/home/ulugbek/dev-ws/src/install/velodyne_msgs:/home/ulugbek/dev-ws/install/velodyne_subscriber:/home/ulugbek/dev-ws/install/velodyne:/home/ulugbek/dev-ws/install/velodyne_pointcloud:/home/ulugbek/dev-ws/install/velodyne_driver:/home/ulugbek/dev-ws/install/velodyne_msgs:/home/ulugbek/dev-ws/install/velodyne_laserscan:/home/ulugbek/dev-ws/install/unity_robotics_demo:/home/ulugbek/dev-ws/install/ros_tcp_endpoint:/opt/ros/foxy:/home/ulugbek/dev-ws/install/unity_robotics_demo_msgs:/home/ulugbek/dev-ws/install/static_tf_publisher:/home/ulugbek/dev-ws/install/safe_landing:/home/ulugbek/dev-ws/install/my_package:/home/ulugbek/dev-ws/install/feature_extraction:/home/ulugbek/dev-ws/install/altitude_publisher CONDA_PROMPT_MODIFIER=(base) LD_LIBRARY_PATH=/home/ulugbek/dev-ws/src/install/velodyne_msgs/lib:${LD_LIBRARY_PATH} PYTHONPATH=/home/ulugbek/dev-ws/src/install/velodyne_msgs/lib/python3.9/site-packages:${PYTHONPATH} /usr/bin/cmake --build /home/ulugbek/dev-ws/src/build/velodyne_driver -- -j16 -l16
[0.129s] [ 16%] Built target gtest_main
[0.131s] [ 33%] Built target gtest
[0.148s] [ 50%] Built target velodyne_input
[0.186s] [ 66%] Built target velodyne_driver
[0.186s] [ 83%] Built target time_test
[0.214s] [100%] Built target velodyne_driver_node
[0.226s] Invoked command in '/home/ulugbek/dev-ws/src/build/velodyne_driver' returned '0': AMENT_PREFIX_PATH=/home/ulugbek/dev-ws/src/install/velodyne_msgs:${AMENT_PREFIX_PATH} CMAKE_PREFIX_PATH=/home/ulugbek/dev-ws/src/install/velodyne_msgs:/home/ulugbek/dev-ws/install/velodyne_subscriber:/home/ulugbek/dev-ws/install/velodyne:/home/ulugbek/dev-ws/install/velodyne_pointcloud:/home/ulugbek/dev-ws/install/velodyne_driver:/home/ulugbek/dev-ws/install/velodyne_msgs:/home/ulugbek/dev-ws/install/velodyne_laserscan:/home/ulugbek/dev-ws/install/unity_robotics_demo:/home/ulugbek/dev-ws/install/ros_tcp_endpoint:/opt/ros/foxy:/home/ulugbek/dev-ws/install/unity_robotics_demo_msgs:/home/ulugbek/dev-ws/install/static_tf_publisher:/home/ulugbek/dev-ws/install/safe_landing:/home/ulugbek/dev-ws/install/my_package:/home/ulugbek/dev-ws/install/feature_extraction:/home/ulugbek/dev-ws/install/altitude_publisher CONDA_PROMPT_MODIFIER=(base) LD_LIBRARY_PATH=/home/ulugbek/dev-ws/src/install/velodyne_msgs/lib:${LD_LIBRARY_PATH} PYTHONPATH=/home/ulugbek/dev-ws/src/install/velodyne_msgs/lib/python3.9/site-packages:${PYTHONPATH} /usr/bin/cmake --build /home/ulugbek/dev-ws/src/build/velodyne_driver -- -j16 -l16
[0.257s] Invoking command in '/home/ulugbek/dev-ws/src/build/velodyne_driver': AMENT_PREFIX_PATH=/home/ulugbek/dev-ws/src/install/velodyne_msgs:${AMENT_PREFIX_PATH} CMAKE_PREFIX_PATH=/home/ulugbek/dev-ws/src/install/velodyne_msgs:/home/ulugbek/dev-ws/install/velodyne_subscriber:/home/ulugbek/dev-ws/install/velodyne:/home/ulugbek/dev-ws/install/velodyne_pointcloud:/home/ulugbek/dev-ws/install/velodyne_driver:/home/ulugbek/dev-ws/install/velodyne_msgs:/home/ulugbek/dev-ws/install/velodyne_laserscan:/home/ulugbek/dev-ws/install/unity_robotics_demo:/home/ulugbek/dev-ws/install/ros_tcp_endpoint:/opt/ros/foxy:/home/ulugbek/dev-ws/install/unity_robotics_demo_msgs:/home/ulugbek/dev-ws/install/static_tf_publisher:/home/ulugbek/dev-ws/install/safe_landing:/home/ulugbek/dev-ws/install/my_package:/home/ulugbek/dev-ws/install/feature_extraction:/home/ulugbek/dev-ws/install/altitude_publisher CONDA_PROMPT_MODIFIER=(base) LD_LIBRARY_PATH=/home/ulugbek/dev-ws/src/install/velodyne_msgs/lib:${LD_LIBRARY_PATH} PYTHONPATH=/home/ulugbek/dev-ws/src/install/velodyne_msgs/lib/python3.9/site-packages:${PYTHONPATH} /usr/bin/cmake --install /home/ulugbek/dev-ws/src/build/velodyne_driver
[0.267s] -- Install configuration: ""
[0.267s] -- Up-to-date: /home/ulugbek/dev-ws/src/install/velodyne_driver/lib/libvelodyne_driver.so
[0.267s] -- Up-to-date: /home/ulugbek/dev-ws/src/install/velodyne_driver/lib/velodyne_driver/velodyne_driver_node
[0.267s] -- Up-to-date: /home/ulugbek/dev-ws/src/install/velodyne_driver/include/velodyne_driver
[0.277s] -- Up-to-date: /home/ulugbek/dev-ws/src/install/velodyne_driver/include/velodyne_driver/time_conversion.hpp
[0.278s] -- Up-to-date: /home/ulugbek/dev-ws/src/install/velodyne_driver/include/velodyne_driver/input.hpp
[0.278s] -- Up-to-date: /home/ulugbek/dev-ws/src/install/velodyne_driver/include/velodyne_driver/driver.hpp
[0.278s] -- Up-to-date: /home/ulugbek/dev-ws/src/install/velodyne_driver/share/velodyne_driver/config
[0.278s] -- Up-to-date: /home/ulugbek/dev-ws/src/install/velodyne_driver/share/velodyne_driver/config/VLP16-velodyne_driver_node-params.yaml
[0.278s] -- Up-to-date: /home/ulugbek/dev-ws/src/install/velodyne_driver/share/velodyne_driver/config/VLP32C-velodyne_driver_node-params.yaml
[0.278s] -- Up-to-date: /home/ulugbek/dev-ws/src/install/velodyne_driver/share/velodyne_driver/launch
[0.278s] -- Up-to-date: /home/ulugbek/dev-ws/src/install/velodyne_driver/share/velodyne_driver/launch/velodyne_driver_node-VLP32C-composed-launch.py
[0.278s] -- Up-to-date: /home/ulugbek/dev-ws/src/install/velodyne_driver/share/velodyne_driver/launch/velodyne_driver_node-VLP32C-launch.py
[0.278s] -- Up-to-date: /home/ulugbek/dev-ws/src/install/velodyne_driver/share/velodyne_driver/launch/velodyne_driver_node-VLP16-launch.py
[0.278s] -- Up-to-date: /home/ulugbek/dev-ws/src/install/velodyne_driver/share/velodyne_driver/launch/velodyne_driver_node-VLP16-composed-launch.py
[0.279s] -- Up-to-date: /home/ulugbek/dev-ws/src/install/velodyne_driver/lib/velodyne_driver/vdump
[0.279s] -- Up-to-date: /home/ulugbek/dev-ws/src/install/velodyne_driver/share/ament_index/resource_index/package_run_dependencies/velodyne_driver
[0.279s] -- Up-to-date: /home/ulugbek/dev-ws/src/install/velodyne_driver/share/ament_index/resource_index/parent_prefix_path/velodyne_driver
[0.279s] -- Up-to-date: /home/ulugbek/dev-ws/src/install/velodyne_driver/share/velodyne_driver/environment/ament_prefix_path.sh
[0.279s] -- Up-to-date: /home/ulugbek/dev-ws/src/install/velodyne_driver/share/velodyne_driver/environment/ament_prefix_path.dsv
[0.279s] -- Up-to-date: /home/ulugbek/dev-ws/src/install/velodyne_driver/share/velodyne_driver/environment/path.sh
[0.279s] -- Up-to-date: /home/ulugbek/dev-ws/src/install/velodyne_driver/share/velodyne_driver/environment/path.dsv
[0.279s] -- Up-to-date: /home/ulugbek/dev-ws/src/install/velodyne_driver/share/velodyne_driver/local_setup.bash
[0.279s] -- Up-to-date: /home/ulugbek/dev-ws/src/install/velodyne_driver/share/velodyne_driver/local_setup.sh
[0.279s] -- Up-to-date: /home/ulugbek/dev-ws/src/install/velodyne_driver/share/velodyne_driver/local_setup.zsh
[0.280s] -- Up-to-date: /home/ulugbek/dev-ws/src/install/velodyne_driver/share/velodyne_driver/local_setup.dsv
[0.280s] -- Installing: /home/ulugbek/dev-ws/src/install/velodyne_driver/share/velodyne_driver/package.dsv
[0.280s] -- Up-to-date: /home/ulugbek/dev-ws/src/install/velodyne_driver/share/ament_index/resource_index/packages/velodyne_driver
[0.280s] -- Up-to-date: /home/ulugbek/dev-ws/src/install/velodyne_driver/share/ament_index/resource_index/rclcpp_components/velodyne_driver
[0.280s] -- Up-to-date: /home/ulugbek/dev-ws/src/install/velodyne_driver/share/velodyne_driver/cmake/velodyne_driverConfig.cmake
[0.281s] -- Up-to-date: /home/ulugbek/dev-ws/src/install/velodyne_driver/share/velodyne_driver/cmake/velodyne_driverConfig-version.cmake
[0.281s] -- Up-to-date: /home/ulugbek/dev-ws/src/install/velodyne_driver/share/velodyne_driver/package.xml
[0.281s] -- Up-to-date: /home/ulugbek/dev-ws/src/install/velodyne_driver/lib/libvelodyne_input.so
[0.386s] Invoked command in '/home/ulugbek/dev-ws/src/build/velodyne_driver' returned '0': AMENT_PREFIX_PATH=/home/ulugbek/dev-ws/src/install/velodyne_msgs:${AMENT_PREFIX_PATH} CMAKE_PREFIX_PATH=/home/ulugbek/dev-ws/src/install/velodyne_msgs:/home/ulugbek/dev-ws/install/velodyne_subscriber:/home/ulugbek/dev-ws/install/velodyne:/home/ulugbek/dev-ws/install/velodyne_pointcloud:/home/ulugbek/dev-ws/install/velodyne_driver:/home/ulugbek/dev-ws/install/velodyne_msgs:/home/ulugbek/dev-ws/install/velodyne_laserscan:/home/ulugbek/dev-ws/install/unity_robotics_demo:/home/ulugbek/dev-ws/install/ros_tcp_endpoint:/opt/ros/foxy:/home/ulugbek/dev-ws/install/unity_robotics_demo_msgs:/home/ulugbek/dev-ws/install/static_tf_publisher:/home/ulugbek/dev-ws/install/safe_landing:/home/ulugbek/dev-ws/install/my_package:/home/ulugbek/dev-ws/install/feature_extraction:/home/ulugbek/dev-ws/install/altitude_publisher CONDA_PROMPT_MODIFIER=(base) LD_LIBRARY_PATH=/home/ulugbek/dev-ws/src/install/velodyne_msgs/lib:${LD_LIBRARY_PATH} PYTHONPATH=/home/ulugbek/dev-ws/src/install/velodyne_msgs/lib/python3.9/site-packages:${PYTHONPATH} /usr/bin/cmake --install /home/ulugbek/dev-ws/src/build/velodyne_driver
