[0.225s] Invoking command in '/home/ulugbek/dev-ws/src/build/safe_landing': CMAKE_PREFIX_PATH=/opt/ros/foxy CONDA_PROMPT_MODIFIER=(base) /usr/bin/cmake --build /home/ulugbek/dev-ws/src/build/safe_landing -- -j16 -l16
[0.279s] [100%] Built target safe_landing_node
[0.409s] Invoked command in '/home/ulugbek/dev-ws/src/build/safe_landing' returned '0': CMAKE_PREFIX_PATH=/opt/ros/foxy CONDA_PROMPT_MODIFIER=(base) /usr/bin/cmake --build /home/ulugbek/dev-ws/src/build/safe_landing -- -j16 -l16
[0.553s] Invoking command in '/home/ulugbek/dev-ws/src/build/safe_landing': CMAKE_PREFIX_PATH=/opt/ros/foxy CONDA_PROMPT_MODIFIER=(base) /usr/bin/cmake --install /home/ulugbek/dev-ws/src/build/safe_landing
[0.572s] -- Install configuration: ""
[0.572s] -- Up-to-date: /home/ulugbek/dev-ws/src/install/safe_landing/lib/safe_landing/safe_landing_node
[0.572s] -- Up-to-date: /home/ulugbek/dev-ws/src/install/safe_landing/share/ament_index/resource_index/package_run_dependencies/safe_landing
[0.572s] -- Up-to-date: /home/ulugbek/dev-ws/src/install/safe_landing/share/ament_index/resource_index/parent_prefix_path/safe_landing
[0.572s] -- Up-to-date: /home/ulugbek/dev-ws/src/install/safe_landing/share/safe_landing/environment/ament_prefix_path.sh
[0.573s] -- Up-to-date: /home/ulugbek/dev-ws/src/install/safe_landing/share/safe_landing/environment/ament_prefix_path.dsv
[0.573s] -- Up-to-date: /home/ulugbek/dev-ws/src/install/safe_landing/share/safe_landing/environment/path.sh
[0.573s] -- Up-to-date: /home/ulugbek/dev-ws/src/install/safe_landing/share/safe_landing/environment/path.dsv
[0.573s] -- Up-to-date: /home/ulugbek/dev-ws/src/install/safe_landing/share/safe_landing/local_setup.bash
[0.573s] -- Up-to-date: /home/ulugbek/dev-ws/src/install/safe_landing/share/safe_landing/local_setup.sh
[0.573s] -- Up-to-date: /home/ulugbek/dev-ws/src/install/safe_landing/share/safe_landing/local_setup.zsh
[0.573s] -- Up-to-date: /home/ulugbek/dev-ws/src/install/safe_landing/share/safe_landing/local_setup.dsv
[0.573s] -- Installing: /home/ulugbek/dev-ws/src/install/safe_landing/share/safe_landing/package.dsv
[0.573s] -- Up-to-date: /home/ulugbek/dev-ws/src/install/safe_landing/share/ament_index/resource_index/packages/safe_landing
[0.573s] -- Up-to-date: /home/ulugbek/dev-ws/src/install/safe_landing/share/safe_landing/cmake/safe_landingConfig.cmake
[0.573s] -- Up-to-date: /home/ulugbek/dev-ws/src/install/safe_landing/share/safe_landing/cmake/safe_landingConfig-version.cmake
[0.573s] -- Up-to-date: /home/ulugbek/dev-ws/src/install/safe_landing/share/safe_landing/package.xml
[0.660s] Invoked command in '/home/ulugbek/dev-ws/src/build/safe_landing' returned '0': CMAKE_PREFIX_PATH=/opt/ros/foxy CONDA_PROMPT_MODIFIER=(base) /usr/bin/cmake --install /home/ulugbek/dev-ws/src/build/safe_landing
