[0.408s] DEBUG:colcon:Command line arguments: ['/home/ulugbek/.local/bin/colcon', 'build']
[0.408s] DEBUG:colcon:Parsed command line arguments: Namespace(allow_overriding=[], ament_cmake_args=None, base_paths=['.'], build_base='build', catkin_cmake_args=None, catkin_skip_building_tests=False, cmake_args=None, cmake_clean_cache=False, cmake_clean_first=False, cmake_force_configure=False, cmake_target=None, cmake_target_skip_unavailable=False, continue_on_error=False, event_handlers=None, executor='parallel', ignore_user_meta=False, install_base='install', log_base=None, log_level=None, main=<bound method BuildVerb.main of <colcon_core.verb.build.BuildVerb object at 0x7ff6028478b0>>, merge_install=False, metas=['./colcon.meta'], packages_above=None, packages_above_and_dependencies=None, packages_above_depth=None, packages_end=None, packages_ignore=None, packages_ignore_regex=None, packages_select=None, packages_select_build_failed=False, packages_select_by_dep=None, packages_select_regex=None, packages_select_test_failures=False, packages_skip=None, packages_skip_build_finished=False, packages_skip_by_dep=None, packages_skip_regex=None, packages_skip_test_passed=False, packages_skip_up_to=None, packages_start=None, packages_up_to=None, packages_up_to_regex=None, parallel_workers=16, paths=None, symlink_install=False, test_result_base=None, verb_extension=<colcon_core.verb.build.BuildVerb object at 0x7ff6028478b0>, verb_name='build', verb_parser=<colcon_defaults.argument_parser.defaults.DefaultArgumentsDecorator object at 0x7ff602847e20>)
[0.432s] Level 1:colcon.colcon_core.package_discovery:discover_packages(colcon_meta) check parameters
[0.432s] Level 1:colcon.colcon_core.package_discovery:discover_packages(recursive) check parameters
[0.432s] Level 1:colcon.colcon_core.package_discovery:discover_packages(ignore) check parameters
[0.432s] Level 1:colcon.colcon_core.package_discovery:discover_packages(path) check parameters
[0.432s] Level 1:colcon.colcon_core.package_discovery:discover_packages(colcon_meta) discover
[0.432s] Level 1:colcon.colcon_core.package_discovery:discover_packages(recursive) discover
[0.432s] INFO:colcon.colcon_core.package_discovery:Crawling recursively for packages in '/home/ulugbek/dev-ws/src'
[0.432s] Level 1:colcon.colcon_core.package_identification:_identify(.) by extensions ['ignore', 'ignore_ament_install']
[0.432s] Level 1:colcon.colcon_core.package_identification:_identify(.) by extension 'ignore'
[0.432s] Level 1:colcon.colcon_core.package_identification:_identify(.) by extension 'ignore_ament_install'
[0.433s] Level 1:colcon.colcon_core.package_identification:_identify(.) by extensions ['colcon_pkg']
[0.433s] Level 1:colcon.colcon_core.package_identification:_identify(.) by extension 'colcon_pkg'
[0.433s] Level 1:colcon.colcon_core.package_identification:_identify(.) by extensions ['colcon_meta']
[0.433s] Level 1:colcon.colcon_core.package_identification:_identify(.) by extension 'colcon_meta'
[0.433s] Level 1:colcon.colcon_core.package_identification:_identify(.) by extensions ['ros']
[0.433s] Level 1:colcon.colcon_core.package_identification:_identify(.) by extension 'ros'
[0.441s] Level 1:colcon.colcon_core.package_identification:_identify(.) by extensions ['cmake', 'python']
[0.441s] Level 1:colcon.colcon_core.package_identification:_identify(.) by extension 'cmake'
[0.441s] Level 1:colcon.colcon_core.package_identification:_identify(.) by extension 'python'
[0.441s] Level 1:colcon.colcon_core.package_identification:_identify(.) by extensions ['python_setup_py']
[0.441s] Level 1:colcon.colcon_core.package_identification:_identify(.) by extension 'python_setup_py'
[0.441s] Level 1:colcon.colcon_core.package_identification:_identify(ROS-TCP-Endpoint-ROS2v0.7.0) by extensions ['ignore', 'ignore_ament_install']
[0.441s] Level 1:colcon.colcon_core.package_identification:_identify(ROS-TCP-Endpoint-ROS2v0.7.0) by extension 'ignore'
[0.441s] Level 1:colcon.colcon_core.package_identification:_identify(ROS-TCP-Endpoint-ROS2v0.7.0) by extension 'ignore_ament_install'
[0.442s] Level 1:colcon.colcon_core.package_identification:_identify(ROS-TCP-Endpoint-ROS2v0.7.0) by extensions ['colcon_pkg']
[0.442s] Level 1:colcon.colcon_core.package_identification:_identify(ROS-TCP-Endpoint-ROS2v0.7.0) by extension 'colcon_pkg'
[0.442s] Level 1:colcon.colcon_core.package_identification:_identify(ROS-TCP-Endpoint-ROS2v0.7.0) by extensions ['colcon_meta']
[0.442s] Level 1:colcon.colcon_core.package_identification:_identify(ROS-TCP-Endpoint-ROS2v0.7.0) by extension 'colcon_meta'
[0.442s] Level 1:colcon.colcon_core.package_identification:_identify(ROS-TCP-Endpoint-ROS2v0.7.0) by extensions ['ros']
[0.442s] Level 1:colcon.colcon_core.package_identification:_identify(ROS-TCP-Endpoint-ROS2v0.7.0) by extension 'ros'
[0.444s] DEBUG:colcon.colcon_core.package_identification:Package 'ROS-TCP-Endpoint-ROS2v0.7.0' with type 'ros.ament_python' and name 'ros_tcp_endpoint'
[0.444s] Level 1:colcon.colcon_core.package_identification:_identify(altitude_publisher) by extensions ['ignore', 'ignore_ament_install']
[0.444s] Level 1:colcon.colcon_core.package_identification:_identify(altitude_publisher) by extension 'ignore'
[0.444s] Level 1:colcon.colcon_core.package_identification:_identify(altitude_publisher) by extension 'ignore_ament_install'
[0.444s] Level 1:colcon.colcon_core.package_identification:_identify(altitude_publisher) by extensions ['colcon_pkg']
[0.444s] Level 1:colcon.colcon_core.package_identification:_identify(altitude_publisher) by extension 'colcon_pkg'
[0.444s] Level 1:colcon.colcon_core.package_identification:_identify(altitude_publisher) by extensions ['colcon_meta']
[0.444s] Level 1:colcon.colcon_core.package_identification:_identify(altitude_publisher) by extension 'colcon_meta'
[0.444s] Level 1:colcon.colcon_core.package_identification:_identify(altitude_publisher) by extensions ['ros']
[0.444s] Level 1:colcon.colcon_core.package_identification:_identify(altitude_publisher) by extension 'ros'
[0.445s] DEBUG:colcon.colcon_core.package_identification:Package 'altitude_publisher' with type 'ros.ament_cmake' and name 'altitude_publisher'
[0.445s] Level 1:colcon.colcon_core.package_identification:_identify(build) by extensions ['ignore', 'ignore_ament_install']
[0.445s] Level 1:colcon.colcon_core.package_identification:_identify(build) by extension 'ignore'
[0.445s] Level 1:colcon.colcon_core.package_identification:_identify(build) ignored
[0.445s] Level 1:colcon.colcon_core.package_identification:_identify(feature_extraction) by extensions ['ignore', 'ignore_ament_install']
[0.445s] Level 1:colcon.colcon_core.package_identification:_identify(feature_extraction) by extension 'ignore'
[0.445s] Level 1:colcon.colcon_core.package_identification:_identify(feature_extraction) by extension 'ignore_ament_install'
[0.445s] Level 1:colcon.colcon_core.package_identification:_identify(feature_extraction) by extensions ['colcon_pkg']
[0.445s] Level 1:colcon.colcon_core.package_identification:_identify(feature_extraction) by extension 'colcon_pkg'
[0.445s] Level 1:colcon.colcon_core.package_identification:_identify(feature_extraction) by extensions ['colcon_meta']
[0.445s] Level 1:colcon.colcon_core.package_identification:_identify(feature_extraction) by extension 'colcon_meta'
[0.445s] Level 1:colcon.colcon_core.package_identification:_identify(feature_extraction) by extensions ['ros']
[0.445s] Level 1:colcon.colcon_core.package_identification:_identify(feature_extraction) by extension 'ros'
[0.446s] DEBUG:colcon.colcon_core.package_identification:Package 'feature_extraction' with type 'ros.ament_cmake' and name 'feature_extraction'
[0.446s] Level 1:colcon.colcon_core.package_identification:_identify(install) by extensions ['ignore', 'ignore_ament_install']
[0.446s] Level 1:colcon.colcon_core.package_identification:_identify(install) by extension 'ignore'
[0.446s] Level 1:colcon.colcon_core.package_identification:_identify(install) ignored
[0.446s] Level 1:colcon.colcon_core.package_identification:_identify(log) by extensions ['ignore', 'ignore_ament_install']
[0.446s] Level 1:colcon.colcon_core.package_identification:_identify(log) by extension 'ignore'
[0.446s] Level 1:colcon.colcon_core.package_identification:_identify(log) ignored
[0.446s] Level 1:colcon.colcon_core.package_identification:_identify(my_package) by extensions ['ignore', 'ignore_ament_install']
[0.446s] Level 1:colcon.colcon_core.package_identification:_identify(my_package) by extension 'ignore'
[0.446s] Level 1:colcon.colcon_core.package_identification:_identify(my_package) by extension 'ignore_ament_install'
[0.447s] Level 1:colcon.colcon_core.package_identification:_identify(my_package) by extensions ['colcon_pkg']
[0.447s] Level 1:colcon.colcon_core.package_identification:_identify(my_package) by extension 'colcon_pkg'
[0.447s] Level 1:colcon.colcon_core.package_identification:_identify(my_package) by extensions ['colcon_meta']
[0.447s] Level 1:colcon.colcon_core.package_identification:_identify(my_package) by extension 'colcon_meta'
[0.447s] Level 1:colcon.colcon_core.package_identification:_identify(my_package) by extensions ['ros']
[0.447s] Level 1:colcon.colcon_core.package_identification:_identify(my_package) by extension 'ros'
[0.447s] DEBUG:colcon.colcon_core.package_identification:Package 'my_package' with type 'ros.ament_cmake' and name 'my_package'
[0.447s] Level 1:colcon.colcon_core.package_identification:_identify(safe_landing) by extensions ['ignore', 'ignore_ament_install']
[0.447s] Level 1:colcon.colcon_core.package_identification:_identify(safe_landing) by extension 'ignore'
[0.447s] Level 1:colcon.colcon_core.package_identification:_identify(safe_landing) by extension 'ignore_ament_install'
[0.447s] Level 1:colcon.colcon_core.package_identification:_identify(safe_landing) by extensions ['colcon_pkg']
[0.447s] Level 1:colcon.colcon_core.package_identification:_identify(safe_landing) by extension 'colcon_pkg'
[0.447s] Level 1:colcon.colcon_core.package_identification:_identify(safe_landing) by extensions ['colcon_meta']
[0.447s] Level 1:colcon.colcon_core.package_identification:_identify(safe_landing) by extension 'colcon_meta'
[0.447s] Level 1:colcon.colcon_core.package_identification:_identify(safe_landing) by extensions ['ros']
[0.447s] Level 1:colcon.colcon_core.package_identification:_identify(safe_landing) by extension 'ros'
[0.448s] DEBUG:colcon.colcon_core.package_identification:Package 'safe_landing' with type 'ros.ament_cmake' and name 'safe_landing'
[0.448s] Level 1:colcon.colcon_core.package_identification:_identify(velodyne) by extensions ['ignore', 'ignore_ament_install']
[0.448s] Level 1:colcon.colcon_core.package_identification:_identify(velodyne) by extension 'ignore'
[0.448s] Level 1:colcon.colcon_core.package_identification:_identify(velodyne) by extension 'ignore_ament_install'
[0.448s] Level 1:colcon.colcon_core.package_identification:_identify(velodyne) by extensions ['colcon_pkg']
[0.448s] Level 1:colcon.colcon_core.package_identification:_identify(velodyne) by extension 'colcon_pkg'
[0.448s] Level 1:colcon.colcon_core.package_identification:_identify(velodyne) by extensions ['colcon_meta']
[0.448s] Level 1:colcon.colcon_core.package_identification:_identify(velodyne) by extension 'colcon_meta'
[0.448s] Level 1:colcon.colcon_core.package_identification:_identify(velodyne) by extensions ['ros']
[0.448s] Level 1:colcon.colcon_core.package_identification:_identify(velodyne) by extension 'ros'
[0.449s] Level 1:colcon.colcon_core.package_identification:_identify(velodyne) by extensions ['cmake', 'python']
[0.449s] Level 1:colcon.colcon_core.package_identification:_identify(velodyne) by extension 'cmake'
[0.449s] Level 1:colcon.colcon_core.package_identification:_identify(velodyne) by extension 'python'
[0.449s] Level 1:colcon.colcon_core.package_identification:_identify(velodyne) by extensions ['python_setup_py']
[0.449s] Level 1:colcon.colcon_core.package_identification:_identify(velodyne) by extension 'python_setup_py'
[0.449s] Level 1:colcon.colcon_core.package_identification:_identify(velodyne/velodyne) by extensions ['ignore', 'ignore_ament_install']
[0.449s] Level 1:colcon.colcon_core.package_identification:_identify(velodyne/velodyne) by extension 'ignore'
[0.449s] Level 1:colcon.colcon_core.package_identification:_identify(velodyne/velodyne) by extension 'ignore_ament_install'
[0.449s] Level 1:colcon.colcon_core.package_identification:_identify(velodyne/velodyne) by extensions ['colcon_pkg']
[0.449s] Level 1:colcon.colcon_core.package_identification:_identify(velodyne/velodyne) by extension 'colcon_pkg'
[0.449s] Level 1:colcon.colcon_core.package_identification:_identify(velodyne/velodyne) by extensions ['colcon_meta']
[0.449s] Level 1:colcon.colcon_core.package_identification:_identify(velodyne/velodyne) by extension 'colcon_meta'
[0.449s] Level 1:colcon.colcon_core.package_identification:_identify(velodyne/velodyne) by extensions ['ros']
[0.449s] Level 1:colcon.colcon_core.package_identification:_identify(velodyne/velodyne) by extension 'ros'
[0.450s] DEBUG:colcon.colcon_core.package_identification:Package 'velodyne/velodyne' with type 'ros.ament_cmake' and name 'velodyne'
[0.450s] Level 1:colcon.colcon_core.package_identification:_identify(velodyne/velodyne_driver) by extensions ['ignore', 'ignore_ament_install']
[0.450s] Level 1:colcon.colcon_core.package_identification:_identify(velodyne/velodyne_driver) by extension 'ignore'
[0.450s] Level 1:colcon.colcon_core.package_identification:_identify(velodyne/velodyne_driver) by extension 'ignore_ament_install'
[0.450s] Level 1:colcon.colcon_core.package_identification:_identify(velodyne/velodyne_driver) by extensions ['colcon_pkg']
[0.450s] Level 1:colcon.colcon_core.package_identification:_identify(velodyne/velodyne_driver) by extension 'colcon_pkg'
[0.450s] Level 1:colcon.colcon_core.package_identification:_identify(velodyne/velodyne_driver) by extensions ['colcon_meta']
[0.450s] Level 1:colcon.colcon_core.package_identification:_identify(velodyne/velodyne_driver) by extension 'colcon_meta'
[0.450s] Level 1:colcon.colcon_core.package_identification:_identify(velodyne/velodyne_driver) by extensions ['ros']
[0.450s] Level 1:colcon.colcon_core.package_identification:_identify(velodyne/velodyne_driver) by extension 'ros'
[0.451s] DEBUG:colcon.colcon_core.package_identification:Package 'velodyne/velodyne_driver' with type 'ros.ament_cmake' and name 'velodyne_driver'
[0.451s] Level 1:colcon.colcon_core.package_identification:_identify(velodyne/velodyne_laserscan) by extensions ['ignore', 'ignore_ament_install']
[0.451s] Level 1:colcon.colcon_core.package_identification:_identify(velodyne/velodyne_laserscan) by extension 'ignore'
[0.451s] Level 1:colcon.colcon_core.package_identification:_identify(velodyne/velodyne_laserscan) by extension 'ignore_ament_install'
[0.451s] Level 1:colcon.colcon_core.package_identification:_identify(velodyne/velodyne_laserscan) by extensions ['colcon_pkg']
[0.451s] Level 1:colcon.colcon_core.package_identification:_identify(velodyne/velodyne_laserscan) by extension 'colcon_pkg'
[0.451s] Level 1:colcon.colcon_core.package_identification:_identify(velodyne/velodyne_laserscan) by extensions ['colcon_meta']
[0.451s] Level 1:colcon.colcon_core.package_identification:_identify(velodyne/velodyne_laserscan) by extension 'colcon_meta'
[0.451s] Level 1:colcon.colcon_core.package_identification:_identify(velodyne/velodyne_laserscan) by extensions ['ros']
[0.451s] Level 1:colcon.colcon_core.package_identification:_identify(velodyne/velodyne_laserscan) by extension 'ros'
[0.452s] DEBUG:colcon.colcon_core.package_identification:Package 'velodyne/velodyne_laserscan' with type 'ros.ament_cmake' and name 'velodyne_laserscan'
[0.452s] Level 1:colcon.colcon_core.package_identification:_identify(velodyne/velodyne_msgs) by extensions ['ignore', 'ignore_ament_install']
[0.452s] Level 1:colcon.colcon_core.package_identification:_identify(velodyne/velodyne_msgs) by extension 'ignore'
[0.452s] Level 1:colcon.colcon_core.package_identification:_identify(velodyne/velodyne_msgs) by extension 'ignore_ament_install'
[0.452s] Level 1:colcon.colcon_core.package_identification:_identify(velodyne/velodyne_msgs) by extensions ['colcon_pkg']
[0.452s] Level 1:colcon.colcon_core.package_identification:_identify(velodyne/velodyne_msgs) by extension 'colcon_pkg'
[0.452s] Level 1:colcon.colcon_core.package_identification:_identify(velodyne/velodyne_msgs) by extensions ['colcon_meta']
[0.452s] Level 1:colcon.colcon_core.package_identification:_identify(velodyne/velodyne_msgs) by extension 'colcon_meta'
[0.452s] Level 1:colcon.colcon_core.package_identification:_identify(velodyne/velodyne_msgs) by extensions ['ros']
[0.452s] Level 1:colcon.colcon_core.package_identification:_identify(velodyne/velodyne_msgs) by extension 'ros'
[0.453s] DEBUG:colcon.colcon_core.package_identification:Package 'velodyne/velodyne_msgs' with type 'ros.ament_cmake' and name 'velodyne_msgs'
[0.453s] Level 1:colcon.colcon_core.package_identification:_identify(velodyne/velodyne_pointcloud) by extensions ['ignore', 'ignore_ament_install']
[0.453s] Level 1:colcon.colcon_core.package_identification:_identify(velodyne/velodyne_pointcloud) by extension 'ignore'
[0.453s] Level 1:colcon.colcon_core.package_identification:_identify(velodyne/velodyne_pointcloud) by extension 'ignore_ament_install'
[0.453s] Level 1:colcon.colcon_core.package_identification:_identify(velodyne/velodyne_pointcloud) by extensions ['colcon_pkg']
[0.453s] Level 1:colcon.colcon_core.package_identification:_identify(velodyne/velodyne_pointcloud) by extension 'colcon_pkg'
[0.453s] Level 1:colcon.colcon_core.package_identification:_identify(velodyne/velodyne_pointcloud) by extensions ['colcon_meta']
[0.453s] Level 1:colcon.colcon_core.package_identification:_identify(velodyne/velodyne_pointcloud) by extension 'colcon_meta'
[0.453s] Level 1:colcon.colcon_core.package_identification:_identify(velodyne/velodyne_pointcloud) by extensions ['ros']
[0.453s] Level 1:colcon.colcon_core.package_identification:_identify(velodyne/velodyne_pointcloud) by extension 'ros'
[0.454s] DEBUG:colcon.colcon_core.package_identification:Package 'velodyne/velodyne_pointcloud' with type 'ros.ament_cmake' and name 'velodyne_pointcloud'
[0.454s] Level 1:colcon.colcon_core.package_identification:_identify(velodyne_subscriber) by extensions ['ignore', 'ignore_ament_install']
[0.454s] Level 1:colcon.colcon_core.package_identification:_identify(velodyne_subscriber) by extension 'ignore'
[0.454s] Level 1:colcon.colcon_core.package_identification:_identify(velodyne_subscriber) by extension 'ignore_ament_install'
[0.454s] Level 1:colcon.colcon_core.package_identification:_identify(velodyne_subscriber) by extensions ['colcon_pkg']
[0.454s] Level 1:colcon.colcon_core.package_identification:_identify(velodyne_subscriber) by extension 'colcon_pkg'
[0.454s] Level 1:colcon.colcon_core.package_identification:_identify(velodyne_subscriber) by extensions ['colcon_meta']
[0.454s] Level 1:colcon.colcon_core.package_identification:_identify(velodyne_subscriber) by extension 'colcon_meta'
[0.454s] Level 1:colcon.colcon_core.package_identification:_identify(velodyne_subscriber) by extensions ['ros']
[0.454s] Level 1:colcon.colcon_core.package_identification:_identify(velodyne_subscriber) by extension 'ros'
[0.455s] DEBUG:colcon.colcon_core.package_identification:Package 'velodyne_subscriber' with type 'ros.ament_cmake' and name 'velodyne_subscriber'
[0.455s] Level 1:colcon.colcon_core.package_discovery:discover_packages(recursive) using defaults
[0.455s] Level 1:colcon.colcon_core.package_discovery:discover_packages(ignore) discover
[0.455s] Level 1:colcon.colcon_core.package_discovery:discover_packages(ignore) using defaults
[0.455s] Level 1:colcon.colcon_core.package_discovery:discover_packages(path) discover
[0.455s] Level 1:colcon.colcon_core.package_discovery:discover_packages(path) using defaults
[0.479s] Level 1:colcon.colcon_core.package_discovery:discover_packages(prefix_path) check parameters
[0.479s] Level 1:colcon.colcon_core.package_discovery:discover_packages(prefix_path) discover
[0.487s] DEBUG:colcon.colcon_installed_package_information.package_discovery:Found 10 installed packages in /home/ulugbek/dev-ws/install
[0.490s] DEBUG:colcon.colcon_installed_package_information.package_discovery:Found 266 installed packages in /opt/ros/foxy
[0.492s] Level 1:colcon.colcon_core.package_discovery:discover_packages(prefix_path) using defaults
[0.548s] Level 5:colcon.colcon_core.verb:set package 'altitude_publisher' build argument 'cmake_args' from command line to 'None'
[0.548s] Level 5:colcon.colcon_core.verb:set package 'altitude_publisher' build argument 'cmake_target' from command line to 'None'
[0.548s] Level 5:colcon.colcon_core.verb:set package 'altitude_publisher' build argument 'cmake_target_skip_unavailable' from command line to 'False'
[0.548s] Level 5:colcon.colcon_core.verb:set package 'altitude_publisher' build argument 'cmake_clean_cache' from command line to 'False'
[0.549s] Level 5:colcon.colcon_core.verb:set package 'altitude_publisher' build argument 'cmake_clean_first' from command line to 'False'
[0.549s] Level 5:colcon.colcon_core.verb:set package 'altitude_publisher' build argument 'cmake_force_configure' from command line to 'False'
[0.549s] Level 5:colcon.colcon_core.verb:set package 'altitude_publisher' build argument 'ament_cmake_args' from command line to 'None'
[0.549s] Level 5:colcon.colcon_core.verb:set package 'altitude_publisher' build argument 'catkin_cmake_args' from command line to 'None'
[0.549s] Level 5:colcon.colcon_core.verb:set package 'altitude_publisher' build argument 'catkin_skip_building_tests' from command line to 'False'
[0.549s] DEBUG:colcon.colcon_core.verb:Building package 'altitude_publisher' with the following arguments: {'ament_cmake_args': None, 'build_base': '/home/ulugbek/dev-ws/src/build/altitude_publisher', 'catkin_cmake_args': None, 'catkin_skip_building_tests': False, 'cmake_args': None, 'cmake_clean_cache': False, 'cmake_clean_first': False, 'cmake_force_configure': False, 'cmake_target': None, 'cmake_target_skip_unavailable': False, 'install_base': '/home/ulugbek/dev-ws/src/install/altitude_publisher', 'merge_install': False, 'path': '/home/ulugbek/dev-ws/src/altitude_publisher', 'symlink_install': False, 'test_result_base': None}
[0.554s] Level 5:colcon.colcon_core.verb:set package 'feature_extraction' build argument 'cmake_args' from command line to 'None'
[0.554s] Level 5:colcon.colcon_core.verb:set package 'feature_extraction' build argument 'cmake_target' from command line to 'None'
[0.554s] Level 5:colcon.colcon_core.verb:set package 'feature_extraction' build argument 'cmake_target_skip_unavailable' from command line to 'False'
[0.554s] Level 5:colcon.colcon_core.verb:set package 'feature_extraction' build argument 'cmake_clean_cache' from command line to 'False'
[0.554s] Level 5:colcon.colcon_core.verb:set package 'feature_extraction' build argument 'cmake_clean_first' from command line to 'False'
[0.554s] Level 5:colcon.colcon_core.verb:set package 'feature_extraction' build argument 'cmake_force_configure' from command line to 'False'
[0.554s] Level 5:colcon.colcon_core.verb:set package 'feature_extraction' build argument 'ament_cmake_args' from command line to 'None'
[0.554s] Level 5:colcon.colcon_core.verb:set package 'feature_extraction' build argument 'catkin_cmake_args' from command line to 'None'
[0.554s] Level 5:colcon.colcon_core.verb:set package 'feature_extraction' build argument 'catkin_skip_building_tests' from command line to 'False'
[0.554s] DEBUG:colcon.colcon_core.verb:Building package 'feature_extraction' with the following arguments: {'ament_cmake_args': None, 'build_base': '/home/ulugbek/dev-ws/src/build/feature_extraction', 'catkin_cmake_args': None, 'catkin_skip_building_tests': False, 'cmake_args': None, 'cmake_clean_cache': False, 'cmake_clean_first': False, 'cmake_force_configure': False, 'cmake_target': None, 'cmake_target_skip_unavailable': False, 'install_base': '/home/ulugbek/dev-ws/src/install/feature_extraction', 'merge_install': False, 'path': '/home/ulugbek/dev-ws/src/feature_extraction', 'symlink_install': False, 'test_result_base': None}
[0.560s] Level 5:colcon.colcon_core.verb:set package 'my_package' build argument 'cmake_args' from command line to 'None'
[0.560s] Level 5:colcon.colcon_core.verb:set package 'my_package' build argument 'cmake_target' from command line to 'None'
[0.560s] Level 5:colcon.colcon_core.verb:set package 'my_package' build argument 'cmake_target_skip_unavailable' from command line to 'False'
[0.560s] Level 5:colcon.colcon_core.verb:set package 'my_package' build argument 'cmake_clean_cache' from command line to 'False'
[0.560s] Level 5:colcon.colcon_core.verb:set package 'my_package' build argument 'cmake_clean_first' from command line to 'False'
[0.560s] Level 5:colcon.colcon_core.verb:set package 'my_package' build argument 'cmake_force_configure' from command line to 'False'
[0.560s] Level 5:colcon.colcon_core.verb:set package 'my_package' build argument 'ament_cmake_args' from command line to 'None'
[0.560s] Level 5:colcon.colcon_core.verb:set package 'my_package' build argument 'catkin_cmake_args' from command line to 'None'
[0.560s] Level 5:colcon.colcon_core.verb:set package 'my_package' build argument 'catkin_skip_building_tests' from command line to 'False'
[0.560s] DEBUG:colcon.colcon_core.verb:Building package 'my_package' with the following arguments: {'ament_cmake_args': None, 'build_base': '/home/ulugbek/dev-ws/src/build/my_package', 'catkin_cmake_args': None, 'catkin_skip_building_tests': False, 'cmake_args': None, 'cmake_clean_cache': False, 'cmake_clean_first': False, 'cmake_force_configure': False, 'cmake_target': None, 'cmake_target_skip_unavailable': False, 'install_base': '/home/ulugbek/dev-ws/src/install/my_package', 'merge_install': False, 'path': '/home/ulugbek/dev-ws/src/my_package', 'symlink_install': False, 'test_result_base': None}
[0.566s] Level 5:colcon.colcon_core.verb:set package 'ros_tcp_endpoint' build argument 'cmake_args' from command line to 'None'
[0.566s] Level 5:colcon.colcon_core.verb:set package 'ros_tcp_endpoint' build argument 'cmake_target' from command line to 'None'
[0.566s] Level 5:colcon.colcon_core.verb:set package 'ros_tcp_endpoint' build argument 'cmake_target_skip_unavailable' from command line to 'False'
[0.566s] Level 5:colcon.colcon_core.verb:set package 'ros_tcp_endpoint' build argument 'cmake_clean_cache' from command line to 'False'
[0.566s] Level 5:colcon.colcon_core.verb:set package 'ros_tcp_endpoint' build argument 'cmake_clean_first' from command line to 'False'
[0.566s] Level 5:colcon.colcon_core.verb:set package 'ros_tcp_endpoint' build argument 'cmake_force_configure' from command line to 'False'
[0.566s] Level 5:colcon.colcon_core.verb:set package 'ros_tcp_endpoint' build argument 'ament_cmake_args' from command line to 'None'
[0.566s] Level 5:colcon.colcon_core.verb:set package 'ros_tcp_endpoint' build argument 'catkin_cmake_args' from command line to 'None'
[0.566s] Level 5:colcon.colcon_core.verb:set package 'ros_tcp_endpoint' build argument 'catkin_skip_building_tests' from command line to 'False'
[0.566s] DEBUG:colcon.colcon_core.verb:Building package 'ros_tcp_endpoint' with the following arguments: {'ament_cmake_args': None, 'build_base': '/home/ulugbek/dev-ws/src/build/ros_tcp_endpoint', 'catkin_cmake_args': None, 'catkin_skip_building_tests': False, 'cmake_args': None, 'cmake_clean_cache': False, 'cmake_clean_first': False, 'cmake_force_configure': False, 'cmake_target': None, 'cmake_target_skip_unavailable': False, 'install_base': '/home/ulugbek/dev-ws/src/install/ros_tcp_endpoint', 'merge_install': False, 'path': '/home/ulugbek/dev-ws/src/ROS-TCP-Endpoint-ROS2v0.7.0', 'symlink_install': False, 'test_result_base': None}
[0.572s] Level 5:colcon.colcon_core.verb:set package 'safe_landing' build argument 'cmake_args' from command line to 'None'
[0.572s] Level 5:colcon.colcon_core.verb:set package 'safe_landing' build argument 'cmake_target' from command line to 'None'
[0.572s] Level 5:colcon.colcon_core.verb:set package 'safe_landing' build argument 'cmake_target_skip_unavailable' from command line to 'False'
[0.572s] Level 5:colcon.colcon_core.verb:set package 'safe_landing' build argument 'cmake_clean_cache' from command line to 'False'
[0.572s] Level 5:colcon.colcon_core.verb:set package 'safe_landing' build argument 'cmake_clean_first' from command line to 'False'
[0.572s] Level 5:colcon.colcon_core.verb:set package 'safe_landing' build argument 'cmake_force_configure' from command line to 'False'
[0.572s] Level 5:colcon.colcon_core.verb:set package 'safe_landing' build argument 'ament_cmake_args' from command line to 'None'
[0.572s] Level 5:colcon.colcon_core.verb:set package 'safe_landing' build argument 'catkin_cmake_args' from command line to 'None'
[0.573s] Level 5:colcon.colcon_core.verb:set package 'safe_landing' build argument 'catkin_skip_building_tests' from command line to 'False'
[0.573s] DEBUG:colcon.colcon_core.verb:Building package 'safe_landing' with the following arguments: {'ament_cmake_args': None, 'build_base': '/home/ulugbek/dev-ws/src/build/safe_landing', 'catkin_cmake_args': None, 'catkin_skip_building_tests': False, 'cmake_args': None, 'cmake_clean_cache': False, 'cmake_clean_first': False, 'cmake_force_configure': False, 'cmake_target': None, 'cmake_target_skip_unavailable': False, 'install_base': '/home/ulugbek/dev-ws/src/install/safe_landing', 'merge_install': False, 'path': '/home/ulugbek/dev-ws/src/safe_landing', 'symlink_install': False, 'test_result_base': None}
[0.581s] Level 5:colcon.colcon_core.verb:set package 'velodyne_laserscan' build argument 'cmake_args' from command line to 'None'
[0.581s] Level 5:colcon.colcon_core.verb:set package 'velodyne_laserscan' build argument 'cmake_target' from command line to 'None'
[0.581s] Level 5:colcon.colcon_core.verb:set package 'velodyne_laserscan' build argument 'cmake_target_skip_unavailable' from command line to 'False'
[0.581s] Level 5:colcon.colcon_core.verb:set package 'velodyne_laserscan' build argument 'cmake_clean_cache' from command line to 'False'
[0.581s] Level 5:colcon.colcon_core.verb:set package 'velodyne_laserscan' build argument 'cmake_clean_first' from command line to 'False'
[0.581s] Level 5:colcon.colcon_core.verb:set package 'velodyne_laserscan' build argument 'cmake_force_configure' from command line to 'False'
[0.581s] Level 5:colcon.colcon_core.verb:set package 'velodyne_laserscan' build argument 'ament_cmake_args' from command line to 'None'
[0.581s] Level 5:colcon.colcon_core.verb:set package 'velodyne_laserscan' build argument 'catkin_cmake_args' from command line to 'None'
[0.581s] Level 5:colcon.colcon_core.verb:set package 'velodyne_laserscan' build argument 'catkin_skip_building_tests' from command line to 'False'
[0.581s] DEBUG:colcon.colcon_core.verb:Building package 'velodyne_laserscan' with the following arguments: {'ament_cmake_args': None, 'build_base': '/home/ulugbek/dev-ws/src/build/velodyne_laserscan', 'catkin_cmake_args': None, 'catkin_skip_building_tests': False, 'cmake_args': None, 'cmake_clean_cache': False, 'cmake_clean_first': False, 'cmake_force_configure': False, 'cmake_target': None, 'cmake_target_skip_unavailable': False, 'install_base': '/home/ulugbek/dev-ws/src/install/velodyne_laserscan', 'merge_install': False, 'path': '/home/ulugbek/dev-ws/src/velodyne/velodyne_laserscan', 'symlink_install': False, 'test_result_base': None}
[0.587s] Level 5:colcon.colcon_core.verb:set package 'velodyne_msgs' build argument 'cmake_args' from command line to 'None'
[0.587s] Level 5:colcon.colcon_core.verb:set package 'velodyne_msgs' build argument 'cmake_target' from command line to 'None'
[0.587s] Level 5:colcon.colcon_core.verb:set package 'velodyne_msgs' build argument 'cmake_target_skip_unavailable' from command line to 'False'
[0.587s] Level 5:colcon.colcon_core.verb:set package 'velodyne_msgs' build argument 'cmake_clean_cache' from command line to 'False'
[0.587s] Level 5:colcon.colcon_core.verb:set package 'velodyne_msgs' build argument 'cmake_clean_first' from command line to 'False'
[0.587s] Level 5:colcon.colcon_core.verb:set package 'velodyne_msgs' build argument 'cmake_force_configure' from command line to 'False'
[0.587s] Level 5:colcon.colcon_core.verb:set package 'velodyne_msgs' build argument 'ament_cmake_args' from command line to 'None'
[0.587s] Level 5:colcon.colcon_core.verb:set package 'velodyne_msgs' build argument 'catkin_cmake_args' from command line to 'None'
[0.587s] Level 5:colcon.colcon_core.verb:set package 'velodyne_msgs' build argument 'catkin_skip_building_tests' from command line to 'False'
[0.587s] DEBUG:colcon.colcon_core.verb:Building package 'velodyne_msgs' with the following arguments: {'ament_cmake_args': None, 'build_base': '/home/ulugbek/dev-ws/src/build/velodyne_msgs', 'catkin_cmake_args': None, 'catkin_skip_building_tests': False, 'cmake_args': None, 'cmake_clean_cache': False, 'cmake_clean_first': False, 'cmake_force_configure': False, 'cmake_target': None, 'cmake_target_skip_unavailable': False, 'install_base': '/home/ulugbek/dev-ws/src/install/velodyne_msgs', 'merge_install': False, 'path': '/home/ulugbek/dev-ws/src/velodyne/velodyne_msgs', 'symlink_install': False, 'test_result_base': None}
[0.592s] Level 5:colcon.colcon_core.verb:set package 'velodyne_subscriber' build argument 'cmake_args' from command line to 'None'
[0.593s] Level 5:colcon.colcon_core.verb:set package 'velodyne_subscriber' build argument 'cmake_target' from command line to 'None'
[0.593s] Level 5:colcon.colcon_core.verb:set package 'velodyne_subscriber' build argument 'cmake_target_skip_unavailable' from command line to 'False'
[0.593s] Level 5:colcon.colcon_core.verb:set package 'velodyne_subscriber' build argument 'cmake_clean_cache' from command line to 'False'
[0.593s] Level 5:colcon.colcon_core.verb:set package 'velodyne_subscriber' build argument 'cmake_clean_first' from command line to 'False'
[0.593s] Level 5:colcon.colcon_core.verb:set package 'velodyne_subscriber' build argument 'cmake_force_configure' from command line to 'False'
[0.593s] Level 5:colcon.colcon_core.verb:set package 'velodyne_subscriber' build argument 'ament_cmake_args' from command line to 'None'
[0.593s] Level 5:colcon.colcon_core.verb:set package 'velodyne_subscriber' build argument 'catkin_cmake_args' from command line to 'None'
[0.593s] Level 5:colcon.colcon_core.verb:set package 'velodyne_subscriber' build argument 'catkin_skip_building_tests' from command line to 'False'
[0.593s] DEBUG:colcon.colcon_core.verb:Building package 'velodyne_subscriber' with the following arguments: {'ament_cmake_args': None, 'build_base': '/home/ulugbek/dev-ws/src/build/velodyne_subscriber', 'catkin_cmake_args': None, 'catkin_skip_building_tests': False, 'cmake_args': None, 'cmake_clean_cache': False, 'cmake_clean_first': False, 'cmake_force_configure': False, 'cmake_target': None, 'cmake_target_skip_unavailable': False, 'install_base': '/home/ulugbek/dev-ws/src/install/velodyne_subscriber', 'merge_install': False, 'path': '/home/ulugbek/dev-ws/src/velodyne_subscriber', 'symlink_install': False, 'test_result_base': None}
[0.598s] Level 5:colcon.colcon_core.verb:set package 'velodyne_driver' build argument 'cmake_args' from command line to 'None'
[0.598s] Level 5:colcon.colcon_core.verb:set package 'velodyne_driver' build argument 'cmake_target' from command line to 'None'
[0.598s] Level 5:colcon.colcon_core.verb:set package 'velodyne_driver' build argument 'cmake_target_skip_unavailable' from command line to 'False'
[0.598s] Level 5:colcon.colcon_core.verb:set package 'velodyne_driver' build argument 'cmake_clean_cache' from command line to 'False'
[0.598s] Level 5:colcon.colcon_core.verb:set package 'velodyne_driver' build argument 'cmake_clean_first' from command line to 'False'
[0.598s] Level 5:colcon.colcon_core.verb:set package 'velodyne_driver' build argument 'cmake_force_configure' from command line to 'False'
[0.598s] Level 5:colcon.colcon_core.verb:set package 'velodyne_driver' build argument 'ament_cmake_args' from command line to 'None'
[0.598s] Level 5:colcon.colcon_core.verb:set package 'velodyne_driver' build argument 'catkin_cmake_args' from command line to 'None'
[0.598s] Level 5:colcon.colcon_core.verb:set package 'velodyne_driver' build argument 'catkin_skip_building_tests' from command line to 'False'
[0.598s] DEBUG:colcon.colcon_core.verb:Building package 'velodyne_driver' with the following arguments: {'ament_cmake_args': None, 'build_base': '/home/ulugbek/dev-ws/src/build/velodyne_driver', 'catkin_cmake_args': None, 'catkin_skip_building_tests': False, 'cmake_args': None, 'cmake_clean_cache': False, 'cmake_clean_first': False, 'cmake_force_configure': False, 'cmake_target': None, 'cmake_target_skip_unavailable': False, 'install_base': '/home/ulugbek/dev-ws/src/install/velodyne_driver', 'merge_install': False, 'path': '/home/ulugbek/dev-ws/src/velodyne/velodyne_driver', 'symlink_install': False, 'test_result_base': None}
[0.603s] Level 5:colcon.colcon_core.verb:set package 'velodyne_pointcloud' build argument 'cmake_args' from command line to 'None'
[0.603s] Level 5:colcon.colcon_core.verb:set package 'velodyne_pointcloud' build argument 'cmake_target' from command line to 'None'
[0.603s] Level 5:colcon.colcon_core.verb:set package 'velodyne_pointcloud' build argument 'cmake_target_skip_unavailable' from command line to 'False'
[0.603s] Level 5:colcon.colcon_core.verb:set package 'velodyne_pointcloud' build argument 'cmake_clean_cache' from command line to 'False'
[0.603s] Level 5:colcon.colcon_core.verb:set package 'velodyne_pointcloud' build argument 'cmake_clean_first' from command line to 'False'
[0.603s] Level 5:colcon.colcon_core.verb:set package 'velodyne_pointcloud' build argument 'cmake_force_configure' from command line to 'False'
[0.603s] Level 5:colcon.colcon_core.verb:set package 'velodyne_pointcloud' build argument 'ament_cmake_args' from command line to 'None'
[0.603s] Level 5:colcon.colcon_core.verb:set package 'velodyne_pointcloud' build argument 'catkin_cmake_args' from command line to 'None'
[0.604s] Level 5:colcon.colcon_core.verb:set package 'velodyne_pointcloud' build argument 'catkin_skip_building_tests' from command line to 'False'
[0.604s] DEBUG:colcon.colcon_core.verb:Building package 'velodyne_pointcloud' with the following arguments: {'ament_cmake_args': None, 'build_base': '/home/ulugbek/dev-ws/src/build/velodyne_pointcloud', 'catkin_cmake_args': None, 'catkin_skip_building_tests': False, 'cmake_args': None, 'cmake_clean_cache': False, 'cmake_clean_first': False, 'cmake_force_configure': False, 'cmake_target': None, 'cmake_target_skip_unavailable': False, 'install_base': '/home/ulugbek/dev-ws/src/install/velodyne_pointcloud', 'merge_install': False, 'path': '/home/ulugbek/dev-ws/src/velodyne/velodyne_pointcloud', 'symlink_install': False, 'test_result_base': None}
[0.609s] Level 5:colcon.colcon_core.verb:set package 'velodyne' build argument 'cmake_args' from command line to 'None'
[0.609s] Level 5:colcon.colcon_core.verb:set package 'velodyne' build argument 'cmake_target' from command line to 'None'
[0.609s] Level 5:colcon.colcon_core.verb:set package 'velodyne' build argument 'cmake_target_skip_unavailable' from command line to 'False'
[0.609s] Level 5:colcon.colcon_core.verb:set package 'velodyne' build argument 'cmake_clean_cache' from command line to 'False'
[0.609s] Level 5:colcon.colcon_core.verb:set package 'velodyne' build argument 'cmake_clean_first' from command line to 'False'
[0.609s] Level 5:colcon.colcon_core.verb:set package 'velodyne' build argument 'cmake_force_configure' from command line to 'False'
[0.609s] Level 5:colcon.colcon_core.verb:set package 'velodyne' build argument 'ament_cmake_args' from command line to 'None'
[0.609s] Level 5:colcon.colcon_core.verb:set package 'velodyne' build argument 'catkin_cmake_args' from command line to 'None'
[0.609s] Level 5:colcon.colcon_core.verb:set package 'velodyne' build argument 'catkin_skip_building_tests' from command line to 'False'
[0.609s] DEBUG:colcon.colcon_core.verb:Building package 'velodyne' with the following arguments: {'ament_cmake_args': None, 'build_base': '/home/ulugbek/dev-ws/src/build/velodyne', 'catkin_cmake_args': None, 'catkin_skip_building_tests': False, 'cmake_args': None, 'cmake_clean_cache': False, 'cmake_clean_first': False, 'cmake_force_configure': False, 'cmake_target': None, 'cmake_target_skip_unavailable': False, 'install_base': '/home/ulugbek/dev-ws/src/install/velodyne', 'merge_install': False, 'path': '/home/ulugbek/dev-ws/src/velodyne/velodyne', 'symlink_install': False, 'test_result_base': None}
[0.611s] INFO:colcon.colcon_core.executor:Executing jobs using 'parallel' executor
[0.620s] DEBUG:colcon.colcon_parallel_executor.executor.parallel:run_until_complete
[0.620s] INFO:colcon.colcon_ros.task.ament_cmake.build:Building ROS package in '/home/ulugbek/dev-ws/src/velodyne/velodyne_msgs' with build type 'ament_cmake'
[0.620s] INFO:colcon.colcon_cmake.task.cmake.build:Building CMake package in '/home/ulugbek/dev-ws/src/velodyne/velodyne_msgs'
[0.627s] INFO:colcon.colcon_core.plugin_system:Skipping extension 'colcon_core.shell.bat': Not used on non-Windows systems
[0.627s] INFO:colcon.colcon_core.shell:Skip shell extension 'powershell' for command environment: Not usable outside of PowerShell
[0.627s] DEBUG:colcon.colcon_core.shell:Skip shell extension 'dsv' for command environment
[0.638s] INFO:colcon.colcon_ros.task.ament_cmake.build:Building ROS package in '/home/ulugbek/dev-ws/src/velodyne/velodyne_laserscan' with build type 'ament_cmake'
[0.638s] INFO:colcon.colcon_cmake.task.cmake.build:Building CMake package in '/home/ulugbek/dev-ws/src/velodyne/velodyne_laserscan'
[0.643s] INFO:colcon.colcon_core.shell:Skip shell extension 'powershell' for command environment: Not usable outside of PowerShell
[0.643s] DEBUG:colcon.colcon_core.shell:Skip shell extension 'dsv' for command environment
[0.654s] INFO:colcon.colcon_ros.task.ament_cmake.build:Building ROS package in '/home/ulugbek/dev-ws/src/altitude_publisher' with build type 'ament_cmake'
[0.654s] INFO:colcon.colcon_cmake.task.cmake.build:Building CMake package in '/home/ulugbek/dev-ws/src/altitude_publisher'
[0.658s] INFO:colcon.colcon_core.shell:Skip shell extension 'powershell' for command environment: Not usable outside of PowerShell
[0.658s] DEBUG:colcon.colcon_core.shell:Skip shell extension 'dsv' for command environment
[0.669s] INFO:colcon.colcon_ros.task.ament_cmake.build:Building ROS package in '/home/ulugbek/dev-ws/src/feature_extraction' with build type 'ament_cmake'
[0.669s] INFO:colcon.colcon_cmake.task.cmake.build:Building CMake package in '/home/ulugbek/dev-ws/src/feature_extraction'
[0.674s] INFO:colcon.colcon_core.shell:Skip shell extension 'powershell' for command environment: Not usable outside of PowerShell
[0.674s] DEBUG:colcon.colcon_core.shell:Skip shell extension 'dsv' for command environment
[0.687s] INFO:colcon.colcon_ros.task.ament_cmake.build:Building ROS package in '/home/ulugbek/dev-ws/src/my_package' with build type 'ament_cmake'
[0.687s] INFO:colcon.colcon_cmake.task.cmake.build:Building CMake package in '/home/ulugbek/dev-ws/src/my_package'
[0.691s] INFO:colcon.colcon_core.shell:Skip shell extension 'powershell' for command environment: Not usable outside of PowerShell
[0.691s] DEBUG:colcon.colcon_core.shell:Skip shell extension 'dsv' for command environment
[0.702s] INFO:colcon.colcon_ros.task.ament_python.build:Building ROS package in '/home/ulugbek/dev-ws/src/ROS-TCP-Endpoint-ROS2v0.7.0' with build type 'ament_python'
[0.702s] Level 1:colcon.colcon_core.shell:create_environment_hook('ros_tcp_endpoint', 'ament_prefix_path')
[0.706s] INFO:colcon.colcon_core.shell:Creating environment hook '/home/ulugbek/dev-ws/src/install/ros_tcp_endpoint/share/ros_tcp_endpoint/hook/ament_prefix_path.ps1'
[0.707s] INFO:colcon.colcon_core.shell:Creating environment descriptor '/home/ulugbek/dev-ws/src/install/ros_tcp_endpoint/share/ros_tcp_endpoint/hook/ament_prefix_path.dsv'
[0.707s] INFO:colcon.colcon_core.shell:Creating environment hook '/home/ulugbek/dev-ws/src/install/ros_tcp_endpoint/share/ros_tcp_endpoint/hook/ament_prefix_path.sh'
[0.711s] INFO:colcon.colcon_core.shell:Skip shell extension 'powershell' for command environment: Not usable outside of PowerShell
[0.711s] DEBUG:colcon.colcon_core.shell:Skip shell extension 'dsv' for command environment
[0.722s] INFO:colcon.colcon_ros.task.ament_cmake.build:Building ROS package in '/home/ulugbek/dev-ws/src/safe_landing' with build type 'ament_cmake'
[0.723s] INFO:colcon.colcon_cmake.task.cmake.build:Building CMake package in '/home/ulugbek/dev-ws/src/safe_landing'
[0.726s] INFO:colcon.colcon_core.shell:Skip shell extension 'powershell' for command environment: Not usable outside of PowerShell
[0.727s] DEBUG:colcon.colcon_core.shell:Skip shell extension 'dsv' for command environment
[0.737s] INFO:colcon.colcon_ros.task.ament_cmake.build:Building ROS package in '/home/ulugbek/dev-ws/src/velodyne_subscriber' with build type 'ament_cmake'
[0.738s] INFO:colcon.colcon_cmake.task.cmake.build:Building CMake package in '/home/ulugbek/dev-ws/src/velodyne_subscriber'
[0.742s] INFO:colcon.colcon_core.shell:Skip shell extension 'powershell' for command environment: Not usable outside of PowerShell
[0.742s] DEBUG:colcon.colcon_core.shell:Skip shell extension 'dsv' for command environment
[0.759s] DEBUG:colcon.colcon_core.event_handler.log_command:Invoking command in '/home/ulugbek/dev-ws/src/build/velodyne_msgs': CMAKE_PREFIX_PATH=${CMAKE_PREFIX_PATH}:/home/ulugbek/dev-ws/install/ros_tcp_endpoint:/opt/ros/foxy CONDA_PROMPT_MODIFIER=(base) /usr/bin/cmake --build /home/ulugbek/dev-ws/src/build/velodyne_msgs -- -j16 -l16
[0.764s] DEBUG:colcon.colcon_core.event_handler.log_command:Invoking command in '/home/ulugbek/dev-ws/src/build/velodyne_laserscan': CMAKE_PREFIX_PATH=${CMAKE_PREFIX_PATH}:/home/ulugbek/dev-ws/install/ros_tcp_endpoint:/opt/ros/foxy CONDA_PROMPT_MODIFIER=(base) /usr/bin/cmake --build /home/ulugbek/dev-ws/src/build/velodyne_laserscan -- -j16 -l16
[0.768s] DEBUG:colcon.colcon_core.event_handler.log_command:Invoking command in '/home/ulugbek/dev-ws/src/build/altitude_publisher': CMAKE_PREFIX_PATH=${CMAKE_PREFIX_PATH}:/home/ulugbek/dev-ws/install/ros_tcp_endpoint:/opt/ros/foxy CONDA_PROMPT_MODIFIER=(base) /usr/bin/cmake --build /home/ulugbek/dev-ws/src/build/altitude_publisher -- -j16 -l16
[0.773s] DEBUG:colcon.colcon_core.event_handler.log_command:Invoking command in '/home/ulugbek/dev-ws/src/build/feature_extraction': CMAKE_PREFIX_PATH=${CMAKE_PREFIX_PATH}:/home/ulugbek/dev-ws/install/ros_tcp_endpoint:/opt/ros/foxy CONDA_PROMPT_MODIFIER=(base) /usr/bin/cmake --build /home/ulugbek/dev-ws/src/build/feature_extraction -- -j16 -l16
[0.780s] DEBUG:colcon.colcon_core.event_handler.log_command:Invoking command in '/home/ulugbek/dev-ws/src/build/my_package': CMAKE_PREFIX_PATH=${CMAKE_PREFIX_PATH}:/home/ulugbek/dev-ws/install/ros_tcp_endpoint:/opt/ros/foxy CONDA_PROMPT_MODIFIER=(base) /usr/bin/cmake --build /home/ulugbek/dev-ws/src/build/my_package -- -j16 -l16
[1.036s] INFO:colcon.colcon_core.task.python.build:Building Python package in '/home/ulugbek/dev-ws/src/ROS-TCP-Endpoint-ROS2v0.7.0'
[1.048s] INFO:colcon.colcon_core.shell:Skip shell extension 'powershell' for command environment: Not usable outside of PowerShell
[1.048s] DEBUG:colcon.colcon_core.shell:Skip shell extension 'dsv' for command environment
[1.082s] DEBUG:colcon.colcon_core.event_handler.log_command:Invoking command in '/home/ulugbek/dev-ws/src/build/safe_landing': CMAKE_PREFIX_PATH=${CMAKE_PREFIX_PATH}:/home/ulugbek/dev-ws/install/ros_tcp_endpoint:/opt/ros/foxy CONDA_PROMPT_MODIFIER=(base) /usr/bin/cmake --build /home/ulugbek/dev-ws/src/build/safe_landing -- -j16 -l16
[1.103s] DEBUG:colcon.colcon_core.event_handler.log_command:Invoking command in '/home/ulugbek/dev-ws/src/build/velodyne_subscriber': CMAKE_PREFIX_PATH=${CMAKE_PREFIX_PATH}:/home/ulugbek/dev-ws/install/ros_tcp_endpoint:/opt/ros/foxy CONDA_PROMPT_MODIFIER=(base) /usr/bin/cmake --build /home/ulugbek/dev-ws/src/build/velodyne_subscriber -- -j16 -l16
[1.105s] DEBUG:colcon.colcon_core.event_handler.log_command:Invoked command in '/home/ulugbek/dev-ws/src/build/velodyne_msgs' returned '0': CMAKE_PREFIX_PATH=${CMAKE_PREFIX_PATH}:/home/ulugbek/dev-ws/install/ros_tcp_endpoint:/opt/ros/foxy CONDA_PROMPT_MODIFIER=(base) /usr/bin/cmake --build /home/ulugbek/dev-ws/src/build/velodyne_msgs -- -j16 -l16
[1.105s] DEBUG:colcon.colcon_core.event_handler.log_command:Invoked command in '/home/ulugbek/dev-ws/src/build/velodyne_laserscan' returned '0': CMAKE_PREFIX_PATH=${CMAKE_PREFIX_PATH}:/home/ulugbek/dev-ws/install/ros_tcp_endpoint:/opt/ros/foxy CONDA_PROMPT_MODIFIER=(base) /usr/bin/cmake --build /home/ulugbek/dev-ws/src/build/velodyne_laserscan -- -j16 -l16
[1.112s] DEBUG:colcon.colcon_core.event_handler.log_command:Invoked command in '/home/ulugbek/dev-ws/src/build/feature_extraction' returned '0': CMAKE_PREFIX_PATH=${CMAKE_PREFIX_PATH}:/home/ulugbek/dev-ws/install/ros_tcp_endpoint:/opt/ros/foxy CONDA_PROMPT_MODIFIER=(base) /usr/bin/cmake --build /home/ulugbek/dev-ws/src/build/feature_extraction -- -j16 -l16
[1.114s] DEBUG:colcon.colcon_core.event_handler.log_command:Invoked command in '/home/ulugbek/dev-ws/src/build/altitude_publisher' returned '0': CMAKE_PREFIX_PATH=${CMAKE_PREFIX_PATH}:/home/ulugbek/dev-ws/install/ros_tcp_endpoint:/opt/ros/foxy CONDA_PROMPT_MODIFIER=(base) /usr/bin/cmake --build /home/ulugbek/dev-ws/src/build/altitude_publisher -- -j16 -l16
[1.118s] DEBUG:colcon.colcon_core.event_handler.log_command:Invoked command in '/home/ulugbek/dev-ws/src/build/my_package' returned '0': CMAKE_PREFIX_PATH=${CMAKE_PREFIX_PATH}:/home/ulugbek/dev-ws/install/ros_tcp_endpoint:/opt/ros/foxy CONDA_PROMPT_MODIFIER=(base) /usr/bin/cmake --build /home/ulugbek/dev-ws/src/build/my_package -- -j16 -l16
[1.157s] DEBUG:colcon.colcon_core.event_handler.log_command:Invoking command in '/home/ulugbek/dev-ws/src/build/feature_extraction': CMAKE_PREFIX_PATH=${CMAKE_PREFIX_PATH}:/home/ulugbek/dev-ws/install/ros_tcp_endpoint:/opt/ros/foxy CONDA_PROMPT_MODIFIER=(base) /usr/bin/cmake --install /home/ulugbek/dev-ws/src/build/feature_extraction
[1.164s] DEBUG:colcon.colcon_core.event_handler.log_command:Invoking command in '/home/ulugbek/dev-ws/src/build/velodyne_laserscan': CMAKE_PREFIX_PATH=${CMAKE_PREFIX_PATH}:/home/ulugbek/dev-ws/install/ros_tcp_endpoint:/opt/ros/foxy CONDA_PROMPT_MODIFIER=(base) /usr/bin/cmake --install /home/ulugbek/dev-ws/src/build/velodyne_laserscan
[1.169s] DEBUG:colcon.colcon_core.event_handler.log_command:Invoking command in '/home/ulugbek/dev-ws/src/build/altitude_publisher': CMAKE_PREFIX_PATH=${CMAKE_PREFIX_PATH}:/home/ulugbek/dev-ws/install/ros_tcp_endpoint:/opt/ros/foxy CONDA_PROMPT_MODIFIER=(base) /usr/bin/cmake --install /home/ulugbek/dev-ws/src/build/altitude_publisher
[1.177s] DEBUG:colcon.colcon_core.event_handler.log_command:Invoking command in '/home/ulugbek/dev-ws/src/build/my_package': CMAKE_PREFIX_PATH=${CMAKE_PREFIX_PATH}:/home/ulugbek/dev-ws/install/ros_tcp_endpoint:/opt/ros/foxy CONDA_PROMPT_MODIFIER=(base) /usr/bin/cmake --install /home/ulugbek/dev-ws/src/build/my_package
[1.187s] Level 1:colcon.colcon_core.environment:create_environment_scripts_only(feature_extraction)
[1.192s] DEBUG:colcon.colcon_core.event_handler.log_command:Invoked command in '/home/ulugbek/dev-ws/src/build/feature_extraction' returned '0': CMAKE_PREFIX_PATH=${CMAKE_PREFIX_PATH}:/home/ulugbek/dev-ws/install/ros_tcp_endpoint:/opt/ros/foxy CONDA_PROMPT_MODIFIER=(base) /usr/bin/cmake --install /home/ulugbek/dev-ws/src/build/feature_extraction
[1.203s] Level 1:colcon.colcon_core.environment:checking '/home/ulugbek/dev-ws/src/install/feature_extraction' for CMake module files
[1.204s] Level 1:colcon.colcon_core.environment:checking '/home/ulugbek/dev-ws/src/install/feature_extraction' for CMake config files
[1.204s] Level 1:colcon.colcon_core.shell:create_environment_hook('feature_extraction', 'cmake_prefix_path')
[1.211s] INFO:colcon.colcon_core.shell:Creating environment hook '/home/ulugbek/dev-ws/src/install/feature_extraction/share/feature_extraction/hook/cmake_prefix_path.ps1'
[1.211s] INFO:colcon.colcon_core.shell:Creating environment descriptor '/home/ulugbek/dev-ws/src/install/feature_extraction/share/feature_extraction/hook/cmake_prefix_path.dsv'
[1.212s] INFO:colcon.colcon_core.shell:Creating environment hook '/home/ulugbek/dev-ws/src/install/feature_extraction/share/feature_extraction/hook/cmake_prefix_path.sh'
[1.213s] Level 1:colcon.colcon_core.environment:checking '/home/ulugbek/dev-ws/src/install/feature_extraction/lib'
[1.213s] Level 1:colcon.colcon_core.environment:checking '/home/ulugbek/dev-ws/src/install/feature_extraction/bin'
[1.213s] Level 1:colcon.colcon_core.environment:checking '/home/ulugbek/dev-ws/src/install/feature_extraction/lib/pkgconfig/feature_extraction.pc'
[1.213s] Level 1:colcon.colcon_core.environment:checking '/home/ulugbek/dev-ws/src/install/feature_extraction/lib/python3.8/site-packages'
[1.213s] Level 1:colcon.colcon_core.environment:checking '/home/ulugbek/dev-ws/src/install/feature_extraction/bin'
[1.220s] INFO:colcon.colcon_core.shell:Creating package script '/home/ulugbek/dev-ws/src/install/feature_extraction/share/feature_extraction/package.ps1'
[1.221s] INFO:colcon.colcon_core.shell:Creating package descriptor '/home/ulugbek/dev-ws/src/install/feature_extraction/share/feature_extraction/package.dsv'
[1.221s] INFO:colcon.colcon_core.shell:Creating package script '/home/ulugbek/dev-ws/src/install/feature_extraction/share/feature_extraction/package.sh'
[1.222s] INFO:colcon.colcon_core.shell:Creating package script '/home/ulugbek/dev-ws/src/install/feature_extraction/share/feature_extraction/package.bash'
[1.223s] INFO:colcon.colcon_core.shell:Creating package script '/home/ulugbek/dev-ws/src/install/feature_extraction/share/feature_extraction/package.zsh'
[1.224s] Level 1:colcon.colcon_core.environment:create_file_with_runtime_dependencies(/home/ulugbek/dev-ws/src/install/feature_extraction/share/colcon-core/packages/feature_extraction)
[1.230s] DEBUG:colcon.colcon_core.event_handler.log_command:Invoking command in '/home/ulugbek/dev-ws/src/build/velodyne_msgs': CMAKE_PREFIX_PATH=${CMAKE_PREFIX_PATH}:/home/ulugbek/dev-ws/install/ros_tcp_endpoint:/opt/ros/foxy CONDA_PROMPT_MODIFIER=(base) /usr/bin/cmake --install /home/ulugbek/dev-ws/src/build/velodyne_msgs
[1.232s] Level 1:colcon.colcon_core.environment:create_environment_scripts_only(velodyne_laserscan)
[1.237s] DEBUG:colcon.colcon_core.event_handler.log_command:Invoked command in '/home/ulugbek/dev-ws/src/build/velodyne_laserscan' returned '0': CMAKE_PREFIX_PATH=${CMAKE_PREFIX_PATH}:/home/ulugbek/dev-ws/install/ros_tcp_endpoint:/opt/ros/foxy CONDA_PROMPT_MODIFIER=(base) /usr/bin/cmake --install /home/ulugbek/dev-ws/src/build/velodyne_laserscan
[1.240s] Level 1:colcon.colcon_core.environment:checking '/home/ulugbek/dev-ws/src/install/velodyne_laserscan' for CMake module files
[1.241s] Level 1:colcon.colcon_core.environment:checking '/home/ulugbek/dev-ws/src/install/velodyne_laserscan' for CMake config files
[1.242s] Level 1:colcon.colcon_core.shell:create_environment_hook('velodyne_laserscan', 'cmake_prefix_path')
[1.247s] INFO:colcon.colcon_core.shell:Creating environment hook '/home/ulugbek/dev-ws/src/install/velodyne_laserscan/share/velodyne_laserscan/hook/cmake_prefix_path.ps1'
[1.248s] INFO:colcon.colcon_core.shell:Creating environment descriptor '/home/ulugbek/dev-ws/src/install/velodyne_laserscan/share/velodyne_laserscan/hook/cmake_prefix_path.dsv'
[1.249s] INFO:colcon.colcon_core.shell:Creating environment hook '/home/ulugbek/dev-ws/src/install/velodyne_laserscan/share/velodyne_laserscan/hook/cmake_prefix_path.sh'
[1.249s] Level 1:colcon.colcon_core.environment:checking '/home/ulugbek/dev-ws/src/install/velodyne_laserscan/lib'
[1.249s] Level 1:colcon.colcon_core.shell:create_environment_hook('velodyne_laserscan', 'ld_library_path_lib')
[1.255s] INFO:colcon.colcon_core.shell:Creating environment hook '/home/ulugbek/dev-ws/src/install/velodyne_laserscan/share/velodyne_laserscan/hook/ld_library_path_lib.ps1'
[1.256s] INFO:colcon.colcon_core.shell:Creating environment descriptor '/home/ulugbek/dev-ws/src/install/velodyne_laserscan/share/velodyne_laserscan/hook/ld_library_path_lib.dsv'
[1.256s] INFO:colcon.colcon_core.shell:Creating environment hook '/home/ulugbek/dev-ws/src/install/velodyne_laserscan/share/velodyne_laserscan/hook/ld_library_path_lib.sh'
[1.257s] Level 1:colcon.colcon_core.environment:checking '/home/ulugbek/dev-ws/src/install/velodyne_laserscan/bin'
[1.257s] Level 1:colcon.colcon_core.environment:checking '/home/ulugbek/dev-ws/src/install/velodyne_laserscan/lib/pkgconfig/velodyne_laserscan.pc'
[1.257s] Level 1:colcon.colcon_core.environment:checking '/home/ulugbek/dev-ws/src/install/velodyne_laserscan/lib/python3.8/site-packages'
[1.257s] Level 1:colcon.colcon_core.environment:checking '/home/ulugbek/dev-ws/src/install/velodyne_laserscan/bin'
[1.264s] INFO:colcon.colcon_core.shell:Creating package script '/home/ulugbek/dev-ws/src/install/velodyne_laserscan/share/velodyne_laserscan/package.ps1'
[1.264s] INFO:colcon.colcon_core.shell:Creating package descriptor '/home/ulugbek/dev-ws/src/install/velodyne_laserscan/share/velodyne_laserscan/package.dsv'
[1.265s] INFO:colcon.colcon_core.shell:Creating package script '/home/ulugbek/dev-ws/src/install/velodyne_laserscan/share/velodyne_laserscan/package.sh'
[1.265s] INFO:colcon.colcon_core.shell:Creating package script '/home/ulugbek/dev-ws/src/install/velodyne_laserscan/share/velodyne_laserscan/package.bash'
[1.266s] INFO:colcon.colcon_core.shell:Creating package script '/home/ulugbek/dev-ws/src/install/velodyne_laserscan/share/velodyne_laserscan/package.zsh'
[1.266s] Level 1:colcon.colcon_core.environment:create_file_with_runtime_dependencies(/home/ulugbek/dev-ws/src/install/velodyne_laserscan/share/colcon-core/packages/velodyne_laserscan)
[1.271s] Level 1:colcon.colcon_core.environment:create_environment_scripts_only(altitude_publisher)
[1.279s] Level 1:colcon.colcon_core.environment:checking '/home/ulugbek/dev-ws/src/install/altitude_publisher' for CMake module files
[1.279s] DEBUG:colcon.colcon_core.event_handler.log_command:Invoked command in '/home/ulugbek/dev-ws/src/build/altitude_publisher' returned '0': CMAKE_PREFIX_PATH=${CMAKE_PREFIX_PATH}:/home/ulugbek/dev-ws/install/ros_tcp_endpoint:/opt/ros/foxy CONDA_PROMPT_MODIFIER=(base) /usr/bin/cmake --install /home/ulugbek/dev-ws/src/build/altitude_publisher
[1.281s] Level 1:colcon.colcon_core.environment:checking '/home/ulugbek/dev-ws/src/install/altitude_publisher' for CMake config files
[1.283s] Level 1:colcon.colcon_core.shell:create_environment_hook('altitude_publisher', 'cmake_prefix_path')
[1.290s] INFO:colcon.colcon_core.shell:Creating environment hook '/home/ulugbek/dev-ws/src/install/altitude_publisher/share/altitude_publisher/hook/cmake_prefix_path.ps1'
[1.291s] INFO:colcon.colcon_core.shell:Creating environment descriptor '/home/ulugbek/dev-ws/src/install/altitude_publisher/share/altitude_publisher/hook/cmake_prefix_path.dsv'
[1.292s] INFO:colcon.colcon_core.shell:Creating environment hook '/home/ulugbek/dev-ws/src/install/altitude_publisher/share/altitude_publisher/hook/cmake_prefix_path.sh'
[1.293s] Level 1:colcon.colcon_core.environment:checking '/home/ulugbek/dev-ws/src/install/altitude_publisher/lib'
[1.294s] Level 1:colcon.colcon_core.environment:checking '/home/ulugbek/dev-ws/src/install/altitude_publisher/bin'
[1.294s] Level 1:colcon.colcon_core.environment:checking '/home/ulugbek/dev-ws/src/install/altitude_publisher/lib/pkgconfig/altitude_publisher.pc'
[1.294s] Level 1:colcon.colcon_core.environment:checking '/home/ulugbek/dev-ws/src/install/altitude_publisher/lib/python3.8/site-packages'
[1.294s] Level 1:colcon.colcon_core.environment:checking '/home/ulugbek/dev-ws/src/install/altitude_publisher/bin'
[1.303s] INFO:colcon.colcon_core.shell:Creating package script '/home/ulugbek/dev-ws/src/install/altitude_publisher/share/altitude_publisher/package.ps1'
[1.310s] INFO:colcon.colcon_core.shell:Creating package descriptor '/home/ulugbek/dev-ws/src/install/altitude_publisher/share/altitude_publisher/package.dsv'
[1.313s] INFO:colcon.colcon_core.shell:Creating package script '/home/ulugbek/dev-ws/src/install/altitude_publisher/share/altitude_publisher/package.sh'
[1.317s] INFO:colcon.colcon_core.shell:Creating package script '/home/ulugbek/dev-ws/src/install/altitude_publisher/share/altitude_publisher/package.bash'
[1.320s] INFO:colcon.colcon_core.shell:Creating package script '/home/ulugbek/dev-ws/src/install/altitude_publisher/share/altitude_publisher/package.zsh'
[1.321s] Level 1:colcon.colcon_core.environment:create_file_with_runtime_dependencies(/home/ulugbek/dev-ws/src/install/altitude_publisher/share/colcon-core/packages/altitude_publisher)
[1.327s] DEBUG:colcon.colcon_core.event_handler.log_command:Invoked command in '/home/ulugbek/dev-ws/src/build/safe_landing' returned '0': CMAKE_PREFIX_PATH=${CMAKE_PREFIX_PATH}:/home/ulugbek/dev-ws/install/ros_tcp_endpoint:/opt/ros/foxy CONDA_PROMPT_MODIFIER=(base) /usr/bin/cmake --build /home/ulugbek/dev-ws/src/build/safe_landing -- -j16 -l16
[1.330s] Level 1:colcon.colcon_core.environment:create_environment_scripts_only(my_package)
[1.338s] Level 1:colcon.colcon_core.environment:checking '/home/ulugbek/dev-ws/src/install/my_package' for CMake module files
[1.339s] DEBUG:colcon.colcon_core.event_handler.log_command:Invoked command in '/home/ulugbek/dev-ws/src/build/my_package' returned '0': CMAKE_PREFIX_PATH=${CMAKE_PREFIX_PATH}:/home/ulugbek/dev-ws/install/ros_tcp_endpoint:/opt/ros/foxy CONDA_PROMPT_MODIFIER=(base) /usr/bin/cmake --install /home/ulugbek/dev-ws/src/build/my_package
[1.340s] Level 1:colcon.colcon_core.environment:checking '/home/ulugbek/dev-ws/src/install/my_package' for CMake config files
[1.340s] Level 1:colcon.colcon_core.shell:create_environment_hook('my_package', 'cmake_prefix_path')
[1.349s] INFO:colcon.colcon_core.shell:Creating environment hook '/home/ulugbek/dev-ws/src/install/my_package/share/my_package/hook/cmake_prefix_path.ps1'
[1.350s] INFO:colcon.colcon_core.shell:Creating environment descriptor '/home/ulugbek/dev-ws/src/install/my_package/share/my_package/hook/cmake_prefix_path.dsv'
[1.350s] INFO:colcon.colcon_core.shell:Creating environment hook '/home/ulugbek/dev-ws/src/install/my_package/share/my_package/hook/cmake_prefix_path.sh'
[1.351s] Level 1:colcon.colcon_core.environment:checking '/home/ulugbek/dev-ws/src/install/my_package/bin'
[1.351s] Level 1:colcon.colcon_core.environment:checking '/home/ulugbek/dev-ws/src/install/my_package/lib/pkgconfig/my_package.pc'
[1.351s] Level 1:colcon.colcon_core.environment:checking '/home/ulugbek/dev-ws/src/install/my_package/lib/python3.8/site-packages'
[1.352s] Level 1:colcon.colcon_core.environment:checking '/home/ulugbek/dev-ws/src/install/my_package/bin'
[1.361s] INFO:colcon.colcon_core.shell:Creating package script '/home/ulugbek/dev-ws/src/install/my_package/share/my_package/package.ps1'
[1.362s] INFO:colcon.colcon_core.shell:Creating package descriptor '/home/ulugbek/dev-ws/src/install/my_package/share/my_package/package.dsv'
[1.362s] INFO:colcon.colcon_core.shell:Creating package script '/home/ulugbek/dev-ws/src/install/my_package/share/my_package/package.sh'
[1.363s] INFO:colcon.colcon_core.shell:Creating package script '/home/ulugbek/dev-ws/src/install/my_package/share/my_package/package.bash'
[1.363s] INFO:colcon.colcon_core.shell:Creating package script '/home/ulugbek/dev-ws/src/install/my_package/share/my_package/package.zsh'
[1.364s] Level 1:colcon.colcon_core.environment:create_file_with_runtime_dependencies(/home/ulugbek/dev-ws/src/install/my_package/share/colcon-core/packages/my_package)
[1.377s] Level 1:colcon.colcon_core.environment:create_environment_scripts_only(feature_extraction)
[1.386s] Level 1:colcon.colcon_core.environment:checking '/home/ulugbek/dev-ws/src/install/feature_extraction' for CMake module files
[1.387s] Level 1:colcon.colcon_core.environment:checking '/home/ulugbek/dev-ws/src/install/feature_extraction' for CMake config files
[1.387s] Level 1:colcon.colcon_core.shell:create_environment_hook('feature_extraction', 'cmake_prefix_path')
[1.393s] INFO:colcon.colcon_core.shell:Creating environment hook '/home/ulugbek/dev-ws/src/install/feature_extraction/share/feature_extraction/hook/cmake_prefix_path.ps1'
[1.393s] INFO:colcon.colcon_core.shell:Creating environment descriptor '/home/ulugbek/dev-ws/src/install/feature_extraction/share/feature_extraction/hook/cmake_prefix_path.dsv'
[1.394s] INFO:colcon.colcon_core.shell:Creating environment hook '/home/ulugbek/dev-ws/src/install/feature_extraction/share/feature_extraction/hook/cmake_prefix_path.sh'
[1.394s] Level 1:colcon.colcon_core.environment:checking '/home/ulugbek/dev-ws/src/install/feature_extraction/lib'
[1.394s] Level 1:colcon.colcon_core.environment:checking '/home/ulugbek/dev-ws/src/install/feature_extraction/bin'
[1.394s] Level 1:colcon.colcon_core.environment:checking '/home/ulugbek/dev-ws/src/install/feature_extraction/lib/pkgconfig/feature_extraction.pc'
[1.394s] Level 1:colcon.colcon_core.environment:checking '/home/ulugbek/dev-ws/src/install/feature_extraction/lib/python3.8/site-packages'
[1.395s] Level 1:colcon.colcon_core.environment:checking '/home/ulugbek/dev-ws/src/install/feature_extraction/bin'
[1.400s] INFO:colcon.colcon_core.shell:Creating package script '/home/ulugbek/dev-ws/src/install/feature_extraction/share/feature_extraction/package.ps1'
[1.400s] INFO:colcon.colcon_core.shell:Creating package descriptor '/home/ulugbek/dev-ws/src/install/feature_extraction/share/feature_extraction/package.dsv'
[1.401s] INFO:colcon.colcon_core.shell:Creating package script '/home/ulugbek/dev-ws/src/install/feature_extraction/share/feature_extraction/package.sh'
[1.401s] INFO:colcon.colcon_core.shell:Creating package script '/home/ulugbek/dev-ws/src/install/feature_extraction/share/feature_extraction/package.bash'
[1.401s] INFO:colcon.colcon_core.shell:Creating package script '/home/ulugbek/dev-ws/src/install/feature_extraction/share/feature_extraction/package.zsh'
[1.402s] Level 1:colcon.colcon_core.environment:create_file_with_runtime_dependencies(/home/ulugbek/dev-ws/src/install/feature_extraction/share/colcon-core/packages/feature_extraction)
[1.402s] Level 1:colcon.colcon_core.environment:create_environment_scripts_only(velodyne_msgs)
[1.409s] Level 1:colcon.colcon_core.environment:checking '/home/ulugbek/dev-ws/src/install/velodyne_msgs' for CMake module files
[1.410s] DEBUG:colcon.colcon_core.event_handler.log_command:Invoked command in '/home/ulugbek/dev-ws/src/build/velodyne_msgs' returned '0': CMAKE_PREFIX_PATH=${CMAKE_PREFIX_PATH}:/home/ulugbek/dev-ws/install/ros_tcp_endpoint:/opt/ros/foxy CONDA_PROMPT_MODIFIER=(base) /usr/bin/cmake --install /home/ulugbek/dev-ws/src/build/velodyne_msgs
[1.411s] Level 1:colcon.colcon_core.environment:checking '/home/ulugbek/dev-ws/src/install/velodyne_msgs' for CMake config files
[1.411s] Level 1:colcon.colcon_core.shell:create_environment_hook('velodyne_msgs', 'cmake_prefix_path')
[1.417s] INFO:colcon.colcon_core.shell:Creating environment hook '/home/ulugbek/dev-ws/src/install/velodyne_msgs/share/velodyne_msgs/hook/cmake_prefix_path.ps1'
[1.418s] INFO:colcon.colcon_core.shell:Creating environment descriptor '/home/ulugbek/dev-ws/src/install/velodyne_msgs/share/velodyne_msgs/hook/cmake_prefix_path.dsv'
[1.418s] INFO:colcon.colcon_core.shell:Creating environment hook '/home/ulugbek/dev-ws/src/install/velodyne_msgs/share/velodyne_msgs/hook/cmake_prefix_path.sh'
[1.419s] Level 1:colcon.colcon_core.environment:checking '/home/ulugbek/dev-ws/src/install/velodyne_msgs/lib'
[1.419s] Level 1:colcon.colcon_core.shell:create_environment_hook('velodyne_msgs', 'ld_library_path_lib')
[1.424s] INFO:colcon.colcon_core.shell:Creating environment hook '/home/ulugbek/dev-ws/src/install/velodyne_msgs/share/velodyne_msgs/hook/ld_library_path_lib.ps1'
[1.425s] INFO:colcon.colcon_core.shell:Creating environment descriptor '/home/ulugbek/dev-ws/src/install/velodyne_msgs/share/velodyne_msgs/hook/ld_library_path_lib.dsv'
[1.425s] INFO:colcon.colcon_core.shell:Creating environment hook '/home/ulugbek/dev-ws/src/install/velodyne_msgs/share/velodyne_msgs/hook/ld_library_path_lib.sh'
[1.426s] Level 1:colcon.colcon_core.environment:checking '/home/ulugbek/dev-ws/src/install/velodyne_msgs/bin'
[1.426s] Level 1:colcon.colcon_core.environment:checking '/home/ulugbek/dev-ws/src/install/velodyne_msgs/lib/pkgconfig/velodyne_msgs.pc'
[1.426s] Level 1:colcon.colcon_core.environment:checking '/home/ulugbek/dev-ws/src/install/velodyne_msgs/lib/python3.8/site-packages'
[1.426s] Level 1:colcon.colcon_core.environment:checking '/home/ulugbek/dev-ws/src/install/velodyne_msgs/bin'
[1.431s] INFO:colcon.colcon_core.shell:Creating package script '/home/ulugbek/dev-ws/src/install/velodyne_msgs/share/velodyne_msgs/package.ps1'
[1.432s] INFO:colcon.colcon_core.shell:Creating package descriptor '/home/ulugbek/dev-ws/src/install/velodyne_msgs/share/velodyne_msgs/package.dsv'
[1.432s] INFO:colcon.colcon_core.shell:Creating package script '/home/ulugbek/dev-ws/src/install/velodyne_msgs/share/velodyne_msgs/package.sh'
[1.433s] INFO:colcon.colcon_core.shell:Creating package script '/home/ulugbek/dev-ws/src/install/velodyne_msgs/share/velodyne_msgs/package.bash'
[1.433s] INFO:colcon.colcon_core.shell:Creating package script '/home/ulugbek/dev-ws/src/install/velodyne_msgs/share/velodyne_msgs/package.zsh'
[1.433s] Level 1:colcon.colcon_core.environment:create_file_with_runtime_dependencies(/home/ulugbek/dev-ws/src/install/velodyne_msgs/share/colcon-core/packages/velodyne_msgs)
[1.443s] Level 1:colcon.colcon_core.environment:create_environment_scripts_only(velodyne_laserscan)
[1.449s] Level 1:colcon.colcon_core.environment:checking '/home/ulugbek/dev-ws/src/install/velodyne_laserscan' for CMake module files
[1.450s] Level 1:colcon.colcon_core.environment:checking '/home/ulugbek/dev-ws/src/install/velodyne_laserscan' for CMake config files
[1.450s] Level 1:colcon.colcon_core.shell:create_environment_hook('velodyne_laserscan', 'cmake_prefix_path')
[1.455s] INFO:colcon.colcon_core.shell:Creating environment hook '/home/ulugbek/dev-ws/src/install/velodyne_laserscan/share/velodyne_laserscan/hook/cmake_prefix_path.ps1'
[1.456s] INFO:colcon.colcon_core.shell:Creating environment descriptor '/home/ulugbek/dev-ws/src/install/velodyne_laserscan/share/velodyne_laserscan/hook/cmake_prefix_path.dsv'
[1.456s] INFO:colcon.colcon_core.shell:Creating environment hook '/home/ulugbek/dev-ws/src/install/velodyne_laserscan/share/velodyne_laserscan/hook/cmake_prefix_path.sh'
[1.457s] Level 1:colcon.colcon_core.environment:checking '/home/ulugbek/dev-ws/src/install/velodyne_laserscan/lib'
[1.457s] Level 1:colcon.colcon_core.shell:create_environment_hook('velodyne_laserscan', 'ld_library_path_lib')
[1.463s] INFO:colcon.colcon_core.shell:Creating environment hook '/home/ulugbek/dev-ws/src/install/velodyne_laserscan/share/velodyne_laserscan/hook/ld_library_path_lib.ps1'
[1.463s] INFO:colcon.colcon_core.shell:Creating environment descriptor '/home/ulugbek/dev-ws/src/install/velodyne_laserscan/share/velodyne_laserscan/hook/ld_library_path_lib.dsv'
[1.464s] INFO:colcon.colcon_core.shell:Creating environment hook '/home/ulugbek/dev-ws/src/install/velodyne_laserscan/share/velodyne_laserscan/hook/ld_library_path_lib.sh'
[1.464s] Level 1:colcon.colcon_core.environment:checking '/home/ulugbek/dev-ws/src/install/velodyne_laserscan/bin'
[1.464s] Level 1:colcon.colcon_core.environment:checking '/home/ulugbek/dev-ws/src/install/velodyne_laserscan/lib/pkgconfig/velodyne_laserscan.pc'
[1.465s] Level 1:colcon.colcon_core.environment:checking '/home/ulugbek/dev-ws/src/install/velodyne_laserscan/lib/python3.8/site-packages'
[1.465s] Level 1:colcon.colcon_core.environment:checking '/home/ulugbek/dev-ws/src/install/velodyne_laserscan/bin'
[1.471s] INFO:colcon.colcon_core.shell:Creating package script '/home/ulugbek/dev-ws/src/install/velodyne_laserscan/share/velodyne_laserscan/package.ps1'
[1.471s] INFO:colcon.colcon_core.shell:Creating package descriptor '/home/ulugbek/dev-ws/src/install/velodyne_laserscan/share/velodyne_laserscan/package.dsv'
[1.472s] INFO:colcon.colcon_core.shell:Creating package script '/home/ulugbek/dev-ws/src/install/velodyne_laserscan/share/velodyne_laserscan/package.sh'
[1.472s] INFO:colcon.colcon_core.shell:Creating package script '/home/ulugbek/dev-ws/src/install/velodyne_laserscan/share/velodyne_laserscan/package.bash'
[1.473s] INFO:colcon.colcon_core.shell:Creating package script '/home/ulugbek/dev-ws/src/install/velodyne_laserscan/share/velodyne_laserscan/package.zsh'
[1.473s] Level 1:colcon.colcon_core.environment:create_file_with_runtime_dependencies(/home/ulugbek/dev-ws/src/install/velodyne_laserscan/share/colcon-core/packages/velodyne_laserscan)
[1.481s] Level 1:colcon.colcon_core.environment:create_environment_scripts_only(altitude_publisher)
[1.487s] Level 1:colcon.colcon_core.environment:checking '/home/ulugbek/dev-ws/src/install/altitude_publisher' for CMake module files
[1.488s] Level 1:colcon.colcon_core.environment:checking '/home/ulugbek/dev-ws/src/install/altitude_publisher' for CMake config files
[1.488s] Level 1:colcon.colcon_core.shell:create_environment_hook('altitude_publisher', 'cmake_prefix_path')
[1.493s] INFO:colcon.colcon_core.shell:Creating environment hook '/home/ulugbek/dev-ws/src/install/altitude_publisher/share/altitude_publisher/hook/cmake_prefix_path.ps1'
[1.494s] INFO:colcon.colcon_core.shell:Creating environment descriptor '/home/ulugbek/dev-ws/src/install/altitude_publisher/share/altitude_publisher/hook/cmake_prefix_path.dsv'
[1.494s] INFO:colcon.colcon_core.shell:Creating environment hook '/home/ulugbek/dev-ws/src/install/altitude_publisher/share/altitude_publisher/hook/cmake_prefix_path.sh'
[1.494s] Level 1:colcon.colcon_core.environment:checking '/home/ulugbek/dev-ws/src/install/altitude_publisher/lib'
[1.495s] Level 1:colcon.colcon_core.environment:checking '/home/ulugbek/dev-ws/src/install/altitude_publisher/bin'
[1.495s] Level 1:colcon.colcon_core.environment:checking '/home/ulugbek/dev-ws/src/install/altitude_publisher/lib/pkgconfig/altitude_publisher.pc'
[1.495s] Level 1:colcon.colcon_core.environment:checking '/home/ulugbek/dev-ws/src/install/altitude_publisher/lib/python3.8/site-packages'
[1.495s] Level 1:colcon.colcon_core.environment:checking '/home/ulugbek/dev-ws/src/install/altitude_publisher/bin'
[1.500s] INFO:colcon.colcon_core.shell:Creating package script '/home/ulugbek/dev-ws/src/install/altitude_publisher/share/altitude_publisher/package.ps1'
[1.501s] INFO:colcon.colcon_core.shell:Creating package descriptor '/home/ulugbek/dev-ws/src/install/altitude_publisher/share/altitude_publisher/package.dsv'
[1.501s] INFO:colcon.colcon_core.shell:Creating package script '/home/ulugbek/dev-ws/src/install/altitude_publisher/share/altitude_publisher/package.sh'
[1.502s] INFO:colcon.colcon_core.shell:Creating package script '/home/ulugbek/dev-ws/src/install/altitude_publisher/share/altitude_publisher/package.bash'
[1.502s] INFO:colcon.colcon_core.shell:Creating package script '/home/ulugbek/dev-ws/src/install/altitude_publisher/share/altitude_publisher/package.zsh'
[1.503s] Level 1:colcon.colcon_core.environment:create_file_with_runtime_dependencies(/home/ulugbek/dev-ws/src/install/altitude_publisher/share/colcon-core/packages/altitude_publisher)
[1.507s] DEBUG:colcon.colcon_core.event_handler.log_command:Invoking command in '/home/ulugbek/dev-ws/src/build/safe_landing': CMAKE_PREFIX_PATH=${CMAKE_PREFIX_PATH}:/home/ulugbek/dev-ws/install/ros_tcp_endpoint:/opt/ros/foxy CONDA_PROMPT_MODIFIER=(base) /usr/bin/cmake --install /home/ulugbek/dev-ws/src/build/safe_landing
[1.513s] Level 1:colcon.colcon_core.environment:create_environment_scripts_only(my_package)
[1.519s] Level 1:colcon.colcon_core.environment:checking '/home/ulugbek/dev-ws/src/install/my_package' for CMake module files
[1.520s] Level 1:colcon.colcon_core.environment:checking '/home/ulugbek/dev-ws/src/install/my_package' for CMake config files
[1.520s] Level 1:colcon.colcon_core.shell:create_environment_hook('my_package', 'cmake_prefix_path')
[1.524s] INFO:colcon.colcon_core.shell:Creating environment hook '/home/ulugbek/dev-ws/src/install/my_package/share/my_package/hook/cmake_prefix_path.ps1'
[1.525s] INFO:colcon.colcon_core.shell:Creating environment descriptor '/home/ulugbek/dev-ws/src/install/my_package/share/my_package/hook/cmake_prefix_path.dsv'
[1.526s] INFO:colcon.colcon_core.shell:Creating environment hook '/home/ulugbek/dev-ws/src/install/my_package/share/my_package/hook/cmake_prefix_path.sh'
[1.527s] Level 1:colcon.colcon_core.environment:checking '/home/ulugbek/dev-ws/src/install/my_package/bin'
[1.527s] Level 1:colcon.colcon_core.environment:checking '/home/ulugbek/dev-ws/src/install/my_package/lib/pkgconfig/my_package.pc'
[1.527s] Level 1:colcon.colcon_core.environment:checking '/home/ulugbek/dev-ws/src/install/my_package/lib/python3.8/site-packages'
[1.527s] Level 1:colcon.colcon_core.environment:checking '/home/ulugbek/dev-ws/src/install/my_package/bin'
[1.533s] INFO:colcon.colcon_core.shell:Creating package script '/home/ulugbek/dev-ws/src/install/my_package/share/my_package/package.ps1'
[1.534s] INFO:colcon.colcon_core.shell:Creating package descriptor '/home/ulugbek/dev-ws/src/install/my_package/share/my_package/package.dsv'
[1.535s] INFO:colcon.colcon_core.shell:Creating package script '/home/ulugbek/dev-ws/src/install/my_package/share/my_package/package.sh'
[1.535s] INFO:colcon.colcon_core.shell:Creating package script '/home/ulugbek/dev-ws/src/install/my_package/share/my_package/package.bash'
[1.535s] INFO:colcon.colcon_core.shell:Creating package script '/home/ulugbek/dev-ws/src/install/my_package/share/my_package/package.zsh'
[1.536s] Level 1:colcon.colcon_core.environment:create_file_with_runtime_dependencies(/home/ulugbek/dev-ws/src/install/my_package/share/colcon-core/packages/my_package)
[1.539s] DEBUG:colcon.colcon_core.event_handler.log_command:Invoked command in '/home/ulugbek/dev-ws/src/build/velodyne_subscriber' returned '2': CMAKE_PREFIX_PATH=${CMAKE_PREFIX_PATH}:/home/ulugbek/dev-ws/install/ros_tcp_endpoint:/opt/ros/foxy CONDA_PROMPT_MODIFIER=(base) /usr/bin/cmake --build /home/ulugbek/dev-ws/src/build/velodyne_subscriber -- -j16 -l16
[1.546s] Level 1:colcon.colcon_core.environment:create_environment_scripts_only(velodyne_msgs)
[1.554s] Level 1:colcon.colcon_core.environment:checking '/home/ulugbek/dev-ws/src/install/velodyne_msgs' for CMake module files
[1.556s] Level 1:colcon.colcon_core.environment:checking '/home/ulugbek/dev-ws/src/install/velodyne_msgs' for CMake config files
[1.557s] Level 1:colcon.colcon_core.shell:create_environment_hook('velodyne_msgs', 'cmake_prefix_path')
[1.562s] INFO:colcon.colcon_core.shell:Creating environment hook '/home/ulugbek/dev-ws/src/install/velodyne_msgs/share/velodyne_msgs/hook/cmake_prefix_path.ps1'
[1.562s] INFO:colcon.colcon_core.shell:Creating environment descriptor '/home/ulugbek/dev-ws/src/install/velodyne_msgs/share/velodyne_msgs/hook/cmake_prefix_path.dsv'
[1.562s] INFO:colcon.colcon_core.shell:Creating environment hook '/home/ulugbek/dev-ws/src/install/velodyne_msgs/share/velodyne_msgs/hook/cmake_prefix_path.sh'
[1.563s] Level 1:colcon.colcon_core.environment:checking '/home/ulugbek/dev-ws/src/install/velodyne_msgs/lib'
[1.563s] Level 1:colcon.colcon_core.shell:create_environment_hook('velodyne_msgs', 'ld_library_path_lib')
[1.568s] INFO:colcon.colcon_core.shell:Creating environment hook '/home/ulugbek/dev-ws/src/install/velodyne_msgs/share/velodyne_msgs/hook/ld_library_path_lib.ps1'
[1.568s] INFO:colcon.colcon_core.shell:Creating environment descriptor '/home/ulugbek/dev-ws/src/install/velodyne_msgs/share/velodyne_msgs/hook/ld_library_path_lib.dsv'
[1.568s] INFO:colcon.colcon_core.shell:Creating environment hook '/home/ulugbek/dev-ws/src/install/velodyne_msgs/share/velodyne_msgs/hook/ld_library_path_lib.sh'
[1.569s] Level 1:colcon.colcon_core.environment:checking '/home/ulugbek/dev-ws/src/install/velodyne_msgs/bin'
[1.569s] Level 1:colcon.colcon_core.environment:checking '/home/ulugbek/dev-ws/src/install/velodyne_msgs/lib/pkgconfig/velodyne_msgs.pc'
[1.569s] Level 1:colcon.colcon_core.environment:checking '/home/ulugbek/dev-ws/src/install/velodyne_msgs/lib/python3.8/site-packages'
[1.569s] Level 1:colcon.colcon_core.environment:checking '/home/ulugbek/dev-ws/src/install/velodyne_msgs/bin'
[1.574s] INFO:colcon.colcon_core.shell:Creating package script '/home/ulugbek/dev-ws/src/install/velodyne_msgs/share/velodyne_msgs/package.ps1'
[1.575s] INFO:colcon.colcon_core.shell:Creating package descriptor '/home/ulugbek/dev-ws/src/install/velodyne_msgs/share/velodyne_msgs/package.dsv'
[1.575s] INFO:colcon.colcon_core.shell:Creating package script '/home/ulugbek/dev-ws/src/install/velodyne_msgs/share/velodyne_msgs/package.sh'
[1.575s] INFO:colcon.colcon_core.shell:Creating package script '/home/ulugbek/dev-ws/src/install/velodyne_msgs/share/velodyne_msgs/package.bash'
[1.576s] INFO:colcon.colcon_core.shell:Creating package script '/home/ulugbek/dev-ws/src/install/velodyne_msgs/share/velodyne_msgs/package.zsh'
[1.576s] Level 1:colcon.colcon_core.environment:create_file_with_runtime_dependencies(/home/ulugbek/dev-ws/src/install/velodyne_msgs/share/colcon-core/packages/velodyne_msgs)
[1.577s] INFO:colcon.colcon_ros.task.ament_cmake.build:Building ROS package in '/home/ulugbek/dev-ws/src/velodyne/velodyne_driver' with build type 'ament_cmake'
[1.577s] INFO:colcon.colcon_cmake.task.cmake.build:Building CMake package in '/home/ulugbek/dev-ws/src/velodyne/velodyne_driver'
[1.582s] INFO:colcon.colcon_core.shell:Skip shell extension 'powershell' for command environment: Not usable outside of PowerShell
[1.582s] DEBUG:colcon.colcon_core.shell:Skip shell extension 'dsv' for command environment
[1.596s] INFO:colcon.colcon_ros.task.ament_cmake.build:Building ROS package in '/home/ulugbek/dev-ws/src/velodyne/velodyne_pointcloud' with build type 'ament_cmake'
[1.596s] INFO:colcon.colcon_cmake.task.cmake.build:Building CMake package in '/home/ulugbek/dev-ws/src/velodyne/velodyne_pointcloud'
[1.601s] INFO:colcon.colcon_core.shell:Skip shell extension 'powershell' for command environment: Not usable outside of PowerShell
[1.601s] DEBUG:colcon.colcon_core.shell:Skip shell extension 'dsv' for command environment
[1.619s] Level 1:colcon.colcon_core.environment:create_environment_scripts_only(safe_landing)
[1.625s] Level 1:colcon.colcon_core.environment:checking '/home/ulugbek/dev-ws/src/install/safe_landing' for CMake module files
[1.626s] DEBUG:colcon.colcon_core.event_handler.log_command:Invoked command in '/home/ulugbek/dev-ws/src/build/safe_landing' returned '0': CMAKE_PREFIX_PATH=${CMAKE_PREFIX_PATH}:/home/ulugbek/dev-ws/install/ros_tcp_endpoint:/opt/ros/foxy CONDA_PROMPT_MODIFIER=(base) /usr/bin/cmake --install /home/ulugbek/dev-ws/src/build/safe_landing
[1.626s] Level 1:colcon.colcon_core.environment:checking '/home/ulugbek/dev-ws/src/install/safe_landing' for CMake config files
[1.626s] Level 1:colcon.colcon_core.shell:create_environment_hook('safe_landing', 'cmake_prefix_path')
[1.631s] INFO:colcon.colcon_core.shell:Creating environment hook '/home/ulugbek/dev-ws/src/install/safe_landing/share/safe_landing/hook/cmake_prefix_path.ps1'
[1.631s] INFO:colcon.colcon_core.shell:Creating environment descriptor '/home/ulugbek/dev-ws/src/install/safe_landing/share/safe_landing/hook/cmake_prefix_path.dsv'
[1.632s] INFO:colcon.colcon_core.shell:Creating environment hook '/home/ulugbek/dev-ws/src/install/safe_landing/share/safe_landing/hook/cmake_prefix_path.sh'
[1.632s] Level 1:colcon.colcon_core.environment:checking '/home/ulugbek/dev-ws/src/install/safe_landing/lib'
[1.632s] Level 1:colcon.colcon_core.environment:checking '/home/ulugbek/dev-ws/src/install/safe_landing/bin'
[1.632s] Level 1:colcon.colcon_core.environment:checking '/home/ulugbek/dev-ws/src/install/safe_landing/lib/pkgconfig/safe_landing.pc'
[1.633s] Level 1:colcon.colcon_core.environment:checking '/home/ulugbek/dev-ws/src/install/safe_landing/lib/python3.8/site-packages'
[1.633s] Level 1:colcon.colcon_core.environment:checking '/home/ulugbek/dev-ws/src/install/safe_landing/bin'
[1.637s] INFO:colcon.colcon_core.shell:Creating package script '/home/ulugbek/dev-ws/src/install/safe_landing/share/safe_landing/package.ps1'
[1.638s] INFO:colcon.colcon_core.shell:Creating package descriptor '/home/ulugbek/dev-ws/src/install/safe_landing/share/safe_landing/package.dsv'
[1.638s] INFO:colcon.colcon_core.shell:Creating package script '/home/ulugbek/dev-ws/src/install/safe_landing/share/safe_landing/package.sh'
[1.639s] INFO:colcon.colcon_core.shell:Creating package script '/home/ulugbek/dev-ws/src/install/safe_landing/share/safe_landing/package.bash'
[1.639s] INFO:colcon.colcon_core.shell:Creating package script '/home/ulugbek/dev-ws/src/install/safe_landing/share/safe_landing/package.zsh'
[1.639s] Level 1:colcon.colcon_core.environment:create_file_with_runtime_dependencies(/home/ulugbek/dev-ws/src/install/safe_landing/share/colcon-core/packages/safe_landing)
[1.651s] Level 1:colcon.colcon_core.environment:create_environment_scripts_only(velodyne_subscriber)
[1.657s] Level 1:colcon.colcon_core.environment:checking '/home/ulugbek/dev-ws/src/install/velodyne_subscriber' for CMake module files
[1.658s] Level 1:colcon.colcon_core.environment:checking '/home/ulugbek/dev-ws/src/install/velodyne_subscriber' for CMake config files
[1.658s] DEBUG:colcon.colcon_core.event_handler.log_command:Invoking command in '/home/ulugbek/dev-ws/src/ROS-TCP-Endpoint-ROS2v0.7.0': CONDA_PROMPT_MODIFIER=(base) PYTHONPATH=/home/ulugbek/dev-ws/src/build/ros_tcp_endpoint/prefix_override:/home/ulugbek/dev-ws/src/install/ros_tcp_endpoint/lib/python3.8/site-packages:${PYTHONPATH} /usr/bin/python3 setup.py egg_info --egg-base ../build/ros_tcp_endpoint build --build-base /home/ulugbek/dev-ws/src/build/ros_tcp_endpoint/build install --record /home/ulugbek/dev-ws/src/build/ros_tcp_endpoint/install.log --install-scripts $base/lib/ros_tcp_endpoint --single-version-externally-managed
[1.659s] Level 1:colcon.colcon_core.environment:checking '/home/ulugbek/dev-ws/src/install/velodyne_subscriber/bin'
[1.659s] Level 1:colcon.colcon_core.environment:checking '/home/ulugbek/dev-ws/src/install/velodyne_subscriber/lib/pkgconfig/velodyne_subscriber.pc'
[1.659s] Level 1:colcon.colcon_core.environment:checking '/home/ulugbek/dev-ws/src/install/velodyne_subscriber/lib/python3.8/site-packages'
[1.659s] Level 1:colcon.colcon_core.environment:checking '/home/ulugbek/dev-ws/src/install/velodyne_subscriber/bin'
[1.664s] INFO:colcon.colcon_core.shell:Creating package script '/home/ulugbek/dev-ws/src/install/velodyne_subscriber/share/velodyne_subscriber/package.ps1'
[1.665s] INFO:colcon.colcon_core.shell:Creating package descriptor '/home/ulugbek/dev-ws/src/install/velodyne_subscriber/share/velodyne_subscriber/package.dsv'
[1.666s] INFO:colcon.colcon_core.shell:Creating package script '/home/ulugbek/dev-ws/src/install/velodyne_subscriber/share/velodyne_subscriber/package.sh'
[1.666s] INFO:colcon.colcon_core.shell:Creating package script '/home/ulugbek/dev-ws/src/install/velodyne_subscriber/share/velodyne_subscriber/package.bash'
[1.666s] INFO:colcon.colcon_core.shell:Creating package script '/home/ulugbek/dev-ws/src/install/velodyne_subscriber/share/velodyne_subscriber/package.zsh'
[1.667s] Level 1:colcon.colcon_core.environment:create_file_with_runtime_dependencies(/home/ulugbek/dev-ws/src/install/velodyne_subscriber/share/colcon-core/packages/velodyne_subscriber)
[1.901s] DEBUG:colcon.colcon_parallel_executor.executor.parallel:closing loop
[1.902s] DEBUG:colcon.colcon_parallel_executor.executor.parallel:loop closed
[1.902s] DEBUG:colcon.colcon_parallel_executor.executor.parallel:run_until_complete finished with '2'
[1.902s] DEBUG:colcon.colcon_core.event_reactor:joining thread
[1.917s] INFO:colcon.colcon_core.plugin_system:Skipping extension 'colcon_notification.desktop_notification.terminal_notifier': Not used on non-Darwin systems
[1.917s] INFO:colcon.colcon_core.plugin_system:Skipping extension 'colcon_notification.desktop_notification.win32': Not used on non-Windows systems
[1.918s] INFO:colcon.colcon_notification.desktop_notification:Sending desktop notification using 'notify2'
[1.935s] DEBUG:colcon.colcon_core.event_reactor:joined thread
[1.941s] INFO:colcon.colcon_core.shell:Creating prefix script '/home/ulugbek/dev-ws/src/install/local_setup.ps1'
[1.942s] INFO:colcon.colcon_core.shell:Creating prefix util module '/home/ulugbek/dev-ws/src/install/_local_setup_util_ps1.py'
[1.943s] INFO:colcon.colcon_core.shell:Creating prefix chain script '/home/ulugbek/dev-ws/src/install/setup.ps1'
[1.948s] INFO:colcon.colcon_core.shell:Creating prefix script '/home/ulugbek/dev-ws/src/install/local_setup.sh'
[1.948s] INFO:colcon.colcon_core.shell:Creating prefix util module '/home/ulugbek/dev-ws/src/install/_local_setup_util_sh.py'
[1.948s] INFO:colcon.colcon_core.shell:Creating prefix chain script '/home/ulugbek/dev-ws/src/install/setup.sh'
[1.953s] INFO:colcon.colcon_core.shell:Creating prefix script '/home/ulugbek/dev-ws/src/install/local_setup.bash'
[1.953s] INFO:colcon.colcon_core.shell:Creating prefix chain script '/home/ulugbek/dev-ws/src/install/setup.bash'
[1.957s] INFO:colcon.colcon_core.shell:Creating prefix script '/home/ulugbek/dev-ws/src/install/local_setup.zsh'
[1.958s] INFO:colcon.colcon_core.shell:Creating prefix chain script '/home/ulugbek/dev-ws/src/install/setup.zsh'
