[0.097s] Invoking command in '/home/ulugbek/dev-ws/src/build/my_package': CMAKE_PREFIX_PATH=${CMAKE_PREFIX_PATH}:/home/ulugbek/dev-ws/src/install/ros_tcp_endpoint:/home/ulugbek/dev-ws/install/ros_tcp_endpoint:/opt/ros/foxy CONDA_PROMPT_MODIFIER=(base) /usr/bin/cmake --build /home/ulugbek/dev-ws/src/build/my_package -- -j16 -l16
[0.437s] Invoked command in '/home/ulugbek/dev-ws/src/build/my_package' returned '0': CMAKE_PREFIX_PATH=${CMAKE_PREFIX_PATH}:/home/ulugbek/dev-ws/src/install/ros_tcp_endpoint:/home/ulugbek/dev-ws/install/ros_tcp_endpoint:/opt/ros/foxy CONDA_PROMPT_MODIFIER=(base) /usr/bin/cmake --build /home/ulugbek/dev-ws/src/build/my_package -- -j16 -l16
[0.532s] Invoking command in '/home/ulugbek/dev-ws/src/build/my_package': CMAKE_PREFIX_PATH=${CMAKE_PREFIX_PATH}:/home/ulugbek/dev-ws/src/install/ros_tcp_endpoint:/home/ulugbek/dev-ws/install/ros_tcp_endpoint:/opt/ros/foxy CONDA_PROMPT_MODIFIER=(base) /usr/bin/cmake --install /home/ulugbek/dev-ws/src/build/my_package
[0.543s] -- Install configuration: ""
[0.543s] -- Up-to-date: /home/ulugbek/dev-ws/src/install/my_package/share/my_package/launch
[0.543s] -- Up-to-date: /home/ulugbek/dev-ws/src/install/my_package/share/my_package/launch/talker.launch.py
[0.543s] -- Up-to-date: /home/ulugbek/dev-ws/src/install/my_package/share/my_package/launch/listener.launch.py
[0.543s] -- Up-to-date: /home/ulugbek/dev-ws/src/install/my_package/share/ament_index/resource_index/package_run_dependencies/my_package
[0.543s] -- Up-to-date: /home/ulugbek/dev-ws/src/install/my_package/share/ament_index/resource_index/parent_prefix_path/my_package
[0.543s] -- Up-to-date: /home/ulugbek/dev-ws/src/install/my_package/share/my_package/environment/ament_prefix_path.sh
[0.543s] -- Up-to-date: /home/ulugbek/dev-ws/src/install/my_package/share/my_package/environment/ament_prefix_path.dsv
[0.543s] -- Up-to-date: /home/ulugbek/dev-ws/src/install/my_package/share/my_package/environment/path.sh
[0.545s] -- Up-to-date: /home/ulugbek/dev-ws/src/install/my_package/share/my_package/environment/path.dsv
[0.545s] -- Up-to-date: /home/ulugbek/dev-ws/src/install/my_package/share/my_package/local_setup.bash
[0.545s] -- Up-to-date: /home/ulugbek/dev-ws/src/install/my_package/share/my_package/local_setup.sh
[0.545s] -- Up-to-date: /home/ulugbek/dev-ws/src/install/my_package/share/my_package/local_setup.zsh
[0.545s] -- Up-to-date: /home/ulugbek/dev-ws/src/install/my_package/share/my_package/local_setup.dsv
[0.545s] -- Installing: /home/ulugbek/dev-ws/src/install/my_package/share/my_package/package.dsv
[0.545s] -- Up-to-date: /home/ulugbek/dev-ws/src/install/my_package/share/ament_index/resource_index/packages/my_package
[0.545s] -- Up-to-date: /home/ulugbek/dev-ws/src/install/my_package/share/my_package/cmake/my_packageConfig.cmake
[0.546s] -- Up-to-date: /home/ulugbek/dev-ws/src/install/my_package/share/my_package/cmake/my_packageConfig-version.cmake
[0.546s] -- Up-to-date: /home/ulugbek/dev-ws/src/install/my_package/share/my_package/package.xml
[0.663s] Invoked command in '/home/ulugbek/dev-ws/src/build/my_package' returned '0': CMAKE_PREFIX_PATH=${CMAKE_PREFIX_PATH}:/home/ulugbek/dev-ws/src/install/ros_tcp_endpoint:/home/ulugbek/dev-ws/install/ros_tcp_endpoint:/opt/ros/foxy CONDA_PROMPT_MODIFIER=(base) /usr/bin/cmake --install /home/ulugbek/dev-ws/src/build/my_package
