[0.025s] Invoking command in '/home/ulugbek/dev-ws/src/build/velodyne': AMENT_PREFIX_PATH=/home/ulugbek/dev-ws/src/install/velodyne_pointcloud:/home/ulugbek/dev-ws/src/install/velodyne_driver:${AMENT_PREFIX_PATH} CMAKE_PREFIX_PATH=/home/ulugbek/dev-ws/src/install/velodyne_pointcloud:/home/ulugbek/dev-ws/src/install/velodyne_driver:/home/ulugbek/dev-ws/src/install/velodyne_msgs:/home/ulugbek/dev-ws/src/install/velodyne_laserscan:/home/ulugbek/dev-ws/src/install/safe_landing:/home/ulugbek/dev-ws/src/install/my_package:/home/ulugbek/dev-ws/src/install/feature_extraction:/home/ulugbek/dev-ws/src/install/altitude_publisher:/home/ulugbek/dev-ws/install/velodyne:/home/ulugbek/dev-ws/install/velodyne_pointcloud:/home/ulugbek/dev-ws/install/velodyne_driver:/home/ulugbek/dev-ws/install/velodyne_msgs:/home/ulugbek/dev-ws/install/velodyne_laserscan:/home/ulugbek/dev-ws/install/safe_landing:/home/ulugbek/dev-ws/install/my_package:/home/ulugbek/dev-ws/install/feature_extraction:/home/ulugbek/dev-ws/install/altitude_publisher:/home/ulugbek/dev-ws/src/install/ros_tcp_endpoint:/home/ulugbek/dev-ws/install/ros_tcp_endpoint:/opt/ros/foxy CONDA_PROMPT_MODIFIER=(base) LD_LIBRARY_PATH=/home/ulugbek/dev-ws/src/install/velodyne_pointcloud/lib:/home/ulugbek/dev-ws/src/install/velodyne_driver/lib:${LD_LIBRARY_PATH} /usr/bin/cmake /home/ulugbek/dev-ws/src/velodyne/velodyne -DCMAKE_INSTALL_PREFIX=/home/ulugbek/dev-ws/src/install/velodyne
[0.077s] -- The C compiler identification is GNU 9.4.0
[0.124s] -- The CXX compiler identification is GNU 9.4.0
[0.129s] -- Check for working C compiler: /usr/bin/cc
[0.188s] -- Check for working C compiler: /usr/bin/cc -- works
[0.189s] -- Detecting C compiler ABI info
[0.245s] -- Detecting C compiler ABI info - done
[0.255s] -- Detecting C compile features
[0.255s] -- Detecting C compile features - done
[0.258s] -- Check for working CXX compiler: /usr/bin/c++
[0.325s] -- Check for working CXX compiler: /usr/bin/c++ -- works
[0.326s] -- Detecting CXX compiler ABI info
[0.392s] -- Detecting CXX compiler ABI info - done
[0.402s] -- Detecting CXX compile features
[0.402s] -- Detecting CXX compile features - done
[0.404s] -- Found ament_cmake: 0.9.11 (/opt/ros/foxy/share/ament_cmake/cmake)
[0.431s] -- Found PythonInterp: /home/ulugbek/anaconda3/bin/python3 (found suitable version "3.9.12", minimum required is "3") 
[0.432s] -- Using PYTHON_EXECUTABLE: /home/ulugbek/anaconda3/bin/python3
[0.724s] -- Configuring done
[0.726s] -- Generating done
[0.726s] -- Build files have been written to: /home/ulugbek/dev-ws/src/build/velodyne
[0.729s] Invoked command in '/home/ulugbek/dev-ws/src/build/velodyne' returned '0': AMENT_PREFIX_PATH=/home/ulugbek/dev-ws/src/install/velodyne_pointcloud:/home/ulugbek/dev-ws/src/install/velodyne_driver:${AMENT_PREFIX_PATH} CMAKE_PREFIX_PATH=/home/ulugbek/dev-ws/src/install/velodyne_pointcloud:/home/ulugbek/dev-ws/src/install/velodyne_driver:/home/ulugbek/dev-ws/src/install/velodyne_msgs:/home/ulugbek/dev-ws/src/install/velodyne_laserscan:/home/ulugbek/dev-ws/src/install/safe_landing:/home/ulugbek/dev-ws/src/install/my_package:/home/ulugbek/dev-ws/src/install/feature_extraction:/home/ulugbek/dev-ws/src/install/altitude_publisher:/home/ulugbek/dev-ws/install/velodyne:/home/ulugbek/dev-ws/install/velodyne_pointcloud:/home/ulugbek/dev-ws/install/velodyne_driver:/home/ulugbek/dev-ws/install/velodyne_msgs:/home/ulugbek/dev-ws/install/velodyne_laserscan:/home/ulugbek/dev-ws/install/safe_landing:/home/ulugbek/dev-ws/install/my_package:/home/ulugbek/dev-ws/install/feature_extraction:/home/ulugbek/dev-ws/install/altitude_publisher:/home/ulugbek/dev-ws/src/install/ros_tcp_endpoint:/home/ulugbek/dev-ws/install/ros_tcp_endpoint:/opt/ros/foxy CONDA_PROMPT_MODIFIER=(base) LD_LIBRARY_PATH=/home/ulugbek/dev-ws/src/install/velodyne_pointcloud/lib:/home/ulugbek/dev-ws/src/install/velodyne_driver/lib:${LD_LIBRARY_PATH} /usr/bin/cmake /home/ulugbek/dev-ws/src/velodyne/velodyne -DCMAKE_INSTALL_PREFIX=/home/ulugbek/dev-ws/src/install/velodyne
[0.732s] Invoking command in '/home/ulugbek/dev-ws/src/build/velodyne': AMENT_PREFIX_PATH=/home/ulugbek/dev-ws/src/install/velodyne_pointcloud:/home/ulugbek/dev-ws/src/install/velodyne_driver:${AMENT_PREFIX_PATH} CMAKE_PREFIX_PATH=/home/ulugbek/dev-ws/src/install/velodyne_pointcloud:/home/ulugbek/dev-ws/src/install/velodyne_driver:/home/ulugbek/dev-ws/src/install/velodyne_msgs:/home/ulugbek/dev-ws/src/install/velodyne_laserscan:/home/ulugbek/dev-ws/src/install/safe_landing:/home/ulugbek/dev-ws/src/install/my_package:/home/ulugbek/dev-ws/src/install/feature_extraction:/home/ulugbek/dev-ws/src/install/altitude_publisher:/home/ulugbek/dev-ws/install/velodyne:/home/ulugbek/dev-ws/install/velodyne_pointcloud:/home/ulugbek/dev-ws/install/velodyne_driver:/home/ulugbek/dev-ws/install/velodyne_msgs:/home/ulugbek/dev-ws/install/velodyne_laserscan:/home/ulugbek/dev-ws/install/safe_landing:/home/ulugbek/dev-ws/install/my_package:/home/ulugbek/dev-ws/install/feature_extraction:/home/ulugbek/dev-ws/install/altitude_publisher:/home/ulugbek/dev-ws/src/install/ros_tcp_endpoint:/home/ulugbek/dev-ws/install/ros_tcp_endpoint:/opt/ros/foxy CONDA_PROMPT_MODIFIER=(base) LD_LIBRARY_PATH=/home/ulugbek/dev-ws/src/install/velodyne_pointcloud/lib:/home/ulugbek/dev-ws/src/install/velodyne_driver/lib:${LD_LIBRARY_PATH} /usr/bin/cmake --build /home/ulugbek/dev-ws/src/build/velodyne -- -j16 -l16
[0.761s] Invoked command in '/home/ulugbek/dev-ws/src/build/velodyne' returned '0': AMENT_PREFIX_PATH=/home/ulugbek/dev-ws/src/install/velodyne_pointcloud:/home/ulugbek/dev-ws/src/install/velodyne_driver:${AMENT_PREFIX_PATH} CMAKE_PREFIX_PATH=/home/ulugbek/dev-ws/src/install/velodyne_pointcloud:/home/ulugbek/dev-ws/src/install/velodyne_driver:/home/ulugbek/dev-ws/src/install/velodyne_msgs:/home/ulugbek/dev-ws/src/install/velodyne_laserscan:/home/ulugbek/dev-ws/src/install/safe_landing:/home/ulugbek/dev-ws/src/install/my_package:/home/ulugbek/dev-ws/src/install/feature_extraction:/home/ulugbek/dev-ws/src/install/altitude_publisher:/home/ulugbek/dev-ws/install/velodyne:/home/ulugbek/dev-ws/install/velodyne_pointcloud:/home/ulugbek/dev-ws/install/velodyne_driver:/home/ulugbek/dev-ws/install/velodyne_msgs:/home/ulugbek/dev-ws/install/velodyne_laserscan:/home/ulugbek/dev-ws/install/safe_landing:/home/ulugbek/dev-ws/install/my_package:/home/ulugbek/dev-ws/install/feature_extraction:/home/ulugbek/dev-ws/install/altitude_publisher:/home/ulugbek/dev-ws/src/install/ros_tcp_endpoint:/home/ulugbek/dev-ws/install/ros_tcp_endpoint:/opt/ros/foxy CONDA_PROMPT_MODIFIER=(base) LD_LIBRARY_PATH=/home/ulugbek/dev-ws/src/install/velodyne_pointcloud/lib:/home/ulugbek/dev-ws/src/install/velodyne_driver/lib:${LD_LIBRARY_PATH} /usr/bin/cmake --build /home/ulugbek/dev-ws/src/build/velodyne -- -j16 -l16
[0.785s] Invoking command in '/home/ulugbek/dev-ws/src/build/velodyne': AMENT_PREFIX_PATH=/home/ulugbek/dev-ws/src/install/velodyne_pointcloud:/home/ulugbek/dev-ws/src/install/velodyne_driver:${AMENT_PREFIX_PATH} CMAKE_PREFIX_PATH=/home/ulugbek/dev-ws/src/install/velodyne_pointcloud:/home/ulugbek/dev-ws/src/install/velodyne_driver:/home/ulugbek/dev-ws/src/install/velodyne_msgs:/home/ulugbek/dev-ws/src/install/velodyne_laserscan:/home/ulugbek/dev-ws/src/install/safe_landing:/home/ulugbek/dev-ws/src/install/my_package:/home/ulugbek/dev-ws/src/install/feature_extraction:/home/ulugbek/dev-ws/src/install/altitude_publisher:/home/ulugbek/dev-ws/install/velodyne:/home/ulugbek/dev-ws/install/velodyne_pointcloud:/home/ulugbek/dev-ws/install/velodyne_driver:/home/ulugbek/dev-ws/install/velodyne_msgs:/home/ulugbek/dev-ws/install/velodyne_laserscan:/home/ulugbek/dev-ws/install/safe_landing:/home/ulugbek/dev-ws/install/my_package:/home/ulugbek/dev-ws/install/feature_extraction:/home/ulugbek/dev-ws/install/altitude_publisher:/home/ulugbek/dev-ws/src/install/ros_tcp_endpoint:/home/ulugbek/dev-ws/install/ros_tcp_endpoint:/opt/ros/foxy CONDA_PROMPT_MODIFIER=(base) LD_LIBRARY_PATH=/home/ulugbek/dev-ws/src/install/velodyne_pointcloud/lib:/home/ulugbek/dev-ws/src/install/velodyne_driver/lib:${LD_LIBRARY_PATH} /usr/bin/cmake --install /home/ulugbek/dev-ws/src/build/velodyne
[0.793s] -- Install configuration: ""
[0.793s] -- Installing: /home/ulugbek/dev-ws/src/install/velodyne/share/velodyne/launch
[0.793s] -- Installing: /home/ulugbek/dev-ws/src/install/velodyne/share/velodyne/launch/velodyne-all-nodes-VLP16-composed-launch.py
[0.793s] -- Installing: /home/ulugbek/dev-ws/src/install/velodyne/share/velodyne/launch/velodyne-all-nodes-VLP32C-launch.py
[0.793s] -- Installing: /home/ulugbek/dev-ws/src/install/velodyne/share/velodyne/launch/velodyne-all-nodes-VLP32C-composed-launch.py
[0.793s] -- Installing: /home/ulugbek/dev-ws/src/install/velodyne/share/velodyne/launch/velodyne-all-nodes-VLP16-launch.py
[0.793s] -- Installing: /home/ulugbek/dev-ws/src/install/velodyne/share/ament_index/resource_index/package_run_dependencies/velodyne
[0.794s] -- Installing: /home/ulugbek/dev-ws/src/install/velodyne/share/ament_index/resource_index/parent_prefix_path/velodyne
[0.794s] -- Installing: /home/ulugbek/dev-ws/src/install/velodyne/share/velodyne/environment/ament_prefix_path.sh
[0.794s] -- Installing: /home/ulugbek/dev-ws/src/install/velodyne/share/velodyne/environment/ament_prefix_path.dsv
[0.794s] -- Installing: /home/ulugbek/dev-ws/src/install/velodyne/share/velodyne/environment/path.sh
[0.794s] -- Installing: /home/ulugbek/dev-ws/src/install/velodyne/share/velodyne/environment/path.dsv
[0.794s] -- Installing: /home/ulugbek/dev-ws/src/install/velodyne/share/velodyne/local_setup.bash
[0.794s] -- Installing: /home/ulugbek/dev-ws/src/install/velodyne/share/velodyne/local_setup.sh
[0.795s] -- Installing: /home/ulugbek/dev-ws/src/install/velodyne/share/velodyne/local_setup.zsh
[0.795s] -- Installing: /home/ulugbek/dev-ws/src/install/velodyne/share/velodyne/local_setup.dsv
[0.795s] -- Installing: /home/ulugbek/dev-ws/src/install/velodyne/share/velodyne/package.dsv
[0.795s] -- Installing: /home/ulugbek/dev-ws/src/install/velodyne/share/ament_index/resource_index/packages/velodyne
[0.795s] -- Installing: /home/ulugbek/dev-ws/src/install/velodyne/share/velodyne/cmake/velodyneConfig.cmake
[0.795s] -- Installing: /home/ulugbek/dev-ws/src/install/velodyne/share/velodyne/cmake/velodyneConfig-version.cmake
[0.795s] -- Installing: /home/ulugbek/dev-ws/src/install/velodyne/share/velodyne/package.xml
[0.797s] Invoked command in '/home/ulugbek/dev-ws/src/build/velodyne' returned '0': AMENT_PREFIX_PATH=/home/ulugbek/dev-ws/src/install/velodyne_pointcloud:/home/ulugbek/dev-ws/src/install/velodyne_driver:${AMENT_PREFIX_PATH} CMAKE_PREFIX_PATH=/home/ulugbek/dev-ws/src/install/velodyne_pointcloud:/home/ulugbek/dev-ws/src/install/velodyne_driver:/home/ulugbek/dev-ws/src/install/velodyne_msgs:/home/ulugbek/dev-ws/src/install/velodyne_laserscan:/home/ulugbek/dev-ws/src/install/safe_landing:/home/ulugbek/dev-ws/src/install/my_package:/home/ulugbek/dev-ws/src/install/feature_extraction:/home/ulugbek/dev-ws/src/install/altitude_publisher:/home/ulugbek/dev-ws/install/velodyne:/home/ulugbek/dev-ws/install/velodyne_pointcloud:/home/ulugbek/dev-ws/install/velodyne_driver:/home/ulugbek/dev-ws/install/velodyne_msgs:/home/ulugbek/dev-ws/install/velodyne_laserscan:/home/ulugbek/dev-ws/install/safe_landing:/home/ulugbek/dev-ws/install/my_package:/home/ulugbek/dev-ws/install/feature_extraction:/home/ulugbek/dev-ws/install/altitude_publisher:/home/ulugbek/dev-ws/src/install/ros_tcp_endpoint:/home/ulugbek/dev-ws/install/ros_tcp_endpoint:/opt/ros/foxy CONDA_PROMPT_MODIFIER=(base) LD_LIBRARY_PATH=/home/ulugbek/dev-ws/src/install/velodyne_pointcloud/lib:/home/ulugbek/dev-ws/src/install/velodyne_driver/lib:${LD_LIBRARY_PATH} /usr/bin/cmake --install /home/ulugbek/dev-ws/src/build/velodyne
