[0.138s] Invoking command in '/home/ulugbek/dev-ws/src/build/velodyne_msgs': CMAKE_PREFIX_PATH=${CMAKE_PREFIX_PATH}:/home/ulugbek/dev-ws/install/ros_tcp_endpoint:/opt/ros/foxy CONDA_PROMPT_MODIFIER=(base) /usr/bin/cmake --build /home/ulugbek/dev-ws/src/build/velodyne_msgs -- -j16 -l16
[0.418s] [  2%] [34m[1mGenerating C code for ROS interfaces[0m
[0.418s] [  5%] [34m[1mGenerating C++ code for ROS interfaces[0m
[0.581s] [  5%] Built target velodyne_msgs__cpp
[0.601s] [ 10%] [34m[1mGenerating C++ type support dispatch for ROS interfaces[0m
[0.601s] [ 10%] [34m[1mGenerating C++ type support for eProsima Fast-RTPS[0m
[0.601s] [ 12%] [34m[1mGenerating C++ introspection for ROS interfaces[0m
[0.662s] [35m[1mScanning dependencies of target velodyne_msgs__rosidl_generator_c[0m
[0.673s] [ 15%] [32mBuilding C object CMakeFiles/velodyne_msgs__rosidl_generator_c.dir/rosidl_generator_c/velodyne_msgs/msg/detail/velodyne_packet__functions.c.o[0m
[0.673s] [ 17%] [32mBuilding C object CMakeFiles/velodyne_msgs__rosidl_generator_c.dir/rosidl_generator_c/velodyne_msgs/msg/detail/velodyne_scan__functions.c.o[0m
[0.721s] [ 20%] [32m[1mLinking C shared library libvelodyne_msgs__rosidl_generator_c.so[0m
[0.762s] [ 20%] Built target velodyne_msgs__rosidl_generator_c
[0.768s] [ 23%] [34m[1mGenerating C type support dispatch for ROS interfaces[0m
[0.784s] [ 25%] [34m[1mGenerating C introspection for ROS interfaces[0m
[0.914s] [35m[1mScanning dependencies of target velodyne_msgs__rosidl_typesupport_cpp[0m
[0.928s] [ 28%] [32mBuilding CXX object CMakeFiles/velodyne_msgs__rosidl_typesupport_cpp.dir/rosidl_typesupport_cpp/velodyne_msgs/msg/velodyne_packet__type_support.cpp.o[0m
[0.931s] [ 30%] [32mBuilding CXX object CMakeFiles/velodyne_msgs__rosidl_typesupport_cpp.dir/rosidl_typesupport_cpp/velodyne_msgs/msg/velodyne_scan__type_support.cpp.o[0m
[0.946s] [35m[1mScanning dependencies of target velodyne_msgs__rosidl_typesupport_fastrtps_cpp[0m
[0.960s] [35m[1mScanning dependencies of target velodyne_msgs__rosidl_typesupport_introspection_cpp[0m
[0.966s] [ 33%] [32mBuilding CXX object CMakeFiles/velodyne_msgs__rosidl_typesupport_fastrtps_cpp.dir/rosidl_typesupport_fastrtps_cpp/velodyne_msgs/msg/detail/dds_fastrtps/velodyne_packet__type_support.cpp.o[0m
[0.967s] [ 35%] [32mBuilding CXX object CMakeFiles/velodyne_msgs__rosidl_typesupport_fastrtps_cpp.dir/rosidl_typesupport_fastrtps_cpp/velodyne_msgs/msg/detail/dds_fastrtps/velodyne_scan__type_support.cpp.o[0m
[0.974s] [ 41%] [32mBuilding CXX object CMakeFiles/velodyne_msgs__rosidl_typesupport_introspection_cpp.dir/rosidl_typesupport_introspection_cpp/velodyne_msgs/msg/detail/velodyne_scan__type_support.cpp.o[0m
[0.974s] [ 41%] [32mBuilding CXX object CMakeFiles/velodyne_msgs__rosidl_typesupport_introspection_cpp.dir/rosidl_typesupport_introspection_cpp/velodyne_msgs/msg/detail/velodyne_packet__type_support.cpp.o[0m
[1.095s] [35m[1mScanning dependencies of target velodyne_msgs__rosidl_typesupport_c[0m
[1.108s] [ 43%] [32mBuilding CXX object CMakeFiles/velodyne_msgs__rosidl_typesupport_c.dir/rosidl_typesupport_c/velodyne_msgs/msg/velodyne_packet__type_support.cpp.o[0m
[1.112s] [ 46%] [32mBuilding CXX object CMakeFiles/velodyne_msgs__rosidl_typesupport_c.dir/rosidl_typesupport_c/velodyne_msgs/msg/velodyne_scan__type_support.cpp.o[0m
[1.127s] [35m[1mScanning dependencies of target velodyne_msgs__rosidl_typesupport_introspection_c[0m
[1.142s] [ 48%] [32m[1mLinking CXX shared library libvelodyne_msgs__rosidl_typesupport_c.so[0m
[1.148s] [ 51%] [32mBuilding C object CMakeFiles/velodyne_msgs__rosidl_typesupport_introspection_c.dir/rosidl_typesupport_introspection_c/velodyne_msgs/msg/detail/velodyne_scan__type_support.c.o[0m
[1.150s] [ 53%] [32mBuilding C object CMakeFiles/velodyne_msgs__rosidl_typesupport_introspection_c.dir/rosidl_typesupport_introspection_c/velodyne_msgs/msg/detail/velodyne_packet__type_support.c.o[0m
[1.187s] [ 56%] [32m[1mLinking C shared library libvelodyne_msgs__rosidl_typesupport_introspection_c.so[0m
[1.205s] [ 56%] Built target velodyne_msgs__rosidl_typesupport_c
[1.219s] [ 56%] Built target velodyne_msgs__rosidl_typesupport_introspection_c
[1.311s] [ 58%] [32m[1mLinking CXX shared library libvelodyne_msgs__rosidl_typesupport_cpp.so[0m
[1.321s] [ 61%] [32m[1mLinking CXX shared library libvelodyne_msgs__rosidl_typesupport_introspection_cpp.so[0m
[1.347s] [ 61%] Built target velodyne_msgs__rosidl_typesupport_cpp
[1.384s] [ 61%] Built target velodyne_msgs__rosidl_typesupport_introspection_cpp
[1.496s] [ 64%] [32m[1mLinking CXX shared library libvelodyne_msgs__rosidl_typesupport_fastrtps_cpp.so[0m
[1.571s] [ 64%] Built target velodyne_msgs__rosidl_typesupport_fastrtps_cpp
[1.580s] [ 66%] [34m[1mGenerating C type support for eProsima Fast-RTPS[0m
[1.840s] [35m[1mScanning dependencies of target velodyne_msgs__rosidl_typesupport_fastrtps_c[0m
[1.856s] [ 71%] [32mBuilding CXX object CMakeFiles/velodyne_msgs__rosidl_typesupport_fastrtps_c.dir/rosidl_typesupport_fastrtps_c/velodyne_msgs/msg/detail/velodyne_scan__type_support_c.cpp.o[0m
[1.857s] [ 71%] [32mBuilding CXX object CMakeFiles/velodyne_msgs__rosidl_typesupport_fastrtps_c.dir/rosidl_typesupport_fastrtps_c/velodyne_msgs/msg/detail/velodyne_packet__type_support_c.cpp.o[0m
[2.123s] [ 74%] [32m[1mLinking CXX shared library libvelodyne_msgs__rosidl_typesupport_fastrtps_c.so[0m
[2.193s] [ 74%] Built target velodyne_msgs__rosidl_typesupport_fastrtps_c
[2.199s] [35m[1mScanning dependencies of target velodyne_msgs[0m
[2.210s] [ 74%] Built target velodyne_msgs
[2.221s] [35m[1mScanning dependencies of target velodyne_msgs__py[0m
[2.235s] [ 76%] [34m[1mGenerating Python code for ROS interfaces[0m
[2.710s] [ 76%] Built target velodyne_msgs__py
[2.717s] [35m[1mScanning dependencies of target velodyne_msgs__python[0m
[2.751s] [ 82%] [32mBuilding C object CMakeFiles/velodyne_msgs__python.dir/rosidl_generator_py/velodyne_msgs/msg/_velodyne_scan_s.c.o[0m
[2.751s] [ 82%] [32mBuilding C object CMakeFiles/velodyne_msgs__python.dir/rosidl_generator_py/velodyne_msgs/msg/_velodyne_packet_s.c.o[0m
[2.833s] [ 84%] [32m[1mLinking C shared library rosidl_generator_py/velodyne_msgs/libvelodyne_msgs__python.so[0m
[2.879s] [ 84%] Built target velodyne_msgs__python
[2.888s] [35m[1mScanning dependencies of target velodyne_msgs__rosidl_typesupport_c__pyext[0m
[2.888s] [35m[1mScanning dependencies of target velodyne_msgs__rosidl_typesupport_introspection_c__pyext[0m
[2.888s] [35m[1mScanning dependencies of target velodyne_msgs__rosidl_typesupport_fastrtps_c__pyext[0m
[2.903s] [ 89%] [32mBuilding C object CMakeFiles/velodyne_msgs__rosidl_typesupport_c__pyext.dir/rosidl_generator_py/velodyne_msgs/_velodyne_msgs_s.ep.rosidl_typesupport_c.c.o[0m
[2.903s] [ 89%] [32mBuilding C object CMakeFiles/velodyne_msgs__rosidl_typesupport_fastrtps_c__pyext.dir/rosidl_generator_py/velodyne_msgs/_velodyne_msgs_s.ep.rosidl_typesupport_fastrtps_c.c.o[0m
[2.903s] [ 92%] [32mBuilding C object CMakeFiles/velodyne_msgs__rosidl_typesupport_introspection_c__pyext.dir/rosidl_generator_py/velodyne_msgs/_velodyne_msgs_s.ep.rosidl_typesupport_introspection_c.c.o[0m
[2.970s] [ 97%] [32m[1mLinking C shared library rosidl_generator_py/velodyne_msgs/velodyne_msgs_s__rosidl_typesupport_c.cpython-39-x86_64-linux-gnu.so[0m
[2.970s] [ 97%] [32m[1mLinking CXX shared library rosidl_generator_py/velodyne_msgs/velodyne_msgs_s__rosidl_typesupport_fastrtps_c.cpython-39-x86_64-linux-gnu.so[0m
[2.971s] [100%] [32m[1mLinking C shared library rosidl_generator_py/velodyne_msgs/velodyne_msgs_s__rosidl_typesupport_introspection_c.cpython-39-x86_64-linux-gnu.so[0m
[2.999s] [100%] Built target velodyne_msgs__rosidl_typesupport_introspection_c__pyext
[2.999s] [100%] Built target velodyne_msgs__rosidl_typesupport_c__pyext
[3.018s] [100%] Built target velodyne_msgs__rosidl_typesupport_fastrtps_c__pyext
