[0.155s] Invoking command in '/home/ulugbek/dev-ws/src/build/cube_movement': CMAKE_PREFIX_PATH=/home/ulugbek/dev-ws/install/velodyne_subscriber:/home/ulugbek/dev-ws/install/velodyne:/home/ulugbek/dev-ws/install/velodyne_pointcloud:/home/ulugbek/dev-ws/install/velodyne_driver:/home/ulugbek/dev-ws/install/velodyne_msgs:/home/ulugbek/dev-ws/install/velodyne_laserscan:/home/ulugbek/dev-ws/install/unity_robotics_demo:/home/ulugbek/dev-ws/install/ros_tcp_endpoint:/opt/ros/foxy:/home/ulugbek/dev-ws/install/unity_robotics_demo_msgs:/home/ulugbek/dev-ws/install/static_tf_publisher:/home/ulugbek/dev-ws/install/safe_landing:/home/ulugbek/dev-ws/install/my_package:/home/ulugbek/dev-ws/install/feature_extraction:/home/ulugbek/dev-ws/install/altitude_publisher CONDA_PROMPT_MODIFIER=(base) /usr/bin/cmake --build /home/ulugbek/dev-ws/src/build/cube_movement -- -j16 -l16
[0.701s] [35m[1mScanning dependencies of target cube_movement_node[0m
[0.701s] [ 50%] [32mBuilding CXX object CMakeFiles/cube_movement_node.dir/src/cube_movement_node.cpp.o[0m
[1.698s] [01m[K/home/ulugbek/dev-ws/src/cube_movement/src/cube_movement_node.cpp:[m[K In member function ‘[01m[Kvoid CubeMovementNode::timerCallback()[m[K’:
[1.698s] [01m[K/home/ulugbek/dev-ws/src/cube_movement/src/cube_movement_node.cpp:36:9:[m[K [01;31m[Kerror: [m[Kno match for ‘[01m[Koperator![m[K’ (operand type is ‘[01m[Kgeometry_msgs::msg::Point[m[K’ {aka ‘[01m[Kgeometry_msgs::msg::Point_<std::allocator<void> >[m[K’})
[1.698s]    36 |     if ([01;31m[K!final_position_[m[K || !initial_position_) {
[1.701s]       |         [01;31m[K^~~~~~~~~~~~~~~~[m[K
[1.701s] [01m[K/home/ulugbek/dev-ws/src/cube_movement/src/cube_movement_node.cpp:36:9:[m[K [01;36m[Knote: [m[Kcandidate: ‘[01m[Koperator!(bool)[m[K’ <built-in>
[1.702s] [01m[K/home/ulugbek/dev-ws/src/cube_movement/src/cube_movement_node.cpp:36:9:[m[K [01;36m[Knote: [m[K  no known conversion for argument 1 from ‘[01m[Kgeometry_msgs::msg::Point[m[K’ {aka ‘[01m[Kgeometry_msgs::msg::Point_<std::allocator<void> >[m[K’} to ‘[01m[Kbool[m[K’
[1.702s] In file included from [01m[K/opt/ros/foxy/include/libstatistics_collector/moving_average_statistics/moving_average.hpp:30[m[K,
[1.702s]                  from [01m[K/opt/ros/foxy/include/libstatistics_collector/collector/collector.hpp:22[m[K,
[1.702s]                  from [01m[K/opt/ros/foxy/include/libstatistics_collector/topic_statistics_collector/topic_statistics_collector.hpp:24[m[K,
[1.702s]                  from [01m[K/opt/ros/foxy/include/libstatistics_collector/topic_statistics_collector/received_message_age.hpp:26[m[K,
[1.702s]                  from [01m[K/opt/ros/foxy/include/rclcpp/topic_statistics/subscription_topic_statistics.hpp:26[m[K,
[1.703s]                  from [01m[K/opt/ros/foxy/include/rclcpp/subscription.hpp:50[m[K,
[1.703s]                  from [01m[K/opt/ros/foxy/include/rclcpp/any_executable.hpp:25[m[K,
[1.703s]                  from [01m[K/opt/ros/foxy/include/rclcpp/memory_strategy.hpp:24[m[K,
[1.703s]                  from [01m[K/opt/ros/foxy/include/rclcpp/memory_strategies.hpp:18[m[K,
[1.703s]                  from [01m[K/opt/ros/foxy/include/rclcpp/executor_options.hpp:20[m[K,
[1.703s]                  from [01m[K/opt/ros/foxy/include/rclcpp/executor.hpp:33[m[K,
[1.703s]                  from [01m[K/opt/ros/foxy/include/rclcpp/executors/multi_threaded_executor.hpp:26[m[K,
[1.703s]                  from [01m[K/opt/ros/foxy/include/rclcpp/executors.hpp:21[m[K,
[1.703s]                  from [01m[K/opt/ros/foxy/include/rclcpp/rclcpp.hpp:146[m[K,
[1.704s]                  from [01m[K/home/ulugbek/dev-ws/src/cube_movement/src/cube_movement_node.cpp:4[m[K:
[1.704s] [01m[K/opt/ros/foxy/include/rcpputils/thread_safety_annotations.hpp:48:27:[m[K [01;36m[Knote: [m[Kcandidate: ‘[01m[Kconst std::mutex& operator!(const std::mutex&)[m[K’
[1.704s]    48 | inline const std::mutex & [01;36m[Koperator[m[K!(const std::mutex & a)
[1.704s]       |                           [01;36m[K^~~~~~~~[m[K
[1.704s] [01m[K/opt/ros/foxy/include/rcpputils/thread_safety_annotations.hpp:48:56:[m[K [01;36m[Knote: [m[K  no known conversion for argument 1 from ‘[01m[Kgeometry_msgs::msg::Point[m[K’ {aka ‘[01m[Kgeometry_msgs::msg::Point_<std::allocator<void> >[m[K’} to ‘[01m[Kconst std::mutex&[m[K’
[1.704s]    48 | inline const std::mutex & operator!([01;36m[Kconst std::mutex & a[m[K)
[1.704s]       |                                     [01;36m[K~~~~~~~~~~~~~~~~~~~^[m[K
[1.704s] [01m[K/home/ulugbek/dev-ws/src/cube_movement/src/cube_movement_node.cpp:36:29:[m[K [01;31m[Kerror: [m[Kno match for ‘[01m[Koperator![m[K’ (operand type is ‘[01m[Kgeometry_msgs::msg::Point[m[K’ {aka ‘[01m[Kgeometry_msgs::msg::Point_<std::allocator<void> >[m[K’})
[1.705s]    36 |     if (!final_position_ || [01;31m[K!initial_position_[m[K) {
[1.705s]       |                             [01;31m[K^~~~~~~~~~~~~~~~~~[m[K
[1.705s] [01m[K/home/ulugbek/dev-ws/src/cube_movement/src/cube_movement_node.cpp:36:29:[m[K [01;36m[Knote: [m[Kcandidate: ‘[01m[Koperator!(bool)[m[K’ <built-in>
[1.705s] [01m[K/home/ulugbek/dev-ws/src/cube_movement/src/cube_movement_node.cpp:36:29:[m[K [01;36m[Knote: [m[K  no known conversion for argument 1 from ‘[01m[Kgeometry_msgs::msg::Point[m[K’ {aka ‘[01m[Kgeometry_msgs::msg::Point_<std::allocator<void> >[m[K’} to ‘[01m[Kbool[m[K’
[1.705s] In file included from [01m[K/opt/ros/foxy/include/libstatistics_collector/moving_average_statistics/moving_average.hpp:30[m[K,
[1.705s]                  from [01m[K/opt/ros/foxy/include/libstatistics_collector/collector/collector.hpp:22[m[K,
[1.705s]                  from [01m[K/opt/ros/foxy/include/libstatistics_collector/topic_statistics_collector/topic_statistics_collector.hpp:24[m[K,
[1.705s]                  from [01m[K/opt/ros/foxy/include/libstatistics_collector/topic_statistics_collector/received_message_age.hpp:26[m[K,
[1.705s]                  from [01m[K/opt/ros/foxy/include/rclcpp/topic_statistics/subscription_topic_statistics.hpp:26[m[K,
[1.705s]                  from [01m[K/opt/ros/foxy/include/rclcpp/subscription.hpp:50[m[K,
[1.706s]                  from [01m[K/opt/ros/foxy/include/rclcpp/any_executable.hpp:25[m[K,
[1.706s]                  from [01m[K/opt/ros/foxy/include/rclcpp/memory_strategy.hpp:24[m[K,
[1.706s]                  from [01m[K/opt/ros/foxy/include/rclcpp/memory_strategies.hpp:18[m[K,
[1.706s]                  from [01m[K/opt/ros/foxy/include/rclcpp/executor_options.hpp:20[m[K,
[1.706s]                  from [01m[K/opt/ros/foxy/include/rclcpp/executor.hpp:33[m[K,
[1.706s]                  from [01m[K/opt/ros/foxy/include/rclcpp/executors/multi_threaded_executor.hpp:26[m[K,
[1.706s]                  from [01m[K/opt/ros/foxy/include/rclcpp/executors.hpp:21[m[K,
[1.706s]                  from [01m[K/opt/ros/foxy/include/rclcpp/rclcpp.hpp:146[m[K,
[1.706s]                  from [01m[K/home/ulugbek/dev-ws/src/cube_movement/src/cube_movement_node.cpp:4[m[K:
[1.706s] [01m[K/opt/ros/foxy/include/rcpputils/thread_safety_annotations.hpp:48:27:[m[K [01;36m[Knote: [m[Kcandidate: ‘[01m[Kconst std::mutex& operator!(const std::mutex&)[m[K’
[1.707s]    48 | inline const std::mutex & [01;36m[Koperator[m[K!(const std::mutex & a)
[1.707s]       |                           [01;36m[K^~~~~~~~[m[K
[1.707s] [01m[K/opt/ros/foxy/include/rcpputils/thread_safety_annotations.hpp:48:56:[m[K [01;36m[Knote: [m[K  no known conversion for argument 1 from ‘[01m[Kgeometry_msgs::msg::Point[m[K’ {aka ‘[01m[Kgeometry_msgs::msg::Point_<std::allocator<void> >[m[K’} to ‘[01m[Kconst std::mutex&[m[K’
[1.707s]    48 | inline const std::mutex & operator!([01;36m[Kconst std::mutex & a[m[K)
[1.707s]       |                                     [01;36m[K~~~~~~~~~~~~~~~~~~~^[m[K
[3.352s] make[2]: *** [CMakeFiles/cube_movement_node.dir/build.make:63: CMakeFiles/cube_movement_node.dir/src/cube_movement_node.cpp.o] Error 1
[3.352s] make[1]: *** [CMakeFiles/Makefile2:78: CMakeFiles/cube_movement_node.dir/all] Error 2
[3.352s] make: *** [Makefile:141: all] Error 2
[3.354s] Invoked command in '/home/ulugbek/dev-ws/src/build/cube_movement' returned '2': CMAKE_PREFIX_PATH=/home/ulugbek/dev-ws/install/velodyne_subscriber:/home/ulugbek/dev-ws/install/velodyne:/home/ulugbek/dev-ws/install/velodyne_pointcloud:/home/ulugbek/dev-ws/install/velodyne_driver:/home/ulugbek/dev-ws/install/velodyne_msgs:/home/ulugbek/dev-ws/install/velodyne_laserscan:/home/ulugbek/dev-ws/install/unity_robotics_demo:/home/ulugbek/dev-ws/install/ros_tcp_endpoint:/opt/ros/foxy:/home/ulugbek/dev-ws/install/unity_robotics_demo_msgs:/home/ulugbek/dev-ws/install/static_tf_publisher:/home/ulugbek/dev-ws/install/safe_landing:/home/ulugbek/dev-ws/install/my_package:/home/ulugbek/dev-ws/install/feature_extraction:/home/ulugbek/dev-ws/install/altitude_publisher CONDA_PROMPT_MODIFIER=(base) /usr/bin/cmake --build /home/ulugbek/dev-ws/src/build/cube_movement -- -j16 -l16
