[0.174s] Invoking command in '/home/ulugbek/dev-ws/src/build/velodyne_msgs': CMAKE_PREFIX_PATH=${CMAKE_PREFIX_PATH}:/home/ulugbek/dev-ws/src/install/ros_tcp_endpoint:/home/ulugbek/dev-ws/install/ros_tcp_endpoint:/opt/ros/foxy CONDA_PROMPT_MODIFIER=(base) /usr/bin/cmake --build /home/ulugbek/dev-ws/src/build/velodyne_msgs -- -j16 -l16
[0.527s] [  2%] Built target velodyne_msgs__cpp
[0.527s] [ 12%] Built target velodyne_msgs__rosidl_generator_c
[0.527s] [ 38%] Built target velodyne_msgs__rosidl_typesupport_c
[0.528s] [ 38%] Built target velodyne_msgs__rosidl_typesupport_cpp
[0.531s] [ 43%] Built target velodyne_msgs__rosidl_typesupport_introspection_cpp
[0.532s] [ 53%] Built target velodyne_msgs__rosidl_typesupport_fastrtps_cpp
[0.532s] [ 64%] Built target velodyne_msgs__rosidl_typesupport_introspection_c
[0.532s] [ 74%] Built target velodyne_msgs__rosidl_typesupport_fastrtps_c
[0.532s] [ 74%] Built target velodyne_msgs
[0.532s] [ 76%] Built target velodyne_msgs__py
[0.532s] [ 84%] Built target velodyne_msgs__python
[0.532s] [ 92%] Built target velodyne_msgs__rosidl_typesupport_introspection_c__pyext
[0.532s] [ 94%] Built target velodyne_msgs__rosidl_typesupport_c__pyext
[0.532s] [100%] Built target velodyne_msgs__rosidl_typesupport_fastrtps_c__pyext
[0.533s] Invoked command in '/home/ulugbek/dev-ws/src/build/velodyne_msgs' returned '0': CMAKE_PREFIX_PATH=${CMAKE_PREFIX_PATH}:/home/ulugbek/dev-ws/src/install/ros_tcp_endpoint:/home/ulugbek/dev-ws/install/ros_tcp_endpoint:/opt/ros/foxy CONDA_PROMPT_MODIFIER=(base) /usr/bin/cmake --build /home/ulugbek/dev-ws/src/build/velodyne_msgs -- -j16 -l16
[0.741s] Invoking command in '/home/ulugbek/dev-ws/src/build/velodyne_msgs': CMAKE_PREFIX_PATH=${CMAKE_PREFIX_PATH}:/home/ulugbek/dev-ws/src/install/ros_tcp_endpoint:/home/ulugbek/dev-ws/install/ros_tcp_endpoint:/opt/ros/foxy CONDA_PROMPT_MODIFIER=(base) /usr/bin/cmake --install /home/ulugbek/dev-ws/src/build/velodyne_msgs
[0.757s] -- Install configuration: ""
[0.757s] -- Up-to-date: /home/ulugbek/dev-ws/src/install/velodyne_msgs/share/ament_index/resource_index/rosidl_interfaces/velodyne_msgs
[0.757s] -- Up-to-date: /home/ulugbek/dev-ws/src/install/velodyne_msgs/include/velodyne_msgs
[0.758s] -- Up-to-date: /home/ulugbek/dev-ws/src/install/velodyne_msgs/include/velodyne_msgs/msg
[0.758s] -- Up-to-date: /home/ulugbek/dev-ws/src/install/velodyne_msgs/include/velodyne_msgs/msg/velodyne_packet.h
[0.758s] -- Up-to-date: /home/ulugbek/dev-ws/src/install/velodyne_msgs/include/velodyne_msgs/msg/velodyne_scan.h
[0.758s] -- Up-to-date: /home/ulugbek/dev-ws/src/install/velodyne_msgs/include/velodyne_msgs/msg/rosidl_generator_c__visibility_control.h
[0.758s] -- Up-to-date: /home/ulugbek/dev-ws/src/install/velodyne_msgs/include/velodyne_msgs/msg/detail
[0.759s] -- Up-to-date: /home/ulugbek/dev-ws/src/install/velodyne_msgs/include/velodyne_msgs/msg/detail/velodyne_scan__functions.c
[0.759s] -- Up-to-date: /home/ulugbek/dev-ws/src/install/velodyne_msgs/include/velodyne_msgs/msg/detail/velodyne_packet__struct.h
[0.759s] -- Up-to-date: /home/ulugbek/dev-ws/src/install/velodyne_msgs/include/velodyne_msgs/msg/detail/velodyne_scan__struct.h
[0.759s] -- Up-to-date: /home/ulugbek/dev-ws/src/install/velodyne_msgs/include/velodyne_msgs/msg/detail/velodyne_scan__functions.h
[0.759s] -- Up-to-date: /home/ulugbek/dev-ws/src/install/velodyne_msgs/include/velodyne_msgs/msg/detail/velodyne_scan__type_support.h
[0.759s] -- Up-to-date: /home/ulugbek/dev-ws/src/install/velodyne_msgs/include/velodyne_msgs/msg/detail/velodyne_packet__functions.h
[0.760s] -- Up-to-date: /home/ulugbek/dev-ws/src/install/velodyne_msgs/include/velodyne_msgs/msg/detail/velodyne_packet__functions.c
[0.760s] -- Up-to-date: /home/ulugbek/dev-ws/src/install/velodyne_msgs/include/velodyne_msgs/msg/detail/velodyne_packet__type_support.h
[0.760s] -- Up-to-date: /home/ulugbek/dev-ws/src/install/velodyne_msgs/share/velodyne_msgs/environment/library_path.sh
[0.760s] -- Up-to-date: /home/ulugbek/dev-ws/src/install/velodyne_msgs/share/velodyne_msgs/environment/library_path.dsv
[0.760s] -- Up-to-date: /home/ulugbek/dev-ws/src/install/velodyne_msgs/lib/libvelodyne_msgs__rosidl_generator_c.so
[0.767s] -- Up-to-date: /home/ulugbek/dev-ws/src/install/velodyne_msgs/include/velodyne_msgs
[0.767s] -- Up-to-date: /home/ulugbek/dev-ws/src/install/velodyne_msgs/include/velodyne_msgs/msg
[0.768s] -- Up-to-date: /home/ulugbek/dev-ws/src/install/velodyne_msgs/include/velodyne_msgs/msg/rosidl_typesupport_fastrtps_c__visibility_control.h
[0.768s] -- Up-to-date: /home/ulugbek/dev-ws/src/install/velodyne_msgs/include/velodyne_msgs/msg/detail
[0.768s] -- Up-to-date: /home/ulugbek/dev-ws/src/install/velodyne_msgs/include/velodyne_msgs/msg/detail/velodyne_packet__rosidl_typesupport_fastrtps_c.h
[0.768s] -- Up-to-date: /home/ulugbek/dev-ws/src/install/velodyne_msgs/include/velodyne_msgs/msg/detail/velodyne_scan__rosidl_typesupport_fastrtps_c.h
[0.768s] -- Up-to-date: /home/ulugbek/dev-ws/src/install/velodyne_msgs/lib/libvelodyne_msgs__rosidl_typesupport_fastrtps_c.so
[0.768s] -- Up-to-date: /home/ulugbek/dev-ws/src/install/velodyne_msgs/include/velodyne_msgs
[0.768s] -- Up-to-date: /home/ulugbek/dev-ws/src/install/velodyne_msgs/include/velodyne_msgs/msg
[0.769s] -- Up-to-date: /home/ulugbek/dev-ws/src/install/velodyne_msgs/include/velodyne_msgs/msg/rosidl_typesupport_fastrtps_cpp__visibility_control.h
[0.769s] -- Up-to-date: /home/ulugbek/dev-ws/src/install/velodyne_msgs/include/velodyne_msgs/msg/detail
[0.769s] -- Up-to-date: /home/ulugbek/dev-ws/src/install/velodyne_msgs/include/velodyne_msgs/msg/detail/velodyne_packet__rosidl_typesupport_fastrtps_cpp.hpp
[0.769s] -- Up-to-date: /home/ulugbek/dev-ws/src/install/velodyne_msgs/include/velodyne_msgs/msg/detail/dds_fastrtps
[0.769s] -- Up-to-date: /home/ulugbek/dev-ws/src/install/velodyne_msgs/include/velodyne_msgs/msg/detail/velodyne_scan__rosidl_typesupport_fastrtps_cpp.hpp
[0.769s] -- Up-to-date: /home/ulugbek/dev-ws/src/install/velodyne_msgs/lib/libvelodyne_msgs__rosidl_typesupport_fastrtps_cpp.so
[0.769s] -- Up-to-date: /home/ulugbek/dev-ws/src/install/velodyne_msgs/include/velodyne_msgs
[0.770s] -- Up-to-date: /home/ulugbek/dev-ws/src/install/velodyne_msgs/include/velodyne_msgs/msg
[0.770s] -- Up-to-date: /home/ulugbek/dev-ws/src/install/velodyne_msgs/include/velodyne_msgs/msg/rosidl_typesupport_introspection_c__visibility_control.h
[0.770s] -- Up-to-date: /home/ulugbek/dev-ws/src/install/velodyne_msgs/include/velodyne_msgs/msg/detail
[0.770s] -- Up-to-date: /home/ulugbek/dev-ws/src/install/velodyne_msgs/include/velodyne_msgs/msg/detail/velodyne_scan__type_support.c
[0.770s] -- Up-to-date: /home/ulugbek/dev-ws/src/install/velodyne_msgs/include/velodyne_msgs/msg/detail/velodyne_packet__type_support.c
[0.770s] -- Up-to-date: /home/ulugbek/dev-ws/src/install/velodyne_msgs/include/velodyne_msgs/msg/detail/velodyne_scan__rosidl_typesupport_introspection_c.h
[0.771s] -- Up-to-date: /home/ulugbek/dev-ws/src/install/velodyne_msgs/include/velodyne_msgs/msg/detail/velodyne_packet__rosidl_typesupport_introspection_c.h
[0.771s] -- Up-to-date: /home/ulugbek/dev-ws/src/install/velodyne_msgs/lib/libvelodyne_msgs__rosidl_typesupport_introspection_c.so
[0.771s] -- Up-to-date: /home/ulugbek/dev-ws/src/install/velodyne_msgs/lib/libvelodyne_msgs__rosidl_typesupport_c.so
[0.771s] -- Up-to-date: /home/ulugbek/dev-ws/src/install/velodyne_msgs/include/velodyne_msgs
[0.771s] -- Up-to-date: /home/ulugbek/dev-ws/src/install/velodyne_msgs/include/velodyne_msgs/msg
[0.771s] -- Up-to-date: /home/ulugbek/dev-ws/src/install/velodyne_msgs/include/velodyne_msgs/msg/velodyne_scan.hpp
[0.771s] -- Up-to-date: /home/ulugbek/dev-ws/src/install/velodyne_msgs/include/velodyne_msgs/msg/velodyne_packet.hpp
[0.772s] -- Up-to-date: /home/ulugbek/dev-ws/src/install/velodyne_msgs/include/velodyne_msgs/msg/detail
[0.772s] -- Up-to-date: /home/ulugbek/dev-ws/src/install/velodyne_msgs/include/velodyne_msgs/msg/detail/velodyne_scan__builder.hpp
[0.772s] -- Up-to-date: /home/ulugbek/dev-ws/src/install/velodyne_msgs/include/velodyne_msgs/msg/detail/velodyne_packet__builder.hpp
[0.772s] -- Up-to-date: /home/ulugbek/dev-ws/src/install/velodyne_msgs/include/velodyne_msgs/msg/detail/velodyne_packet__traits.hpp
[0.773s] -- Up-to-date: /home/ulugbek/dev-ws/src/install/velodyne_msgs/include/velodyne_msgs/msg/detail/velodyne_packet__struct.hpp
[0.778s] -- Up-to-date: /home/ulugbek/dev-ws/src/install/velodyne_msgs/include/velodyne_msgs/msg/detail/velodyne_scan__struct.hpp
[0.778s] -- Up-to-date: /home/ulugbek/dev-ws/src/install/velodyne_msgs/include/velodyne_msgs/msg/detail/velodyne_scan__traits.hpp
[0.778s] -- Up-to-date: /home/ulugbek/dev-ws/src/install/velodyne_msgs/include/velodyne_msgs
[0.779s] -- Up-to-date: /home/ulugbek/dev-ws/src/install/velodyne_msgs/include/velodyne_msgs/msg
[0.779s] -- Up-to-date: /home/ulugbek/dev-ws/src/install/velodyne_msgs/include/velodyne_msgs/msg/detail
[0.779s] -- Up-to-date: /home/ulugbek/dev-ws/src/install/velodyne_msgs/include/velodyne_msgs/msg/detail/velodyne_scan__rosidl_typesupport_introspection_cpp.hpp
[0.780s] -- Up-to-date: /home/ulugbek/dev-ws/src/install/velodyne_msgs/include/velodyne_msgs/msg/detail/velodyne_packet__rosidl_typesupport_introspection_cpp.hpp
[0.780s] -- Up-to-date: /home/ulugbek/dev-ws/src/install/velodyne_msgs/include/velodyne_msgs/msg/detail/velodyne_packet__type_support.cpp
[0.780s] -- Up-to-date: /home/ulugbek/dev-ws/src/install/velodyne_msgs/include/velodyne_msgs/msg/detail/velodyne_scan__type_support.cpp
[0.786s] -- Up-to-date: /home/ulugbek/dev-ws/src/install/velodyne_msgs/lib/libvelodyne_msgs__rosidl_typesupport_introspection_cpp.so
[0.786s] -- Up-to-date: /home/ulugbek/dev-ws/src/install/velodyne_msgs/lib/libvelodyne_msgs__rosidl_typesupport_cpp.so
[0.787s] -- Up-to-date: /home/ulugbek/dev-ws/src/install/velodyne_msgs/share/velodyne_msgs/environment/pythonpath.sh
[0.787s] -- Up-to-date: /home/ulugbek/dev-ws/src/install/velodyne_msgs/share/velodyne_msgs/environment/pythonpath.dsv
[0.788s] -- Up-to-date: /home/ulugbek/dev-ws/src/install/velodyne_msgs/lib/python3.9/site-packages/velodyne_msgs/__init__.py
[0.802s] -- Up-to-date: /home/ulugbek/dev-ws/src/install/velodyne_msgs/lib/python3.9/site-packages/velodyne_msgs/msg
[0.802s] -- Up-to-date: /home/ulugbek/dev-ws/src/install/velodyne_msgs/lib/python3.9/site-packages/velodyne_msgs/msg/_velodyne_packet.py
[0.802s] -- Up-to-date: /home/ulugbek/dev-ws/src/install/velodyne_msgs/lib/python3.9/site-packages/velodyne_msgs/msg/_velodyne_scan.py
[0.803s] -- Up-to-date: /home/ulugbek/dev-ws/src/install/velodyne_msgs/lib/python3.9/site-packages/velodyne_msgs/msg/_velodyne_scan_s.c
[0.803s] -- Up-to-date: /home/ulugbek/dev-ws/src/install/velodyne_msgs/lib/python3.9/site-packages/velodyne_msgs/msg/__init__.py
[0.803s] -- Up-to-date: /home/ulugbek/dev-ws/src/install/velodyne_msgs/lib/python3.9/site-packages/velodyne_msgs/msg/_velodyne_packet_s.c
[0.804s] -- Up-to-date: /home/ulugbek/dev-ws/src/install/velodyne_msgs/lib/python3.9/site-packages/velodyne_msgs/velodyne_msgs_s__rosidl_typesupport_fastrtps_c.cpython-39-x86_64-linux-gnu.so
[0.804s] -- Up-to-date: /home/ulugbek/dev-ws/src/install/velodyne_msgs/lib/python3.9/site-packages/velodyne_msgs/velodyne_msgs_s__rosidl_typesupport_introspection_c.cpython-39-x86_64-linux-gnu.so
[0.804s] -- Up-to-date: /home/ulugbek/dev-ws/src/install/velodyne_msgs/lib/python3.9/site-packages/velodyne_msgs/velodyne_msgs_s__rosidl_typesupport_c.cpython-39-x86_64-linux-gnu.so
[0.809s] -- Up-to-date: /home/ulugbek/dev-ws/src/install/velodyne_msgs/lib/libvelodyne_msgs__python.so
[0.810s] -- Up-to-date: /home/ulugbek/dev-ws/src/install/velodyne_msgs/share/velodyne_msgs/msg/VelodynePacket.idl
[0.810s] -- Up-to-date: /home/ulugbek/dev-ws/src/install/velodyne_msgs/share/velodyne_msgs/msg/VelodyneScan.idl
[0.810s] -- Up-to-date: /home/ulugbek/dev-ws/src/install/velodyne_msgs/share/velodyne_msgs/msg/VelodynePacket.msg
[0.810s] -- Up-to-date: /home/ulugbek/dev-ws/src/install/velodyne_msgs/share/velodyne_msgs/msg/VelodyneScan.msg
[0.810s] -- Up-to-date: /home/ulugbek/dev-ws/src/install/velodyne_msgs/share/ament_index/resource_index/package_run_dependencies/velodyne_msgs
[0.811s] -- Up-to-date: /home/ulugbek/dev-ws/src/install/velodyne_msgs/share/ament_index/resource_index/parent_prefix_path/velodyne_msgs
[0.811s] -- Up-to-date: /home/ulugbek/dev-ws/src/install/velodyne_msgs/share/velodyne_msgs/environment/ament_prefix_path.sh
[0.811s] -- Up-to-date: /home/ulugbek/dev-ws/src/install/velodyne_msgs/share/velodyne_msgs/environment/ament_prefix_path.dsv
[0.811s] -- Up-to-date: /home/ulugbek/dev-ws/src/install/velodyne_msgs/share/velodyne_msgs/environment/path.sh
[0.812s] -- Up-to-date: /home/ulugbek/dev-ws/src/install/velodyne_msgs/share/velodyne_msgs/environment/path.dsv
[0.812s] -- Up-to-date: /home/ulugbek/dev-ws/src/install/velodyne_msgs/share/velodyne_msgs/local_setup.bash
[0.812s] -- Up-to-date: /home/ulugbek/dev-ws/src/install/velodyne_msgs/share/velodyne_msgs/local_setup.sh
[0.812s] -- Up-to-date: /home/ulugbek/dev-ws/src/install/velodyne_msgs/share/velodyne_msgs/local_setup.zsh
[0.812s] -- Up-to-date: /home/ulugbek/dev-ws/src/install/velodyne_msgs/share/velodyne_msgs/local_setup.dsv
[0.812s] -- Installing: /home/ulugbek/dev-ws/src/install/velodyne_msgs/share/velodyne_msgs/package.dsv
[0.812s] -- Up-to-date: /home/ulugbek/dev-ws/src/install/velodyne_msgs/share/ament_index/resource_index/packages/velodyne_msgs
[0.813s] -- Up-to-date: /home/ulugbek/dev-ws/src/install/velodyne_msgs/share/velodyne_msgs/cmake/velodyne_msgs__rosidl_generator_cExport.cmake
[0.813s] -- Up-to-date: /home/ulugbek/dev-ws/src/install/velodyne_msgs/share/velodyne_msgs/cmake/velodyne_msgs__rosidl_generator_cExport-noconfig.cmake
[0.813s] -- Up-to-date: /home/ulugbek/dev-ws/src/install/velodyne_msgs/share/velodyne_msgs/cmake/velodyne_msgs__rosidl_typesupport_introspection_cExport.cmake
[0.813s] -- Up-to-date: /home/ulugbek/dev-ws/src/install/velodyne_msgs/share/velodyne_msgs/cmake/velodyne_msgs__rosidl_typesupport_introspection_cExport-noconfig.cmake
[0.813s] -- Up-to-date: /home/ulugbek/dev-ws/src/install/velodyne_msgs/share/velodyne_msgs/cmake/velodyne_msgs__rosidl_typesupport_cExport.cmake
[0.814s] -- Up-to-date: /home/ulugbek/dev-ws/src/install/velodyne_msgs/share/velodyne_msgs/cmake/velodyne_msgs__rosidl_typesupport_cExport-noconfig.cmake
[0.814s] -- Up-to-date: /home/ulugbek/dev-ws/src/install/velodyne_msgs/share/velodyne_msgs/cmake/velodyne_msgs__rosidl_generator_cppExport.cmake
[0.814s] -- Up-to-date: /home/ulugbek/dev-ws/src/install/velodyne_msgs/share/velodyne_msgs/cmake/velodyne_msgs__rosidl_typesupport_introspection_cppExport.cmake
[0.814s] -- Up-to-date: /home/ulugbek/dev-ws/src/install/velodyne_msgs/share/velodyne_msgs/cmake/velodyne_msgs__rosidl_typesupport_introspection_cppExport-noconfig.cmake
[0.814s] -- Up-to-date: /home/ulugbek/dev-ws/src/install/velodyne_msgs/share/velodyne_msgs/cmake/velodyne_msgs__rosidl_typesupport_cppExport.cmake
[0.814s] -- Up-to-date: /home/ulugbek/dev-ws/src/install/velodyne_msgs/share/velodyne_msgs/cmake/velodyne_msgs__rosidl_typesupport_cppExport-noconfig.cmake
[0.815s] -- Up-to-date: /home/ulugbek/dev-ws/src/install/velodyne_msgs/share/velodyne_msgs/cmake/rosidl_cmake-extras.cmake
[0.815s] -- Up-to-date: /home/ulugbek/dev-ws/src/install/velodyne_msgs/share/velodyne_msgs/cmake/ament_cmake_export_dependencies-extras.cmake
[0.815s] -- Up-to-date: /home/ulugbek/dev-ws/src/install/velodyne_msgs/share/velodyne_msgs/cmake/ament_cmake_export_libraries-extras.cmake
[0.815s] -- Up-to-date: /home/ulugbek/dev-ws/src/install/velodyne_msgs/share/velodyne_msgs/cmake/ament_cmake_export_targets-extras.cmake
[0.815s] -- Up-to-date: /home/ulugbek/dev-ws/src/install/velodyne_msgs/share/velodyne_msgs/cmake/ament_cmake_export_include_directories-extras.cmake
[0.815s] -- Up-to-date: /home/ulugbek/dev-ws/src/install/velodyne_msgs/share/velodyne_msgs/cmake/rosidl_cmake_export_typesupport_libraries-extras.cmake
[0.815s] -- Up-to-date: /home/ulugbek/dev-ws/src/install/velodyne_msgs/share/velodyne_msgs/cmake/rosidl_cmake_export_typesupport_targets-extras.cmake
[0.816s] -- Up-to-date: /home/ulugbek/dev-ws/src/install/velodyne_msgs/share/velodyne_msgs/cmake/velodyne_msgsConfig.cmake
[0.816s] -- Up-to-date: /home/ulugbek/dev-ws/src/install/velodyne_msgs/share/velodyne_msgs/cmake/velodyne_msgsConfig-version.cmake
[0.816s] -- Up-to-date: /home/ulugbek/dev-ws/src/install/velodyne_msgs/share/velodyne_msgs/package.xml
[0.890s] Invoked command in '/home/ulugbek/dev-ws/src/build/velodyne_msgs' returned '0': CMAKE_PREFIX_PATH=${CMAKE_PREFIX_PATH}:/home/ulugbek/dev-ws/src/install/ros_tcp_endpoint:/home/ulugbek/dev-ws/install/ros_tcp_endpoint:/opt/ros/foxy CONDA_PROMPT_MODIFIER=(base) /usr/bin/cmake --install /home/ulugbek/dev-ws/src/build/velodyne_msgs
