[0.481s] Invoking command in '/home/ulugbek/dev-ws/src/build/safe_landing': CMAKE_PREFIX_PATH=/home/ulugbek/dev-ws/install/velodyne_subscriber:/home/ulugbek/dev-ws/install/velodyne:/home/ulugbek/dev-ws/install/velodyne_pointcloud:/home/ulugbek/dev-ws/install/velodyne_driver:/home/ulugbek/dev-ws/install/velodyne_msgs:/home/ulugbek/dev-ws/install/velodyne_laserscan:/home/ulugbek/dev-ws/install/unity_robotics_demo:/home/ulugbek/dev-ws/install/ros_tcp_endpoint:/opt/ros/foxy:/home/ulugbek/dev-ws/install/unity_robotics_demo_msgs:/home/ulugbek/dev-ws/install/static_tf_publisher:/home/ulugbek/dev-ws/install/safe_landing:/home/ulugbek/dev-ws/install/my_package:/home/ulugbek/dev-ws/install/feature_extraction:/home/ulugbek/dev-ws/install/altitude_publisher CONDA_PROMPT_MODIFIER=(base) /usr/bin/cmake --build /home/ulugbek/dev-ws/src/build/safe_landing -- -j16 -l16
[0.754s] [100%] Built target safe_landing_node
[0.764s] Invoked command in '/home/ulugbek/dev-ws/src/build/safe_landing' returned '0': CMAKE_PREFIX_PATH=/home/ulugbek/dev-ws/install/velodyne_subscriber:/home/ulugbek/dev-ws/install/velodyne:/home/ulugbek/dev-ws/install/velodyne_pointcloud:/home/ulugbek/dev-ws/install/velodyne_driver:/home/ulugbek/dev-ws/install/velodyne_msgs:/home/ulugbek/dev-ws/install/velodyne_laserscan:/home/ulugbek/dev-ws/install/unity_robotics_demo:/home/ulugbek/dev-ws/install/ros_tcp_endpoint:/opt/ros/foxy:/home/ulugbek/dev-ws/install/unity_robotics_demo_msgs:/home/ulugbek/dev-ws/install/static_tf_publisher:/home/ulugbek/dev-ws/install/safe_landing:/home/ulugbek/dev-ws/install/my_package:/home/ulugbek/dev-ws/install/feature_extraction:/home/ulugbek/dev-ws/install/altitude_publisher CONDA_PROMPT_MODIFIER=(base) /usr/bin/cmake --build /home/ulugbek/dev-ws/src/build/safe_landing -- -j16 -l16
[0.826s] Invoking command in '/home/ulugbek/dev-ws/src/build/safe_landing': CMAKE_PREFIX_PATH=/home/ulugbek/dev-ws/install/velodyne_subscriber:/home/ulugbek/dev-ws/install/velodyne:/home/ulugbek/dev-ws/install/velodyne_pointcloud:/home/ulugbek/dev-ws/install/velodyne_driver:/home/ulugbek/dev-ws/install/velodyne_msgs:/home/ulugbek/dev-ws/install/velodyne_laserscan:/home/ulugbek/dev-ws/install/unity_robotics_demo:/home/ulugbek/dev-ws/install/ros_tcp_endpoint:/opt/ros/foxy:/home/ulugbek/dev-ws/install/unity_robotics_demo_msgs:/home/ulugbek/dev-ws/install/static_tf_publisher:/home/ulugbek/dev-ws/install/safe_landing:/home/ulugbek/dev-ws/install/my_package:/home/ulugbek/dev-ws/install/feature_extraction:/home/ulugbek/dev-ws/install/altitude_publisher CONDA_PROMPT_MODIFIER=(base) /usr/bin/cmake --install /home/ulugbek/dev-ws/src/build/safe_landing
[0.877s] -- Install configuration: ""
[0.877s] -- Up-to-date: /home/ulugbek/dev-ws/src/install/safe_landing/lib/safe_landing/safe_landing_node
[0.884s] -- Up-to-date: /home/ulugbek/dev-ws/src/install/safe_landing/share/ament_index/resource_index/package_run_dependencies/safe_landing
[0.887s] -- Up-to-date: /home/ulugbek/dev-ws/src/install/safe_landing/share/ament_index/resource_index/parent_prefix_path/safe_landing
[0.888s] -- Up-to-date: /home/ulugbek/dev-ws/src/install/safe_landing/share/safe_landing/environment/ament_prefix_path.sh
[0.888s] -- Up-to-date: /home/ulugbek/dev-ws/src/install/safe_landing/share/safe_landing/environment/ament_prefix_path.dsv
[0.888s] -- Up-to-date: /home/ulugbek/dev-ws/src/install/safe_landing/share/safe_landing/environment/path.sh
[0.888s] -- Up-to-date: /home/ulugbek/dev-ws/src/install/safe_landing/share/safe_landing/environment/path.dsv
[0.888s] -- Up-to-date: /home/ulugbek/dev-ws/src/install/safe_landing/share/safe_landing/local_setup.bash
[0.888s] -- Up-to-date: /home/ulugbek/dev-ws/src/install/safe_landing/share/safe_landing/local_setup.sh
[0.888s] -- Up-to-date: /home/ulugbek/dev-ws/src/install/safe_landing/share/safe_landing/local_setup.zsh
[0.888s] -- Up-to-date: /home/ulugbek/dev-ws/src/install/safe_landing/share/safe_landing/local_setup.dsv
[0.888s] -- Installing: /home/ulugbek/dev-ws/src/install/safe_landing/share/safe_landing/package.dsv
[0.889s] -- Up-to-date: /home/ulugbek/dev-ws/src/install/safe_landing/share/ament_index/resource_index/packages/safe_landing
[0.889s] -- Up-to-date: /home/ulugbek/dev-ws/src/install/safe_landing/share/safe_landing/cmake/safe_landingConfig.cmake
[0.889s] -- Up-to-date: /home/ulugbek/dev-ws/src/install/safe_landing/share/safe_landing/cmake/safe_landingConfig-version.cmake
[0.889s] -- Up-to-date: /home/ulugbek/dev-ws/src/install/safe_landing/share/safe_landing/package.xml
[1.000s] Invoked command in '/home/ulugbek/dev-ws/src/build/safe_landing' returned '0': CMAKE_PREFIX_PATH=/home/ulugbek/dev-ws/install/velodyne_subscriber:/home/ulugbek/dev-ws/install/velodyne:/home/ulugbek/dev-ws/install/velodyne_pointcloud:/home/ulugbek/dev-ws/install/velodyne_driver:/home/ulugbek/dev-ws/install/velodyne_msgs:/home/ulugbek/dev-ws/install/velodyne_laserscan:/home/ulugbek/dev-ws/install/unity_robotics_demo:/home/ulugbek/dev-ws/install/ros_tcp_endpoint:/opt/ros/foxy:/home/ulugbek/dev-ws/install/unity_robotics_demo_msgs:/home/ulugbek/dev-ws/install/static_tf_publisher:/home/ulugbek/dev-ws/install/safe_landing:/home/ulugbek/dev-ws/install/my_package:/home/ulugbek/dev-ws/install/feature_extraction:/home/ulugbek/dev-ws/install/altitude_publisher CONDA_PROMPT_MODIFIER=(base) /usr/bin/cmake --install /home/ulugbek/dev-ws/src/build/safe_landing
