[1.286s] Invoking command in '/home/ulugbek/dev-ws/src/unity_robotics_demo': CONDA_PROMPT_MODIFIER=(base) PYTHONPATH=/home/ulugbek/dev-ws/src/build/unity_robotics_demo/prefix_override:/home/ulugbek/dev-ws/src/install/unity_robotics_demo/lib/python3.8/site-packages:${PYTHONPATH} /usr/bin/python3 setup.py egg_info --egg-base ../build/unity_robotics_demo build --build-base /home/ulugbek/dev-ws/src/build/unity_robotics_demo/build install --record /home/ulugbek/dev-ws/src/build/unity_robotics_demo/install.log --install-scripts $base/lib/unity_robotics_demo --single-version-externally-managed
[1.504s] running egg_info
[1.505s] writing ../build/unity_robotics_demo/unity_robotics_demo.egg-info/PKG-INFO
[1.505s] writing dependency_links to ../build/unity_robotics_demo/unity_robotics_demo.egg-info/dependency_links.txt
[1.505s] writing entry points to ../build/unity_robotics_demo/unity_robotics_demo.egg-info/entry_points.txt
[1.505s] writing requirements to ../build/unity_robotics_demo/unity_robotics_demo.egg-info/requires.txt
[1.506s] writing top-level names to ../build/unity_robotics_demo/unity_robotics_demo.egg-info/top_level.txt
[1.563s] reading manifest file '../build/unity_robotics_demo/unity_robotics_demo.egg-info/SOURCES.txt'
[1.564s] writing manifest file '../build/unity_robotics_demo/unity_robotics_demo.egg-info/SOURCES.txt'
[1.564s] running build
[1.564s] running build_py
[1.564s] running install
[1.564s] running install_lib
[1.564s] running install_data
[1.564s] running install_egg_info
[1.565s] removing '/home/ulugbek/dev-ws/src/install/unity_robotics_demo/lib/python3.8/site-packages/unity_robotics_demo-0.0.1-py3.8.egg-info' (and everything under it)
[1.565s] Copying ../build/unity_robotics_demo/unity_robotics_demo.egg-info to /home/ulugbek/dev-ws/src/install/unity_robotics_demo/lib/python3.8/site-packages/unity_robotics_demo-0.0.1-py3.8.egg-info
[1.565s] running install_scripts
[1.577s] Installing color_publisher script to /home/ulugbek/dev-ws/src/install/unity_robotics_demo/lib/unity_robotics_demo
[1.577s] Installing position_service script to /home/ulugbek/dev-ws/src/install/unity_robotics_demo/lib/unity_robotics_demo
[1.577s] writing list of installed files to '/home/ulugbek/dev-ws/src/build/unity_robotics_demo/install.log'
[1.621s] Invoked command in '/home/ulugbek/dev-ws/src/unity_robotics_demo' returned '0': CONDA_PROMPT_MODIFIER=(base) PYTHONPATH=/home/ulugbek/dev-ws/src/build/unity_robotics_demo/prefix_override:/home/ulugbek/dev-ws/src/install/unity_robotics_demo/lib/python3.8/site-packages:${PYTHONPATH} /usr/bin/python3 setup.py egg_info --egg-base ../build/unity_robotics_demo build --build-base /home/ulugbek/dev-ws/src/build/unity_robotics_demo/build install --record /home/ulugbek/dev-ws/src/build/unity_robotics_demo/install.log --install-scripts $base/lib/unity_robotics_demo --single-version-externally-managed
