[0.055s] Invoking command in '/home/ulugbek/dev-ws/src/build/velodyne_pointcloud': AMENT_PREFIX_PATH=/home/ulugbek/dev-ws/src/install/velodyne_msgs:${AMENT_PREFIX_PATH} CMAKE_PREFIX_PATH=/home/ulugbek/dev-ws/src/install/velodyne_msgs:/opt/ros/foxy CONDA_PROMPT_MODIFIER=(base) LD_LIBRARY_PATH=/home/ulugbek/dev-ws/src/install/velodyne_msgs/lib:${LD_LIBRARY_PATH} PYTHONPATH=/home/ulugbek/dev-ws/src/install/velodyne_msgs/lib/python3.9/site-packages:${PYTHONPATH} /usr/bin/cmake --build /home/ulugbek/dev-ws/src/build/velodyne_pointcloud -- -j16 -l16
[0.105s] [ 22%] Built target gtest
[0.105s] [ 22%] Built target gtest_main
[0.119s] [ 38%] Built target velodyne_rawdata
[0.127s] [ 55%] Built target velodyne_cloud_types
[0.146s] [ 66%] Built target test_row_step
[0.148s] [ 77%] Built target test_calibration
[0.160s] [ 88%] Built target transform
[0.196s] [100%] Built target velodyne_transform_node
[0.209s] Invoked command in '/home/ulugbek/dev-ws/src/build/velodyne_pointcloud' returned '0': AMENT_PREFIX_PATH=/home/ulugbek/dev-ws/src/install/velodyne_msgs:${AMENT_PREFIX_PATH} CMAKE_PREFIX_PATH=/home/ulugbek/dev-ws/src/install/velodyne_msgs:/opt/ros/foxy CONDA_PROMPT_MODIFIER=(base) LD_LIBRARY_PATH=/home/ulugbek/dev-ws/src/install/velodyne_msgs/lib:${LD_LIBRARY_PATH} PYTHONPATH=/home/ulugbek/dev-ws/src/install/velodyne_msgs/lib/python3.9/site-packages:${PYTHONPATH} /usr/bin/cmake --build /home/ulugbek/dev-ws/src/build/velodyne_pointcloud -- -j16 -l16
[0.280s] Invoking command in '/home/ulugbek/dev-ws/src/build/velodyne_pointcloud': AMENT_PREFIX_PATH=/home/ulugbek/dev-ws/src/install/velodyne_msgs:${AMENT_PREFIX_PATH} CMAKE_PREFIX_PATH=/home/ulugbek/dev-ws/src/install/velodyne_msgs:/opt/ros/foxy CONDA_PROMPT_MODIFIER=(base) LD_LIBRARY_PATH=/home/ulugbek/dev-ws/src/install/velodyne_msgs/lib:${LD_LIBRARY_PATH} PYTHONPATH=/home/ulugbek/dev-ws/src/install/velodyne_msgs/lib/python3.9/site-packages:${PYTHONPATH} /usr/bin/cmake --install /home/ulugbek/dev-ws/src/build/velodyne_pointcloud
[0.298s] -- Install configuration: ""
[0.298s] -- Up-to-date: /home/ulugbek/dev-ws/src/install/velodyne_pointcloud/lib/libtransform.so
[0.298s] -- Up-to-date: /home/ulugbek/dev-ws/src/install/velodyne_pointcloud/lib/velodyne_pointcloud/velodyne_transform_node
[0.299s] -- Up-to-date: /home/ulugbek/dev-ws/src/install/velodyne_pointcloud/include/velodyne_pointcloud
[0.299s] -- Up-to-date: /home/ulugbek/dev-ws/src/install/velodyne_pointcloud/include/velodyne_pointcloud/datacontainerbase.hpp
[0.299s] -- Up-to-date: /home/ulugbek/dev-ws/src/install/velodyne_pointcloud/include/velodyne_pointcloud/calibration.hpp
[0.299s] -- Up-to-date: /home/ulugbek/dev-ws/src/install/velodyne_pointcloud/include/velodyne_pointcloud/rawdata.hpp
[0.299s] -- Up-to-date: /home/ulugbek/dev-ws/src/install/velodyne_pointcloud/include/velodyne_pointcloud/pointcloudXYZIRT.hpp
[0.299s] -- Up-to-date: /home/ulugbek/dev-ws/src/install/velodyne_pointcloud/include/velodyne_pointcloud/transform.hpp
[0.299s] -- Up-to-date: /home/ulugbek/dev-ws/src/install/velodyne_pointcloud/include/velodyne_pointcloud/organized_cloudXYZIRT.hpp
[0.299s] -- Up-to-date: /home/ulugbek/dev-ws/src/install/velodyne_pointcloud/share/velodyne_pointcloud/config
[0.299s] -- Up-to-date: /home/ulugbek/dev-ws/src/install/velodyne_pointcloud/share/velodyne_pointcloud/config/VLP16-velodyne_transform_node-params.yaml
[0.299s] -- Up-to-date: /home/ulugbek/dev-ws/src/install/velodyne_pointcloud/share/velodyne_pointcloud/config/VLP32C-velodyne_transform_node-params.yaml
[0.300s] -- Up-to-date: /home/ulugbek/dev-ws/src/install/velodyne_pointcloud/share/velodyne_pointcloud/launch
[0.300s] -- Up-to-date: /home/ulugbek/dev-ws/src/install/velodyne_pointcloud/share/velodyne_pointcloud/launch/velodyne_transform_node-VLP32C-launch.py
[0.300s] -- Up-to-date: /home/ulugbek/dev-ws/src/install/velodyne_pointcloud/share/velodyne_pointcloud/launch/velodyne_transform_node-VLP16-composed-launch.py
[0.300s] -- Up-to-date: /home/ulugbek/dev-ws/src/install/velodyne_pointcloud/share/velodyne_pointcloud/launch/velodyne_transform_node-VLP16-launch.py
[0.300s] -- Up-to-date: /home/ulugbek/dev-ws/src/install/velodyne_pointcloud/share/velodyne_pointcloud/launch/velodyne_transform_node-VLP32C-composed-launch.py
[0.300s] -- Up-to-date: /home/ulugbek/dev-ws/src/install/velodyne_pointcloud/share/velodyne_pointcloud/params
[0.300s] -- Up-to-date: /home/ulugbek/dev-ws/src/install/velodyne_pointcloud/share/velodyne_pointcloud/params/VLP16_hires_db.yaml
[0.300s] -- Up-to-date: /home/ulugbek/dev-ws/src/install/velodyne_pointcloud/share/velodyne_pointcloud/params/VLP16db.yaml
[0.300s] -- Up-to-date: /home/ulugbek/dev-ws/src/install/velodyne_pointcloud/share/velodyne_pointcloud/params/32db.yaml
[0.300s] -- Up-to-date: /home/ulugbek/dev-ws/src/install/velodyne_pointcloud/share/velodyne_pointcloud/params/VeloView-VLP-32C.yaml
[0.300s] -- Up-to-date: /home/ulugbek/dev-ws/src/install/velodyne_pointcloud/share/velodyne_pointcloud/params/64e_utexas.yaml
[0.300s] -- Up-to-date: /home/ulugbek/dev-ws/src/install/velodyne_pointcloud/share/velodyne_pointcloud/params/issue_84_float_intensities.yaml
[0.300s] -- Up-to-date: /home/ulugbek/dev-ws/src/install/velodyne_pointcloud/share/velodyne_pointcloud/params/64e_s2.1-sztaki.yaml
[0.301s] -- Up-to-date: /home/ulugbek/dev-ws/src/install/velodyne_pointcloud/share/velodyne_pointcloud/params/64e_s3-xiesc.yaml
[0.301s] -- Up-to-date: /home/ulugbek/dev-ws/src/install/velodyne_pointcloud/share/velodyne_pointcloud/params/rviz_points.vcg
[0.301s] -- Up-to-date: /home/ulugbek/dev-ws/src/install/velodyne_pointcloud/share/ament_index/resource_index/package_run_dependencies/velodyne_pointcloud
[0.301s] -- Up-to-date: /home/ulugbek/dev-ws/src/install/velodyne_pointcloud/share/ament_index/resource_index/parent_prefix_path/velodyne_pointcloud
[0.301s] -- Up-to-date: /home/ulugbek/dev-ws/src/install/velodyne_pointcloud/share/velodyne_pointcloud/environment/ament_prefix_path.sh
[0.301s] -- Up-to-date: /home/ulugbek/dev-ws/src/install/velodyne_pointcloud/share/velodyne_pointcloud/environment/ament_prefix_path.dsv
[0.301s] -- Up-to-date: /home/ulugbek/dev-ws/src/install/velodyne_pointcloud/share/velodyne_pointcloud/environment/path.sh
[0.301s] -- Up-to-date: /home/ulugbek/dev-ws/src/install/velodyne_pointcloud/share/velodyne_pointcloud/environment/path.dsv
[0.301s] -- Up-to-date: /home/ulugbek/dev-ws/src/install/velodyne_pointcloud/share/velodyne_pointcloud/local_setup.bash
[0.301s] -- Up-to-date: /home/ulugbek/dev-ws/src/install/velodyne_pointcloud/share/velodyne_pointcloud/local_setup.sh
[0.301s] -- Up-to-date: /home/ulugbek/dev-ws/src/install/velodyne_pointcloud/share/velodyne_pointcloud/local_setup.zsh
[0.301s] -- Up-to-date: /home/ulugbek/dev-ws/src/install/velodyne_pointcloud/share/velodyne_pointcloud/local_setup.dsv
[0.301s] -- Installing: /home/ulugbek/dev-ws/src/install/velodyne_pointcloud/share/velodyne_pointcloud/package.dsv
[0.302s] -- Up-to-date: /home/ulugbek/dev-ws/src/install/velodyne_pointcloud/share/ament_index/resource_index/packages/velodyne_pointcloud
[0.302s] -- Up-to-date: /home/ulugbek/dev-ws/src/install/velodyne_pointcloud/share/ament_index/resource_index/rclcpp_components/velodyne_pointcloud
[0.302s] -- Up-to-date: /home/ulugbek/dev-ws/src/install/velodyne_pointcloud/share/velodyne_pointcloud/cmake/velodyne_pointcloudConfig.cmake
[0.302s] -- Up-to-date: /home/ulugbek/dev-ws/src/install/velodyne_pointcloud/share/velodyne_pointcloud/cmake/velodyne_pointcloudConfig-version.cmake
[0.302s] -- Up-to-date: /home/ulugbek/dev-ws/src/install/velodyne_pointcloud/share/velodyne_pointcloud/package.xml
[0.302s] -- Up-to-date: /home/ulugbek/dev-ws/src/install/velodyne_pointcloud/lib/libvelodyne_cloud_types.so
[0.302s] -- Up-to-date: /home/ulugbek/dev-ws/src/install/velodyne_pointcloud/lib/libvelodyne_rawdata.so
[0.345s] Invoked command in '/home/ulugbek/dev-ws/src/build/velodyne_pointcloud' returned '0': AMENT_PREFIX_PATH=/home/ulugbek/dev-ws/src/install/velodyne_msgs:${AMENT_PREFIX_PATH} CMAKE_PREFIX_PATH=/home/ulugbek/dev-ws/src/install/velodyne_msgs:/opt/ros/foxy CONDA_PROMPT_MODIFIER=(base) LD_LIBRARY_PATH=/home/ulugbek/dev-ws/src/install/velodyne_msgs/lib:${LD_LIBRARY_PATH} PYTHONPATH=/home/ulugbek/dev-ws/src/install/velodyne_msgs/lib/python3.9/site-packages:${PYTHONPATH} /usr/bin/cmake --install /home/ulugbek/dev-ws/src/build/velodyne_pointcloud
