[0.047s] Invoking command in '/home/ulugbek/dev-ws/src/build/velodyne_driver': CMAKE_PREFIX_PATH=${CMAKE_PREFIX_PATH}:/home/ulugbek/dev-ws/src/install/ros_tcp_endpoint:/home/ulugbek/dev-ws/install/ros_tcp_endpoint:/opt/ros/foxy CONDA_PROMPT_MODIFIER=(base) /usr/bin/cmake --build /home/ulugbek/dev-ws/src/build/velodyne_driver -- -j16 -l16
[0.091s] [ 16%] Built target gtest_main
[0.097s] [ 33%] Built target gtest
[0.100s] [ 50%] Built target velodyne_input
[0.129s] [ 66%] Built target velodyne_driver
[0.129s] [ 83%] Built target time_test
[0.158s] [100%] Built target velodyne_driver_node
[0.168s] Invoked command in '/home/ulugbek/dev-ws/src/build/velodyne_driver' returned '0': CMAKE_PREFIX_PATH=${CMAKE_PREFIX_PATH}:/home/ulugbek/dev-ws/src/install/ros_tcp_endpoint:/home/ulugbek/dev-ws/install/ros_tcp_endpoint:/opt/ros/foxy CONDA_PROMPT_MODIFIER=(base) /usr/bin/cmake --build /home/ulugbek/dev-ws/src/build/velodyne_driver -- -j16 -l16
[0.205s] Invoking command in '/home/ulugbek/dev-ws/src/build/velodyne_driver': CMAKE_PREFIX_PATH=${CMAKE_PREFIX_PATH}:/home/ulugbek/dev-ws/src/install/ros_tcp_endpoint:/home/ulugbek/dev-ws/install/ros_tcp_endpoint:/opt/ros/foxy CONDA_PROMPT_MODIFIER=(base) /usr/bin/cmake --install /home/ulugbek/dev-ws/src/build/velodyne_driver
[0.212s] -- Install configuration: ""
[0.212s] -- Installing: /home/ulugbek/dev-ws/src/install/velodyne_driver/lib/libvelodyne_driver.so
[0.214s] -- Set runtime path of "/home/ulugbek/dev-ws/src/install/velodyne_driver/lib/libvelodyne_driver.so" to ""
[0.214s] -- Installing: /home/ulugbek/dev-ws/src/install/velodyne_driver/lib/velodyne_driver/velodyne_driver_node
[0.214s] -- Set runtime path of "/home/ulugbek/dev-ws/src/install/velodyne_driver/lib/velodyne_driver/velodyne_driver_node" to ""
[0.215s] -- Installing: /home/ulugbek/dev-ws/src/install/velodyne_driver/include/velodyne_driver
[0.215s] -- Installing: /home/ulugbek/dev-ws/src/install/velodyne_driver/include/velodyne_driver/time_conversion.hpp
[0.215s] -- Installing: /home/ulugbek/dev-ws/src/install/velodyne_driver/include/velodyne_driver/input.hpp
[0.215s] -- Installing: /home/ulugbek/dev-ws/src/install/velodyne_driver/include/velodyne_driver/driver.hpp
[0.215s] -- Installing: /home/ulugbek/dev-ws/src/install/velodyne_driver/share/velodyne_driver/config
[0.215s] -- Installing: /home/ulugbek/dev-ws/src/install/velodyne_driver/share/velodyne_driver/config/VLP16-velodyne_driver_node-params.yaml
[0.215s] -- Installing: /home/ulugbek/dev-ws/src/install/velodyne_driver/share/velodyne_driver/config/VLP32C-velodyne_driver_node-params.yaml
[0.215s] -- Installing: /home/ulugbek/dev-ws/src/install/velodyne_driver/share/velodyne_driver/launch
[0.215s] -- Installing: /home/ulugbek/dev-ws/src/install/velodyne_driver/share/velodyne_driver/launch/velodyne_driver_node-VLP32C-composed-launch.py
[0.215s] -- Installing: /home/ulugbek/dev-ws/src/install/velodyne_driver/share/velodyne_driver/launch/velodyne_driver_node-VLP32C-launch.py
[0.216s] -- Installing: /home/ulugbek/dev-ws/src/install/velodyne_driver/share/velodyne_driver/launch/velodyne_driver_node-VLP16-launch.py
[0.216s] -- Installing: /home/ulugbek/dev-ws/src/install/velodyne_driver/share/velodyne_driver/launch/velodyne_driver_node-VLP16-composed-launch.py
[0.216s] -- Installing: /home/ulugbek/dev-ws/src/install/velodyne_driver/lib/velodyne_driver/vdump
[0.216s] -- Installing: /home/ulugbek/dev-ws/src/install/velodyne_driver/share/ament_index/resource_index/package_run_dependencies/velodyne_driver
[0.216s] -- Installing: /home/ulugbek/dev-ws/src/install/velodyne_driver/share/ament_index/resource_index/parent_prefix_path/velodyne_driver
[0.216s] -- Installing: /home/ulugbek/dev-ws/src/install/velodyne_driver/share/velodyne_driver/environment/ament_prefix_path.sh
[0.216s] -- Installing: /home/ulugbek/dev-ws/src/install/velodyne_driver/share/velodyne_driver/environment/ament_prefix_path.dsv
[0.216s] -- Installing: /home/ulugbek/dev-ws/src/install/velodyne_driver/share/velodyne_driver/environment/path.sh
[0.216s] -- Installing: /home/ulugbek/dev-ws/src/install/velodyne_driver/share/velodyne_driver/environment/path.dsv
[0.216s] -- Installing: /home/ulugbek/dev-ws/src/install/velodyne_driver/share/velodyne_driver/local_setup.bash
[0.217s] -- Installing: /home/ulugbek/dev-ws/src/install/velodyne_driver/share/velodyne_driver/local_setup.sh
[0.217s] -- Installing: /home/ulugbek/dev-ws/src/install/velodyne_driver/share/velodyne_driver/local_setup.zsh
[0.217s] -- Installing: /home/ulugbek/dev-ws/src/install/velodyne_driver/share/velodyne_driver/local_setup.dsv
[0.217s] -- Installing: /home/ulugbek/dev-ws/src/install/velodyne_driver/share/velodyne_driver/package.dsv
[0.217s] -- Installing: /home/ulugbek/dev-ws/src/install/velodyne_driver/share/ament_index/resource_index/packages/velodyne_driver
[0.217s] -- Installing: /home/ulugbek/dev-ws/src/install/velodyne_driver/share/ament_index/resource_index/rclcpp_components/velodyne_driver
[0.217s] -- Installing: /home/ulugbek/dev-ws/src/install/velodyne_driver/share/velodyne_driver/cmake/velodyne_driverConfig.cmake
[0.217s] -- Installing: /home/ulugbek/dev-ws/src/install/velodyne_driver/share/velodyne_driver/cmake/velodyne_driverConfig-version.cmake
[0.217s] -- Installing: /home/ulugbek/dev-ws/src/install/velodyne_driver/share/velodyne_driver/package.xml
[0.217s] -- Installing: /home/ulugbek/dev-ws/src/install/velodyne_driver/lib/libvelodyne_input.so
[0.218s] -- Set runtime path of "/home/ulugbek/dev-ws/src/install/velodyne_driver/lib/libvelodyne_input.so" to ""
[0.230s] Invoked command in '/home/ulugbek/dev-ws/src/build/velodyne_driver' returned '0': CMAKE_PREFIX_PATH=${CMAKE_PREFIX_PATH}:/home/ulugbek/dev-ws/src/install/ros_tcp_endpoint:/home/ulugbek/dev-ws/install/ros_tcp_endpoint:/opt/ros/foxy CONDA_PROMPT_MODIFIER=(base) /usr/bin/cmake --install /home/ulugbek/dev-ws/src/build/velodyne_driver
