[0.132s] Invoking command in '/home/ulugbek/dev-ws/src/build/feature_extraction': CMAKE_PREFIX_PATH=/home/ulugbek/dev-ws/install/velodyne_subscriber:/home/ulugbek/dev-ws/install/velodyne:/home/ulugbek/dev-ws/install/velodyne_pointcloud:/home/ulugbek/dev-ws/install/velodyne_driver:/home/ulugbek/dev-ws/install/velodyne_msgs:/home/ulugbek/dev-ws/install/velodyne_laserscan:/home/ulugbek/dev-ws/install/unity_robotics_demo:/home/ulugbek/dev-ws/install/ros_tcp_endpoint:/opt/ros/foxy:/home/ulugbek/dev-ws/install/unity_robotics_demo_msgs:/home/ulugbek/dev-ws/install/static_tf_publisher:/home/ulugbek/dev-ws/install/safe_landing:/home/ulugbek/dev-ws/install/my_package:/home/ulugbek/dev-ws/install/feature_extraction:/home/ulugbek/dev-ws/install/altitude_publisher CONDA_PROMPT_MODIFIER=(base) /usr/bin/cmake --build /home/ulugbek/dev-ws/src/build/feature_extraction -- -j16 -l16
[0.697s] [100%] Built target feature_extraction_node
[0.711s] Invoked command in '/home/ulugbek/dev-ws/src/build/feature_extraction' returned '0': CMAKE_PREFIX_PATH=/home/ulugbek/dev-ws/install/velodyne_subscriber:/home/ulugbek/dev-ws/install/velodyne:/home/ulugbek/dev-ws/install/velodyne_pointcloud:/home/ulugbek/dev-ws/install/velodyne_driver:/home/ulugbek/dev-ws/install/velodyne_msgs:/home/ulugbek/dev-ws/install/velodyne_laserscan:/home/ulugbek/dev-ws/install/unity_robotics_demo:/home/ulugbek/dev-ws/install/ros_tcp_endpoint:/opt/ros/foxy:/home/ulugbek/dev-ws/install/unity_robotics_demo_msgs:/home/ulugbek/dev-ws/install/static_tf_publisher:/home/ulugbek/dev-ws/install/safe_landing:/home/ulugbek/dev-ws/install/my_package:/home/ulugbek/dev-ws/install/feature_extraction:/home/ulugbek/dev-ws/install/altitude_publisher CONDA_PROMPT_MODIFIER=(base) /usr/bin/cmake --build /home/ulugbek/dev-ws/src/build/feature_extraction -- -j16 -l16
[0.762s] Invoking command in '/home/ulugbek/dev-ws/src/build/feature_extraction': CMAKE_PREFIX_PATH=/home/ulugbek/dev-ws/install/velodyne_subscriber:/home/ulugbek/dev-ws/install/velodyne:/home/ulugbek/dev-ws/install/velodyne_pointcloud:/home/ulugbek/dev-ws/install/velodyne_driver:/home/ulugbek/dev-ws/install/velodyne_msgs:/home/ulugbek/dev-ws/install/velodyne_laserscan:/home/ulugbek/dev-ws/install/unity_robotics_demo:/home/ulugbek/dev-ws/install/ros_tcp_endpoint:/opt/ros/foxy:/home/ulugbek/dev-ws/install/unity_robotics_demo_msgs:/home/ulugbek/dev-ws/install/static_tf_publisher:/home/ulugbek/dev-ws/install/safe_landing:/home/ulugbek/dev-ws/install/my_package:/home/ulugbek/dev-ws/install/feature_extraction:/home/ulugbek/dev-ws/install/altitude_publisher CONDA_PROMPT_MODIFIER=(base) /usr/bin/cmake --install /home/ulugbek/dev-ws/src/build/feature_extraction
[0.774s] -- Install configuration: ""
[0.774s] -- Up-to-date: /home/ulugbek/dev-ws/src/install/feature_extraction/lib/feature_extraction/feature_extraction_node
[0.774s] -- Up-to-date: /home/ulugbek/dev-ws/src/install/feature_extraction/share/ament_index/resource_index/package_run_dependencies/feature_extraction
[0.774s] -- Up-to-date: /home/ulugbek/dev-ws/src/install/feature_extraction/share/ament_index/resource_index/parent_prefix_path/feature_extraction
[0.774s] -- Up-to-date: /home/ulugbek/dev-ws/src/install/feature_extraction/share/feature_extraction/environment/ament_prefix_path.sh
[0.775s] -- Up-to-date: /home/ulugbek/dev-ws/src/install/feature_extraction/share/feature_extraction/environment/ament_prefix_path.dsv
[0.775s] -- Up-to-date: /home/ulugbek/dev-ws/src/install/feature_extraction/share/feature_extraction/environment/path.sh
[0.775s] -- Up-to-date: /home/ulugbek/dev-ws/src/install/feature_extraction/share/feature_extraction/environment/path.dsv
[0.775s] -- Up-to-date: /home/ulugbek/dev-ws/src/install/feature_extraction/share/feature_extraction/local_setup.bash
[0.776s] -- Up-to-date: /home/ulugbek/dev-ws/src/install/feature_extraction/share/feature_extraction/local_setup.sh
[0.777s] -- Up-to-date: /home/ulugbek/dev-ws/src/install/feature_extraction/share/feature_extraction/local_setup.zsh
[0.777s] -- Up-to-date: /home/ulugbek/dev-ws/src/install/feature_extraction/share/feature_extraction/local_setup.dsv
[0.779s] -- Installing: /home/ulugbek/dev-ws/src/install/feature_extraction/share/feature_extraction/package.dsv
[0.779s] -- Up-to-date: /home/ulugbek/dev-ws/src/install/feature_extraction/share/ament_index/resource_index/packages/feature_extraction
[0.779s] -- Up-to-date: /home/ulugbek/dev-ws/src/install/feature_extraction/share/feature_extraction/cmake/feature_extractionConfig.cmake
[0.779s] -- Up-to-date: /home/ulugbek/dev-ws/src/install/feature_extraction/share/feature_extraction/cmake/feature_extractionConfig-version.cmake
[0.779s] -- Up-to-date: /home/ulugbek/dev-ws/src/install/feature_extraction/share/feature_extraction/package.xml
[0.858s] Invoked command in '/home/ulugbek/dev-ws/src/build/feature_extraction' returned '0': CMAKE_PREFIX_PATH=/home/ulugbek/dev-ws/install/velodyne_subscriber:/home/ulugbek/dev-ws/install/velodyne:/home/ulugbek/dev-ws/install/velodyne_pointcloud:/home/ulugbek/dev-ws/install/velodyne_driver:/home/ulugbek/dev-ws/install/velodyne_msgs:/home/ulugbek/dev-ws/install/velodyne_laserscan:/home/ulugbek/dev-ws/install/unity_robotics_demo:/home/ulugbek/dev-ws/install/ros_tcp_endpoint:/opt/ros/foxy:/home/ulugbek/dev-ws/install/unity_robotics_demo_msgs:/home/ulugbek/dev-ws/install/static_tf_publisher:/home/ulugbek/dev-ws/install/safe_landing:/home/ulugbek/dev-ws/install/my_package:/home/ulugbek/dev-ws/install/feature_extraction:/home/ulugbek/dev-ws/install/altitude_publisher CONDA_PROMPT_MODIFIER=(base) /usr/bin/cmake --install /home/ulugbek/dev-ws/src/build/feature_extraction
